   1              		.syntax unified
   2              		.cpu cortex-m4
   3              		.eabi_attribute 27, 3
   4              		.eabi_attribute 28, 1
   5              		.fpu fpv4-sp-d16
   6              		.eabi_attribute 20, 1
   7              		.eabi_attribute 21, 1
   8              		.eabi_attribute 23, 3
   9              		.eabi_attribute 24, 1
  10              		.eabi_attribute 25, 1
  11              		.eabi_attribute 26, 1
  12              		.eabi_attribute 30, 4
  13              		.eabi_attribute 34, 1
  14              		.eabi_attribute 18, 4
  15              		.thumb
  16              		.file	"helperFunctions.c"
  17              		.text
  18              	.Ltext0:
  19              		.cfi_sections	.debug_frame
  20              		.align	1
  21              		.global	Delay
  22              		.thumb
  23              		.thumb_func
  25              	Delay:
  26              	.LFB111:
  27              		.file 1 "/home/user/Desktop/STM32-Projekte/FH-Vertibot/src/project_src/helperFunctions.c"
   1:/home/user/Desktop/STM32-Projekte/FH-Vertibot/src/project_src/helperFunctions.c **** #include <helperFunctions.h>
   2:/home/user/Desktop/STM32-Projekte/FH-Vertibot/src/project_src/helperFunctions.c **** 
   3:/home/user/Desktop/STM32-Projekte/FH-Vertibot/src/project_src/helperFunctions.c **** 
   4:/home/user/Desktop/STM32-Projekte/FH-Vertibot/src/project_src/helperFunctions.c **** void Delay(volatile uint32_t delayCount)
   5:/home/user/Desktop/STM32-Projekte/FH-Vertibot/src/project_src/helperFunctions.c **** {
  28              		.loc 1 5 0
  29              		.cfi_startproc
  30              		@ args = 0, pretend = 0, frame = 8
  31              		@ frame_needed = 0, uses_anonymous_args = 0
  32              		@ link register save eliminated.
  33              	.LVL0:
  34 0000 82B0     		sub	sp, sp, #8
  35              	.LCFI0:
  36              		.cfi_def_cfa_offset 8
  37              		.loc 1 5 0
  38 0002 0190     		str	r0, [sp, #4]
   6:/home/user/Desktop/STM32-Projekte/FH-Vertibot/src/project_src/helperFunctions.c **** 	while (delayCount > 0)
  39              		.loc 1 6 0
  40 0004 02E0     		b	.L2
  41              	.L3:
   7:/home/user/Desktop/STM32-Projekte/FH-Vertibot/src/project_src/helperFunctions.c **** 	{
   8:/home/user/Desktop/STM32-Projekte/FH-Vertibot/src/project_src/helperFunctions.c **** 		delayCount--;
  42              		.loc 1 8 0
  43 0006 019B     		ldr	r3, [sp, #4]
  44 0008 013B     		subs	r3, r3, #1
  45              	.LVL1:
  46 000a 0193     		str	r3, [sp, #4]
  47              	.LVL2:
  48              	.L2:
   6:/home/user/Desktop/STM32-Projekte/FH-Vertibot/src/project_src/helperFunctions.c **** 	while (delayCount > 0)
  49              		.loc 1 6 0 discriminator 1
  50 000c 019B     		ldr	r3, [sp, #4]
  51 000e 002B     		cmp	r3, #0
  52 0010 F9D1     		bne	.L3
   9:/home/user/Desktop/STM32-Projekte/FH-Vertibot/src/project_src/helperFunctions.c **** 	}
  10:/home/user/Desktop/STM32-Projekte/FH-Vertibot/src/project_src/helperFunctions.c **** }
  53              		.loc 1 10 0
  54 0012 02B0     		add	sp, sp, #8
  55 0014 7047     		bx	lr
  56              		.cfi_endproc
  57              	.LFE111:
  59              		.align	1
  60              		.global	min
  61              		.thumb
  62              		.thumb_func
  64              	min:
  65              	.LFB112:
  11:/home/user/Desktop/STM32-Projekte/FH-Vertibot/src/project_src/helperFunctions.c **** //max( a, b ) ( ((a) > (b)) ? (a) : (b) )
  12:/home/user/Desktop/STM32-Projekte/FH-Vertibot/src/project_src/helperFunctions.c **** float min(float a, float b)
  13:/home/user/Desktop/STM32-Projekte/FH-Vertibot/src/project_src/helperFunctions.c **** {
  66              		.loc 1 13 0
  67              		.cfi_startproc
  68              		@ args = 0, pretend = 0, frame = 0
  69              		@ frame_needed = 0, uses_anonymous_args = 0
  70              		@ link register save eliminated.
  71              	.LVL3:
  14:/home/user/Desktop/STM32-Projekte/FH-Vertibot/src/project_src/helperFunctions.c **** 	if( a < b ) return a;
  72              		.loc 1 14 0
  73 0016 B4EEE00A 		fcmpes	s0, s1
  74 001a F1EE10FA 		fmstat
  15:/home/user/Desktop/STM32-Projekte/FH-Vertibot/src/project_src/helperFunctions.c **** 	else return b;
  16:/home/user/Desktop/STM32-Projekte/FH-Vertibot/src/project_src/helperFunctions.c **** }
  75              		.loc 1 16 0
  76 001e 58BF     		it	pl
  77 0020 B0EE600A 		fcpyspl	s0, s1
  78              	.LVL4:
  79 0024 7047     		bx	lr
  80              		.cfi_endproc
  81              	.LFE112:
  83              		.align	1
  84              		.global	max
  85              		.thumb
  86              		.thumb_func
  88              	max:
  89              	.LFB113:
  17:/home/user/Desktop/STM32-Projekte/FH-Vertibot/src/project_src/helperFunctions.c **** 
  18:/home/user/Desktop/STM32-Projekte/FH-Vertibot/src/project_src/helperFunctions.c **** float max(float a, float b)
  19:/home/user/Desktop/STM32-Projekte/FH-Vertibot/src/project_src/helperFunctions.c **** {
  90              		.loc 1 19 0
  91              		.cfi_startproc
  92              		@ args = 0, pretend = 0, frame = 0
  93              		@ frame_needed = 0, uses_anonymous_args = 0
  94              		@ link register save eliminated.
  95              	.LVL5:
  20:/home/user/Desktop/STM32-Projekte/FH-Vertibot/src/project_src/helperFunctions.c **** 	if( a > b ) return a;
  96              		.loc 1 20 0
  97 0026 B4EEE00A 		fcmpes	s0, s1
  98 002a F1EE10FA 		fmstat
  21:/home/user/Desktop/STM32-Projekte/FH-Vertibot/src/project_src/helperFunctions.c **** 	else return b;
  22:/home/user/Desktop/STM32-Projekte/FH-Vertibot/src/project_src/helperFunctions.c **** }
  99              		.loc 1 22 0
 100 002e D8BF     		it	le
 101 0030 B0EE600A 		fcpysle	s0, s1
 102              	.LVL6:
 103 0034 7047     		bx	lr
 104              		.cfi_endproc
 105              	.LFE113:
 107              	.Letext0:
 108              		.file 2 "/opt/CodeSourcery/Sourcery_CodeBench_Lite_for_ARM_EABI/bin/../lib/gcc/arm-none-eabi/4.7.2
 109              		.file 3 "/home/user/Desktop/STM32-Projekte/FH-Vertibot/src/CMSIS/Include/core_cm4.h"
DEFINED SYMBOLS
                            *ABS*:00000000 helperFunctions.c
     /tmp/ccR1IMBI.s:20     .text:00000000 $t
     /tmp/ccR1IMBI.s:25     .text:00000000 Delay
     /tmp/ccR1IMBI.s:64     .text:00000016 min
     /tmp/ccR1IMBI.s:88     .text:00000026 max
                     .debug_frame:00000010 $d
                           .group:00000000 wm4.1.d481a9f4eba3ec0ceb0050fd0b2feec2
                           .group:00000000 wm4.newlib.h.8.e1d498e57c12962fc6d7be5061a6981a
                           .group:00000000 wm4.config.h.148.52fe83653334d06815a0c57b59a3e584
                           .group:00000000 wm4._ansi.h.23.95dee4059009fe3ab635a191bb73dc66
                           .group:00000000 wm4.stdio.h.31.f48311dde756a2aec27351b58a280fb9
                           .group:00000000 wm4.stddef.h.187.9e651b6b8b16e149c1353259404973ea
                           .group:00000000 wm4.stdarg.h.34.3a23a216c0c293b3d2ea2e89281481e6
                           .group:00000000 wm4._default_types.h.6.1dbd2e581fd590860c7c17f21d147e91
                           .group:00000000 wm4.lock.h.2.9bc98482741e5e2a9450b12934a684ea
                           .group:00000000 wm4.stddef.h.349.31f4c5baff3fa2689010b32028da9c47
                           .group:00000000 wm4.reent.h.16.58b23a9f0faf0e7f2dfe7e2d33154afd
                           .group:00000000 wm4.types.h.23.0d949686bbcadd1621462d4fa1f884f9
                           .group:00000000 wm4.stddef.h.40.cf962ebbec441b3ac67502735f0765db
                           .group:00000000 wm4.types.h.2.e9cec8c90ab35f77d9f499e06ae02400
                           .group:00000000 wm4.types.h.80.f2bfdfeee9f340633702c07fad9b5e01
                           .group:00000000 wm4.stdio.h.2.4aa87247282eca6c8f36f9de33d8df1a
                           .group:00000000 wm4.stdio.h.63.1f4bc553faa62c5c69dd9cb47f9f1417
                           .group:00000000 wm4.stdlib.h.18.6f6153fd5cb89acd58c0f0ab1f77e147
                           .group:00000000 wm4.stddef.h.161.e50ff8a9d5d1abbc15641da28ac571bf
                           .group:00000000 wm4.alloca.h.8.dfc0c703c47ec3e69746825b17d9e66d
                           .group:00000000 wm4.stdlib.h.58.3943707ca024393181a6211b2c8a1625
                           .group:00000000 wm4.ctype.h.2.fecd14bb6f4e162ef31748cc97760e21
                           .group:00000000 wm4.stm32f30x.h.54.c7b24f715ee55ef38656f44540ae3be6
                           .group:00000000 wm4.core_cm4.h.32.1434cd257ff5806b1b03cd32ab0641e9
                           .group:00000000 wm4.stdint.h.10.90b695f550ca6cc3fb08fa83baf01e05
                           .group:00000000 wm4.core_cmInstr.h.25.d8165482ef3061013a2fc83e2d85f3d9
                           .group:00000000 wm4.core_cm4_simd.h.29.013e5bcf58dba2d27c60184174208e07
                           .group:00000000 wm4.core_cm4.h.155.cf7c793e178943e1bbf613f1b21cd51a
                           .group:00000000 wm4.stm32f30x.h.292.5f9271075d54fc48f1e25ff79df85cb2
                           .group:00000000 wm4.stm32f30x_adc.h.130.cbebad91f78fb87381fe0860eea6104e
                           .group:00000000 wm4.stm32f30x_comp.h.31.9bbc5f5f1a849069ea9062fbe7b81435
                           .group:00000000 wm4.stm32f30x_dma.h.31.73d173fa6d60026d432f3cf1d2fc4407
                           .group:00000000 wm4.stm32f30x_exti.h.31.22e280aa6e095108654ac8d3c74a2409
                           .group:00000000 wm4.stm32f30x_flash.h.31.bee86dc3079b7049419bdbeec073e2cd
                           .group:00000000 wm4.stm32f30x_gpio.h.31.3745297fee3728b346ad4d2a2467e40f
                           .group:00000000 wm4.stm32f30x_syscfg.h.31.96b023b7dbc3641f358604478433eb5c
                           .group:00000000 wm4.stm32f30x_i2c.h.31.52025acd7f154308042bf46a2835e9d3
                           .group:00000000 wm4.stm32f30x_pwr.h.31.cdef322c6e7f25cfc29954045d24e9b8
                           .group:00000000 wm4.stm32f30x_rcc.h.31.3b94c1144b21d1e4fe780e4d1a02d257
                           .group:00000000 wm4.stm32f30x_spi.h.31.c1ebebab897d23cecc617ec8ad9fd534
                           .group:00000000 wm4.stm32f30x_tim.h.31.336f9cd855fb4e2cd819ac260ded6518
                           .group:00000000 wm4.stm32f30x_usart.h.31.cd85313e29c0a128555b4a7b8ec0f487
                           .group:00000000 wm4.stm32f30x_misc.h.31.f08b0e9f53f0471613b5131bb95f8725
                           .group:00000000 wm4.stm32f30x.h.6173.8b641ba1d9b0040eda9120fe8a414b2d
                           .group:00000000 wm4.math.h.49.5da716593b937b9fb02bef6ed6537c13

NO UNDEFINED SYMBOLS
