   1              		.syntax unified
   2              		.cpu cortex-m4
   3              		.eabi_attribute 27, 3
   4              		.eabi_attribute 28, 1
   5              		.fpu fpv4-sp-d16
   6              		.eabi_attribute 20, 1
   7              		.eabi_attribute 21, 1
   8              		.eabi_attribute 23, 3
   9              		.eabi_attribute 24, 1
  10              		.eabi_attribute 25, 1
  11              		.eabi_attribute 26, 1
  12              		.eabi_attribute 30, 4
  13              		.eabi_attribute 34, 1
  14              		.eabi_attribute 18, 4
  15              		.thumb
  16              		.file	"LSM303DLHC_Lib_I2C.c"
  17              		.text
  18              	.Ltext0:
  19              		.cfi_sections	.debug_frame
  20              		.align	1
  21              		.global	LSM303DLHC_Write
  22              		.thumb
  23              		.thumb_func
  25              	LSM303DLHC_Write:
  26              	.LFB111:
  27              		.file 1 "/home/user/Desktop/STM32-Projekte/FH-Vertibot/src/project_src/LSM303DLHC_Lib_I2C.c"
   1:/home/user/Desktop/STM32-Projekte/FH-Vertibot/src/project_src/LSM303DLHC_Lib_I2C.c **** #include <LSM303DLHC_Lib_I2C.h>
   2:/home/user/Desktop/STM32-Projekte/FH-Vertibot/src/project_src/LSM303DLHC_Lib_I2C.c **** 
   3:/home/user/Desktop/STM32-Projekte/FH-Vertibot/src/project_src/LSM303DLHC_Lib_I2C.c **** 
   4:/home/user/Desktop/STM32-Projekte/FH-Vertibot/src/project_src/LSM303DLHC_Lib_I2C.c **** void LSM303DLHC_Write(uint8_t DeviceAddr, uint8_t RegAddr, uint8_t* pBuffer)
   5:/home/user/Desktop/STM32-Projekte/FH-Vertibot/src/project_src/LSM303DLHC_Lib_I2C.c **** {
  28              		.loc 1 5 0
  29              		.cfi_startproc
  30              		@ args = 0, pretend = 0, frame = 0
  31              		@ frame_needed = 0, uses_anonymous_args = 0
  32              	.LVL0:
  33 0000 73B5     		push	{r0, r1, r4, r5, r6, lr}
  34              	.LCFI0:
  35              		.cfi_def_cfa_offset 24
  36              		.cfi_offset 0, -24
  37              		.cfi_offset 1, -20
  38              		.cfi_offset 4, -16
  39              		.cfi_offset 5, -12
  40              		.cfi_offset 6, -8
  41              		.cfi_offset 14, -4
  42 0002 0446     		mov	r4, r0
  43 0004 0E46     		mov	r6, r1
  44 0006 1546     		mov	r5, r2
  45              	.LVL1:
  46              	.L2:
   6:/home/user/Desktop/STM32-Projekte/FH-Vertibot/src/project_src/LSM303DLHC_Lib_I2C.c ****   /* Test on BUSY Flag */
   7:/home/user/Desktop/STM32-Projekte/FH-Vertibot/src/project_src/LSM303DLHC_Lib_I2C.c ****   while(I2C_GetFlagStatus(LSM303DLHC_I2C, I2C_ISR_BUSY) != RESET)
  47              		.loc 1 7 0 discriminator 1
  48 0008 2048     		ldr	r0, .L24
  49 000a 4FF40041 		mov	r1, #32768
  50 000e FFF7FEFF 		bl	I2C_GetFlagStatus
  51              	.LVL2:
  52 0012 0028     		cmp	r0, #0
  53 0014 F8D1     		bne	.L2
   8:/home/user/Desktop/STM32-Projekte/FH-Vertibot/src/project_src/LSM303DLHC_Lib_I2C.c ****   {
   9:/home/user/Desktop/STM32-Projekte/FH-Vertibot/src/project_src/LSM303DLHC_Lib_I2C.c ****   }
  10:/home/user/Desktop/STM32-Projekte/FH-Vertibot/src/project_src/LSM303DLHC_Lib_I2C.c **** 
  11:/home/user/Desktop/STM32-Projekte/FH-Vertibot/src/project_src/LSM303DLHC_Lib_I2C.c ****   /* Configure slave address, nbytes, reload, end mode and start or stop generation */
  12:/home/user/Desktop/STM32-Projekte/FH-Vertibot/src/project_src/LSM303DLHC_Lib_I2C.c ****   I2C_TransferHandling(LSM303DLHC_I2C, DeviceAddr, 1, I2C_Reload_Mode, I2C_Generate_Start_Write);
  54              		.loc 1 12 0
  55 0016 4FF40053 		mov	r3, #8192
  56 001a 0093     		str	r3, [sp, #0]
  57 001c 1B48     		ldr	r0, .L24
  58 001e 2146     		mov	r1, r4
  59 0020 0122     		movs	r2, #1
  60 0022 4FF08073 		mov	r3, #16777216
  61 0026 FFF7FEFF 		bl	I2C_TransferHandling
  62              	.LVL3:
  63              	.L3:
  13:/home/user/Desktop/STM32-Projekte/FH-Vertibot/src/project_src/LSM303DLHC_Lib_I2C.c **** 
  14:/home/user/Desktop/STM32-Projekte/FH-Vertibot/src/project_src/LSM303DLHC_Lib_I2C.c ****   /* Wait until TXIS flag is set */
  15:/home/user/Desktop/STM32-Projekte/FH-Vertibot/src/project_src/LSM303DLHC_Lib_I2C.c ****   while(I2C_GetFlagStatus(LSM303DLHC_I2C, I2C_ISR_TXIS) == RESET)
  64              		.loc 1 15 0 discriminator 1
  65 002a 1848     		ldr	r0, .L24
  66 002c 0221     		movs	r1, #2
  67 002e FFF7FEFF 		bl	I2C_GetFlagStatus
  68              	.LVL4:
  69 0032 0028     		cmp	r0, #0
  70 0034 F9D0     		beq	.L3
  16:/home/user/Desktop/STM32-Projekte/FH-Vertibot/src/project_src/LSM303DLHC_Lib_I2C.c ****   {
  17:/home/user/Desktop/STM32-Projekte/FH-Vertibot/src/project_src/LSM303DLHC_Lib_I2C.c ****   }
  18:/home/user/Desktop/STM32-Projekte/FH-Vertibot/src/project_src/LSM303DLHC_Lib_I2C.c **** 
  19:/home/user/Desktop/STM32-Projekte/FH-Vertibot/src/project_src/LSM303DLHC_Lib_I2C.c ****   /* Send Register address */
  20:/home/user/Desktop/STM32-Projekte/FH-Vertibot/src/project_src/LSM303DLHC_Lib_I2C.c ****   I2C_SendData(LSM303DLHC_I2C, (uint8_t) RegAddr);
  71              		.loc 1 20 0
  72 0036 1548     		ldr	r0, .L24
  73 0038 3146     		mov	r1, r6
  74 003a FFF7FEFF 		bl	I2C_SendData
  75              	.LVL5:
  76              	.L4:
  21:/home/user/Desktop/STM32-Projekte/FH-Vertibot/src/project_src/LSM303DLHC_Lib_I2C.c **** 
  22:/home/user/Desktop/STM32-Projekte/FH-Vertibot/src/project_src/LSM303DLHC_Lib_I2C.c ****   /* Wait until TCR flag is set */
  23:/home/user/Desktop/STM32-Projekte/FH-Vertibot/src/project_src/LSM303DLHC_Lib_I2C.c ****   while(I2C_GetFlagStatus(LSM303DLHC_I2C, I2C_ISR_TCR) == RESET)
  77              		.loc 1 23 0 discriminator 1
  78 003e 1348     		ldr	r0, .L24
  79 0040 8021     		movs	r1, #128
  80 0042 FFF7FEFF 		bl	I2C_GetFlagStatus
  81              	.LVL6:
  82 0046 0028     		cmp	r0, #0
  83 0048 F9D0     		beq	.L4
  24:/home/user/Desktop/STM32-Projekte/FH-Vertibot/src/project_src/LSM303DLHC_Lib_I2C.c ****   {
  25:/home/user/Desktop/STM32-Projekte/FH-Vertibot/src/project_src/LSM303DLHC_Lib_I2C.c ****   }
  26:/home/user/Desktop/STM32-Projekte/FH-Vertibot/src/project_src/LSM303DLHC_Lib_I2C.c **** 
  27:/home/user/Desktop/STM32-Projekte/FH-Vertibot/src/project_src/LSM303DLHC_Lib_I2C.c ****   /* Configure slave address, nbytes, reload, end mode and start or stop generation */
  28:/home/user/Desktop/STM32-Projekte/FH-Vertibot/src/project_src/LSM303DLHC_Lib_I2C.c ****   I2C_TransferHandling(LSM303DLHC_I2C, DeviceAddr, 1, I2C_AutoEnd_Mode, I2C_No_StartStop);
  84              		.loc 1 28 0
  85 004a 0023     		movs	r3, #0
  86 004c 0093     		str	r3, [sp, #0]
  87 004e 0F48     		ldr	r0, .L24
  88 0050 2146     		mov	r1, r4
  89 0052 0122     		movs	r2, #1
  90 0054 4FF00073 		mov	r3, #33554432
  91 0058 FFF7FEFF 		bl	I2C_TransferHandling
  92              	.LVL7:
  93              	.L5:
  29:/home/user/Desktop/STM32-Projekte/FH-Vertibot/src/project_src/LSM303DLHC_Lib_I2C.c **** 
  30:/home/user/Desktop/STM32-Projekte/FH-Vertibot/src/project_src/LSM303DLHC_Lib_I2C.c ****   /* Wait until TXIS flag is set */
  31:/home/user/Desktop/STM32-Projekte/FH-Vertibot/src/project_src/LSM303DLHC_Lib_I2C.c ****   while(I2C_GetFlagStatus(LSM303DLHC_I2C, I2C_ISR_TXIS) == RESET)
  94              		.loc 1 31 0 discriminator 1
  95 005c 0B48     		ldr	r0, .L24
  96 005e 0221     		movs	r1, #2
  97 0060 FFF7FEFF 		bl	I2C_GetFlagStatus
  98              	.LVL8:
  99 0064 0028     		cmp	r0, #0
 100 0066 F9D0     		beq	.L5
  32:/home/user/Desktop/STM32-Projekte/FH-Vertibot/src/project_src/LSM303DLHC_Lib_I2C.c ****   {
  33:/home/user/Desktop/STM32-Projekte/FH-Vertibot/src/project_src/LSM303DLHC_Lib_I2C.c ****   }
  34:/home/user/Desktop/STM32-Projekte/FH-Vertibot/src/project_src/LSM303DLHC_Lib_I2C.c **** 
  35:/home/user/Desktop/STM32-Projekte/FH-Vertibot/src/project_src/LSM303DLHC_Lib_I2C.c ****   /* Write data to TXDR */
  36:/home/user/Desktop/STM32-Projekte/FH-Vertibot/src/project_src/LSM303DLHC_Lib_I2C.c ****   I2C_SendData(LSM303DLHC_I2C, *pBuffer);
 101              		.loc 1 36 0
 102 0068 0848     		ldr	r0, .L24
 103 006a 2978     		ldrb	r1, [r5, #0]	@ zero_extendqisi2
 104 006c FFF7FEFF 		bl	I2C_SendData
 105              	.LVL9:
 106              	.L6:
  37:/home/user/Desktop/STM32-Projekte/FH-Vertibot/src/project_src/LSM303DLHC_Lib_I2C.c **** 
  38:/home/user/Desktop/STM32-Projekte/FH-Vertibot/src/project_src/LSM303DLHC_Lib_I2C.c ****   /* Wait until STOPF flag is set */
  39:/home/user/Desktop/STM32-Projekte/FH-Vertibot/src/project_src/LSM303DLHC_Lib_I2C.c ****   while(I2C_GetFlagStatus(LSM303DLHC_I2C, I2C_ISR_STOPF) == RESET)
 107              		.loc 1 39 0 discriminator 1
 108 0070 0648     		ldr	r0, .L24
 109 0072 2021     		movs	r1, #32
 110 0074 FFF7FEFF 		bl	I2C_GetFlagStatus
 111              	.LVL10:
 112 0078 0028     		cmp	r0, #0
 113 007a F9D0     		beq	.L6
  40:/home/user/Desktop/STM32-Projekte/FH-Vertibot/src/project_src/LSM303DLHC_Lib_I2C.c ****   {
  41:/home/user/Desktop/STM32-Projekte/FH-Vertibot/src/project_src/LSM303DLHC_Lib_I2C.c ****   }
  42:/home/user/Desktop/STM32-Projekte/FH-Vertibot/src/project_src/LSM303DLHC_Lib_I2C.c **** 
  43:/home/user/Desktop/STM32-Projekte/FH-Vertibot/src/project_src/LSM303DLHC_Lib_I2C.c ****   /* Clear STOPF flag */
  44:/home/user/Desktop/STM32-Projekte/FH-Vertibot/src/project_src/LSM303DLHC_Lib_I2C.c ****   I2C_ClearFlag(LSM303DLHC_I2C, I2C_ICR_STOPCF);
 114              		.loc 1 44 0
 115 007c 0348     		ldr	r0, .L24
 116 007e 2021     		movs	r1, #32
  45:/home/user/Desktop/STM32-Projekte/FH-Vertibot/src/project_src/LSM303DLHC_Lib_I2C.c **** }
 117              		.loc 1 45 0
 118 0080 02B0     		add	sp, sp, #8
 119 0082 BDE87040 		pop	{r4, r5, r6, lr}
  44:/home/user/Desktop/STM32-Projekte/FH-Vertibot/src/project_src/LSM303DLHC_Lib_I2C.c ****   I2C_ClearFlag(LSM303DLHC_I2C, I2C_ICR_STOPCF);
 120              		.loc 1 44 0
 121 0086 FFF7FEBF 		b	I2C_ClearFlag
 122              	.LVL11:
 123              	.L25:
 124 008a 00BF     		.align	2
 125              	.L24:
 126 008c 00540040 		.word	1073763328
 127              		.cfi_endproc
 128              	.LFE111:
 130              		.align	1
 131              		.global	LSM303DLHC_Read
 132              		.thumb
 133              		.thumb_func
 135              	LSM303DLHC_Read:
 136              	.LFB112:
  46:/home/user/Desktop/STM32-Projekte/FH-Vertibot/src/project_src/LSM303DLHC_Lib_I2C.c **** 
  47:/home/user/Desktop/STM32-Projekte/FH-Vertibot/src/project_src/LSM303DLHC_Lib_I2C.c **** 
  48:/home/user/Desktop/STM32-Projekte/FH-Vertibot/src/project_src/LSM303DLHC_Lib_I2C.c **** void LSM303DLHC_Read(uint8_t DeviceAddr, uint8_t RegAddr, uint8_t* pBuffer, uint16_t NumByteToRead)
  49:/home/user/Desktop/STM32-Projekte/FH-Vertibot/src/project_src/LSM303DLHC_Lib_I2C.c **** {
 137              		.loc 1 49 0
 138              		.cfi_startproc
 139              		@ args = 0, pretend = 0, frame = 0
 140              		@ frame_needed = 0, uses_anonymous_args = 0
 141              	.LVL12:
 142 0090 F7B5     		push	{r0, r1, r2, r4, r5, r6, r7, lr}
 143              	.LCFI1:
 144              		.cfi_def_cfa_offset 32
 145              		.cfi_offset 0, -32
 146              		.cfi_offset 1, -28
 147              		.cfi_offset 2, -24
 148              		.cfi_offset 4, -20
 149              		.cfi_offset 5, -16
 150              		.cfi_offset 6, -12
 151              		.cfi_offset 7, -8
 152              		.cfi_offset 14, -4
 153 0092 0746     		mov	r7, r0
 154 0094 0D46     		mov	r5, r1
 155 0096 1646     		mov	r6, r2
 156 0098 1C46     		mov	r4, r3
 157              	.LVL13:
 158              	.L27:
  50:/home/user/Desktop/STM32-Projekte/FH-Vertibot/src/project_src/LSM303DLHC_Lib_I2C.c ****   /* Test on BUSY Flag */
  51:/home/user/Desktop/STM32-Projekte/FH-Vertibot/src/project_src/LSM303DLHC_Lib_I2C.c ****   while(I2C_GetFlagStatus(LSM303DLHC_I2C, I2C_ISR_BUSY) != RESET)
 159              		.loc 1 51 0 discriminator 1
 160 009a 2548     		ldr	r0, .L53
 161 009c 4FF40041 		mov	r1, #32768
 162 00a0 FFF7FEFF 		bl	I2C_GetFlagStatus
 163              	.LVL14:
 164 00a4 0346     		mov	r3, r0
 165 00a6 0028     		cmp	r0, #0
 166 00a8 F7D1     		bne	.L27
  52:/home/user/Desktop/STM32-Projekte/FH-Vertibot/src/project_src/LSM303DLHC_Lib_I2C.c ****   {
  53:/home/user/Desktop/STM32-Projekte/FH-Vertibot/src/project_src/LSM303DLHC_Lib_I2C.c ****   }
  54:/home/user/Desktop/STM32-Projekte/FH-Vertibot/src/project_src/LSM303DLHC_Lib_I2C.c **** 
  55:/home/user/Desktop/STM32-Projekte/FH-Vertibot/src/project_src/LSM303DLHC_Lib_I2C.c ****   /* Configure slave address, nbytes, reload, end mode and start or stop generation */
  56:/home/user/Desktop/STM32-Projekte/FH-Vertibot/src/project_src/LSM303DLHC_Lib_I2C.c ****   I2C_TransferHandling(LSM303DLHC_I2C, DeviceAddr, 1, I2C_SoftEnd_Mode, I2C_Generate_Start_Write);
 167              		.loc 1 56 0
 168 00aa 4FF40052 		mov	r2, #8192
 169 00ae 0092     		str	r2, [sp, #0]
 170 00b0 1F48     		ldr	r0, .L53
 171 00b2 3946     		mov	r1, r7
 172 00b4 0122     		movs	r2, #1
 173 00b6 FFF7FEFF 		bl	I2C_TransferHandling
 174              	.LVL15:
 175              	.L28:
  57:/home/user/Desktop/STM32-Projekte/FH-Vertibot/src/project_src/LSM303DLHC_Lib_I2C.c **** 
  58:/home/user/Desktop/STM32-Projekte/FH-Vertibot/src/project_src/LSM303DLHC_Lib_I2C.c ****   /* Wait until TXIS flag is set */
  59:/home/user/Desktop/STM32-Projekte/FH-Vertibot/src/project_src/LSM303DLHC_Lib_I2C.c ****   while(I2C_GetFlagStatus(LSM303DLHC_I2C, I2C_ISR_TXIS) == RESET)
 176              		.loc 1 59 0 discriminator 1
 177 00ba 1D48     		ldr	r0, .L53
 178 00bc 0221     		movs	r1, #2
 179 00be FFF7FEFF 		bl	I2C_GetFlagStatus
 180              	.LVL16:
 181 00c2 0028     		cmp	r0, #0
 182 00c4 F9D0     		beq	.L28
  60:/home/user/Desktop/STM32-Projekte/FH-Vertibot/src/project_src/LSM303DLHC_Lib_I2C.c ****   {
  61:/home/user/Desktop/STM32-Projekte/FH-Vertibot/src/project_src/LSM303DLHC_Lib_I2C.c ****   }
  62:/home/user/Desktop/STM32-Projekte/FH-Vertibot/src/project_src/LSM303DLHC_Lib_I2C.c **** 
  63:/home/user/Desktop/STM32-Projekte/FH-Vertibot/src/project_src/LSM303DLHC_Lib_I2C.c ****   if(NumByteToRead>1)
 183              		.loc 1 63 0
 184 00c6 012C     		cmp	r4, #1
  64:/home/user/Desktop/STM32-Projekte/FH-Vertibot/src/project_src/LSM303DLHC_Lib_I2C.c ****       RegAddr |= 0x80;
 185              		.loc 1 64 0
 186 00c8 88BF     		it	hi
 187 00ca 45F08005 		orrhi	r5, r5, #128
 188              	.LVL17:
  65:/home/user/Desktop/STM32-Projekte/FH-Vertibot/src/project_src/LSM303DLHC_Lib_I2C.c **** 
  66:/home/user/Desktop/STM32-Projekte/FH-Vertibot/src/project_src/LSM303DLHC_Lib_I2C.c **** 
  67:/home/user/Desktop/STM32-Projekte/FH-Vertibot/src/project_src/LSM303DLHC_Lib_I2C.c ****   /* Send Register address */
  68:/home/user/Desktop/STM32-Projekte/FH-Vertibot/src/project_src/LSM303DLHC_Lib_I2C.c ****   I2C_SendData(LSM303DLHC_I2C, (uint8_t)RegAddr);
 189              		.loc 1 68 0
 190 00ce 1848     		ldr	r0, .L53
 191 00d0 2946     		mov	r1, r5
 192 00d2 FFF7FEFF 		bl	I2C_SendData
 193              	.LVL18:
 194              	.L30:
  69:/home/user/Desktop/STM32-Projekte/FH-Vertibot/src/project_src/LSM303DLHC_Lib_I2C.c **** 
  70:/home/user/Desktop/STM32-Projekte/FH-Vertibot/src/project_src/LSM303DLHC_Lib_I2C.c ****   /* Wait until TC flag is set */
  71:/home/user/Desktop/STM32-Projekte/FH-Vertibot/src/project_src/LSM303DLHC_Lib_I2C.c ****   while(I2C_GetFlagStatus(LSM303DLHC_I2C, I2C_ISR_TC) == RESET)
 195              		.loc 1 71 0 discriminator 1
 196 00d6 1648     		ldr	r0, .L53
 197 00d8 4021     		movs	r1, #64
 198 00da FFF7FEFF 		bl	I2C_GetFlagStatus
 199              	.LVL19:
 200 00de 0028     		cmp	r0, #0
 201 00e0 F9D0     		beq	.L30
  72:/home/user/Desktop/STM32-Projekte/FH-Vertibot/src/project_src/LSM303DLHC_Lib_I2C.c ****   {
  73:/home/user/Desktop/STM32-Projekte/FH-Vertibot/src/project_src/LSM303DLHC_Lib_I2C.c ****   }
  74:/home/user/Desktop/STM32-Projekte/FH-Vertibot/src/project_src/LSM303DLHC_Lib_I2C.c **** 
  75:/home/user/Desktop/STM32-Projekte/FH-Vertibot/src/project_src/LSM303DLHC_Lib_I2C.c ****   /* Configure slave address, nbytes, reload, end mode and start or stop generation */
  76:/home/user/Desktop/STM32-Projekte/FH-Vertibot/src/project_src/LSM303DLHC_Lib_I2C.c ****   I2C_TransferHandling(LSM303DLHC_I2C, DeviceAddr, NumByteToRead, I2C_AutoEnd_Mode, I2C_Generate_St
 202              		.loc 1 76 0
 203 00e2 4FF41053 		mov	r3, #9216
 204 00e6 0093     		str	r3, [sp, #0]
 205 00e8 1148     		ldr	r0, .L53
 206 00ea 3946     		mov	r1, r7
 207 00ec E2B2     		uxtb	r2, r4
 208 00ee 4FF00073 		mov	r3, #33554432
 209 00f2 FFF7FEFF 		bl	I2C_TransferHandling
 210              	.LVL20:
  77:/home/user/Desktop/STM32-Projekte/FH-Vertibot/src/project_src/LSM303DLHC_Lib_I2C.c **** 
  78:/home/user/Desktop/STM32-Projekte/FH-Vertibot/src/project_src/LSM303DLHC_Lib_I2C.c ****   /* Wait until all data are received */
  79:/home/user/Desktop/STM32-Projekte/FH-Vertibot/src/project_src/LSM303DLHC_Lib_I2C.c ****   while (NumByteToRead)
 211              		.loc 1 79 0
 212 00f6 0CE0     		b	.L31
 213              	.LVL21:
 214              	.L43:
  80:/home/user/Desktop/STM32-Projekte/FH-Vertibot/src/project_src/LSM303DLHC_Lib_I2C.c ****   {
  81:/home/user/Desktop/STM32-Projekte/FH-Vertibot/src/project_src/LSM303DLHC_Lib_I2C.c ****     /* Wait until RXNE flag is set */
  82:/home/user/Desktop/STM32-Projekte/FH-Vertibot/src/project_src/LSM303DLHC_Lib_I2C.c ****     while(I2C_GetFlagStatus(LSM303DLHC_I2C, I2C_ISR_RXNE) == RESET)
 215              		.loc 1 82 0
 216 00f8 0D48     		ldr	r0, .L53
 217 00fa 0421     		movs	r1, #4
 218 00fc FFF7FEFF 		bl	I2C_GetFlagStatus
 219              	.LVL22:
 220 0100 0028     		cmp	r0, #0
 221 0102 F9D0     		beq	.L43
  83:/home/user/Desktop/STM32-Projekte/FH-Vertibot/src/project_src/LSM303DLHC_Lib_I2C.c ****     {
  84:/home/user/Desktop/STM32-Projekte/FH-Vertibot/src/project_src/LSM303DLHC_Lib_I2C.c ****     }
  85:/home/user/Desktop/STM32-Projekte/FH-Vertibot/src/project_src/LSM303DLHC_Lib_I2C.c **** 
  86:/home/user/Desktop/STM32-Projekte/FH-Vertibot/src/project_src/LSM303DLHC_Lib_I2C.c ****     /* Read data from RXDR */
  87:/home/user/Desktop/STM32-Projekte/FH-Vertibot/src/project_src/LSM303DLHC_Lib_I2C.c ****     *pBuffer = I2C_ReceiveData(LSM303DLHC_I2C);
 222              		.loc 1 87 0
 223 0104 0A48     		ldr	r0, .L53
 224 0106 FFF7FEFF 		bl	I2C_ReceiveData
 225              	.LVL23:
  88:/home/user/Desktop/STM32-Projekte/FH-Vertibot/src/project_src/LSM303DLHC_Lib_I2C.c ****     /* Point to the next location where the byte read will be saved */
  89:/home/user/Desktop/STM32-Projekte/FH-Vertibot/src/project_src/LSM303DLHC_Lib_I2C.c ****     pBuffer++;
  90:/home/user/Desktop/STM32-Projekte/FH-Vertibot/src/project_src/LSM303DLHC_Lib_I2C.c **** 
  91:/home/user/Desktop/STM32-Projekte/FH-Vertibot/src/project_src/LSM303DLHC_Lib_I2C.c ****     /* Decrement the read bytes counter */
  92:/home/user/Desktop/STM32-Projekte/FH-Vertibot/src/project_src/LSM303DLHC_Lib_I2C.c ****     NumByteToRead--;
 226              		.loc 1 92 0
 227 010a 013C     		subs	r4, r4, #1
 228              	.LVL24:
  87:/home/user/Desktop/STM32-Projekte/FH-Vertibot/src/project_src/LSM303DLHC_Lib_I2C.c ****     *pBuffer = I2C_ReceiveData(LSM303DLHC_I2C);
 229              		.loc 1 87 0
 230 010c 06F8010B 		strb	r0, [r6], #1
 231              	.LVL25:
 232              		.loc 1 92 0
 233 0110 A4B2     		uxth	r4, r4
 234              	.LVL26:
 235              	.L31:
  79:/home/user/Desktop/STM32-Projekte/FH-Vertibot/src/project_src/LSM303DLHC_Lib_I2C.c ****   while (NumByteToRead)
 236              		.loc 1 79 0 discriminator 1
 237 0112 002C     		cmp	r4, #0
 238 0114 F0D1     		bne	.L43
 239              	.L42:
  93:/home/user/Desktop/STM32-Projekte/FH-Vertibot/src/project_src/LSM303DLHC_Lib_I2C.c ****   }
  94:/home/user/Desktop/STM32-Projekte/FH-Vertibot/src/project_src/LSM303DLHC_Lib_I2C.c **** 
  95:/home/user/Desktop/STM32-Projekte/FH-Vertibot/src/project_src/LSM303DLHC_Lib_I2C.c ****   /* Wait until STOPF flag is set */
  96:/home/user/Desktop/STM32-Projekte/FH-Vertibot/src/project_src/LSM303DLHC_Lib_I2C.c ****   while(I2C_GetFlagStatus(LSM303DLHC_I2C, I2C_ISR_STOPF) == RESET)
 240              		.loc 1 96 0
 241 0116 0648     		ldr	r0, .L53
 242 0118 2021     		movs	r1, #32
 243 011a FFF7FEFF 		bl	I2C_GetFlagStatus
 244              	.LVL27:
 245 011e 0028     		cmp	r0, #0
 246 0120 F9D0     		beq	.L42
  97:/home/user/Desktop/STM32-Projekte/FH-Vertibot/src/project_src/LSM303DLHC_Lib_I2C.c ****   {
  98:/home/user/Desktop/STM32-Projekte/FH-Vertibot/src/project_src/LSM303DLHC_Lib_I2C.c ****   }
  99:/home/user/Desktop/STM32-Projekte/FH-Vertibot/src/project_src/LSM303DLHC_Lib_I2C.c **** 
 100:/home/user/Desktop/STM32-Projekte/FH-Vertibot/src/project_src/LSM303DLHC_Lib_I2C.c ****   /* Clear STOPF flag */
 101:/home/user/Desktop/STM32-Projekte/FH-Vertibot/src/project_src/LSM303DLHC_Lib_I2C.c ****   I2C_ClearFlag(LSM303DLHC_I2C, I2C_ICR_STOPCF);
 247              		.loc 1 101 0
 248 0122 0348     		ldr	r0, .L53
 249 0124 2021     		movs	r1, #32
 102:/home/user/Desktop/STM32-Projekte/FH-Vertibot/src/project_src/LSM303DLHC_Lib_I2C.c **** }
 250              		.loc 1 102 0
 251 0126 03B0     		add	sp, sp, #12
 252 0128 BDE8F040 		pop	{r4, r5, r6, r7, lr}
 101:/home/user/Desktop/STM32-Projekte/FH-Vertibot/src/project_src/LSM303DLHC_Lib_I2C.c ****   I2C_ClearFlag(LSM303DLHC_I2C, I2C_ICR_STOPCF);
 253              		.loc 1 101 0
 254 012c FFF7FEBF 		b	I2C_ClearFlag
 255              	.LVL28:
 256              	.L54:
 257              		.align	2
 258              	.L53:
 259 0130 00540040 		.word	1073763328
 260              		.cfi_endproc
 261              	.LFE112:
 263              		.align	1
 264              		.global	LSM303DLHC_ReadDMA
 265              		.thumb
 266              		.thumb_func
 268              	LSM303DLHC_ReadDMA:
 269              	.LFB113:
 103:/home/user/Desktop/STM32-Projekte/FH-Vertibot/src/project_src/LSM303DLHC_Lib_I2C.c **** 
 104:/home/user/Desktop/STM32-Projekte/FH-Vertibot/src/project_src/LSM303DLHC_Lib_I2C.c **** void LSM303DLHC_ReadDMA(uint8_t DeviceAddr, uint8_t RegAddr, uint8_t* pBuffer, uint16_t NumByteToRe
 105:/home/user/Desktop/STM32-Projekte/FH-Vertibot/src/project_src/LSM303DLHC_Lib_I2C.c **** {
 270              		.loc 1 105 0
 271              		.cfi_startproc
 272              		@ args = 0, pretend = 0, frame = 0
 273              		@ frame_needed = 0, uses_anonymous_args = 0
 274              	.LVL29:
 275 0134 73B5     		push	{r0, r1, r4, r5, r6, lr}
 276              	.LCFI2:
 277              		.cfi_def_cfa_offset 24
 278              		.cfi_offset 0, -24
 279              		.cfi_offset 1, -20
 280              		.cfi_offset 4, -16
 281              		.cfi_offset 5, -12
 282              		.cfi_offset 6, -8
 283              		.cfi_offset 14, -4
 284 0136 0646     		mov	r6, r0
 285 0138 0C46     		mov	r4, r1
 286 013a 1D46     		mov	r5, r3
 287              	.LVL30:
 288              	.L56:
 106:/home/user/Desktop/STM32-Projekte/FH-Vertibot/src/project_src/LSM303DLHC_Lib_I2C.c ****   //printf("M1%d ", 0);
 107:/home/user/Desktop/STM32-Projekte/FH-Vertibot/src/project_src/LSM303DLHC_Lib_I2C.c **** 
 108:/home/user/Desktop/STM32-Projekte/FH-Vertibot/src/project_src/LSM303DLHC_Lib_I2C.c **** //  if(DMA_GetFlagStatus(DMA1_FLAG_TC7))
 109:/home/user/Desktop/STM32-Projekte/FH-Vertibot/src/project_src/LSM303DLHC_Lib_I2C.c **** //  {
 110:/home/user/Desktop/STM32-Projekte/FH-Vertibot/src/project_src/LSM303DLHC_Lib_I2C.c **** //	  printf("unread data!%d\n",0);
 111:/home/user/Desktop/STM32-Projekte/FH-Vertibot/src/project_src/LSM303DLHC_Lib_I2C.c **** //	  return;
 112:/home/user/Desktop/STM32-Projekte/FH-Vertibot/src/project_src/LSM303DLHC_Lib_I2C.c **** //  }
 113:/home/user/Desktop/STM32-Projekte/FH-Vertibot/src/project_src/LSM303DLHC_Lib_I2C.c **** 
 114:/home/user/Desktop/STM32-Projekte/FH-Vertibot/src/project_src/LSM303DLHC_Lib_I2C.c ****   //DMA_Configuration(pBuffer);
 115:/home/user/Desktop/STM32-Projekte/FH-Vertibot/src/project_src/LSM303DLHC_Lib_I2C.c ****   /* Test on BUSY Flag */
 116:/home/user/Desktop/STM32-Projekte/FH-Vertibot/src/project_src/LSM303DLHC_Lib_I2C.c ****   while(I2C_GetFlagStatus(LSM303DLHC_I2C, I2C_ISR_BUSY) != RESET)
 289              		.loc 1 116 0 discriminator 1
 290 013c 2C48     		ldr	r0, .L79
 291 013e 4FF40041 		mov	r1, #32768
 292 0142 FFF7FEFF 		bl	I2C_GetFlagStatus
 293              	.LVL31:
 294 0146 0346     		mov	r3, r0
 295 0148 0028     		cmp	r0, #0
 296 014a F7D1     		bne	.L56
 117:/home/user/Desktop/STM32-Projekte/FH-Vertibot/src/project_src/LSM303DLHC_Lib_I2C.c ****   {
 118:/home/user/Desktop/STM32-Projekte/FH-Vertibot/src/project_src/LSM303DLHC_Lib_I2C.c ****   }
 119:/home/user/Desktop/STM32-Projekte/FH-Vertibot/src/project_src/LSM303DLHC_Lib_I2C.c **** 
 120:/home/user/Desktop/STM32-Projekte/FH-Vertibot/src/project_src/LSM303DLHC_Lib_I2C.c **** 
 121:/home/user/Desktop/STM32-Projekte/FH-Vertibot/src/project_src/LSM303DLHC_Lib_I2C.c ****   /* Configure slave address, nbytes, reload, end mode and start or stop generation */
 122:/home/user/Desktop/STM32-Projekte/FH-Vertibot/src/project_src/LSM303DLHC_Lib_I2C.c ****   I2C_TransferHandling(LSM303DLHC_I2C, DeviceAddr, 1, I2C_SoftEnd_Mode, I2C_Generate_Start_Write);
 297              		.loc 1 122 0
 298 014c 4FF40052 		mov	r2, #8192
 299 0150 0092     		str	r2, [sp, #0]
 300 0152 2748     		ldr	r0, .L79
 301 0154 3146     		mov	r1, r6
 302 0156 0122     		movs	r2, #1
 303 0158 FFF7FEFF 		bl	I2C_TransferHandling
 304              	.LVL32:
 305              	.L57:
 123:/home/user/Desktop/STM32-Projekte/FH-Vertibot/src/project_src/LSM303DLHC_Lib_I2C.c **** 
 124:/home/user/Desktop/STM32-Projekte/FH-Vertibot/src/project_src/LSM303DLHC_Lib_I2C.c ****   /* Wait until TXIS flag is set */
 125:/home/user/Desktop/STM32-Projekte/FH-Vertibot/src/project_src/LSM303DLHC_Lib_I2C.c ****   while(I2C_GetFlagStatus(LSM303DLHC_I2C, I2C_ISR_TXIS) == RESET)
 306              		.loc 1 125 0 discriminator 1
 307 015c 2448     		ldr	r0, .L79
 308 015e 0221     		movs	r1, #2
 309 0160 FFF7FEFF 		bl	I2C_GetFlagStatus
 310              	.LVL33:
 311 0164 0028     		cmp	r0, #0
 312 0166 F9D0     		beq	.L57
 126:/home/user/Desktop/STM32-Projekte/FH-Vertibot/src/project_src/LSM303DLHC_Lib_I2C.c ****   {
 127:/home/user/Desktop/STM32-Projekte/FH-Vertibot/src/project_src/LSM303DLHC_Lib_I2C.c ****   }
 128:/home/user/Desktop/STM32-Projekte/FH-Vertibot/src/project_src/LSM303DLHC_Lib_I2C.c **** 
 129:/home/user/Desktop/STM32-Projekte/FH-Vertibot/src/project_src/LSM303DLHC_Lib_I2C.c ****   if(NumByteToRead>1)
 313              		.loc 1 129 0
 314 0168 012D     		cmp	r5, #1
 130:/home/user/Desktop/STM32-Projekte/FH-Vertibot/src/project_src/LSM303DLHC_Lib_I2C.c ****       RegAddr |= 0x80;
 315              		.loc 1 130 0
 316 016a 88BF     		it	hi
 317 016c 44F08004 		orrhi	r4, r4, #128
 318              	.LVL34:
 131:/home/user/Desktop/STM32-Projekte/FH-Vertibot/src/project_src/LSM303DLHC_Lib_I2C.c **** 
 132:/home/user/Desktop/STM32-Projekte/FH-Vertibot/src/project_src/LSM303DLHC_Lib_I2C.c ****   //printf("M2%d ", 0);
 133:/home/user/Desktop/STM32-Projekte/FH-Vertibot/src/project_src/LSM303DLHC_Lib_I2C.c **** 
 134:/home/user/Desktop/STM32-Projekte/FH-Vertibot/src/project_src/LSM303DLHC_Lib_I2C.c ****   /* Send Register address */
 135:/home/user/Desktop/STM32-Projekte/FH-Vertibot/src/project_src/LSM303DLHC_Lib_I2C.c ****   I2C_SendData(LSM303DLHC_I2C, (uint8_t)RegAddr);
 319              		.loc 1 135 0
 320 0170 1F48     		ldr	r0, .L79
 321 0172 2146     		mov	r1, r4
 322 0174 FFF7FEFF 		bl	I2C_SendData
 323              	.LVL35:
 324              	.L59:
 136:/home/user/Desktop/STM32-Projekte/FH-Vertibot/src/project_src/LSM303DLHC_Lib_I2C.c **** 
 137:/home/user/Desktop/STM32-Projekte/FH-Vertibot/src/project_src/LSM303DLHC_Lib_I2C.c ****   /* Wait until TXIS flag is set */
 138:/home/user/Desktop/STM32-Projekte/FH-Vertibot/src/project_src/LSM303DLHC_Lib_I2C.c ****   while(I2C_GetFlagStatus(LSM303DLHC_I2C, I2C_ISR_TC) == RESET)
 325              		.loc 1 138 0 discriminator 1
 326 0178 1D48     		ldr	r0, .L79
 327 017a 4021     		movs	r1, #64
 328 017c FFF7FEFF 		bl	I2C_GetFlagStatus
 329              	.LVL36:
 330 0180 0028     		cmp	r0, #0
 331 0182 F9D0     		beq	.L59
 139:/home/user/Desktop/STM32-Projekte/FH-Vertibot/src/project_src/LSM303DLHC_Lib_I2C.c ****   {
 140:/home/user/Desktop/STM32-Projekte/FH-Vertibot/src/project_src/LSM303DLHC_Lib_I2C.c ****   }
 141:/home/user/Desktop/STM32-Projekte/FH-Vertibot/src/project_src/LSM303DLHC_Lib_I2C.c **** 
 142:/home/user/Desktop/STM32-Projekte/FH-Vertibot/src/project_src/LSM303DLHC_Lib_I2C.c ****   //printf("M3%d ", 0);
 143:/home/user/Desktop/STM32-Projekte/FH-Vertibot/src/project_src/LSM303DLHC_Lib_I2C.c **** 
 144:/home/user/Desktop/STM32-Projekte/FH-Vertibot/src/project_src/LSM303DLHC_Lib_I2C.c **** //  I2C_SlaveAddressConfig(LSM303DLHC_I2C, DeviceAddr);
 145:/home/user/Desktop/STM32-Projekte/FH-Vertibot/src/project_src/LSM303DLHC_Lib_I2C.c **** //  I2C_MasterRequestConfig(LSM303DLHC_I2C, I2C_Direction_Receiver);
 146:/home/user/Desktop/STM32-Projekte/FH-Vertibot/src/project_src/LSM303DLHC_Lib_I2C.c **** //  I2C_GenerateSTART(LSM303DLHC_I2C, ENABLE);
 147:/home/user/Desktop/STM32-Projekte/FH-Vertibot/src/project_src/LSM303DLHC_Lib_I2C.c **** //  I2C_SlaveAddressConfig(LSM303DLHC_I2C, DeviceAddr);
 148:/home/user/Desktop/STM32-Projekte/FH-Vertibot/src/project_src/LSM303DLHC_Lib_I2C.c ****   //I2C_MasterRequestConfig(LSM303DLHC_I2C, I2C_Direction_Receiver);
 149:/home/user/Desktop/STM32-Projekte/FH-Vertibot/src/project_src/LSM303DLHC_Lib_I2C.c ****   /* Configure slave address, nbytes, reload, end mode and start or stop generation */
 150:/home/user/Desktop/STM32-Projekte/FH-Vertibot/src/project_src/LSM303DLHC_Lib_I2C.c ****   I2C_TransferHandling(LSM303DLHC_I2C, DeviceAddr, NumByteToRead, I2C_AutoEnd_Mode, I2C_Generate_St
 332              		.loc 1 150 0
 333 0184 4FF41053 		mov	r3, #9216
 334 0188 0093     		str	r3, [sp, #0]
 335 018a 1948     		ldr	r0, .L79
 336 018c 3146     		mov	r1, r6
 337 018e EAB2     		uxtb	r2, r5
 338 0190 4FF00073 		mov	r3, #33554432
 339 0194 FFF7FEFF 		bl	I2C_TransferHandling
 340              	.LVL37:
 151:/home/user/Desktop/STM32-Projekte/FH-Vertibot/src/project_src/LSM303DLHC_Lib_I2C.c **** 
 152:/home/user/Desktop/STM32-Projekte/FH-Vertibot/src/project_src/LSM303DLHC_Lib_I2C.c ****   /* Enable DMA1 Channel5 */
 153:/home/user/Desktop/STM32-Projekte/FH-Vertibot/src/project_src/LSM303DLHC_Lib_I2C.c ****   I2C_DMACmd(LSM303DLHC_I2C, I2C_DMAReq_Rx, ENABLE);
 341              		.loc 1 153 0
 342 0198 1548     		ldr	r0, .L79
 343 019a 4FF40041 		mov	r1, #32768
 344 019e 0122     		movs	r2, #1
 345 01a0 FFF7FEFF 		bl	I2C_DMACmd
 346              	.LVL38:
 154:/home/user/Desktop/STM32-Projekte/FH-Vertibot/src/project_src/LSM303DLHC_Lib_I2C.c **** DMA_Cmd(DMA1_Channel7, ENABLE);
 347              		.loc 1 154 0
 348 01a4 1348     		ldr	r0, .L79+4
 349 01a6 0121     		movs	r1, #1
 350 01a8 FFF7FEFF 		bl	DMA_Cmd
 351              	.LVL39:
 352              	.L60:
 155:/home/user/Desktop/STM32-Projekte/FH-Vertibot/src/project_src/LSM303DLHC_Lib_I2C.c ****   /* Wait until all data are received */
 156:/home/user/Desktop/STM32-Projekte/FH-Vertibot/src/project_src/LSM303DLHC_Lib_I2C.c **** //  while (NumByteToRead)
 157:/home/user/Desktop/STM32-Projekte/FH-Vertibot/src/project_src/LSM303DLHC_Lib_I2C.c **** //  {
 158:/home/user/Desktop/STM32-Projekte/FH-Vertibot/src/project_src/LSM303DLHC_Lib_I2C.c **** //    /* Wait until RXNE flag is set */
 159:/home/user/Desktop/STM32-Projekte/FH-Vertibot/src/project_src/LSM303DLHC_Lib_I2C.c **** //    while(I2C_GetFlagStatus(LSM303DLHC_I2C, I2C_ISR_RXNE) == RESET)
 160:/home/user/Desktop/STM32-Projekte/FH-Vertibot/src/project_src/LSM303DLHC_Lib_I2C.c **** //    {
 161:/home/user/Desktop/STM32-Projekte/FH-Vertibot/src/project_src/LSM303DLHC_Lib_I2C.c **** //    }
 162:/home/user/Desktop/STM32-Projekte/FH-Vertibot/src/project_src/LSM303DLHC_Lib_I2C.c **** //
 163:/home/user/Desktop/STM32-Projekte/FH-Vertibot/src/project_src/LSM303DLHC_Lib_I2C.c **** //    /* Read data from RXDR */
 164:/home/user/Desktop/STM32-Projekte/FH-Vertibot/src/project_src/LSM303DLHC_Lib_I2C.c **** //    *pBuffer = I2C_ReceiveData(LSM303DLHC_I2C);
 165:/home/user/Desktop/STM32-Projekte/FH-Vertibot/src/project_src/LSM303DLHC_Lib_I2C.c **** //    /* Point to the next location where the byte read will be saved */
 166:/home/user/Desktop/STM32-Projekte/FH-Vertibot/src/project_src/LSM303DLHC_Lib_I2C.c **** //    pBuffer++;
 167:/home/user/Desktop/STM32-Projekte/FH-Vertibot/src/project_src/LSM303DLHC_Lib_I2C.c **** //
 168:/home/user/Desktop/STM32-Projekte/FH-Vertibot/src/project_src/LSM303DLHC_Lib_I2C.c **** //    /* Decrement the read bytes counter */
 169:/home/user/Desktop/STM32-Projekte/FH-Vertibot/src/project_src/LSM303DLHC_Lib_I2C.c **** //    NumByteToRead--;
 170:/home/user/Desktop/STM32-Projekte/FH-Vertibot/src/project_src/LSM303DLHC_Lib_I2C.c **** //  }
 171:/home/user/Desktop/STM32-Projekte/FH-Vertibot/src/project_src/LSM303DLHC_Lib_I2C.c **** 
 172:/home/user/Desktop/STM32-Projekte/FH-Vertibot/src/project_src/LSM303DLHC_Lib_I2C.c **** //printf("M4%d ", 0);
 173:/home/user/Desktop/STM32-Projekte/FH-Vertibot/src/project_src/LSM303DLHC_Lib_I2C.c **** 
 174:/home/user/Desktop/STM32-Projekte/FH-Vertibot/src/project_src/LSM303DLHC_Lib_I2C.c ****   /* DMA1 Channel1 transfer complete test */
 175:/home/user/Desktop/STM32-Projekte/FH-Vertibot/src/project_src/LSM303DLHC_Lib_I2C.c ****   while(!DMA_GetFlagStatus(DMA1_FLAG_TC7));
 353              		.loc 1 175 0 discriminator 1
 354 01ac 4FF00070 		mov	r0, #33554432
 355 01b0 FFF7FEFF 		bl	DMA_GetFlagStatus
 356              	.LVL40:
 357 01b4 0028     		cmp	r0, #0
 358 01b6 F9D0     		beq	.L60
 176:/home/user/Desktop/STM32-Projekte/FH-Vertibot/src/project_src/LSM303DLHC_Lib_I2C.c **** 
 177:/home/user/Desktop/STM32-Projekte/FH-Vertibot/src/project_src/LSM303DLHC_Lib_I2C.c ****   //printf("M5%d ", 0);
 178:/home/user/Desktop/STM32-Projekte/FH-Vertibot/src/project_src/LSM303DLHC_Lib_I2C.c **** 
 179:/home/user/Desktop/STM32-Projekte/FH-Vertibot/src/project_src/LSM303DLHC_Lib_I2C.c ****   DMA_ClearFlag(DMA1_FLAG_GL7);
 359              		.loc 1 179 0
 360 01b8 4FF08070 		mov	r0, #16777216
 361 01bc FFF7FEFF 		bl	DMA_ClearFlag
 362              	.LVL41:
 180:/home/user/Desktop/STM32-Projekte/FH-Vertibot/src/project_src/LSM303DLHC_Lib_I2C.c **** 
 181:/home/user/Desktop/STM32-Projekte/FH-Vertibot/src/project_src/LSM303DLHC_Lib_I2C.c ****   I2C_DMACmd(LSM303DLHC_I2C, I2C_DMAReq_Rx, DISABLE);
 363              		.loc 1 181 0
 364 01c0 0B48     		ldr	r0, .L79
 365 01c2 4FF40041 		mov	r1, #32768
 366 01c6 0022     		movs	r2, #0
 367 01c8 FFF7FEFF 		bl	I2C_DMACmd
 368              	.LVL42:
 182:/home/user/Desktop/STM32-Projekte/FH-Vertibot/src/project_src/LSM303DLHC_Lib_I2C.c ****   DMA_Cmd(DMA1_Channel7, DISABLE);
 369              		.loc 1 182 0
 370 01cc 0948     		ldr	r0, .L79+4
 371 01ce 0021     		movs	r1, #0
 372 01d0 FFF7FEFF 		bl	DMA_Cmd
 373              	.LVL43:
 374              	.L61:
 183:/home/user/Desktop/STM32-Projekte/FH-Vertibot/src/project_src/LSM303DLHC_Lib_I2C.c **** 
 184:/home/user/Desktop/STM32-Projekte/FH-Vertibot/src/project_src/LSM303DLHC_Lib_I2C.c ****   //GPIO_SetBits(GPIOE,GPIO_Pin_9);
 185:/home/user/Desktop/STM32-Projekte/FH-Vertibot/src/project_src/LSM303DLHC_Lib_I2C.c **** 
 186:/home/user/Desktop/STM32-Projekte/FH-Vertibot/src/project_src/LSM303DLHC_Lib_I2C.c ****   //I2C_GenerateSTOP(LSM303DLHC_I2C, ENABLE);
 187:/home/user/Desktop/STM32-Projekte/FH-Vertibot/src/project_src/LSM303DLHC_Lib_I2C.c **** 
 188:/home/user/Desktop/STM32-Projekte/FH-Vertibot/src/project_src/LSM303DLHC_Lib_I2C.c ****   /* Wait until STOPF flag is set */
 189:/home/user/Desktop/STM32-Projekte/FH-Vertibot/src/project_src/LSM303DLHC_Lib_I2C.c ****   while(I2C_GetFlagStatus(LSM303DLHC_I2C, I2C_ISR_STOPF) == RESET)
 375              		.loc 1 189 0 discriminator 1
 376 01d4 0648     		ldr	r0, .L79
 377 01d6 2021     		movs	r1, #32
 378 01d8 FFF7FEFF 		bl	I2C_GetFlagStatus
 379              	.LVL44:
 380 01dc 0028     		cmp	r0, #0
 381 01de F9D0     		beq	.L61
 190:/home/user/Desktop/STM32-Projekte/FH-Vertibot/src/project_src/LSM303DLHC_Lib_I2C.c ****   {
 191:/home/user/Desktop/STM32-Projekte/FH-Vertibot/src/project_src/LSM303DLHC_Lib_I2C.c ****   }
 192:/home/user/Desktop/STM32-Projekte/FH-Vertibot/src/project_src/LSM303DLHC_Lib_I2C.c **** 
 193:/home/user/Desktop/STM32-Projekte/FH-Vertibot/src/project_src/LSM303DLHC_Lib_I2C.c ****   /* Clear STOPF flag */
 194:/home/user/Desktop/STM32-Projekte/FH-Vertibot/src/project_src/LSM303DLHC_Lib_I2C.c ****   I2C_ClearFlag(LSM303DLHC_I2C, I2C_ICR_STOPCF);
 382              		.loc 1 194 0
 383 01e0 0348     		ldr	r0, .L79
 384 01e2 2021     		movs	r1, #32
 195:/home/user/Desktop/STM32-Projekte/FH-Vertibot/src/project_src/LSM303DLHC_Lib_I2C.c **** }
 385              		.loc 1 195 0
 386 01e4 02B0     		add	sp, sp, #8
 387 01e6 BDE87040 		pop	{r4, r5, r6, lr}
 194:/home/user/Desktop/STM32-Projekte/FH-Vertibot/src/project_src/LSM303DLHC_Lib_I2C.c ****   I2C_ClearFlag(LSM303DLHC_I2C, I2C_ICR_STOPCF);
 388              		.loc 1 194 0
 389 01ea FFF7FEBF 		b	I2C_ClearFlag
 390              	.LVL45:
 391              	.L80:
 392 01ee 00BF     		.align	2
 393              	.L79:
 394 01f0 00540040 		.word	1073763328
 395 01f4 80000240 		.word	1073873024
 396              		.cfi_endproc
 397              	.LFE113:
 399              		.align	1
 400              		.global	LSM303DLHC_AccInit
 401              		.thumb
 402              		.thumb_func
 404              	LSM303DLHC_AccInit:
 405              	.LFB114:
 196:/home/user/Desktop/STM32-Projekte/FH-Vertibot/src/project_src/LSM303DLHC_Lib_I2C.c **** 
 197:/home/user/Desktop/STM32-Projekte/FH-Vertibot/src/project_src/LSM303DLHC_Lib_I2C.c **** 
 198:/home/user/Desktop/STM32-Projekte/FH-Vertibot/src/project_src/LSM303DLHC_Lib_I2C.c **** #ifdef LSM303_ACC
 199:/home/user/Desktop/STM32-Projekte/FH-Vertibot/src/project_src/LSM303DLHC_Lib_I2C.c **** void LSM303DLHC_AccInit(void)
 200:/home/user/Desktop/STM32-Projekte/FH-Vertibot/src/project_src/LSM303DLHC_Lib_I2C.c **** {
 406              		.loc 1 200 0
 407              		.cfi_startproc
 408              		@ args = 0, pretend = 0, frame = 8
 409              		@ frame_needed = 0, uses_anonymous_args = 0
 410 01f8 07B5     		push	{r0, r1, r2, lr}
 411              	.LCFI3:
 412              		.cfi_def_cfa_offset 16
 413              		.cfi_offset 0, -16
 414              		.cfi_offset 1, -12
 415              		.cfi_offset 2, -8
 416              		.cfi_offset 14, -4
 201:/home/user/Desktop/STM32-Projekte/FH-Vertibot/src/project_src/LSM303DLHC_Lib_I2C.c ****   uint8_t ctrl1 = 0x00, ctrl2 = 0x00, ctrl4 = 0x00;
 417              		.loc 1 201 0
 418 01fa 0023     		movs	r3, #0
 419 01fc 8DF80630 		strb	r3, [sp, #6]
 420              	.LVL46:
 202:/home/user/Desktop/STM32-Projekte/FH-Vertibot/src/project_src/LSM303DLHC_Lib_I2C.c **** 
 203:/home/user/Desktop/STM32-Projekte/FH-Vertibot/src/project_src/LSM303DLHC_Lib_I2C.c ****   /* Configure MEMS: data rate, power mode, full scale and axes */
 204:/home/user/Desktop/STM32-Projekte/FH-Vertibot/src/project_src/LSM303DLHC_Lib_I2C.c **** //  ctrl1 |= (uint8_t) (LSM303DLHC_NORMAL_MODE | LSM303DLHC_ODR_200_HZ |
 205:/home/user/Desktop/STM32-Projekte/FH-Vertibot/src/project_src/LSM303DLHC_Lib_I2C.c **** //		  	  	  	  LSM303DLHC_AXES_ENABLE);
 206:/home/user/Desktop/STM32-Projekte/FH-Vertibot/src/project_src/LSM303DLHC_Lib_I2C.c **** 
 207:/home/user/Desktop/STM32-Projekte/FH-Vertibot/src/project_src/LSM303DLHC_Lib_I2C.c ****     ctrl1 |= (uint8_t) (LSM303DLHC_NORMAL_MODE | LSM303DLHC_ODR_1344_HZ |
 421              		.loc 1 207 0
 422 0200 9723     		movs	r3, #151
 423 0202 8DF80530 		strb	r3, [sp, #5]
 424              	.LVL47:
 208:/home/user/Desktop/STM32-Projekte/FH-Vertibot/src/project_src/LSM303DLHC_Lib_I2C.c ****   		  	  	  	  	LSM303DLHC_AXES_ENABLE);
 209:/home/user/Desktop/STM32-Projekte/FH-Vertibot/src/project_src/LSM303DLHC_Lib_I2C.c **** 
 210:/home/user/Desktop/STM32-Projekte/FH-Vertibot/src/project_src/LSM303DLHC_Lib_I2C.c **** 
 211:/home/user/Desktop/STM32-Projekte/FH-Vertibot/src/project_src/LSM303DLHC_Lib_I2C.c **** //  ctrl4 |= (uint8_t) (LSM303DLHC_BlockUpdate_Continous | LSM303DLHC_BLE_LSB |
 212:/home/user/Desktop/STM32-Projekte/FH-Vertibot/src/project_src/LSM303DLHC_Lib_I2C.c **** //		  	  	  	  LSM303DLHC_FULLSCALE_16G | LSM303DLHC_HR_ENABLE);
 213:/home/user/Desktop/STM32-Projekte/FH-Vertibot/src/project_src/LSM303DLHC_Lib_I2C.c **** 
 214:/home/user/Desktop/STM32-Projekte/FH-Vertibot/src/project_src/LSM303DLHC_Lib_I2C.c ****   ctrl4 |= (uint8_t) (LSM303DLHC_BlockUpdate_Continous | LSM303DLHC_BLE_LSB |
 215:/home/user/Desktop/STM32-Projekte/FH-Vertibot/src/project_src/LSM303DLHC_Lib_I2C.c ****   		  	  	  	  LSM303DLHC_FULLSCALE_16G | LSM303DLHC_HR_ENABLE);
 216:/home/user/Desktop/STM32-Projekte/FH-Vertibot/src/project_src/LSM303DLHC_Lib_I2C.c **** 
 217:/home/user/Desktop/STM32-Projekte/FH-Vertibot/src/project_src/LSM303DLHC_Lib_I2C.c ****   //ctrl4 = 0x30;
 218:/home/user/Desktop/STM32-Projekte/FH-Vertibot/src/project_src/LSM303DLHC_Lib_I2C.c **** 
 219:/home/user/Desktop/STM32-Projekte/FH-Vertibot/src/project_src/LSM303DLHC_Lib_I2C.c ****   /* Write value to ACC MEMS CTRL_REG1 regsister */
 220:/home/user/Desktop/STM32-Projekte/FH-Vertibot/src/project_src/LSM303DLHC_Lib_I2C.c ****   LSM303DLHC_Write(ACC_I2C_ADDRESS, LSM303DLHC_CTRL_REG1_A, &ctrl1);
 425              		.loc 1 220 0
 426 0206 3220     		movs	r0, #50
 214:/home/user/Desktop/STM32-Projekte/FH-Vertibot/src/project_src/LSM303DLHC_Lib_I2C.c ****   ctrl4 |= (uint8_t) (LSM303DLHC_BlockUpdate_Continous | LSM303DLHC_BLE_LSB |
 427              		.loc 1 214 0
 428 0208 3823     		movs	r3, #56
 429              		.loc 1 220 0
 430 020a 2021     		movs	r1, #32
 431 020c 0DF10502 		add	r2, sp, #5
 214:/home/user/Desktop/STM32-Projekte/FH-Vertibot/src/project_src/LSM303DLHC_Lib_I2C.c ****   ctrl4 |= (uint8_t) (LSM303DLHC_BlockUpdate_Continous | LSM303DLHC_BLE_LSB |
 432              		.loc 1 214 0
 433 0210 8DF80730 		strb	r3, [sp, #7]
 434              	.LVL48:
 435              		.loc 1 220 0
 436 0214 FFF7FEFF 		bl	LSM303DLHC_Write
 437              	.LVL49:
 221:/home/user/Desktop/STM32-Projekte/FH-Vertibot/src/project_src/LSM303DLHC_Lib_I2C.c **** 
 222:/home/user/Desktop/STM32-Projekte/FH-Vertibot/src/project_src/LSM303DLHC_Lib_I2C.c ****   /* Write value to ACC MEMS CTRL_REG2 regsister */
 223:/home/user/Desktop/STM32-Projekte/FH-Vertibot/src/project_src/LSM303DLHC_Lib_I2C.c ****   LSM303DLHC_Write(ACC_I2C_ADDRESS, LSM303DLHC_CTRL_REG2_A, &ctrl2);
 438              		.loc 1 223 0
 439 0218 3220     		movs	r0, #50
 440 021a 2121     		movs	r1, #33
 441 021c 0DF10602 		add	r2, sp, #6
 442 0220 FFF7FEFF 		bl	LSM303DLHC_Write
 443              	.LVL50:
 224:/home/user/Desktop/STM32-Projekte/FH-Vertibot/src/project_src/LSM303DLHC_Lib_I2C.c **** 
 225:/home/user/Desktop/STM32-Projekte/FH-Vertibot/src/project_src/LSM303DLHC_Lib_I2C.c ****   /* Write value to ACC MEMS CTRL_REG4 regsister */
 226:/home/user/Desktop/STM32-Projekte/FH-Vertibot/src/project_src/LSM303DLHC_Lib_I2C.c ****   LSM303DLHC_Write(ACC_I2C_ADDRESS, LSM303DLHC_CTRL_REG4_A, &ctrl4);
 444              		.loc 1 226 0
 445 0224 3220     		movs	r0, #50
 446 0226 2321     		movs	r1, #35
 447 0228 0DF10702 		add	r2, sp, #7
 448 022c FFF7FEFF 		bl	LSM303DLHC_Write
 449              	.LVL51:
 227:/home/user/Desktop/STM32-Projekte/FH-Vertibot/src/project_src/LSM303DLHC_Lib_I2C.c **** }
 450              		.loc 1 227 0
 451 0230 0EBD     		pop	{r1, r2, r3, pc}
 452              		.cfi_endproc
 453              	.LFE114:
 455              		.align	1
 456              		.global	LSM303DLHC_ACC_readValues
 457              		.thumb
 458              		.thumb_func
 460              	LSM303DLHC_ACC_readValues:
 461              	.LFB116:
 228:/home/user/Desktop/STM32-Projekte/FH-Vertibot/src/project_src/LSM303DLHC_Lib_I2C.c **** 
 229:/home/user/Desktop/STM32-Projekte/FH-Vertibot/src/project_src/LSM303DLHC_Lib_I2C.c **** 
 230:/home/user/Desktop/STM32-Projekte/FH-Vertibot/src/project_src/LSM303DLHC_Lib_I2C.c **** void LSM303DLHC_ACC_calibrate(float maxGOverflow, struct accValues *Acc_values)
 231:/home/user/Desktop/STM32-Projekte/FH-Vertibot/src/project_src/LSM303DLHC_Lib_I2C.c **** {
 232:/home/user/Desktop/STM32-Projekte/FH-Vertibot/src/project_src/LSM303DLHC_Lib_I2C.c **** 	u8 i;
 233:/home/user/Desktop/STM32-Projekte/FH-Vertibot/src/project_src/LSM303DLHC_Lib_I2C.c **** 	uint32_t tmpX = 0;
 234:/home/user/Desktop/STM32-Projekte/FH-Vertibot/src/project_src/LSM303DLHC_Lib_I2C.c **** 	uint32_t tmpY = 0;
 235:/home/user/Desktop/STM32-Projekte/FH-Vertibot/src/project_src/LSM303DLHC_Lib_I2C.c **** 	uint32_t tmpZ = 0;
 236:/home/user/Desktop/STM32-Projekte/FH-Vertibot/src/project_src/LSM303DLHC_Lib_I2C.c **** 
 237:/home/user/Desktop/STM32-Projekte/FH-Vertibot/src/project_src/LSM303DLHC_Lib_I2C.c **** 	LSM303DLHC_AccInit();
 238:/home/user/Desktop/STM32-Projekte/FH-Vertibot/src/project_src/LSM303DLHC_Lib_I2C.c **** 
 239:/home/user/Desktop/STM32-Projekte/FH-Vertibot/src/project_src/LSM303DLHC_Lib_I2C.c **** 	for(i=0;i<AVG_ROUNDS;i++)
 240:/home/user/Desktop/STM32-Projekte/FH-Vertibot/src/project_src/LSM303DLHC_Lib_I2C.c **** 	{
 241:/home/user/Desktop/STM32-Projekte/FH-Vertibot/src/project_src/LSM303DLHC_Lib_I2C.c **** 		LSM303DLHC_ACC_readValues(Acc_values);
 242:/home/user/Desktop/STM32-Projekte/FH-Vertibot/src/project_src/LSM303DLHC_Lib_I2C.c **** 
 243:/home/user/Desktop/STM32-Projekte/FH-Vertibot/src/project_src/LSM303DLHC_Lib_I2C.c **** 		tmpX += (Acc_values->accValueX);
 244:/home/user/Desktop/STM32-Projekte/FH-Vertibot/src/project_src/LSM303DLHC_Lib_I2C.c **** 		tmpY += (Acc_values->accValueY);
 245:/home/user/Desktop/STM32-Projekte/FH-Vertibot/src/project_src/LSM303DLHC_Lib_I2C.c **** 		tmpZ += (Acc_values->accValueZ);
 246:/home/user/Desktop/STM32-Projekte/FH-Vertibot/src/project_src/LSM303DLHC_Lib_I2C.c **** 
 247:/home/user/Desktop/STM32-Projekte/FH-Vertibot/src/project_src/LSM303DLHC_Lib_I2C.c **** 		Delay(INIT_DELAY_TIME/10);
 248:/home/user/Desktop/STM32-Projekte/FH-Vertibot/src/project_src/LSM303DLHC_Lib_I2C.c **** 	}
 249:/home/user/Desktop/STM32-Projekte/FH-Vertibot/src/project_src/LSM303DLHC_Lib_I2C.c **** 	Acc_values->accValueX = (tmpX/AVG_ROUNDS);
 250:/home/user/Desktop/STM32-Projekte/FH-Vertibot/src/project_src/LSM303DLHC_Lib_I2C.c **** 	Acc_values->accValueY = (tmpY/AVG_ROUNDS);
 251:/home/user/Desktop/STM32-Projekte/FH-Vertibot/src/project_src/LSM303DLHC_Lib_I2C.c **** 	Acc_values->accValueZ = (tmpZ/AVG_ROUNDS);
 252:/home/user/Desktop/STM32-Projekte/FH-Vertibot/src/project_src/LSM303DLHC_Lib_I2C.c **** 
 253:/home/user/Desktop/STM32-Projekte/FH-Vertibot/src/project_src/LSM303DLHC_Lib_I2C.c **** 	Acc_values->accGValue = sqrtf((Acc_values->accValueX*Acc_values->accValueX) +
 254:/home/user/Desktop/STM32-Projekte/FH-Vertibot/src/project_src/LSM303DLHC_Lib_I2C.c **** 									(Acc_values->accValueY*Acc_values->accValueY) +
 255:/home/user/Desktop/STM32-Projekte/FH-Vertibot/src/project_src/LSM303DLHC_Lib_I2C.c **** 									(Acc_values->accValueZ*Acc_values->accValueZ));
 256:/home/user/Desktop/STM32-Projekte/FH-Vertibot/src/project_src/LSM303DLHC_Lib_I2C.c **** 
 257:/home/user/Desktop/STM32-Projekte/FH-Vertibot/src/project_src/LSM303DLHC_Lib_I2C.c **** 	/* Allow some kind of overflow */
 258:/home/user/Desktop/STM32-Projekte/FH-Vertibot/src/project_src/LSM303DLHC_Lib_I2C.c **** 	Acc_values->accGValue = Acc_values->accGValue*maxGOverflow;
 259:/home/user/Desktop/STM32-Projekte/FH-Vertibot/src/project_src/LSM303DLHC_Lib_I2C.c **** }
 260:/home/user/Desktop/STM32-Projekte/FH-Vertibot/src/project_src/LSM303DLHC_Lib_I2C.c **** 
 261:/home/user/Desktop/STM32-Projekte/FH-Vertibot/src/project_src/LSM303DLHC_Lib_I2C.c **** 
 262:/home/user/Desktop/STM32-Projekte/FH-Vertibot/src/project_src/LSM303DLHC_Lib_I2C.c **** void LSM303DLHC_ACC_readValues(struct accValues *accXYZ)
 263:/home/user/Desktop/STM32-Projekte/FH-Vertibot/src/project_src/LSM303DLHC_Lib_I2C.c **** {
 462              		.loc 1 263 0
 463              		.cfi_startproc
 464              		@ args = 0, pretend = 0, frame = 8
 465              		@ frame_needed = 0, uses_anonymous_args = 0
 466              	.LVL52:
 467 0232 13B5     		push	{r0, r1, r4, lr}
 468              	.LCFI4:
 469              		.cfi_def_cfa_offset 16
 470              		.cfi_offset 0, -16
 471              		.cfi_offset 1, -12
 472              		.cfi_offset 4, -8
 473              		.cfi_offset 14, -4
 264:/home/user/Desktop/STM32-Projekte/FH-Vertibot/src/project_src/LSM303DLHC_Lib_I2C.c **** 	uint8_t buffer[6], cDivider;
 265:/home/user/Desktop/STM32-Projekte/FH-Vertibot/src/project_src/LSM303DLHC_Lib_I2C.c **** 
 266:/home/user/Desktop/STM32-Projekte/FH-Vertibot/src/project_src/LSM303DLHC_Lib_I2C.c **** 	LSM303DLHC_Read(ACC_I2C_ADDRESS, LSM303DLHC_OUT_X_L_A, buffer, 6);
 474              		.loc 1 266 0
 475 0234 0623     		movs	r3, #6
 263:/home/user/Desktop/STM32-Projekte/FH-Vertibot/src/project_src/LSM303DLHC_Lib_I2C.c **** {
 476              		.loc 1 263 0
 477 0236 0446     		mov	r4, r0
 478              		.loc 1 266 0
 479 0238 2821     		movs	r1, #40
 480 023a 6A46     		mov	r2, sp
 481 023c 3220     		movs	r0, #50
 482              	.LVL53:
 483 023e FFF7FEFF 		bl	LSM303DLHC_Read
 484              	.LVL54:
 267:/home/user/Desktop/STM32-Projekte/FH-Vertibot/src/project_src/LSM303DLHC_Lib_I2C.c **** 
 268:/home/user/Desktop/STM32-Projekte/FH-Vertibot/src/project_src/LSM303DLHC_Lib_I2C.c **** 	cDivider=16;
 269:/home/user/Desktop/STM32-Projekte/FH-Vertibot/src/project_src/LSM303DLHC_Lib_I2C.c **** 
 270:/home/user/Desktop/STM32-Projekte/FH-Vertibot/src/project_src/LSM303DLHC_Lib_I2C.c **** 	/* check in the control register4 the data alignment */
 271:/home/user/Desktop/STM32-Projekte/FH-Vertibot/src/project_src/LSM303DLHC_Lib_I2C.c **** 	accXYZ->accValueX = ((int16_t)((uint16_t)buffer[1] << 8) + buffer[0])/cDivider;
 485              		.loc 1 271 0
 486 0242 9DF80030 		ldrb	r3, [sp, #0]	@ zero_extendqisi2
 487 0246 9DF90120 		ldrsb	r2, [sp, #1]
 272:/home/user/Desktop/STM32-Projekte/FH-Vertibot/src/project_src/LSM303DLHC_Lib_I2C.c **** 	accXYZ->accValueY = ((int16_t)((uint16_t)buffer[3] << 8) + buffer[2])/cDivider;
 488              		.loc 1 272 0
 489 024a 9DF90310 		ldrsb	r1, [sp, #3]
 271:/home/user/Desktop/STM32-Projekte/FH-Vertibot/src/project_src/LSM303DLHC_Lib_I2C.c **** 	accXYZ->accValueX = ((int16_t)((uint16_t)buffer[1] << 8) + buffer[0])/cDivider;
 490              		.loc 1 271 0
 491 024e 03EB0222 		add	r2, r3, r2, lsl #8
 492 0252 1023     		movs	r3, #16
 493 0254 92FBF3F2 		sdiv	r2, r2, r3
 494 0258 2280     		strh	r2, [r4, #0]	@ movhi
 495              		.loc 1 272 0
 496 025a 9DF80220 		ldrb	r2, [sp, #2]	@ zero_extendqisi2
 497 025e 02EB0122 		add	r2, r2, r1, lsl #8
 498 0262 92FBF3F2 		sdiv	r2, r2, r3
 499 0266 6280     		strh	r2, [r4, #2]	@ movhi
 273:/home/user/Desktop/STM32-Projekte/FH-Vertibot/src/project_src/LSM303DLHC_Lib_I2C.c **** 	accXYZ->accValueZ = ((int16_t)((uint16_t)buffer[5] << 8) + buffer[4])/cDivider;
 500              		.loc 1 273 0
 501 0268 9DF90510 		ldrsb	r1, [sp, #5]
 502 026c 9DF80420 		ldrb	r2, [sp, #4]	@ zero_extendqisi2
 503 0270 02EB0122 		add	r2, r2, r1, lsl #8
 504 0274 92FBF3F3 		sdiv	r3, r2, r3
 505 0278 A380     		strh	r3, [r4, #4]	@ movhi
 274:/home/user/Desktop/STM32-Projekte/FH-Vertibot/src/project_src/LSM303DLHC_Lib_I2C.c **** }
 506              		.loc 1 274 0
 507 027a 1CBD     		pop	{r2, r3, r4, pc}
 508              		.cfi_endproc
 509              	.LFE116:
 511              		.align	1
 512              		.global	LSM303DLHC_ACC_calibrate
 513              		.thumb
 514              		.thumb_func
 516              	LSM303DLHC_ACC_calibrate:
 517              	.LFB115:
 231:/home/user/Desktop/STM32-Projekte/FH-Vertibot/src/project_src/LSM303DLHC_Lib_I2C.c **** {
 518              		.loc 1 231 0
 519              		.cfi_startproc
 520              		@ args = 0, pretend = 0, frame = 0
 521              		@ frame_needed = 0, uses_anonymous_args = 0
 522              	.LVL55:
 523 027c 2DE9F041 		push	{r4, r5, r6, r7, r8, lr}
 524              	.LCFI5:
 525              		.cfi_def_cfa_offset 24
 526              		.cfi_offset 4, -24
 527              		.cfi_offset 5, -20
 528              		.cfi_offset 6, -16
 529              		.cfi_offset 7, -12
 530              		.cfi_offset 8, -8
 531              		.cfi_offset 14, -4
 532 0280 2DED028B 		fstmfdd	sp!, {d8}
 533              	.LCFI6:
 534              		.cfi_def_cfa_offset 32
 535              		.cfi_offset 80, -32
 231:/home/user/Desktop/STM32-Projekte/FH-Vertibot/src/project_src/LSM303DLHC_Lib_I2C.c **** {
 536              		.loc 1 231 0
 537 0284 0446     		mov	r4, r0
 538 0286 B0EE408A 		fcpys	s16, s0
 237:/home/user/Desktop/STM32-Projekte/FH-Vertibot/src/project_src/LSM303DLHC_Lib_I2C.c **** 	LSM303DLHC_AccInit();
 539              		.loc 1 237 0
 540 028a FFF7FEFF 		bl	LSM303DLHC_AccInit
 541              	.LVL56:
 235:/home/user/Desktop/STM32-Projekte/FH-Vertibot/src/project_src/LSM303DLHC_Lib_I2C.c **** 	uint32_t tmpZ = 0;
 542              		.loc 1 235 0
 543 028e 0025     		movs	r5, #0
 237:/home/user/Desktop/STM32-Projekte/FH-Vertibot/src/project_src/LSM303DLHC_Lib_I2C.c **** 	LSM303DLHC_AccInit();
 544              		.loc 1 237 0
 545 0290 4FF00A08 		mov	r8, #10
 234:/home/user/Desktop/STM32-Projekte/FH-Vertibot/src/project_src/LSM303DLHC_Lib_I2C.c **** 	uint32_t tmpY = 0;
 546              		.loc 1 234 0
 547 0294 2E46     		mov	r6, r5
 233:/home/user/Desktop/STM32-Projekte/FH-Vertibot/src/project_src/LSM303DLHC_Lib_I2C.c **** 	uint32_t tmpX = 0;
 548              		.loc 1 233 0
 549 0296 2F46     		mov	r7, r5
 550              	.LVL57:
 551              	.L84:
 241:/home/user/Desktop/STM32-Projekte/FH-Vertibot/src/project_src/LSM303DLHC_Lib_I2C.c **** 		LSM303DLHC_ACC_readValues(Acc_values);
 552              		.loc 1 241 0 discriminator 2
 553 0298 2046     		mov	r0, r4
 554 029a FFF7FEFF 		bl	LSM303DLHC_ACC_readValues
 555              	.LVL58:
 243:/home/user/Desktop/STM32-Projekte/FH-Vertibot/src/project_src/LSM303DLHC_Lib_I2C.c **** 		tmpX += (Acc_values->accValueX);
 556              		.loc 1 243 0 discriminator 2
 557 029e B4F90030 		ldrsh	r3, [r4, #0]
 558 02a2 FF18     		adds	r7, r7, r3
 559              	.LVL59:
 244:/home/user/Desktop/STM32-Projekte/FH-Vertibot/src/project_src/LSM303DLHC_Lib_I2C.c **** 		tmpY += (Acc_values->accValueY);
 560              		.loc 1 244 0 discriminator 2
 561 02a4 B4F90230 		ldrsh	r3, [r4, #2]
 562 02a8 F618     		adds	r6, r6, r3
 563              	.LVL60:
 245:/home/user/Desktop/STM32-Projekte/FH-Vertibot/src/project_src/LSM303DLHC_Lib_I2C.c **** 		tmpZ += (Acc_values->accValueZ);
 564              		.loc 1 245 0 discriminator 2
 565 02aa B4F90430 		ldrsh	r3, [r4, #4]
 247:/home/user/Desktop/STM32-Projekte/FH-Vertibot/src/project_src/LSM303DLHC_Lib_I2C.c **** 		Delay(INIT_DELAY_TIME/10);
 566              		.loc 1 247 0 discriminator 2
 567 02ae 43F69820 		movw	r0, #15000
 568 02b2 08F1FF38 		add	r8, r8, #-1
 245:/home/user/Desktop/STM32-Projekte/FH-Vertibot/src/project_src/LSM303DLHC_Lib_I2C.c **** 		tmpZ += (Acc_values->accValueZ);
 569              		.loc 1 245 0 discriminator 2
 570 02b6 ED18     		adds	r5, r5, r3
 571              	.LVL61:
 247:/home/user/Desktop/STM32-Projekte/FH-Vertibot/src/project_src/LSM303DLHC_Lib_I2C.c **** 		Delay(INIT_DELAY_TIME/10);
 572              		.loc 1 247 0 discriminator 2
 573 02b8 FFF7FEFF 		bl	Delay
 574              	.LVL62:
 239:/home/user/Desktop/STM32-Projekte/FH-Vertibot/src/project_src/LSM303DLHC_Lib_I2C.c **** 	for(i=0;i<AVG_ROUNDS;i++)
 575              		.loc 1 239 0 discriminator 2
 576 02bc 18F0FF08 		ands	r8, r8, #255
 577 02c0 EAD1     		bne	.L84
 249:/home/user/Desktop/STM32-Projekte/FH-Vertibot/src/project_src/LSM303DLHC_Lib_I2C.c **** 	Acc_values->accValueX = (tmpX/AVG_ROUNDS);
 578              		.loc 1 249 0
 579 02c2 0A23     		movs	r3, #10
 250:/home/user/Desktop/STM32-Projekte/FH-Vertibot/src/project_src/LSM303DLHC_Lib_I2C.c **** 	Acc_values->accValueY = (tmpY/AVG_ROUNDS);
 580              		.loc 1 250 0
 581 02c4 B6FBF3F6 		udiv	r6, r6, r3
 582              	.LVL63:
 249:/home/user/Desktop/STM32-Projekte/FH-Vertibot/src/project_src/LSM303DLHC_Lib_I2C.c **** 	Acc_values->accValueX = (tmpX/AVG_ROUNDS);
 583              		.loc 1 249 0
 584 02c8 B7FBF3F7 		udiv	r7, r7, r3
 585              	.LVL64:
 250:/home/user/Desktop/STM32-Projekte/FH-Vertibot/src/project_src/LSM303DLHC_Lib_I2C.c **** 	Acc_values->accValueY = (tmpY/AVG_ROUNDS);
 586              		.loc 1 250 0
 587 02cc 6680     		strh	r6, [r4, #2]	@ movhi
 254:/home/user/Desktop/STM32-Projekte/FH-Vertibot/src/project_src/LSM303DLHC_Lib_I2C.c **** 									(Acc_values->accValueY*Acc_values->accValueY) +
 588              		.loc 1 254 0
 589 02ce 16FB06F6 		smulbb	r6, r6, r6
 251:/home/user/Desktop/STM32-Projekte/FH-Vertibot/src/project_src/LSM303DLHC_Lib_I2C.c **** 	Acc_values->accValueZ = (tmpZ/AVG_ROUNDS);
 590              		.loc 1 251 0
 591 02d2 B5FBF3F5 		udiv	r5, r5, r3
 592              	.LVL65:
 249:/home/user/Desktop/STM32-Projekte/FH-Vertibot/src/project_src/LSM303DLHC_Lib_I2C.c **** 	Acc_values->accValueX = (tmpX/AVG_ROUNDS);
 593              		.loc 1 249 0
 594 02d6 2780     		strh	r7, [r4, #0]	@ movhi
 253:/home/user/Desktop/STM32-Projekte/FH-Vertibot/src/project_src/LSM303DLHC_Lib_I2C.c **** 	Acc_values->accGValue = sqrtf((Acc_values->accValueX*Acc_values->accValueX) +
 595              		.loc 1 253 0
 596 02d8 17FB0767 		smlabb	r7, r7, r7, r6
 254:/home/user/Desktop/STM32-Projekte/FH-Vertibot/src/project_src/LSM303DLHC_Lib_I2C.c **** 									(Acc_values->accValueY*Acc_values->accValueY) +
 597              		.loc 1 254 0
 598 02dc 15FB0577 		smlabb	r7, r5, r5, r7
 599 02e0 00EE107A 		fmsr	s0, r7	@ int
 251:/home/user/Desktop/STM32-Projekte/FH-Vertibot/src/project_src/LSM303DLHC_Lib_I2C.c **** 	Acc_values->accValueZ = (tmpZ/AVG_ROUNDS);
 600              		.loc 1 251 0
 601 02e4 A580     		strh	r5, [r4, #4]	@ movhi
 253:/home/user/Desktop/STM32-Projekte/FH-Vertibot/src/project_src/LSM303DLHC_Lib_I2C.c **** 	Acc_values->accGValue = sqrtf((Acc_values->accValueX*Acc_values->accValueX) +
 602              		.loc 1 253 0
 603 02e6 B8EEC00A 		fsitos	s0, s0
 604 02ea FFF7FEFF 		bl	sqrtf
 605              	.LVL66:
 258:/home/user/Desktop/STM32-Projekte/FH-Vertibot/src/project_src/LSM303DLHC_Lib_I2C.c **** 	Acc_values->accGValue = Acc_values->accGValue*maxGOverflow;
 606              		.loc 1 258 0
 607 02ee 20EE080A 		fmuls	s0, s0, s16
 608 02f2 84ED020A 		fsts	s0, [r4, #8]
 259:/home/user/Desktop/STM32-Projekte/FH-Vertibot/src/project_src/LSM303DLHC_Lib_I2C.c **** }
 609              		.loc 1 259 0
 610 02f6 BDEC028B 		fldmfdd	sp!, {d8}
 611 02fa BDE8F081 		pop	{r4, r5, r6, r7, r8, pc}
 612              		.cfi_endproc
 613              	.LFE115:
 615              		.align	1
 616              		.global	LSM303DLHC_ACC_readValuesDMA
 617              		.thumb
 618              		.thumb_func
 620              	LSM303DLHC_ACC_readValuesDMA:
 621              	.LFB117:
 275:/home/user/Desktop/STM32-Projekte/FH-Vertibot/src/project_src/LSM303DLHC_Lib_I2C.c **** 
 276:/home/user/Desktop/STM32-Projekte/FH-Vertibot/src/project_src/LSM303DLHC_Lib_I2C.c **** void LSM303DLHC_ACC_readValuesDMA(struct accValues *accXYZ, uint8_t *buffer)
 277:/home/user/Desktop/STM32-Projekte/FH-Vertibot/src/project_src/LSM303DLHC_Lib_I2C.c **** {
 622              		.loc 1 277 0
 623              		.cfi_startproc
 624              		@ args = 0, pretend = 0, frame = 0
 625              		@ frame_needed = 0, uses_anonymous_args = 0
 626              	.LVL67:
 627 02fe 38B5     		push	{r3, r4, r5, lr}
 628              	.LCFI7:
 629              		.cfi_def_cfa_offset 16
 630              		.cfi_offset 3, -16
 631              		.cfi_offset 4, -12
 632              		.cfi_offset 5, -8
 633              		.cfi_offset 14, -4
 634              		.loc 1 277 0
 635 0300 0C46     		mov	r4, r1
 636 0302 0546     		mov	r5, r0
 278:/home/user/Desktop/STM32-Projekte/FH-Vertibot/src/project_src/LSM303DLHC_Lib_I2C.c **** 	uint8_t cDivider;
 279:/home/user/Desktop/STM32-Projekte/FH-Vertibot/src/project_src/LSM303DLHC_Lib_I2C.c **** 
 280:/home/user/Desktop/STM32-Projekte/FH-Vertibot/src/project_src/LSM303DLHC_Lib_I2C.c **** 	/* Read the register content */
 281:/home/user/Desktop/STM32-Projekte/FH-Vertibot/src/project_src/LSM303DLHC_Lib_I2C.c **** 	LSM303DLHC_ReadDMA(ACC_I2C_ADDRESS, LSM303DLHC_OUT_X_L_A, buffer, 6);
 637              		.loc 1 281 0
 638 0304 2821     		movs	r1, #40
 639              	.LVL68:
 640 0306 2246     		mov	r2, r4
 641 0308 0623     		movs	r3, #6
 642 030a 3220     		movs	r0, #50
 643              	.LVL69:
 644 030c FFF7FEFF 		bl	LSM303DLHC_ReadDMA
 645              	.LVL70:
 282:/home/user/Desktop/STM32-Projekte/FH-Vertibot/src/project_src/LSM303DLHC_Lib_I2C.c **** 
 283:/home/user/Desktop/STM32-Projekte/FH-Vertibot/src/project_src/LSM303DLHC_Lib_I2C.c **** 	cDivider=16;
 284:/home/user/Desktop/STM32-Projekte/FH-Vertibot/src/project_src/LSM303DLHC_Lib_I2C.c **** 
 285:/home/user/Desktop/STM32-Projekte/FH-Vertibot/src/project_src/LSM303DLHC_Lib_I2C.c **** 	// TODO Faster conversation
 286:/home/user/Desktop/STM32-Projekte/FH-Vertibot/src/project_src/LSM303DLHC_Lib_I2C.c **** 	// gyro->gyroValueX = (Buffer[1] << 8) | (Buffer[0]);
 287:/home/user/Desktop/STM32-Projekte/FH-Vertibot/src/project_src/LSM303DLHC_Lib_I2C.c **** 	accXYZ->accValueX = ((int16_t)((uint16_t)buffer[1] << 8) + buffer[0])/cDivider;
 646              		.loc 1 287 0
 647 0310 2378     		ldrb	r3, [r4, #0]	@ zero_extendqisi2
 648 0312 94F90120 		ldrsb	r2, [r4, #1]
 649 0316 03EB0222 		add	r2, r3, r2, lsl #8
 650 031a 1023     		movs	r3, #16
 651 031c 92FBF3F2 		sdiv	r2, r2, r3
 652 0320 2A80     		strh	r2, [r5, #0]	@ movhi
 288:/home/user/Desktop/STM32-Projekte/FH-Vertibot/src/project_src/LSM303DLHC_Lib_I2C.c **** 	accXYZ->accValueY = ((int16_t)((uint16_t)buffer[3] << 8) + buffer[2])/cDivider;
 653              		.loc 1 288 0
 654 0322 94F90310 		ldrsb	r1, [r4, #3]
 655 0326 A278     		ldrb	r2, [r4, #2]	@ zero_extendqisi2
 656 0328 02EB0122 		add	r2, r2, r1, lsl #8
 657 032c 92FBF3F2 		sdiv	r2, r2, r3
 658 0330 6A80     		strh	r2, [r5, #2]	@ movhi
 289:/home/user/Desktop/STM32-Projekte/FH-Vertibot/src/project_src/LSM303DLHC_Lib_I2C.c **** 	accXYZ->accValueZ = ((int16_t)((uint16_t)buffer[5] << 8) + buffer[4])/cDivider;
 659              		.loc 1 289 0
 660 0332 94F90510 		ldrsb	r1, [r4, #5]
 661 0336 2279     		ldrb	r2, [r4, #4]	@ zero_extendqisi2
 662 0338 02EB0122 		add	r2, r2, r1, lsl #8
 663 033c 92FBF3F3 		sdiv	r3, r2, r3
 664 0340 AB80     		strh	r3, [r5, #4]	@ movhi
 665 0342 38BD     		pop	{r3, r4, r5, pc}
 666              		.cfi_endproc
 667              	.LFE117:
 669              		.align	1
 670              		.global	Mag_calibrate
 671              		.thumb
 672              		.thumb_func
 674              	Mag_calibrate:
 675              	.LFB118:
 290:/home/user/Desktop/STM32-Projekte/FH-Vertibot/src/project_src/LSM303DLHC_Lib_I2C.c **** }
 291:/home/user/Desktop/STM32-Projekte/FH-Vertibot/src/project_src/LSM303DLHC_Lib_I2C.c **** 
 292:/home/user/Desktop/STM32-Projekte/FH-Vertibot/src/project_src/LSM303DLHC_Lib_I2C.c **** 
 293:/home/user/Desktop/STM32-Projekte/FH-Vertibot/src/project_src/LSM303DLHC_Lib_I2C.c **** //void LSM303DLHC_ACC_readValues(struct accValues *accXYZ)
 294:/home/user/Desktop/STM32-Projekte/FH-Vertibot/src/project_src/LSM303DLHC_Lib_I2C.c **** //{
 295:/home/user/Desktop/STM32-Projekte/FH-Vertibot/src/project_src/LSM303DLHC_Lib_I2C.c **** //  uint8_t ctrlx[2];
 296:/home/user/Desktop/STM32-Projekte/FH-Vertibot/src/project_src/LSM303DLHC_Lib_I2C.c **** //  uint8_t buffer[6], cDivider;
 297:/home/user/Desktop/STM32-Projekte/FH-Vertibot/src/project_src/LSM303DLHC_Lib_I2C.c **** //
 298:/home/user/Desktop/STM32-Projekte/FH-Vertibot/src/project_src/LSM303DLHC_Lib_I2C.c **** //  /* Read the register content */
 299:/home/user/Desktop/STM32-Projekte/FH-Vertibot/src/project_src/LSM303DLHC_Lib_I2C.c **** //  LSM303DLHC_Read(ACC_I2C_ADDRESS, LSM303DLHC_CTRL_REG4_A, ctrlx,2);
 300:/home/user/Desktop/STM32-Projekte/FH-Vertibot/src/project_src/LSM303DLHC_Lib_I2C.c **** //  LSM303DLHC_Read(ACC_I2C_ADDRESS, LSM303DLHC_OUT_X_L_A, buffer, 6);
 301:/home/user/Desktop/STM32-Projekte/FH-Vertibot/src/project_src/LSM303DLHC_Lib_I2C.c **** //
 302:/home/user/Desktop/STM32-Projekte/FH-Vertibot/src/project_src/LSM303DLHC_Lib_I2C.c **** //  if(ctrlx[1]&0x40)
 303:/home/user/Desktop/STM32-Projekte/FH-Vertibot/src/project_src/LSM303DLHC_Lib_I2C.c **** //    cDivider=64;
 304:/home/user/Desktop/STM32-Projekte/FH-Vertibot/src/project_src/LSM303DLHC_Lib_I2C.c **** //  else
 305:/home/user/Desktop/STM32-Projekte/FH-Vertibot/src/project_src/LSM303DLHC_Lib_I2C.c **** //    cDivider=16;
 306:/home/user/Desktop/STM32-Projekte/FH-Vertibot/src/project_src/LSM303DLHC_Lib_I2C.c **** //
 307:/home/user/Desktop/STM32-Projekte/FH-Vertibot/src/project_src/LSM303DLHC_Lib_I2C.c **** //  /* check in the control register4 the data alignment*/
 308:/home/user/Desktop/STM32-Projekte/FH-Vertibot/src/project_src/LSM303DLHC_Lib_I2C.c **** //  if(!(ctrlx[0] & 0x40) || (ctrlx[1] & 0x40)) /* Little Endian Mode or FIFO mode */
 309:/home/user/Desktop/STM32-Projekte/FH-Vertibot/src/project_src/LSM303DLHC_Lib_I2C.c **** //  {
 310:/home/user/Desktop/STM32-Projekte/FH-Vertibot/src/project_src/LSM303DLHC_Lib_I2C.c **** //	accXYZ->accValueX = ((int16_t)((uint16_t)buffer[1] << 8) + buffer[0])/cDivider;
 311:/home/user/Desktop/STM32-Projekte/FH-Vertibot/src/project_src/LSM303DLHC_Lib_I2C.c **** //	accXYZ->accValueY = ((int16_t)((uint16_t)buffer[3] << 8) + buffer[2])/cDivider;
 312:/home/user/Desktop/STM32-Projekte/FH-Vertibot/src/project_src/LSM303DLHC_Lib_I2C.c **** //	accXYZ->accValueZ = ((int16_t)((uint16_t)buffer[5] << 8) + buffer[4])/cDivider;
 313:/home/user/Desktop/STM32-Projekte/FH-Vertibot/src/project_src/LSM303DLHC_Lib_I2C.c **** //  }
 314:/home/user/Desktop/STM32-Projekte/FH-Vertibot/src/project_src/LSM303DLHC_Lib_I2C.c **** //  else /* Big Endian Mode */
 315:/home/user/Desktop/STM32-Projekte/FH-Vertibot/src/project_src/LSM303DLHC_Lib_I2C.c **** //  {
 316:/home/user/Desktop/STM32-Projekte/FH-Vertibot/src/project_src/LSM303DLHC_Lib_I2C.c **** //  	accXYZ->accValueX = ((int16_t)((uint16_t)buffer[0] << 8) + buffer[1])/cDivider;
 317:/home/user/Desktop/STM32-Projekte/FH-Vertibot/src/project_src/LSM303DLHC_Lib_I2C.c **** //  	accXYZ->accValueY = ((int16_t)((uint16_t)buffer[2] << 8) + buffer[3])/cDivider;
 318:/home/user/Desktop/STM32-Projekte/FH-Vertibot/src/project_src/LSM303DLHC_Lib_I2C.c **** //  	accXYZ->accValueZ = ((int16_t)((uint16_t)buffer[4] << 8) + buffer[5])/cDivider;
 319:/home/user/Desktop/STM32-Projekte/FH-Vertibot/src/project_src/LSM303DLHC_Lib_I2C.c **** //  }
 320:/home/user/Desktop/STM32-Projekte/FH-Vertibot/src/project_src/LSM303DLHC_Lib_I2C.c **** //}
 321:/home/user/Desktop/STM32-Projekte/FH-Vertibot/src/project_src/LSM303DLHC_Lib_I2C.c **** 
 322:/home/user/Desktop/STM32-Projekte/FH-Vertibot/src/project_src/LSM303DLHC_Lib_I2C.c **** #endif
 323:/home/user/Desktop/STM32-Projekte/FH-Vertibot/src/project_src/LSM303DLHC_Lib_I2C.c **** 
 324:/home/user/Desktop/STM32-Projekte/FH-Vertibot/src/project_src/LSM303DLHC_Lib_I2C.c **** void Mag_calibrate(void)
 325:/home/user/Desktop/STM32-Projekte/FH-Vertibot/src/project_src/LSM303DLHC_Lib_I2C.c **** {
 676              		.loc 1 325 0
 677              		.cfi_startproc
 678              		@ args = 0, pretend = 0, frame = 8
 679              		@ frame_needed = 0, uses_anonymous_args = 0
 680 0344 07B5     		push	{r0, r1, r2, lr}
 681              	.LCFI8:
 682              		.cfi_def_cfa_offset 16
 683              		.cfi_offset 0, -16
 684              		.cfi_offset 1, -12
 685              		.cfi_offset 2, -8
 686              		.cfi_offset 14, -4
 326:/home/user/Desktop/STM32-Projekte/FH-Vertibot/src/project_src/LSM303DLHC_Lib_I2C.c **** 	uint8_t cra_regm = 0x00, crb_regm = 0x00, mr_regm = 0x00;
 327:/home/user/Desktop/STM32-Projekte/FH-Vertibot/src/project_src/LSM303DLHC_Lib_I2C.c **** 
 328:/home/user/Desktop/STM32-Projekte/FH-Vertibot/src/project_src/LSM303DLHC_Lib_I2C.c **** 	/* Configure MEMS: temp and Data rate */
 329:/home/user/Desktop/STM32-Projekte/FH-Vertibot/src/project_src/LSM303DLHC_Lib_I2C.c **** 	cra_regm |= (uint8_t) (LSM303DLHC_TEMPSENSOR_DISABLE | LSM303DLHC_ODR_30_HZ);
 687              		.loc 1 329 0
 688 0346 1423     		movs	r3, #20
 326:/home/user/Desktop/STM32-Projekte/FH-Vertibot/src/project_src/LSM303DLHC_Lib_I2C.c **** 	uint8_t cra_regm = 0x00, crb_regm = 0x00, mr_regm = 0x00;
 689              		.loc 1 326 0
 690 0348 0021     		movs	r1, #0
 691              		.loc 1 329 0
 692 034a 8DF80530 		strb	r3, [sp, #5]
 693              	.LVL71:
 330:/home/user/Desktop/STM32-Projekte/FH-Vertibot/src/project_src/LSM303DLHC_Lib_I2C.c **** 
 331:/home/user/Desktop/STM32-Projekte/FH-Vertibot/src/project_src/LSM303DLHC_Lib_I2C.c **** 	/* Configure MEMS: full Scale */
 332:/home/user/Desktop/STM32-Projekte/FH-Vertibot/src/project_src/LSM303DLHC_Lib_I2C.c **** 	crb_regm |= (uint8_t) (LSM303DLHC_FS_8_1_GA);
 333:/home/user/Desktop/STM32-Projekte/FH-Vertibot/src/project_src/LSM303DLHC_Lib_I2C.c **** 
 334:/home/user/Desktop/STM32-Projekte/FH-Vertibot/src/project_src/LSM303DLHC_Lib_I2C.c **** 	/* Configure MEMS: working mode */
 335:/home/user/Desktop/STM32-Projekte/FH-Vertibot/src/project_src/LSM303DLHC_Lib_I2C.c **** 	mr_regm |= (uint8_t) (LSM303DLHC_CONTINUOS_CONVERSION);
 336:/home/user/Desktop/STM32-Projekte/FH-Vertibot/src/project_src/LSM303DLHC_Lib_I2C.c **** 
 337:/home/user/Desktop/STM32-Projekte/FH-Vertibot/src/project_src/LSM303DLHC_Lib_I2C.c **** 	/* Write value to Mag MEMS CRA_REG regsister */
 338:/home/user/Desktop/STM32-Projekte/FH-Vertibot/src/project_src/LSM303DLHC_Lib_I2C.c **** 	LSM303DLHC_Write(MAG_I2C_ADDRESS, LSM303DLHC_CRA_REG_M, &cra_regm);
 694              		.loc 1 338 0
 695 034e 3C20     		movs	r0, #60
 332:/home/user/Desktop/STM32-Projekte/FH-Vertibot/src/project_src/LSM303DLHC_Lib_I2C.c **** 	crb_regm |= (uint8_t) (LSM303DLHC_FS_8_1_GA);
 696              		.loc 1 332 0
 697 0350 E023     		movs	r3, #224
 698              		.loc 1 338 0
 699 0352 0DF10502 		add	r2, sp, #5
 326:/home/user/Desktop/STM32-Projekte/FH-Vertibot/src/project_src/LSM303DLHC_Lib_I2C.c **** 	uint8_t cra_regm = 0x00, crb_regm = 0x00, mr_regm = 0x00;
 700              		.loc 1 326 0
 701 0356 8DF80710 		strb	r1, [sp, #7]
 702              	.LVL72:
 332:/home/user/Desktop/STM32-Projekte/FH-Vertibot/src/project_src/LSM303DLHC_Lib_I2C.c **** 	crb_regm |= (uint8_t) (LSM303DLHC_FS_8_1_GA);
 703              		.loc 1 332 0
 704 035a 8DF80630 		strb	r3, [sp, #6]
 705              	.LVL73:
 706              		.loc 1 338 0
 707 035e FFF7FEFF 		bl	LSM303DLHC_Write
 708              	.LVL74:
 339:/home/user/Desktop/STM32-Projekte/FH-Vertibot/src/project_src/LSM303DLHC_Lib_I2C.c **** 
 340:/home/user/Desktop/STM32-Projekte/FH-Vertibot/src/project_src/LSM303DLHC_Lib_I2C.c **** 	/* Write value to Mag MEMS CRB_REG regsister */
 341:/home/user/Desktop/STM32-Projekte/FH-Vertibot/src/project_src/LSM303DLHC_Lib_I2C.c **** 	LSM303DLHC_Write(MAG_I2C_ADDRESS, LSM303DLHC_CRB_REG_M, &crb_regm);
 709              		.loc 1 341 0
 710 0362 3C20     		movs	r0, #60
 711 0364 0121     		movs	r1, #1
 712 0366 0DF10602 		add	r2, sp, #6
 713 036a FFF7FEFF 		bl	LSM303DLHC_Write
 714              	.LVL75:
 342:/home/user/Desktop/STM32-Projekte/FH-Vertibot/src/project_src/LSM303DLHC_Lib_I2C.c **** 
 343:/home/user/Desktop/STM32-Projekte/FH-Vertibot/src/project_src/LSM303DLHC_Lib_I2C.c **** 	/* Write value to Mag MEMS MR_REG regsister */
 344:/home/user/Desktop/STM32-Projekte/FH-Vertibot/src/project_src/LSM303DLHC_Lib_I2C.c **** 	LSM303DLHC_Write(MAG_I2C_ADDRESS, LSM303DLHC_MR_REG_M, &mr_regm);
 715              		.loc 1 344 0
 716 036e 3C20     		movs	r0, #60
 717 0370 0221     		movs	r1, #2
 718 0372 0DF10702 		add	r2, sp, #7
 719 0376 FFF7FEFF 		bl	LSM303DLHC_Write
 720              	.LVL76:
 345:/home/user/Desktop/STM32-Projekte/FH-Vertibot/src/project_src/LSM303DLHC_Lib_I2C.c **** }
 721              		.loc 1 345 0
 722 037a 0EBD     		pop	{r1, r2, r3, pc}
 723              		.cfi_endproc
 724              	.LFE118:
 726              		.align	1
 727              		.global	Mag_readValues
 728              		.thumb
 729              		.thumb_func
 731              	Mag_readValues:
 732              	.LFB119:
 346:/home/user/Desktop/STM32-Projekte/FH-Vertibot/src/project_src/LSM303DLHC_Lib_I2C.c **** 
 347:/home/user/Desktop/STM32-Projekte/FH-Vertibot/src/project_src/LSM303DLHC_Lib_I2C.c **** 
 348:/home/user/Desktop/STM32-Projekte/FH-Vertibot/src/project_src/LSM303DLHC_Lib_I2C.c **** void Mag_readValues (struct magValues *magXYZ)
 349:/home/user/Desktop/STM32-Projekte/FH-Vertibot/src/project_src/LSM303DLHC_Lib_I2C.c **** {
 733              		.loc 1 349 0
 734              		.cfi_startproc
 735              		@ args = 0, pretend = 0, frame = 8
 736              		@ frame_needed = 0, uses_anonymous_args = 0
 737              	.LVL77:
 738 037c 37B5     		push	{r0, r1, r2, r4, r5, lr}
 739              	.LCFI9:
 740              		.cfi_def_cfa_offset 24
 741              		.cfi_offset 0, -24
 742              		.cfi_offset 1, -20
 743              		.cfi_offset 2, -16
 744              		.cfi_offset 4, -12
 745              		.cfi_offset 5, -8
 746              		.cfi_offset 14, -4
 350:/home/user/Desktop/STM32-Projekte/FH-Vertibot/src/project_src/LSM303DLHC_Lib_I2C.c ****   static uint8_t buffer[6] = {0};
 351:/home/user/Desktop/STM32-Projekte/FH-Vertibot/src/project_src/LSM303DLHC_Lib_I2C.c ****   uint8_t CTRLB = 0;
 747              		.loc 1 351 0
 748 037e 02AA     		add	r2, sp, #8
 352:/home/user/Desktop/STM32-Projekte/FH-Vertibot/src/project_src/LSM303DLHC_Lib_I2C.c ****   uint16_t Magn_Sensitivity_XY = 0, Magn_Sensitivity_Z = 0;
 353:/home/user/Desktop/STM32-Projekte/FH-Vertibot/src/project_src/LSM303DLHC_Lib_I2C.c ****   LSM303DLHC_Read(MAG_I2C_ADDRESS, LSM303DLHC_CRB_REG_M, &CTRLB, 1);
 749              		.loc 1 353 0
 750 0380 0121     		movs	r1, #1
 351:/home/user/Desktop/STM32-Projekte/FH-Vertibot/src/project_src/LSM303DLHC_Lib_I2C.c ****   uint8_t CTRLB = 0;
 751              		.loc 1 351 0
 752 0382 0023     		movs	r3, #0
 753 0384 02F8013D 		strb	r3, [r2, #-1]!
 754              	.LVL78:
 349:/home/user/Desktop/STM32-Projekte/FH-Vertibot/src/project_src/LSM303DLHC_Lib_I2C.c **** {
 755              		.loc 1 349 0
 756 0388 0446     		mov	r4, r0
 757              		.loc 1 353 0
 758 038a 0B46     		mov	r3, r1
 759 038c 3C20     		movs	r0, #60
 760              	.LVL79:
 761 038e FFF7FEFF 		bl	LSM303DLHC_Read
 762              	.LVL80:
 354:/home/user/Desktop/STM32-Projekte/FH-Vertibot/src/project_src/LSM303DLHC_Lib_I2C.c **** 
 355:/home/user/Desktop/STM32-Projekte/FH-Vertibot/src/project_src/LSM303DLHC_Lib_I2C.c ****   LSM303DLHC_Read(MAG_I2C_ADDRESS, LSM303DLHC_OUT_X_H_M, buffer, 6);
 763              		.loc 1 355 0
 764 0392 0623     		movs	r3, #6
 765 0394 3C20     		movs	r0, #60
 766 0396 0321     		movs	r1, #3
 767 0398 3C4A     		ldr	r2, .L99
 768 039a FFF7FEFF 		bl	LSM303DLHC_Read
 769              	.LVL81:
 356:/home/user/Desktop/STM32-Projekte/FH-Vertibot/src/project_src/LSM303DLHC_Lib_I2C.c **** //  LSM303DLHC_Read(MAG_I2C_ADDRESS, LSM303DLHC_OUT_X_L_M, buffer+1, 1);
 357:/home/user/Desktop/STM32-Projekte/FH-Vertibot/src/project_src/LSM303DLHC_Lib_I2C.c **** //  LSM303DLHC_Read(MAG_I2C_ADDRESS, LSM303DLHC_OUT_Y_H_M, buffer+2, 1);
 358:/home/user/Desktop/STM32-Projekte/FH-Vertibot/src/project_src/LSM303DLHC_Lib_I2C.c **** //  LSM303DLHC_Read(MAG_I2C_ADDRESS, LSM303DLHC_OUT_Y_L_M, buffer+3, 1);
 359:/home/user/Desktop/STM32-Projekte/FH-Vertibot/src/project_src/LSM303DLHC_Lib_I2C.c **** //  LSM303DLHC_Read(MAG_I2C_ADDRESS, LSM303DLHC_OUT_Z_H_M, buffer+4, 1);
 360:/home/user/Desktop/STM32-Projekte/FH-Vertibot/src/project_src/LSM303DLHC_Lib_I2C.c **** //  LSM303DLHC_Read(MAG_I2C_ADDRESS, LSM303DLHC_OUT_Z_L_M, buffer+5, 1);
 361:/home/user/Desktop/STM32-Projekte/FH-Vertibot/src/project_src/LSM303DLHC_Lib_I2C.c ****   /* Switch the sensitivity set in the CRTLB*/
 362:/home/user/Desktop/STM32-Projekte/FH-Vertibot/src/project_src/LSM303DLHC_Lib_I2C.c ****   switch(CTRLB & 0xE0)
 770              		.loc 1 362 0
 771 039e 9DF80730 		ldrb	r3, [sp, #7]	@ zero_extendqisi2
 772              	.LVL82:
 773 03a2 03F0E003 		and	r3, r3, #224
 774              	.LVL83:
 775 03a6 802B     		cmp	r3, #128
 776 03a8 1AD0     		beq	.L93
 777 03aa 06D8     		bhi	.L97
 778 03ac 402B     		cmp	r3, #64
 779 03ae 0DD0     		beq	.L91
 780 03b0 602B     		cmp	r3, #96
 781 03b2 10D0     		beq	.L92
 782 03b4 202B     		cmp	r3, #32
 783 03b6 06D1     		bne	.L89
 784 03b8 24E0     		b	.L98
 785              	.L97:
 786 03ba C02B     		cmp	r3, #192
 787 03bc 1AD0     		beq	.L95
 788 03be E02B     		cmp	r3, #224
 789 03c0 1DD0     		beq	.L96
 790 03c2 A02B     		cmp	r3, #160
 791 03c4 11D0     		beq	.L94
 792              	.L89:
 352:/home/user/Desktop/STM32-Projekte/FH-Vertibot/src/project_src/LSM303DLHC_Lib_I2C.c ****   uint16_t Magn_Sensitivity_XY = 0, Magn_Sensitivity_Z = 0;
 793              		.loc 1 352 0
 794 03c6 0023     		movs	r3, #0
 795 03c8 1A46     		mov	r2, r3
 796 03ca 1FE0     		b	.L90
 797              	.L91:
 798              	.LVL84:
 363:/home/user/Desktop/STM32-Projekte/FH-Vertibot/src/project_src/LSM303DLHC_Lib_I2C.c ****   {
 364:/home/user/Desktop/STM32-Projekte/FH-Vertibot/src/project_src/LSM303DLHC_Lib_I2C.c ****   case LSM303DLHC_FS_1_3_GA:
 365:/home/user/Desktop/STM32-Projekte/FH-Vertibot/src/project_src/LSM303DLHC_Lib_I2C.c ****     Magn_Sensitivity_XY = LSM303DLHC_M_SENSITIVITY_XY_1_3Ga;
 366:/home/user/Desktop/STM32-Projekte/FH-Vertibot/src/project_src/LSM303DLHC_Lib_I2C.c ****     Magn_Sensitivity_Z = LSM303DLHC_M_SENSITIVITY_Z_1_3Ga;
 367:/home/user/Desktop/STM32-Projekte/FH-Vertibot/src/project_src/LSM303DLHC_Lib_I2C.c ****     break;
 368:/home/user/Desktop/STM32-Projekte/FH-Vertibot/src/project_src/LSM303DLHC_Lib_I2C.c ****   case LSM303DLHC_FS_1_9_GA:
 369:/home/user/Desktop/STM32-Projekte/FH-Vertibot/src/project_src/LSM303DLHC_Lib_I2C.c ****     Magn_Sensitivity_XY = LSM303DLHC_M_SENSITIVITY_XY_1_9Ga;
 370:/home/user/Desktop/STM32-Projekte/FH-Vertibot/src/project_src/LSM303DLHC_Lib_I2C.c ****     Magn_Sensitivity_Z = LSM303DLHC_M_SENSITIVITY_Z_1_9Ga;
 799              		.loc 1 370 0
 800 03cc 4FF43E73 		mov	r3, #760
 369:/home/user/Desktop/STM32-Projekte/FH-Vertibot/src/project_src/LSM303DLHC_Lib_I2C.c ****     Magn_Sensitivity_XY = LSM303DLHC_M_SENSITIVITY_XY_1_9Ga;
 801              		.loc 1 369 0
 802 03d0 40F25732 		movw	r2, #855
 371:/home/user/Desktop/STM32-Projekte/FH-Vertibot/src/project_src/LSM303DLHC_Lib_I2C.c ****     break;
 803              		.loc 1 371 0
 804 03d4 1AE0     		b	.L90
 805              	.LVL85:
 806              	.L92:
 372:/home/user/Desktop/STM32-Projekte/FH-Vertibot/src/project_src/LSM303DLHC_Lib_I2C.c ****   case LSM303DLHC_FS_2_5_GA:
 373:/home/user/Desktop/STM32-Projekte/FH-Vertibot/src/project_src/LSM303DLHC_Lib_I2C.c ****     Magn_Sensitivity_XY = LSM303DLHC_M_SENSITIVITY_XY_2_5Ga;
 374:/home/user/Desktop/STM32-Projekte/FH-Vertibot/src/project_src/LSM303DLHC_Lib_I2C.c ****     Magn_Sensitivity_Z = LSM303DLHC_M_SENSITIVITY_Z_2_5Ga;
 807              		.loc 1 374 0
 808 03d6 4FF41673 		mov	r3, #600
 373:/home/user/Desktop/STM32-Projekte/FH-Vertibot/src/project_src/LSM303DLHC_Lib_I2C.c ****     Magn_Sensitivity_XY = LSM303DLHC_M_SENSITIVITY_XY_2_5Ga;
 809              		.loc 1 373 0
 810 03da 40F29E22 		movw	r2, #670
 375:/home/user/Desktop/STM32-Projekte/FH-Vertibot/src/project_src/LSM303DLHC_Lib_I2C.c ****     break;
 811              		.loc 1 375 0
 812 03de 15E0     		b	.L90
 813              	.LVL86:
 814              	.L93:
 376:/home/user/Desktop/STM32-Projekte/FH-Vertibot/src/project_src/LSM303DLHC_Lib_I2C.c ****   case LSM303DLHC_FS_4_0_GA:
 377:/home/user/Desktop/STM32-Projekte/FH-Vertibot/src/project_src/LSM303DLHC_Lib_I2C.c ****     Magn_Sensitivity_XY = LSM303DLHC_M_SENSITIVITY_XY_4Ga;
 378:/home/user/Desktop/STM32-Projekte/FH-Vertibot/src/project_src/LSM303DLHC_Lib_I2C.c ****     Magn_Sensitivity_Z = LSM303DLHC_M_SENSITIVITY_Z_4Ga;
 815              		.loc 1 378 0
 816 03e0 4FF4C873 		mov	r3, #400
 377:/home/user/Desktop/STM32-Projekte/FH-Vertibot/src/project_src/LSM303DLHC_Lib_I2C.c ****     Magn_Sensitivity_XY = LSM303DLHC_M_SENSITIVITY_XY_4Ga;
 817              		.loc 1 377 0
 818 03e4 4FF4E172 		mov	r2, #450
 379:/home/user/Desktop/STM32-Projekte/FH-Vertibot/src/project_src/LSM303DLHC_Lib_I2C.c ****     break;
 819              		.loc 1 379 0
 820 03e8 10E0     		b	.L90
 821              	.LVL87:
 822              	.L94:
 380:/home/user/Desktop/STM32-Projekte/FH-Vertibot/src/project_src/LSM303DLHC_Lib_I2C.c ****   case LSM303DLHC_FS_4_7_GA:
 381:/home/user/Desktop/STM32-Projekte/FH-Vertibot/src/project_src/LSM303DLHC_Lib_I2C.c ****     Magn_Sensitivity_XY = LSM303DLHC_M_SENSITIVITY_XY_4_7Ga;
 382:/home/user/Desktop/STM32-Projekte/FH-Vertibot/src/project_src/LSM303DLHC_Lib_I2C.c ****     Magn_Sensitivity_Z = LSM303DLHC_M_SENSITIVITY_Z_4_7Ga;
 823              		.loc 1 382 0
 824 03ea 40F26313 		movw	r3, #355
 381:/home/user/Desktop/STM32-Projekte/FH-Vertibot/src/project_src/LSM303DLHC_Lib_I2C.c ****     Magn_Sensitivity_XY = LSM303DLHC_M_SENSITIVITY_XY_4_7Ga;
 825              		.loc 1 381 0
 826 03ee 4FF4C872 		mov	r2, #400
 383:/home/user/Desktop/STM32-Projekte/FH-Vertibot/src/project_src/LSM303DLHC_Lib_I2C.c ****     break;
 827              		.loc 1 383 0
 828 03f2 0BE0     		b	.L90
 829              	.LVL88:
 830              	.L95:
 384:/home/user/Desktop/STM32-Projekte/FH-Vertibot/src/project_src/LSM303DLHC_Lib_I2C.c ****   case LSM303DLHC_FS_5_6_GA:
 385:/home/user/Desktop/STM32-Projekte/FH-Vertibot/src/project_src/LSM303DLHC_Lib_I2C.c ****     Magn_Sensitivity_XY = LSM303DLHC_M_SENSITIVITY_XY_5_6Ga;
 386:/home/user/Desktop/STM32-Projekte/FH-Vertibot/src/project_src/LSM303DLHC_Lib_I2C.c ****     Magn_Sensitivity_Z = LSM303DLHC_M_SENSITIVITY_Z_5_6Ga;
 831              		.loc 1 386 0
 832 03f4 40F22713 		movw	r3, #295
 385:/home/user/Desktop/STM32-Projekte/FH-Vertibot/src/project_src/LSM303DLHC_Lib_I2C.c ****     Magn_Sensitivity_XY = LSM303DLHC_M_SENSITIVITY_XY_5_6Ga;
 833              		.loc 1 385 0
 834 03f8 4FF4A572 		mov	r2, #330
 387:/home/user/Desktop/STM32-Projekte/FH-Vertibot/src/project_src/LSM303DLHC_Lib_I2C.c ****     break;
 835              		.loc 1 387 0
 836 03fc 06E0     		b	.L90
 837              	.LVL89:
 838              	.L96:
 388:/home/user/Desktop/STM32-Projekte/FH-Vertibot/src/project_src/LSM303DLHC_Lib_I2C.c ****   case LSM303DLHC_FS_8_1_GA:
 389:/home/user/Desktop/STM32-Projekte/FH-Vertibot/src/project_src/LSM303DLHC_Lib_I2C.c ****     Magn_Sensitivity_XY = LSM303DLHC_M_SENSITIVITY_XY_8_1Ga;
 390:/home/user/Desktop/STM32-Projekte/FH-Vertibot/src/project_src/LSM303DLHC_Lib_I2C.c ****     Magn_Sensitivity_Z = LSM303DLHC_M_SENSITIVITY_Z_8_1Ga;
 839              		.loc 1 390 0
 840 03fe CD23     		movs	r3, #205
 389:/home/user/Desktop/STM32-Projekte/FH-Vertibot/src/project_src/LSM303DLHC_Lib_I2C.c ****     Magn_Sensitivity_XY = LSM303DLHC_M_SENSITIVITY_XY_8_1Ga;
 841              		.loc 1 389 0
 842 0400 E622     		movs	r2, #230
 391:/home/user/Desktop/STM32-Projekte/FH-Vertibot/src/project_src/LSM303DLHC_Lib_I2C.c ****     break;
 843              		.loc 1 391 0
 844 0402 03E0     		b	.L90
 845              	.LVL90:
 846              	.L98:
 366:/home/user/Desktop/STM32-Projekte/FH-Vertibot/src/project_src/LSM303DLHC_Lib_I2C.c ****     Magn_Sensitivity_Z = LSM303DLHC_M_SENSITIVITY_Z_1_3Ga;
 847              		.loc 1 366 0
 848 0404 4FF47573 		mov	r3, #980
 365:/home/user/Desktop/STM32-Projekte/FH-Vertibot/src/project_src/LSM303DLHC_Lib_I2C.c ****     Magn_Sensitivity_XY = LSM303DLHC_M_SENSITIVITY_XY_1_3Ga;
 849              		.loc 1 365 0
 850 0408 40F24C42 		movw	r2, #1100
 851              	.LVL91:
 852              	.L90:
 392:/home/user/Desktop/STM32-Projekte/FH-Vertibot/src/project_src/LSM303DLHC_Lib_I2C.c ****   }
 393:/home/user/Desktop/STM32-Projekte/FH-Vertibot/src/project_src/LSM303DLHC_Lib_I2C.c **** 
 394:/home/user/Desktop/STM32-Projekte/FH-Vertibot/src/project_src/LSM303DLHC_Lib_I2C.c ****   magXYZ->magValueX = (float)((int16_t)(((uint16_t)buffer[0] << 8) + buffer[1])*1000)/Magn_Sensitiv
 853              		.loc 1 394 0
 854 040c 1F49     		ldr	r1, .L99
 855 040e 0D78     		ldrb	r5, [r1, #0]	@ zero_extendqisi2
 856 0410 4878     		ldrb	r0, [r1, #1]	@ zero_extendqisi2
 857 0412 06EE902A 		fmsr	s13, r2	@ int
 858 0416 00EB0520 		add	r0, r0, r5, lsl #8
 859 041a 4FF47A72 		mov	r2, #1000	@ movhi
 860              	.LVL92:
 861 041e 10FB02F0 		smulbb	r0, r0, r2
 862 0422 F8EEE67A 		fsitos	s15, s13
 863 0426 06EE900A 		fmsr	s13, r0	@ int
 864              	.LVL93:
 865 042a B8EEE67A 		fsitos	s14, s13
 866 042e 87EE277A 		fdivs	s14, s14, s15
 867 0432 BDEEC77A 		ftosizs	s14, s14
 868 0436 17EE100A 		fmrs	r0, s14	@ int
 869 043a 2080     		strh	r0, [r4, #0]	@ movhi
 395:/home/user/Desktop/STM32-Projekte/FH-Vertibot/src/project_src/LSM303DLHC_Lib_I2C.c ****   magXYZ->magValueZ = (float)((int16_t)(((uint16_t)buffer[2] << 8) + buffer[3])*1000)/Magn_Sensitiv
 870              		.loc 1 395 0
 871 043c 8D78     		ldrb	r5, [r1, #2]	@ zero_extendqisi2
 872 043e C878     		ldrb	r0, [r1, #3]	@ zero_extendqisi2
 873 0440 00EB0520 		add	r0, r0, r5, lsl #8
 874 0444 10FB02F0 		smulbb	r0, r0, r2
 875 0448 06EE900A 		fmsr	s13, r0	@ int
 876 044c B8EEE67A 		fsitos	s14, s13
 396:/home/user/Desktop/STM32-Projekte/FH-Vertibot/src/project_src/LSM303DLHC_Lib_I2C.c ****   magXYZ->magValueY = (float)((int16_t)(((uint16_t)buffer[4] << 8) + buffer[5])*1000)/Magn_Sensitiv
 877              		.loc 1 396 0
 878 0450 06EE903A 		fmsr	s13, r3	@ int
 395:/home/user/Desktop/STM32-Projekte/FH-Vertibot/src/project_src/LSM303DLHC_Lib_I2C.c ****   magXYZ->magValueZ = (float)((int16_t)(((uint16_t)buffer[2] << 8) + buffer[3])*1000)/Magn_Sensitiv
 879              		.loc 1 395 0
 880 0454 C7EE277A 		fdivs	s15, s14, s15
 881 0458 FDEEE77A 		ftosizs	s15, s15
 882 045c 17EE900A 		fmrs	r0, s15	@ int
 883 0460 A080     		strh	r0, [r4, #4]	@ movhi
 884              		.loc 1 396 0
 885 0462 0879     		ldrb	r0, [r1, #4]	@ zero_extendqisi2
 886 0464 4979     		ldrb	r1, [r1, #5]	@ zero_extendqisi2
 887 0466 01EB0021 		add	r1, r1, r0, lsl #8
 888 046a 11FB02F2 		smulbb	r2, r1, r2
 889 046e 07EE902A 		fmsr	s15, r2	@ int
 890 0472 B8EEE77A 		fsitos	s14, s15
 891 0476 F8EEE67A 		fsitos	s15, s13
 892 047a C7EE277A 		fdivs	s15, s14, s15
 893 047e FDEEE77A 		ftosizs	s15, s15
 894 0482 17EE903A 		fmrs	r3, s15	@ int
 895              	.LVL94:
 896 0486 6380     		strh	r3, [r4, #2]	@ movhi
 397:/home/user/Desktop/STM32-Projekte/FH-Vertibot/src/project_src/LSM303DLHC_Lib_I2C.c **** }
 897              		.loc 1 397 0
 898 0488 3EBD     		pop	{r1, r2, r3, r4, r5, pc}
 899              	.L100:
 900 048a 00BF     		.align	2
 901              	.L99:
 902 048c 00000000 		.word	.LANCHOR0
 903              		.cfi_endproc
 904              	.LFE119:
 906              		.bss
 907              		.set	.LANCHOR0,. + 0
 910              	buffer.8631:
 911 0000 00000000 		.space	6
 911      0000
 912              		.text
 913              	.Letext0:
 914              		.file 2 "/opt/CodeSourcery/Sourcery_CodeBench_Lite_for_ARM_EABI/bin/../lib/gcc/arm-none-eabi/4.7.2
 915              		.file 3 "/home/user/Desktop/STM32-Projekte/FH-Vertibot/src/CMSIS/Device/ST/STM32F30x/Include/stm32
 916              		.file 4 "/home/user/Desktop/STM32-Projekte/FH-Vertibot/src/project_inc/LSM303DLHC_Lib_I2C.h"
 917              		.file 5 "/home/user/Desktop/STM32-Projekte/FH-Vertibot/src/STM32F30x_StdPeriph_Driver/inc/stm32f30
 918              		.file 6 "/home/user/Desktop/STM32-Projekte/FH-Vertibot/src/STM32F30x_StdPeriph_Driver/inc/stm32f30
 919              		.file 7 "/home/user/Desktop/STM32-Projekte/FH-Vertibot/src/project_inc/helperFunctions.h"
 920              		.file 8 "/opt/CodeSourcery/Sourcery_CodeBench_Lite_for_ARM_EABI/bin/../lib/gcc/arm-none-eabi/4.7.2
 921              		.file 9 "/home/user/Desktop/STM32-Projekte/FH-Vertibot/src/CMSIS/Include/core_cm4.h"
DEFINED SYMBOLS
                            *ABS*:00000000 LSM303DLHC_Lib_I2C.c
     /tmp/ccZoMKKT.s:20     .text:00000000 $t
     /tmp/ccZoMKKT.s:25     .text:00000000 LSM303DLHC_Write
     /tmp/ccZoMKKT.s:126    .text:0000008c $d
     /tmp/ccZoMKKT.s:130    .text:00000090 $t
     /tmp/ccZoMKKT.s:135    .text:00000090 LSM303DLHC_Read
     /tmp/ccZoMKKT.s:259    .text:00000130 $d
     /tmp/ccZoMKKT.s:263    .text:00000134 $t
     /tmp/ccZoMKKT.s:268    .text:00000134 LSM303DLHC_ReadDMA
     /tmp/ccZoMKKT.s:394    .text:000001f0 $d
     /tmp/ccZoMKKT.s:399    .text:000001f8 $t
     /tmp/ccZoMKKT.s:404    .text:000001f8 LSM303DLHC_AccInit
     /tmp/ccZoMKKT.s:460    .text:00000232 LSM303DLHC_ACC_readValues
     /tmp/ccZoMKKT.s:516    .text:0000027c LSM303DLHC_ACC_calibrate
     /tmp/ccZoMKKT.s:620    .text:000002fe LSM303DLHC_ACC_readValuesDMA
     /tmp/ccZoMKKT.s:674    .text:00000344 Mag_calibrate
     /tmp/ccZoMKKT.s:731    .text:0000037c Mag_readValues
     /tmp/ccZoMKKT.s:902    .text:0000048c $d
     /tmp/ccZoMKKT.s:910    .bss:00000000 buffer.8631
     /tmp/ccZoMKKT.s:911    .bss:00000000 $d
                     .debug_frame:00000010 $d
                           .group:00000000 wm4.1.d481a9f4eba3ec0ceb0050fd0b2feec2
                           .group:00000000 wm4.stm32f30x.h.54.c7b24f715ee55ef38656f44540ae3be6
                           .group:00000000 wm4.core_cm4.h.32.1434cd257ff5806b1b03cd32ab0641e9
                           .group:00000000 wm4.stdint.h.10.90b695f550ca6cc3fb08fa83baf01e05
                           .group:00000000 wm4.core_cmInstr.h.25.d8165482ef3061013a2fc83e2d85f3d9
                           .group:00000000 wm4.core_cm4_simd.h.29.013e5bcf58dba2d27c60184174208e07
                           .group:00000000 wm4.core_cm4.h.155.cf7c793e178943e1bbf613f1b21cd51a
                           .group:00000000 wm4.stm32f30x.h.292.5f9271075d54fc48f1e25ff79df85cb2
                           .group:00000000 wm4.stm32f30x_adc.h.130.cbebad91f78fb87381fe0860eea6104e
                           .group:00000000 wm4.stm32f30x_comp.h.31.9bbc5f5f1a849069ea9062fbe7b81435
                           .group:00000000 wm4.stm32f30x_dma.h.31.73d173fa6d60026d432f3cf1d2fc4407
                           .group:00000000 wm4.stm32f30x_exti.h.31.22e280aa6e095108654ac8d3c74a2409
                           .group:00000000 wm4.stm32f30x_flash.h.31.bee86dc3079b7049419bdbeec073e2cd
                           .group:00000000 wm4.stm32f30x_gpio.h.31.3745297fee3728b346ad4d2a2467e40f
                           .group:00000000 wm4.stm32f30x_syscfg.h.31.96b023b7dbc3641f358604478433eb5c
                           .group:00000000 wm4.stm32f30x_i2c.h.31.52025acd7f154308042bf46a2835e9d3
                           .group:00000000 wm4.stm32f30x_pwr.h.31.cdef322c6e7f25cfc29954045d24e9b8
                           .group:00000000 wm4.stm32f30x_rcc.h.31.3b94c1144b21d1e4fe780e4d1a02d257
                           .group:00000000 wm4.stm32f30x_spi.h.31.c1ebebab897d23cecc617ec8ad9fd534
                           .group:00000000 wm4.stm32f30x_tim.h.31.336f9cd855fb4e2cd819ac260ded6518
                           .group:00000000 wm4.stm32f30x_usart.h.31.cd85313e29c0a128555b4a7b8ec0f487
                           .group:00000000 wm4.stm32f30x_misc.h.31.f08b0e9f53f0471613b5131bb95f8725
                           .group:00000000 wm4.stm32f30x.h.6173.8b641ba1d9b0040eda9120fe8a414b2d
                           .group:00000000 wm4.newlib.h.8.e1d498e57c12962fc6d7be5061a6981a
                           .group:00000000 wm4.config.h.148.52fe83653334d06815a0c57b59a3e584
                           .group:00000000 wm4._ansi.h.23.95dee4059009fe3ab635a191bb73dc66
                           .group:00000000 wm4.stdio.h.31.f48311dde756a2aec27351b58a280fb9
                           .group:00000000 wm4.stddef.h.187.9e651b6b8b16e149c1353259404973ea
                           .group:00000000 wm4.stdarg.h.34.3a23a216c0c293b3d2ea2e89281481e6
                           .group:00000000 wm4._default_types.h.6.1dbd2e581fd590860c7c17f21d147e91
                           .group:00000000 wm4.lock.h.2.9bc98482741e5e2a9450b12934a684ea
                           .group:00000000 wm4.stddef.h.349.31f4c5baff3fa2689010b32028da9c47
                           .group:00000000 wm4.reent.h.16.58b23a9f0faf0e7f2dfe7e2d33154afd
                           .group:00000000 wm4.types.h.23.0d949686bbcadd1621462d4fa1f884f9
                           .group:00000000 wm4.stddef.h.40.cf962ebbec441b3ac67502735f0765db
                           .group:00000000 wm4.types.h.2.e9cec8c90ab35f77d9f499e06ae02400
                           .group:00000000 wm4.types.h.80.f2bfdfeee9f340633702c07fad9b5e01
                           .group:00000000 wm4.stdio.h.2.4aa87247282eca6c8f36f9de33d8df1a
                           .group:00000000 wm4.stdio.h.63.1f4bc553faa62c5c69dd9cb47f9f1417
                           .group:00000000 wm4.stdlib.h.18.6f6153fd5cb89acd58c0f0ab1f77e147
                           .group:00000000 wm4.stddef.h.161.e50ff8a9d5d1abbc15641da28ac571bf
                           .group:00000000 wm4.alloca.h.8.dfc0c703c47ec3e69746825b17d9e66d
                           .group:00000000 wm4.stdlib.h.58.3943707ca024393181a6211b2c8a1625
                           .group:00000000 wm4.ctype.h.2.fecd14bb6f4e162ef31748cc97760e21
                           .group:00000000 wm4.math.h.49.5da716593b937b9fb02bef6ed6537c13
                           .group:00000000 wm4.LSM303DLHC_Lib_I2C.h.14.31c85c4a2ed882b8f754605cf8cf8618

UNDEFINED SYMBOLS
I2C_GetFlagStatus
I2C_TransferHandling
I2C_SendData
I2C_ClearFlag
I2C_ReceiveData
I2C_DMACmd
DMA_Cmd
DMA_GetFlagStatus
DMA_ClearFlag
Delay
sqrtf
