   1              		.syntax unified
   2              		.cpu cortex-m3
   3              		.fpu softvfp
   4              		.eabi_attribute 20, 1
   5              		.eabi_attribute 21, 1
   6              		.eabi_attribute 23, 3
   7              		.eabi_attribute 24, 1
   8              		.eabi_attribute 25, 1
   9              		.eabi_attribute 26, 1
  10              		.eabi_attribute 30, 4
  11              		.eabi_attribute 34, 1
  12              		.eabi_attribute 18, 4
  13              		.thumb
  14              		.file	"vertibot_settings.c"
  15              		.text
  16              	.Ltext0:
  17              		.cfi_sections	.debug_frame
  18              		.align	1
  19              		.global	SETTINGS_init
  20              		.thumb
  21              		.thumb_func
  23              	SETTINGS_init:
  24              	.LFB111:
  25              		.file 1 "/home/user/Desktop/STM32-Projekte/FH-Vertibot/src/project_src/vertibot_settings.c"
   1:/home/user/Desktop/STM32-Projekte/FH-Vertibot/src/project_src/vertibot_settings.c **** #include <vertibot_settings.h>
   2:/home/user/Desktop/STM32-Projekte/FH-Vertibot/src/project_src/vertibot_settings.c **** #include <stm32_configuration.h>
   3:/home/user/Desktop/STM32-Projekte/FH-Vertibot/src/project_src/vertibot_settings.c **** #include <string.h>
   4:/home/user/Desktop/STM32-Projekte/FH-Vertibot/src/project_src/vertibot_settings.c **** 
   5:/home/user/Desktop/STM32-Projekte/FH-Vertibot/src/project_src/vertibot_settings.c **** 
   6:/home/user/Desktop/STM32-Projekte/FH-Vertibot/src/project_src/vertibot_settings.c **** void SETTINGS_init(GlobalSettings_s *settings)
   7:/home/user/Desktop/STM32-Projekte/FH-Vertibot/src/project_src/vertibot_settings.c **** {
  26              		.loc 1 7 0
  27              		.cfi_startproc
  28              		@ args = 0, pretend = 0, frame = 0
  29              		@ frame_needed = 0, uses_anonymous_args = 0
  30              	.LVL0:
   8:/home/user/Desktop/STM32-Projekte/FH-Vertibot/src/project_src/vertibot_settings.c **** 	settings->gyroSensTreshold = 20;
   9:/home/user/Desktop/STM32-Projekte/FH-Vertibot/src/project_src/vertibot_settings.c **** 	settings->gyroDir.sensDirection[sensX] = -1;
  10:/home/user/Desktop/STM32-Projekte/FH-Vertibot/src/project_src/vertibot_settings.c **** 	settings->gyroDir.sensDirection[sensY] = -1;
  11:/home/user/Desktop/STM32-Projekte/FH-Vertibot/src/project_src/vertibot_settings.c **** 	settings->gyroDir.sensDirection[sensZ] = 1;
  12:/home/user/Desktop/STM32-Projekte/FH-Vertibot/src/project_src/vertibot_settings.c **** 	settings->gyroDir.sensOrder[sensX] = 0;
  31              		.loc 1 12 0
  32 0000 0022     		movs	r2, #0
  33 0002 0271     		strb	r2, [r0, #4]
  13:/home/user/Desktop/STM32-Projekte/FH-Vertibot/src/project_src/vertibot_settings.c **** 	settings->gyroDir.sensOrder[sensY] = 2;
  14:/home/user/Desktop/STM32-Projekte/FH-Vertibot/src/project_src/vertibot_settings.c **** 	settings->gyroDir.sensOrder[sensZ] = 1;
  15:/home/user/Desktop/STM32-Projekte/FH-Vertibot/src/project_src/vertibot_settings.c **** 
  16:/home/user/Desktop/STM32-Projekte/FH-Vertibot/src/project_src/vertibot_settings.c **** 	settings->enableDriftCorrection = 1;
  17:/home/user/Desktop/STM32-Projekte/FH-Vertibot/src/project_src/vertibot_settings.c **** 
  18:/home/user/Desktop/STM32-Projekte/FH-Vertibot/src/project_src/vertibot_settings.c **** 	settings->enableACC = 1;
  19:/home/user/Desktop/STM32-Projekte/FH-Vertibot/src/project_src/vertibot_settings.c **** 	settings->accDir.sensDirection[sensX] = -1;
  20:/home/user/Desktop/STM32-Projekte/FH-Vertibot/src/project_src/vertibot_settings.c **** 	settings->accDir.sensDirection[sensY] = -1;
  21:/home/user/Desktop/STM32-Projekte/FH-Vertibot/src/project_src/vertibot_settings.c **** 	settings->accDir.sensDirection[sensZ] = 1;
  22:/home/user/Desktop/STM32-Projekte/FH-Vertibot/src/project_src/vertibot_settings.c **** 	settings->accDir.sensOrder[sensX] = 2;
  23:/home/user/Desktop/STM32-Projekte/FH-Vertibot/src/project_src/vertibot_settings.c **** 	settings->accDir.sensOrder[sensY] = 0;
  34              		.loc 1 23 0
  35 0004 4273     		strb	r2, [r0, #13]
  24:/home/user/Desktop/STM32-Projekte/FH-Vertibot/src/project_src/vertibot_settings.c **** 	settings->accDir.sensOrder[sensZ] = 1;
  25:/home/user/Desktop/STM32-Projekte/FH-Vertibot/src/project_src/vertibot_settings.c **** 	settings->accMaxGOverflow = 1.3;
  26:/home/user/Desktop/STM32-Projekte/FH-Vertibot/src/project_src/vertibot_settings.c **** 
  27:/home/user/Desktop/STM32-Projekte/FH-Vertibot/src/project_src/vertibot_settings.c **** 	settings->enableMAG = 0;
  36              		.loc 1 27 0
  37 0006 0276     		strb	r2, [r0, #24]
  28:/home/user/Desktop/STM32-Projekte/FH-Vertibot/src/project_src/vertibot_settings.c **** 	settings->magLowpassValue = 5;//20;
  29:/home/user/Desktop/STM32-Projekte/FH-Vertibot/src/project_src/vertibot_settings.c **** 	settings->magDir.sensDirection[sensX] = 1;
  30:/home/user/Desktop/STM32-Projekte/FH-Vertibot/src/project_src/vertibot_settings.c **** 	settings->magDir.sensDirection[sensY] = -1;
  31:/home/user/Desktop/STM32-Projekte/FH-Vertibot/src/project_src/vertibot_settings.c **** 	settings->magDir.sensDirection[sensZ] = 1;
  32:/home/user/Desktop/STM32-Projekte/FH-Vertibot/src/project_src/vertibot_settings.c **** 	settings->magDir.sensOrder[sensX] = 0;
  38              		.loc 1 32 0
  39 0008 4276     		strb	r2, [r0, #25]
  33:/home/user/Desktop/STM32-Projekte/FH-Vertibot/src/project_src/vertibot_settings.c **** 	settings->magDir.sensOrder[sensY] = 1;
  34:/home/user/Desktop/STM32-Projekte/FH-Vertibot/src/project_src/vertibot_settings.c **** 	settings->magDir.sensOrder[sensZ] = 2;
  35:/home/user/Desktop/STM32-Projekte/FH-Vertibot/src/project_src/vertibot_settings.c **** 
  36:/home/user/Desktop/STM32-Projekte/FH-Vertibot/src/project_src/vertibot_settings.c **** 	settings->stopSpeed = 100;	//*PRESCALEVALUE; 	//PRESCALEVALUE=6
  37:/home/user/Desktop/STM32-Projekte/FH-Vertibot/src/project_src/vertibot_settings.c **** 	settings->minSpeed = 0; 	//*PRESCALEVALUE;
  40              		.loc 1 37 0
  41 000a 8284     		strh	r2, [r0, #36]	@ movhi
  38:/home/user/Desktop/STM32-Projekte/FH-Vertibot/src/project_src/vertibot_settings.c **** 	settings->maxSpeed = 200;	//*PRESCALEVALUE;
  39:/home/user/Desktop/STM32-Projekte/FH-Vertibot/src/project_src/vertibot_settings.c **** 
  40:/home/user/Desktop/STM32-Projekte/FH-Vertibot/src/project_src/vertibot_settings.c **** 	settings->PID_yaw.PID_kp = 1.0f;
  41:/home/user/Desktop/STM32-Projekte/FH-Vertibot/src/project_src/vertibot_settings.c **** 	settings->PID_yaw.PID_ki = 0.0f;
  42              		.loc 1 41 0
  43 000c 0022     		movs	r2, #0
  44 000e C263     		str	r2, [r0, #60]	@ float
  42:/home/user/Desktop/STM32-Projekte/FH-Vertibot/src/project_src/vertibot_settings.c **** 	settings->PID_yaw.PID_kd = 0.0f;
  45              		.loc 1 42 0
  46 0010 0264     		str	r2, [r0, #64]	@ float
  43:/home/user/Desktop/STM32-Projekte/FH-Vertibot/src/project_src/vertibot_settings.c **** 
  44:/home/user/Desktop/STM32-Projekte/FH-Vertibot/src/project_src/vertibot_settings.c **** /* PID Only */
  45:/home/user/Desktop/STM32-Projekte/FH-Vertibot/src/project_src/vertibot_settings.c **** #ifdef PID-Controller										// Matlab rob 0.6			//
  46:/home/user/Desktop/STM32-Projekte/FH-Vertibot/src/project_src/vertibot_settings.c **** 	settings->PID_rollPitch.PID_kp = 19.847615688639f;		// 23.8526967116026  		// 22.7f;
  47:/home/user/Desktop/STM32-Projekte/FH-Vertibot/src/project_src/vertibot_settings.c **** 	settings->PID_rollPitch.PID_ki = 52.4488131557352f;		//    	// 0.8f;
  48:/home/user/Desktop/STM32-Projekte/FH-Vertibot/src/project_src/vertibot_settings.c **** 	settings->PID_rollPitch.PID_kd = 1.2881940564086f; 	//		// 0.40f;
  49:/home/user/Desktop/STM32-Projekte/FH-Vertibot/src/project_src/vertibot_settings.c **** 	settings->PID_rollPitch.PID_kn = 108.348596776164f;
  50:/home/user/Desktop/STM32-Projekte/FH-Vertibot/src/project_src/vertibot_settings.c **** #endif
  51:/home/user/Desktop/STM32-Projekte/FH-Vertibot/src/project_src/vertibot_settings.c **** 
  52:/home/user/Desktop/STM32-Projekte/FH-Vertibot/src/project_src/vertibot_settings.c **** 
  53:/home/user/Desktop/STM32-Projekte/FH-Vertibot/src/project_src/vertibot_settings.c **** #ifdef PIDSmithPredictor-Controller
  54:/home/user/Desktop/STM32-Projekte/FH-Vertibot/src/project_src/vertibot_settings.c **** 
  55:/home/user/Desktop/STM32-Projekte/FH-Vertibot/src/project_src/vertibot_settings.c **** 	/* PID */
  56:/home/user/Desktop/STM32-Projekte/FH-Vertibot/src/project_src/vertibot_settings.c **** 	settings->PID_rollPitch.PID_kp = 21.115707268541f; //14.5478771127435f;    	//22.7f;
  47              		.loc 1 56 0
  48 0012 1B4A     		ldr	r2, .L2
   8:/home/user/Desktop/STM32-Projekte/FH-Vertibot/src/project_src/vertibot_settings.c **** 	settings->gyroSensTreshold = 20;
  49              		.loc 1 8 0
  50 0014 1423     		movs	r3, #20
  51 0016 0380     		strh	r3, [r0, #0]	@ movhi
  52              		.loc 1 56 0
  53 0018 8262     		str	r2, [r0, #40]	@ float
  11:/home/user/Desktop/STM32-Projekte/FH-Vertibot/src/project_src/vertibot_settings.c **** 	settings->gyroDir.sensDirection[sensZ] = 1;
  54              		.loc 1 11 0
  55 001a 0123     		movs	r3, #1
  57:/home/user/Desktop/STM32-Projekte/FH-Vertibot/src/project_src/vertibot_settings.c **** 	settings->PID_rollPitch.PID_ki = 0.8405091086306f; //28.1211353951591f;  	//0.8f;
  56              		.loc 1 57 0
  57 001c 194A     		ldr	r2, .L2+4
   7:/home/user/Desktop/STM32-Projekte/FH-Vertibot/src/project_src/vertibot_settings.c **** {
  58              		.loc 1 7 0
  59 001e 30B5     		push	{r4, r5, lr}
  60              	.LCFI0:
  61              		.cfi_def_cfa_offset 12
  62              		.cfi_offset 4, -12
  63              		.cfi_offset 5, -8
  64              		.cfi_offset 14, -4
  11:/home/user/Desktop/STM32-Projekte/FH-Vertibot/src/project_src/vertibot_settings.c **** 	settings->gyroDir.sensDirection[sensZ] = 1;
  65              		.loc 1 11 0
  66 0020 4372     		strb	r3, [r0, #9]
  14:/home/user/Desktop/STM32-Projekte/FH-Vertibot/src/project_src/vertibot_settings.c **** 	settings->gyroDir.sensOrder[sensZ] = 1;
  67              		.loc 1 14 0
  68 0022 8371     		strb	r3, [r0, #6]
  16:/home/user/Desktop/STM32-Projekte/FH-Vertibot/src/project_src/vertibot_settings.c **** 	settings->enableDriftCorrection = 1;
  69              		.loc 1 16 0
  70 0024 8372     		strb	r3, [r0, #10]
  18:/home/user/Desktop/STM32-Projekte/FH-Vertibot/src/project_src/vertibot_settings.c **** 	settings->enableACC = 1;
  71              		.loc 1 18 0
  72 0026 C372     		strb	r3, [r0, #11]
  21:/home/user/Desktop/STM32-Projekte/FH-Vertibot/src/project_src/vertibot_settings.c **** 	settings->accDir.sensDirection[sensZ] = 1;
  73              		.loc 1 21 0
  74 0028 4374     		strb	r3, [r0, #17]
  24:/home/user/Desktop/STM32-Projekte/FH-Vertibot/src/project_src/vertibot_settings.c **** 	settings->accDir.sensOrder[sensZ] = 1;
  75              		.loc 1 24 0
  76 002a 8373     		strb	r3, [r0, #14]
  25:/home/user/Desktop/STM32-Projekte/FH-Vertibot/src/project_src/vertibot_settings.c **** 	settings->accMaxGOverflow = 1.3;
  77              		.loc 1 25 0
  78 002c 164D     		ldr	r5, .L2+8
  29:/home/user/Desktop/STM32-Projekte/FH-Vertibot/src/project_src/vertibot_settings.c **** 	settings->magDir.sensDirection[sensX] = 1;
  79              		.loc 1 29 0
  80 002e 0377     		strb	r3, [r0, #28]
  31:/home/user/Desktop/STM32-Projekte/FH-Vertibot/src/project_src/vertibot_settings.c **** 	settings->magDir.sensDirection[sensZ] = 1;
  81              		.loc 1 31 0
  82 0030 8377     		strb	r3, [r0, #30]
  33:/home/user/Desktop/STM32-Projekte/FH-Vertibot/src/project_src/vertibot_settings.c **** 	settings->magDir.sensOrder[sensY] = 1;
  83              		.loc 1 33 0
  84 0032 8376     		strb	r3, [r0, #26]
  36:/home/user/Desktop/STM32-Projekte/FH-Vertibot/src/project_src/vertibot_settings.c **** 	settings->stopSpeed = 100;	//*PRESCALEVALUE; 	//PRESCALEVALUE=6
  85              		.loc 1 36 0
  86 0034 6423     		movs	r3, #100
  87 0036 4384     		strh	r3, [r0, #34]	@ movhi
  88              		.loc 1 57 0
  89 0038 C262     		str	r2, [r0, #44]	@ float
  38:/home/user/Desktop/STM32-Projekte/FH-Vertibot/src/project_src/vertibot_settings.c **** 	settings->maxSpeed = 200;	//*PRESCALEVALUE;
  90              		.loc 1 38 0
  91 003a C823     		movs	r3, #200
  58:/home/user/Desktop/STM32-Projekte/FH-Vertibot/src/project_src/vertibot_settings.c **** 	settings->PID_rollPitch.PID_kd = 0.4392517058174756f; //1.84575662912126f; 	//0.40f;
  92              		.loc 1 58 0
  93 003c 134A     		ldr	r2, .L2+12
   9:/home/user/Desktop/STM32-Projekte/FH-Vertibot/src/project_src/vertibot_settings.c **** 	settings->gyroDir.sensDirection[sensX] = -1;
  94              		.loc 1 9 0
  95 003e FF21     		movs	r1, #255
  13:/home/user/Desktop/STM32-Projekte/FH-Vertibot/src/project_src/vertibot_settings.c **** 	settings->gyroDir.sensOrder[sensY] = 2;
  96              		.loc 1 13 0
  97 0040 0224     		movs	r4, #2
  25:/home/user/Desktop/STM32-Projekte/FH-Vertibot/src/project_src/vertibot_settings.c **** 	settings->accMaxGOverflow = 1.3;
  98              		.loc 1 25 0
  99 0042 4561     		str	r5, [r0, #20]	@ float
  38:/home/user/Desktop/STM32-Projekte/FH-Vertibot/src/project_src/vertibot_settings.c **** 	settings->maxSpeed = 200;	//*PRESCALEVALUE;
 100              		.loc 1 38 0
 101 0044 C384     		strh	r3, [r0, #38]	@ movhi
  28:/home/user/Desktop/STM32-Projekte/FH-Vertibot/src/project_src/vertibot_settings.c **** 	settings->magLowpassValue = 5;//20;
 102              		.loc 1 28 0
 103 0046 0525     		movs	r5, #5
  40:/home/user/Desktop/STM32-Projekte/FH-Vertibot/src/project_src/vertibot_settings.c **** 	settings->PID_yaw.PID_kp = 1.0f;
 104              		.loc 1 40 0
 105 0048 4FF07E53 		mov	r3, #1065353216
 106 004c 8363     		str	r3, [r0, #56]	@ float
   9:/home/user/Desktop/STM32-Projekte/FH-Vertibot/src/project_src/vertibot_settings.c **** 	settings->gyroDir.sensDirection[sensX] = -1;
 107              		.loc 1 9 0
 108 004e C171     		strb	r1, [r0, #7]
  10:/home/user/Desktop/STM32-Projekte/FH-Vertibot/src/project_src/vertibot_settings.c **** 	settings->gyroDir.sensDirection[sensY] = -1;
 109              		.loc 1 10 0
 110 0050 0172     		strb	r1, [r0, #8]
  13:/home/user/Desktop/STM32-Projekte/FH-Vertibot/src/project_src/vertibot_settings.c **** 	settings->gyroDir.sensOrder[sensY] = 2;
 111              		.loc 1 13 0
 112 0052 4471     		strb	r4, [r0, #5]
  19:/home/user/Desktop/STM32-Projekte/FH-Vertibot/src/project_src/vertibot_settings.c **** 	settings->accDir.sensDirection[sensX] = -1;
 113              		.loc 1 19 0
 114 0054 C173     		strb	r1, [r0, #15]
  20:/home/user/Desktop/STM32-Projekte/FH-Vertibot/src/project_src/vertibot_settings.c **** 	settings->accDir.sensDirection[sensY] = -1;
 115              		.loc 1 20 0
 116 0056 0174     		strb	r1, [r0, #16]
  22:/home/user/Desktop/STM32-Projekte/FH-Vertibot/src/project_src/vertibot_settings.c **** 	settings->accDir.sensOrder[sensX] = 2;
 117              		.loc 1 22 0
 118 0058 0473     		strb	r4, [r0, #12]
  28:/home/user/Desktop/STM32-Projekte/FH-Vertibot/src/project_src/vertibot_settings.c **** 	settings->magLowpassValue = 5;//20;
 119              		.loc 1 28 0
 120 005a 0584     		strh	r5, [r0, #32]	@ movhi
  30:/home/user/Desktop/STM32-Projekte/FH-Vertibot/src/project_src/vertibot_settings.c **** 	settings->magDir.sensDirection[sensY] = -1;
 121              		.loc 1 30 0
 122 005c 4177     		strb	r1, [r0, #29]
  34:/home/user/Desktop/STM32-Projekte/FH-Vertibot/src/project_src/vertibot_settings.c **** 	settings->magDir.sensOrder[sensZ] = 2;
 123              		.loc 1 34 0
 124 005e C476     		strb	r4, [r0, #27]
 125              		.loc 1 58 0
 126 0060 0263     		str	r2, [r0, #48]	@ float
  59:/home/user/Desktop/STM32-Projekte/FH-Vertibot/src/project_src/vertibot_settings.c **** 	settings->PID_rollPitch.PID_kn = 80.8259704631948f; //683.74924793257f;
  60:/home/user/Desktop/STM32-Projekte/FH-Vertibot/src/project_src/vertibot_settings.c **** 
  61:/home/user/Desktop/STM32-Projekte/FH-Vertibot/src/project_src/vertibot_settings.c **** 	/* Smith Predictor */
  62:/home/user/Desktop/STM32-Projekte/FH-Vertibot/src/project_src/vertibot_settings.c **** 	settings->SmithPrediktor_rollPitch.b1 = 1.0f;						//0.9753f;	// T1b
 127              		.loc 1 62 0
 128 0062 0365     		str	r3, [r0, #80]	@ float
  63:/home/user/Desktop/STM32-Projekte/FH-Vertibot/src/project_src/vertibot_settings.c ****     settings->SmithPrediktor_rollPitch.b2 = 0.024690087971871f;			//0.0f;
 129              		.loc 1 63 0
 130 0064 0A4B     		ldr	r3, .L2+16
  59:/home/user/Desktop/STM32-Projekte/FH-Vertibot/src/project_src/vertibot_settings.c **** 	settings->PID_rollPitch.PID_kn = 80.8259704631948f; //683.74924793257f;
 131              		.loc 1 59 0
 132 0066 0B4A     		ldr	r2, .L2+20
 133              		.loc 1 63 0
 134 0068 4365     		str	r3, [r0, #84]	@ float
  64:/home/user/Desktop/STM32-Projekte/FH-Vertibot/src/project_src/vertibot_settings.c **** 	settings->SmithPrediktor_rollPitch.b3 = -0.975309912028128f;		//0.0f;
 135              		.loc 1 64 0
 136 006a 0B4B     		ldr	r3, .L2+24
  59:/home/user/Desktop/STM32-Projekte/FH-Vertibot/src/project_src/vertibot_settings.c **** 	settings->PID_rollPitch.PID_kn = 80.8259704631948f; //683.74924793257f;
 137              		.loc 1 59 0
 138 006c 4263     		str	r2, [r0, #52]	@ float
 139              		.loc 1 64 0
 140 006e 8365     		str	r3, [r0, #88]	@ float
  65:/home/user/Desktop/STM32-Projekte/FH-Vertibot/src/project_src/vertibot_settings.c **** 	settings->SmithPrediktor_rollPitch.a1 = 0.995023590034886f;			//0.02469f;	// T1a
 141              		.loc 1 65 0
 142 0070 0A4B     		ldr	r3, .L2+28
 143 0072 8364     		str	r3, [r0, #72]	@ float
  66:/home/user/Desktop/STM32-Projekte/FH-Vertibot/src/project_src/vertibot_settings.c **** 	settings->SmithPrediktor_rollPitch.a2 = 0.003294688806972f;			//0.007f;		// T2a
 144              		.loc 1 66 0
 145 0074 0A4B     		ldr	r3, .L2+32
 146 0076 C364     		str	r3, [r0, #76]	@ float
  67:/home/user/Desktop/STM32-Projekte/FH-Vertibot/src/project_src/vertibot_settings.c **** 	settings->SmithPrediktor_rollPitch.gain =  38.285739551944431f;		//0.0f;
 147              		.loc 1 67 0
 148 0078 0A4B     		ldr	r3, .L2+36
 149 007a C365     		str	r3, [r0, #92]	@ float
 150 007c 30BD     		pop	{r4, r5, pc}
 151              	.L3:
 152 007e 00BF     		.align	2
 153              	.L2:
 154 0080 F8ECA841 		.word	1101589752
 155 0084 9B2B573F 		.word	1062677403
 156 0088 6666A63F 		.word	1067869798
 157 008c 99E5E03E 		.word	1054926233
 158 0090 DE42CA3C 		.word	1019888350
 159 0094 E6A6A142 		.word	1117890278
 160 0098 E9AD79BF 		.word	-1082544663
 161 009c DEB97E3F 		.word	1065269726
 162 00a0 B5EB573B 		.word	995617717
 163 00a4 99241942 		.word	1108944025
 164              		.cfi_endproc
 165              	.LFE111:
 167              		.align	1
 168              		.global	CTRLSTATES_init
 169              		.thumb
 170              		.thumb_func
 172              	CTRLSTATES_init:
 173              	.LFB112:
  68:/home/user/Desktop/STM32-Projekte/FH-Vertibot/src/project_src/vertibot_settings.c **** 
  69:/home/user/Desktop/STM32-Projekte/FH-Vertibot/src/project_src/vertibot_settings.c **** 
  70:/home/user/Desktop/STM32-Projekte/FH-Vertibot/src/project_src/vertibot_settings.c **** 	/* Test Controller */
  71:/home/user/Desktop/STM32-Projekte/FH-Vertibot/src/project_src/vertibot_settings.c **** 	/*
  72:/home/user/Desktop/STM32-Projekte/FH-Vertibot/src/project_src/vertibot_settings.c **** 
  73:/home/user/Desktop/STM32-Projekte/FH-Vertibot/src/project_src/vertibot_settings.c ****   Columns 1 through 5
  74:/home/user/Desktop/STM32-Projekte/FH-Vertibot/src/project_src/vertibot_settings.c **** 
  75:/home/user/Desktop/STM32-Projekte/FH-Vertibot/src/project_src/vertibot_settings.c ****    1.000000000000000   0.024690087971871  -0.975309912028128   1.000000000000000   0.99502359003488
  76:/home/user/Desktop/STM32-Projekte/FH-Vertibot/src/project_src/vertibot_settings.c **** 
  77:/home/user/Desktop/STM32-Projekte/FH-Vertibot/src/project_src/vertibot_settings.c ****   Column 6
  78:/home/user/Desktop/STM32-Projekte/FH-Vertibot/src/project_src/vertibot_settings.c **** 
  79:/home/user/Desktop/STM32-Projekte/FH-Vertibot/src/project_src/vertibot_settings.c ****    0.003294688806972
  80:/home/user/Desktop/STM32-Projekte/FH-Vertibot/src/project_src/vertibot_settings.c **** 
  81:/home/user/Desktop/STM32-Projekte/FH-Vertibot/src/project_src/vertibot_settings.c **** 
  82:/home/user/Desktop/STM32-Projekte/FH-Vertibot/src/project_src/vertibot_settings.c **** G =
  83:/home/user/Desktop/STM32-Projekte/FH-Vertibot/src/project_src/vertibot_settings.c **** 
  84:/home/user/Desktop/STM32-Projekte/FH-Vertibot/src/project_src/vertibot_settings.c ****   38.285739551944431
  85:/home/user/Desktop/STM32-Projekte/FH-Vertibot/src/project_src/vertibot_settings.c **** 	*/
  86:/home/user/Desktop/STM32-Projekte/FH-Vertibot/src/project_src/vertibot_settings.c **** 	/*
  87:/home/user/Desktop/STM32-Projekte/FH-Vertibot/src/project_src/vertibot_settings.c **** 	 	 SOS =
  88:/home/user/Desktop/STM32-Projekte/FH-Vertibot/src/project_src/vertibot_settings.c ****          	 0    1.0000    0.9917    1.0000   -1.9753    0.9753
  89:/home/user/Desktop/STM32-Projekte/FH-Vertibot/src/project_src/vertibot_settings.c **** 		 G =
  90:/home/user/Desktop/STM32-Projekte/FH-Vertibot/src/project_src/vertibot_settings.c ****    	   	   	 8.6775e-05
  91:/home/user/Desktop/STM32-Projekte/FH-Vertibot/src/project_src/vertibot_settings.c **** 	 */
  92:/home/user/Desktop/STM32-Projekte/FH-Vertibot/src/project_src/vertibot_settings.c **** 
  93:/home/user/Desktop/STM32-Projekte/FH-Vertibot/src/project_src/vertibot_settings.c **** 	/* Info zur Matlabausgabe
  94:/home/user/Desktop/STM32-Projekte/FH-Vertibot/src/project_src/vertibot_settings.c ****     SOS is an L by 6 matrix with the following structure:
  95:/home/user/Desktop/STM32-Projekte/FH-Vertibot/src/project_src/vertibot_settings.c ****         SOS = [ b01 b11 b21  1 a11 a21
  96:/home/user/Desktop/STM32-Projekte/FH-Vertibot/src/project_src/vertibot_settings.c ****                 b02 b12 b22  1 a12 a22
  97:/home/user/Desktop/STM32-Projekte/FH-Vertibot/src/project_src/vertibot_settings.c ****                 ...
  98:/home/user/Desktop/STM32-Projekte/FH-Vertibot/src/project_src/vertibot_settings.c ****                 b0L b1L b2L  1 a1L a2L ]
  99:/home/user/Desktop/STM32-Projekte/FH-Vertibot/src/project_src/vertibot_settings.c **** 
 100:/home/user/Desktop/STM32-Projekte/FH-Vertibot/src/project_src/vertibot_settings.c ****     Each row of the SOS matrix describes a 2nd order transfer function:
 101:/home/user/Desktop/STM32-Projekte/FH-Vertibot/src/project_src/vertibot_settings.c ****                   b0k +  b1k z^-1 +  b2k  z^-2
 102:/home/user/Desktop/STM32-Projekte/FH-Vertibot/src/project_src/vertibot_settings.c ****         Hk(z) =  ----------------------------
 103:/home/user/Desktop/STM32-Projekte/FH-Vertibot/src/project_src/vertibot_settings.c ****                    1 +  a1k z^-1 +  a2k  z^-2
 104:/home/user/Desktop/STM32-Projekte/FH-Vertibot/src/project_src/vertibot_settings.c ****     where k is the row index.
 105:/home/user/Desktop/STM32-Projekte/FH-Vertibot/src/project_src/vertibot_settings.c **** 	 */
 106:/home/user/Desktop/STM32-Projekte/FH-Vertibot/src/project_src/vertibot_settings.c **** 
 107:/home/user/Desktop/STM32-Projekte/FH-Vertibot/src/project_src/vertibot_settings.c **** 
 108:/home/user/Desktop/STM32-Projekte/FH-Vertibot/src/project_src/vertibot_settings.c **** #endif
 109:/home/user/Desktop/STM32-Projekte/FH-Vertibot/src/project_src/vertibot_settings.c **** 
 110:/home/user/Desktop/STM32-Projekte/FH-Vertibot/src/project_src/vertibot_settings.c **** }
 111:/home/user/Desktop/STM32-Projekte/FH-Vertibot/src/project_src/vertibot_settings.c **** 
 112:/home/user/Desktop/STM32-Projekte/FH-Vertibot/src/project_src/vertibot_settings.c **** void CTRLSTATES_init(CtrlStates_s *states)
 113:/home/user/Desktop/STM32-Projekte/FH-Vertibot/src/project_src/vertibot_settings.c **** {
 174              		.loc 1 113 0
 175              		.cfi_startproc
 176              		@ args = 0, pretend = 0, frame = 0
 177              		@ frame_needed = 0, uses_anonymous_args = 0
 178              		@ link register save eliminated.
 179              	.LVL1:
 114:/home/user/Desktop/STM32-Projekte/FH-Vertibot/src/project_src/vertibot_settings.c **** 	memset(states, 0, sizeof(CtrlStates_s));
 180              		.loc 1 114 0
 181 00a8 0021     		movs	r1, #0
 182 00aa 0C22     		movs	r2, #12
 115:/home/user/Desktop/STM32-Projekte/FH-Vertibot/src/project_src/vertibot_settings.c **** }
 183              		.loc 1 115 0
 114:/home/user/Desktop/STM32-Projekte/FH-Vertibot/src/project_src/vertibot_settings.c **** 	memset(states, 0, sizeof(CtrlStates_s));
 184              		.loc 1 114 0
 185 00ac FFF7FEBF 		b	memset
 186              	.LVL2:
 187              		.cfi_endproc
 188              	.LFE112:
 190              		.comm	XYZ,12,4
 191              		.comm	CtrlStates,12,4
 192              		.comm	GlobalSettings,96,4
 193              	.Letext0:
 194              		.file 2 "/opt/CodeSourcery/Sourcery_CodeBench_Lite_for_ARM_EABI/bin/../lib/gcc/arm-none-eabi/4.7.2
 195              		.file 3 "/home/user/Desktop/STM32-Projekte/FH-Vertibot/src/project_inc/IMU_algorithm.h"
 196              		.file 4 "/home/user/Desktop/STM32-Projekte/FH-Vertibot/src/project_inc/vertibot_settings.h"
 197              		.file 5 "/home/user/Desktop/STM32-Projekte/FH-Vertibot/src/CMSIS/Include/core_cm4.h"
DEFINED SYMBOLS
                            *ABS*:00000000 vertibot_settings.c
     /tmp/ccAb6adg.s:18     .text:00000000 $t
     /tmp/ccAb6adg.s:23     .text:00000000 SETTINGS_init
     /tmp/ccAb6adg.s:154    .text:00000080 $d
     /tmp/ccAb6adg.s:167    .text:000000a8 $t
     /tmp/ccAb6adg.s:172    .text:000000a8 CTRLSTATES_init
                            *COM*:0000000c XYZ
                            *COM*:0000000c CtrlStates
                            *COM*:00000060 GlobalSettings
                     .debug_frame:00000010 $d
                           .group:00000000 wm4.1.4549fa27c92e72ea66ffdb0399fbe8da
                           .group:00000000 wm4.stm32f30x.h.54.c7b24f715ee55ef38656f44540ae3be6
                           .group:00000000 wm4.core_cm4.h.32.2441f2e49dd40451ba4254637c879d0c
                           .group:00000000 wm4.stdint.h.10.90b695f550ca6cc3fb08fa83baf01e05
                           .group:00000000 wm4.core_cmInstr.h.25.d8165482ef3061013a2fc83e2d85f3d9
                           .group:00000000 wm4.core_cm4_simd.h.29.013e5bcf58dba2d27c60184174208e07
                           .group:00000000 wm4.core_cm4.h.155.cf7c793e178943e1bbf613f1b21cd51a
                           .group:00000000 wm4.stm32f30x.h.292.5f9271075d54fc48f1e25ff79df85cb2
                           .group:00000000 wm4.stm32f30x_adc.h.130.cbebad91f78fb87381fe0860eea6104e
                           .group:00000000 wm4.stm32f30x_comp.h.31.9bbc5f5f1a849069ea9062fbe7b81435
                           .group:00000000 wm4.stm32f30x_dma.h.31.73d173fa6d60026d432f3cf1d2fc4407
                           .group:00000000 wm4.stm32f30x_exti.h.31.22e280aa6e095108654ac8d3c74a2409
                           .group:00000000 wm4.stm32f30x_flash.h.31.bee86dc3079b7049419bdbeec073e2cd
                           .group:00000000 wm4.stm32f30x_gpio.h.31.3745297fee3728b346ad4d2a2467e40f
                           .group:00000000 wm4.stm32f30x_syscfg.h.31.96b023b7dbc3641f358604478433eb5c
                           .group:00000000 wm4.stm32f30x_i2c.h.31.52025acd7f154308042bf46a2835e9d3
                           .group:00000000 wm4.stm32f30x_pwr.h.31.cdef322c6e7f25cfc29954045d24e9b8
                           .group:00000000 wm4.stm32f30x_rcc.h.31.3b94c1144b21d1e4fe780e4d1a02d257
                           .group:00000000 wm4.stm32f30x_spi.h.31.c1ebebab897d23cecc617ec8ad9fd534
                           .group:00000000 wm4.stm32f30x_tim.h.31.336f9cd855fb4e2cd819ac260ded6518
                           .group:00000000 wm4.stm32f30x_usart.h.31.cd85313e29c0a128555b4a7b8ec0f487
                           .group:00000000 wm4.stm32f30x_misc.h.31.f08b0e9f53f0471613b5131bb95f8725
                           .group:00000000 wm4.stm32f30x.h.6173.8b641ba1d9b0040eda9120fe8a414b2d
                           .group:00000000 wm4.vertibot_settings.h.30.48fd32711c00a27183609ce2dc24e6c6
                           .group:00000000 wm4.newlib.h.8.e1d498e57c12962fc6d7be5061a6981a
                           .group:00000000 wm4.config.h.148.52fe83653334d06815a0c57b59a3e584
                           .group:00000000 wm4._ansi.h.23.95dee4059009fe3ab635a191bb73dc66
                           .group:00000000 wm4.stdio.h.31.f48311dde756a2aec27351b58a280fb9
                           .group:00000000 wm4.stddef.h.187.9e651b6b8b16e149c1353259404973ea
                           .group:00000000 wm4.stdarg.h.34.3a23a216c0c293b3d2ea2e89281481e6
                           .group:00000000 wm4._default_types.h.6.1dbd2e581fd590860c7c17f21d147e91
                           .group:00000000 wm4.lock.h.2.9bc98482741e5e2a9450b12934a684ea
                           .group:00000000 wm4.stddef.h.349.31f4c5baff3fa2689010b32028da9c47
                           .group:00000000 wm4.reent.h.16.58b23a9f0faf0e7f2dfe7e2d33154afd
                           .group:00000000 wm4.types.h.23.0d949686bbcadd1621462d4fa1f884f9
                           .group:00000000 wm4.stddef.h.40.cf962ebbec441b3ac67502735f0765db
                           .group:00000000 wm4.types.h.2.e9cec8c90ab35f77d9f499e06ae02400
                           .group:00000000 wm4.types.h.80.f2bfdfeee9f340633702c07fad9b5e01
                           .group:00000000 wm4.stdio.h.2.4aa87247282eca6c8f36f9de33d8df1a
                           .group:00000000 wm4.stdio.h.63.1f4bc553faa62c5c69dd9cb47f9f1417
                           .group:00000000 wm4.stdlib.h.18.6f6153fd5cb89acd58c0f0ab1f77e147
                           .group:00000000 wm4.stddef.h.161.e50ff8a9d5d1abbc15641da28ac571bf
                           .group:00000000 wm4.alloca.h.8.dfc0c703c47ec3e69746825b17d9e66d
                           .group:00000000 wm4.stdlib.h.58.3943707ca024393181a6211b2c8a1625
                           .group:00000000 wm4.ctype.h.2.fecd14bb6f4e162ef31748cc97760e21
                           .group:00000000 wm4.math.h.49.5da716593b937b9fb02bef6ed6537c13
                           .group:00000000 wm4.string.h.8.ef946ad0bc9ad5c970c365dcd1fc4b0a
                           .group:00000000 wm4.string.h.86.d5c872ff52e2712c985b588a0ef39f3c

UNDEFINED SYMBOLS
memset
