   1              		.syntax unified
   2              		.cpu cortex-m4
   3              		.eabi_attribute 27, 3
   4              		.eabi_attribute 28, 1
   5              		.fpu fpv4-sp-d16
   6              		.eabi_attribute 20, 1
   7              		.eabi_attribute 21, 1
   8              		.eabi_attribute 23, 3
   9              		.eabi_attribute 24, 1
  10              		.eabi_attribute 25, 1
  11              		.eabi_attribute 26, 1
  12              		.eabi_attribute 30, 4
  13              		.eabi_attribute 34, 1
  14              		.eabi_attribute 18, 4
  15              		.thumb
  16              		.file	"helperFunctions.c"
  17              		.text
  18              	.Ltext0:
  19              		.cfi_sections	.debug_frame
  20              		.align	1
  21              		.global	Delay
  22              		.thumb
  23              		.thumb_func
  25              	Delay:
  26              	.LFB111:
  27              		.file 1 "/home/user/Desktop/STM32-Projekte/FH-Vertibot/src/project_src/helperFunctions.c"
   1:/home/user/Desktop/STM32-Projekte/FH-Vertibot/src/project_src/helperFunctions.c **** #include <helperFunctions.h>
   2:/home/user/Desktop/STM32-Projekte/FH-Vertibot/src/project_src/helperFunctions.c **** 
   3:/home/user/Desktop/STM32-Projekte/FH-Vertibot/src/project_src/helperFunctions.c **** 
   4:/home/user/Desktop/STM32-Projekte/FH-Vertibot/src/project_src/helperFunctions.c **** void Delay(volatile uint32_t delayCount)
   5:/home/user/Desktop/STM32-Projekte/FH-Vertibot/src/project_src/helperFunctions.c **** {
  28              		.loc 1 5 0
  29              		.cfi_startproc
  30              		@ args = 0, pretend = 0, frame = 8
  31              		@ frame_needed = 0, uses_anonymous_args = 0
  32              		@ link register save eliminated.
  33              	.LVL0:
  34 0000 82B0     		sub	sp, sp, #8
  35              	.LCFI0:
  36              		.cfi_def_cfa_offset 8
  37 0002 0190     		str	r0, [sp, #4]
  38              	.L2:
   6:/home/user/Desktop/STM32-Projekte/FH-Vertibot/src/project_src/helperFunctions.c **** 	while (delayCount > 0)
  39              		.loc 1 6 0 discriminator 1
  40 0004 019B     		ldr	r3, [sp, #4]
  41 0006 1BB1     		cbz	r3, .L5
   7:/home/user/Desktop/STM32-Projekte/FH-Vertibot/src/project_src/helperFunctions.c **** 	{
   8:/home/user/Desktop/STM32-Projekte/FH-Vertibot/src/project_src/helperFunctions.c **** 		delayCount--;
  42              		.loc 1 8 0
  43 0008 019B     		ldr	r3, [sp, #4]
  44 000a 013B     		subs	r3, r3, #1
  45 000c 0193     		str	r3, [sp, #4]
  46 000e F9E7     		b	.L2
  47              	.L5:
   9:/home/user/Desktop/STM32-Projekte/FH-Vertibot/src/project_src/helperFunctions.c **** 	}
  10:/home/user/Desktop/STM32-Projekte/FH-Vertibot/src/project_src/helperFunctions.c **** }
  48              		.loc 1 10 0
  49 0010 02B0     		add	sp, sp, #8
  50              		@ sp needed
  51 0012 7047     		bx	lr
  52              		.cfi_endproc
  53              	.LFE111:
  55              		.align	1
  56              		.global	min
  57              		.thumb
  58              		.thumb_func
  60              	min:
  61              	.LFB112:
  11:/home/user/Desktop/STM32-Projekte/FH-Vertibot/src/project_src/helperFunctions.c **** //max( a, b ) ( ((a) > (b)) ? (a) : (b) )
  12:/home/user/Desktop/STM32-Projekte/FH-Vertibot/src/project_src/helperFunctions.c **** float min(float a, float b)
  13:/home/user/Desktop/STM32-Projekte/FH-Vertibot/src/project_src/helperFunctions.c **** {
  62              		.loc 1 13 0
  63              		.cfi_startproc
  64              		@ args = 0, pretend = 0, frame = 0
  65              		@ frame_needed = 0, uses_anonymous_args = 0
  66              		@ link register save eliminated.
  67              	.LVL1:
  14:/home/user/Desktop/STM32-Projekte/FH-Vertibot/src/project_src/helperFunctions.c **** 	if( a < b ) return a;
  68              		.loc 1 14 0
  69 0014 B4EEE00A 		fcmpes	s0, s1
  70 0018 F1EE10FA 		fmstat
  15:/home/user/Desktop/STM32-Projekte/FH-Vertibot/src/project_src/helperFunctions.c **** 	else return b;
  16:/home/user/Desktop/STM32-Projekte/FH-Vertibot/src/project_src/helperFunctions.c **** }
  71              		.loc 1 16 0
  72 001c 58BF     		it	pl
  73 001e B0EE600A 		fcpyspl	s0, s1
  74              	.LVL2:
  75 0022 7047     		bx	lr
  76              		.cfi_endproc
  77              	.LFE112:
  79              		.align	1
  80              		.global	max
  81              		.thumb
  82              		.thumb_func
  84              	max:
  85              	.LFB113:
  17:/home/user/Desktop/STM32-Projekte/FH-Vertibot/src/project_src/helperFunctions.c **** 
  18:/home/user/Desktop/STM32-Projekte/FH-Vertibot/src/project_src/helperFunctions.c **** float max(float a, float b)
  19:/home/user/Desktop/STM32-Projekte/FH-Vertibot/src/project_src/helperFunctions.c **** {
  86              		.loc 1 19 0
  87              		.cfi_startproc
  88              		@ args = 0, pretend = 0, frame = 0
  89              		@ frame_needed = 0, uses_anonymous_args = 0
  90              		@ link register save eliminated.
  91              	.LVL3:
  20:/home/user/Desktop/STM32-Projekte/FH-Vertibot/src/project_src/helperFunctions.c **** 	if( a > b ) return a;
  92              		.loc 1 20 0
  93 0024 B4EEE00A 		fcmpes	s0, s1
  94 0028 F1EE10FA 		fmstat
  21:/home/user/Desktop/STM32-Projekte/FH-Vertibot/src/project_src/helperFunctions.c **** 	else return b;
  22:/home/user/Desktop/STM32-Projekte/FH-Vertibot/src/project_src/helperFunctions.c **** }
  95              		.loc 1 22 0
  96 002c D8BF     		it	le
  97 002e B0EE600A 		fcpysle	s0, s1
  98              	.LVL4:
  99 0032 7047     		bx	lr
 100              		.cfi_endproc
 101              	.LFE113:
 103              	.Letext0:
 104              		.file 2 "/home/user/gcc-arm-none-eabi-4_8-2013q4/arm-none-eabi/include/stdint.h"
 105              		.file 3 "/home/user/Desktop/STM32-Projekte/FH-Vertibot/src/CMSIS/Include/core_cm4.h"
DEFINED SYMBOLS
                            *ABS*:00000000 helperFunctions.c
     /tmp/ccb68qgG.s:20     .text:00000000 $t
     /tmp/ccb68qgG.s:25     .text:00000000 Delay
     /tmp/ccb68qgG.s:60     .text:00000014 min
     /tmp/ccb68qgG.s:84     .text:00000024 max
                     .debug_frame:00000010 $d
                           .group:00000000 wm4.1.e41257821655b1beb88e1ee583b76eae
                           .group:00000000 wm4.newlib.h.8.384a112feabb3bef7b573ae48cde2e3b
                           .group:00000000 wm4.features.h.22.6a4ca7cd053637cc1d0db6c16f39b2d7
                           .group:00000000 wm4.config.h.212.4163ef2871a828c674038d036b081cfd
                           .group:00000000 wm4._ansi.h.23.5644b60c990a4800b02a6e654e88f93a
                           .group:00000000 wm4.stdio.h.31.7c0e28c411445f3f9c5b11accf882760
                           .group:00000000 wm4.stddef.h.184.159df79b4ca79c76561572a55985524c
                           .group:00000000 wm4.stdarg.h.34.3a23a216c0c293b3d2ea2e89281481e6
                           .group:00000000 wm4.stddef.h.39.7e3d906ac58942e0b374c527445f5de5
                           .group:00000000 wm4._default_types.h.6.5e12cd604db8ce00b62bb2f02708eaf3
                           .group:00000000 wm4.lock.h.2.9bc98482741e5e2a9450b12934a684ea
                           .group:00000000 wm4._types.h.54.d3d34a3b7f3cc230cd159baf022b4b08
                           .group:00000000 wm4.stddef.h.158.61317cdbfb4026324507d123a50b0fd6
                           .group:00000000 wm4.reent.h.17.8bd9e4098e0428508c282cad794fae43
                           .group:00000000 wm4.types.h.23.0d949686bbcadd1621462d4fa1f884f9
                           .group:00000000 wm4.types.h.2.e9cec8c90ab35f77d9f499e06ae02400
                           .group:00000000 wm4.types.h.80.5759fe41f87f5211a5952dfb1fc64f19
                           .group:00000000 wm4.stdio.h.2.4aa87247282eca6c8f36f9de33d8df1a
                           .group:00000000 wm4.stdio.h.64.0f05fa42cfe2db7fc44729a52d3ba948
                           .group:00000000 wm4.stdlib.h.13.4ed386f5c1a80d71e72172885d946ef2
                           .group:00000000 wm4.stddef.h.158.a7efb00f6cbc6f43213b50e183c9830c
                           .group:00000000 wm4.alloca.h.8.dfc0c703c47ec3e69746825b17d9e66d
                           .group:00000000 wm4.stdlib.h.51.fdf1045aaa750fe709619c2027b96513
                           .group:00000000 wm4.ctype.h.2.807cf8b53e92f83ce947ab40213cf812
                           .group:00000000 wm4.stm32f30x.h.54.c7b24f715ee55ef38656f44540ae3be6
                           .group:00000000 wm4.core_cm4.h.32.1434cd257ff5806b1b03cd32ab0641e9
                           .group:00000000 wm4.stdint.h.10.90b695f550ca6cc3fb08fa83baf01e05
                           .group:00000000 wm4.core_cmInstr.h.25.d8165482ef3061013a2fc83e2d85f3d9
                           .group:00000000 wm4.core_cm4_simd.h.29.013e5bcf58dba2d27c60184174208e07
                           .group:00000000 wm4.core_cm4.h.155.cf7c793e178943e1bbf613f1b21cd51a
                           .group:00000000 wm4.stm32f30x.h.292.5f9271075d54fc48f1e25ff79df85cb2
                           .group:00000000 wm4.stm32f30x_adc.h.130.cbebad91f78fb87381fe0860eea6104e
                           .group:00000000 wm4.stm32f30x_comp.h.31.9bbc5f5f1a849069ea9062fbe7b81435
                           .group:00000000 wm4.stm32f30x_dma.h.31.73d173fa6d60026d432f3cf1d2fc4407
                           .group:00000000 wm4.stm32f30x_exti.h.31.22e280aa6e095108654ac8d3c74a2409
                           .group:00000000 wm4.stm32f30x_flash.h.31.bee86dc3079b7049419bdbeec073e2cd
                           .group:00000000 wm4.stm32f30x_gpio.h.31.3745297fee3728b346ad4d2a2467e40f
                           .group:00000000 wm4.stm32f30x_syscfg.h.31.96b023b7dbc3641f358604478433eb5c
                           .group:00000000 wm4.stm32f30x_i2c.h.31.52025acd7f154308042bf46a2835e9d3
                           .group:00000000 wm4.stm32f30x_pwr.h.31.cdef322c6e7f25cfc29954045d24e9b8
                           .group:00000000 wm4.stm32f30x_rcc.h.31.3b94c1144b21d1e4fe780e4d1a02d257
                           .group:00000000 wm4.stm32f30x_spi.h.31.c1ebebab897d23cecc617ec8ad9fd534
                           .group:00000000 wm4.stm32f30x_tim.h.31.336f9cd855fb4e2cd819ac260ded6518
                           .group:00000000 wm4.stm32f30x_usart.h.31.cd85313e29c0a128555b4a7b8ec0f487
                           .group:00000000 wm4.stm32f30x_misc.h.31.f08b0e9f53f0471613b5131bb95f8725
                           .group:00000000 wm4.stm32f30x.h.6173.8b641ba1d9b0040eda9120fe8a414b2d
                           .group:00000000 wm4.math.h.35.13c5bec129ef04ad1bb0a1152b29c624

NO UNDEFINED SYMBOLS
