   1              		.syntax unified
   2              		.cpu cortex-m4
   3              		.eabi_attribute 27, 3
   4              		.eabi_attribute 28, 1
   5              		.fpu fpv4-sp-d16
   6              		.eabi_attribute 20, 1
   7              		.eabi_attribute 21, 1
   8              		.eabi_attribute 23, 3
   9              		.eabi_attribute 24, 1
  10              		.eabi_attribute 25, 1
  11              		.eabi_attribute 26, 1
  12              		.eabi_attribute 30, 4
  13              		.eabi_attribute 34, 1
  14              		.eabi_attribute 18, 4
  15              		.thumb
  16              		.file	"L3GD20_Lib_SPI.c"
  17              		.text
  18              	.Ltext0:
  19              		.cfi_sections	.debug_frame
  20              		.align	1
  21              		.thumb
  22              		.thumb_func
  24              	L3GD20_SendByte:
  25              	.LFB111:
  26              		.file 1 "/home/user/Desktop/STM32-Projekte/FH-Vertibot/src/project_src/L3GD20_Lib_SPI.c"
   1:/home/user/Desktop/STM32-Projekte/FH-Vertibot/src/project_src/L3GD20_Lib_SPI.c **** /*
   2:/home/user/Desktop/STM32-Projekte/FH-Vertibot/src/project_src/L3GD20_Lib_SPI.c ****  * L3GD20_Lib_SPI.c
   3:/home/user/Desktop/STM32-Projekte/FH-Vertibot/src/project_src/L3GD20_Lib_SPI.c ****  *
   4:/home/user/Desktop/STM32-Projekte/FH-Vertibot/src/project_src/L3GD20_Lib_SPI.c ****  *  Created on: Nov 17, 2012
   5:/home/user/Desktop/STM32-Projekte/FH-Vertibot/src/project_src/L3GD20_Lib_SPI.c ****  *      Author: franz
   6:/home/user/Desktop/STM32-Projekte/FH-Vertibot/src/project_src/L3GD20_Lib_SPI.c ****  */
   7:/home/user/Desktop/STM32-Projekte/FH-Vertibot/src/project_src/L3GD20_Lib_SPI.c **** 
   8:/home/user/Desktop/STM32-Projekte/FH-Vertibot/src/project_src/L3GD20_Lib_SPI.c **** #include <L3GD20_Lib_SPI.h>
   9:/home/user/Desktop/STM32-Projekte/FH-Vertibot/src/project_src/L3GD20_Lib_SPI.c **** 
  10:/home/user/Desktop/STM32-Projekte/FH-Vertibot/src/project_src/L3GD20_Lib_SPI.c **** static uint8_t L3GD20_SendByte(uint8_t byte)
  11:/home/user/Desktop/STM32-Projekte/FH-Vertibot/src/project_src/L3GD20_Lib_SPI.c **** {
  27              		.loc 1 11 0
  28              		.cfi_startproc
  29              		@ args = 0, pretend = 0, frame = 0
  30              		@ frame_needed = 0, uses_anonymous_args = 0
  31              	.LVL0:
  32 0000 10B5     		push	{r4, lr}
  33              	.LCFI0:
  34              		.cfi_def_cfa_offset 8
  35              		.cfi_offset 4, -8
  36              		.cfi_offset 14, -4
  37 0002 0446     		mov	r4, r0
  38              	.LVL1:
  39              	.L2:
  12:/home/user/Desktop/STM32-Projekte/FH-Vertibot/src/project_src/L3GD20_Lib_SPI.c ****   /* Loop while DR register in not empty */
  13:/home/user/Desktop/STM32-Projekte/FH-Vertibot/src/project_src/L3GD20_Lib_SPI.c ****   while (SPI_I2S_GetFlagStatus(L3GD20_SPI, SPI_I2S_FLAG_TXE) == RESET)
  40              		.loc 1 13 0 discriminator 1
  41 0004 0A48     		ldr	r0, .L12
  42 0006 0221     		movs	r1, #2
  43 0008 FFF7FEFF 		bl	SPI_I2S_GetFlagStatus
  44              	.LVL2:
  45 000c 0028     		cmp	r0, #0
  46 000e F9D0     		beq	.L2
  14:/home/user/Desktop/STM32-Projekte/FH-Vertibot/src/project_src/L3GD20_Lib_SPI.c ****   {
  15:/home/user/Desktop/STM32-Projekte/FH-Vertibot/src/project_src/L3GD20_Lib_SPI.c ****   }
  16:/home/user/Desktop/STM32-Projekte/FH-Vertibot/src/project_src/L3GD20_Lib_SPI.c **** 
  17:/home/user/Desktop/STM32-Projekte/FH-Vertibot/src/project_src/L3GD20_Lib_SPI.c ****   /* Send a Byte through the SPI peripheral */
  18:/home/user/Desktop/STM32-Projekte/FH-Vertibot/src/project_src/L3GD20_Lib_SPI.c ****   SPI_SendData8(L3GD20_SPI, byte);
  47              		.loc 1 18 0
  48 0010 0748     		ldr	r0, .L12
  49 0012 2146     		mov	r1, r4
  50 0014 FFF7FEFF 		bl	SPI_SendData8
  51              	.LVL3:
  52              	.L3:
  19:/home/user/Desktop/STM32-Projekte/FH-Vertibot/src/project_src/L3GD20_Lib_SPI.c **** 
  20:/home/user/Desktop/STM32-Projekte/FH-Vertibot/src/project_src/L3GD20_Lib_SPI.c ****   /* Wait to receive a Byte */
  21:/home/user/Desktop/STM32-Projekte/FH-Vertibot/src/project_src/L3GD20_Lib_SPI.c ****   while (SPI_I2S_GetFlagStatus(L3GD20_SPI, SPI_I2S_FLAG_RXNE) == RESET)
  53              		.loc 1 21 0 discriminator 1
  54 0018 0548     		ldr	r0, .L12
  55 001a 0121     		movs	r1, #1
  56 001c FFF7FEFF 		bl	SPI_I2S_GetFlagStatus
  57              	.LVL4:
  58 0020 0028     		cmp	r0, #0
  59 0022 F9D0     		beq	.L3
  22:/home/user/Desktop/STM32-Projekte/FH-Vertibot/src/project_src/L3GD20_Lib_SPI.c ****   {
  23:/home/user/Desktop/STM32-Projekte/FH-Vertibot/src/project_src/L3GD20_Lib_SPI.c ****   }
  24:/home/user/Desktop/STM32-Projekte/FH-Vertibot/src/project_src/L3GD20_Lib_SPI.c **** 
  25:/home/user/Desktop/STM32-Projekte/FH-Vertibot/src/project_src/L3GD20_Lib_SPI.c ****   /* Return the Byte read from the SPI bus */
  26:/home/user/Desktop/STM32-Projekte/FH-Vertibot/src/project_src/L3GD20_Lib_SPI.c ****   return (uint8_t)SPI_ReceiveData8(L3GD20_SPI);
  60              		.loc 1 26 0
  61 0024 0248     		ldr	r0, .L12
  27:/home/user/Desktop/STM32-Projekte/FH-Vertibot/src/project_src/L3GD20_Lib_SPI.c **** }
  62              		.loc 1 27 0
  63 0026 BDE81040 		pop	{r4, lr}
  26:/home/user/Desktop/STM32-Projekte/FH-Vertibot/src/project_src/L3GD20_Lib_SPI.c ****   return (uint8_t)SPI_ReceiveData8(L3GD20_SPI);
  64              		.loc 1 26 0
  65 002a FFF7FEBF 		b	SPI_ReceiveData8
  66              	.LVL5:
  67              	.L13:
  68 002e 00BF     		.align	2
  69              	.L12:
  70 0030 00300140 		.word	1073819648
  71              		.cfi_endproc
  72              	.LFE111:
  74              		.align	1
  75              		.global	L3GD20_Init
  76              		.thumb
  77              		.thumb_func
  79              	L3GD20_Init:
  80              	.LFB112:
  28:/home/user/Desktop/STM32-Projekte/FH-Vertibot/src/project_src/L3GD20_Lib_SPI.c **** 
  29:/home/user/Desktop/STM32-Projekte/FH-Vertibot/src/project_src/L3GD20_Lib_SPI.c **** 
  30:/home/user/Desktop/STM32-Projekte/FH-Vertibot/src/project_src/L3GD20_Lib_SPI.c **** 
  31:/home/user/Desktop/STM32-Projekte/FH-Vertibot/src/project_src/L3GD20_Lib_SPI.c **** void L3GD20_Init(void)
  32:/home/user/Desktop/STM32-Projekte/FH-Vertibot/src/project_src/L3GD20_Lib_SPI.c **** {
  81              		.loc 1 32 0
  82              		.cfi_startproc
  83              		@ args = 0, pretend = 0, frame = 0
  84              		@ frame_needed = 0, uses_anonymous_args = 0
  85              	.LVL6:
  86 0034 10B5     		push	{r4, lr}
  87              	.LCFI1:
  88              		.cfi_def_cfa_offset 8
  89              		.cfi_offset 4, -8
  90              		.cfi_offset 14, -4
  33:/home/user/Desktop/STM32-Projekte/FH-Vertibot/src/project_src/L3GD20_Lib_SPI.c ****   uint8_t ctrl1 = 0x00, ctrl2 = 0x00, ctrl5 = 0x00, ctrl4 = 0x00;
  34:/home/user/Desktop/STM32-Projekte/FH-Vertibot/src/project_src/L3GD20_Lib_SPI.c **** 
  35:/home/user/Desktop/STM32-Projekte/FH-Vertibot/src/project_src/L3GD20_Lib_SPI.c ****   /* Configure the low level interface ---------------------------------------*/
  36:/home/user/Desktop/STM32-Projekte/FH-Vertibot/src/project_src/L3GD20_Lib_SPI.c ****   //L3GD20_LowLevel_Init();
  37:/home/user/Desktop/STM32-Projekte/FH-Vertibot/src/project_src/L3GD20_Lib_SPI.c **** 
  38:/home/user/Desktop/STM32-Projekte/FH-Vertibot/src/project_src/L3GD20_Lib_SPI.c ****   /* Configure MEMS: data rate, power mode, full scale and axes */
  39:/home/user/Desktop/STM32-Projekte/FH-Vertibot/src/project_src/L3GD20_Lib_SPI.c **** //  ctrl1 = (uint8_t) (L3GD20_MODE_ACTIVE | L3GD20_OUTPUT_DATARATE_4  |
  40:/home/user/Desktop/STM32-Projekte/FH-Vertibot/src/project_src/L3GD20_Lib_SPI.c **** //		  	  	  	  L3GD20_AXES_ENABLE | L3GD20_BANDWIDTH_2);
  41:/home/user/Desktop/STM32-Projekte/FH-Vertibot/src/project_src/L3GD20_Lib_SPI.c **** 
  42:/home/user/Desktop/STM32-Projekte/FH-Vertibot/src/project_src/L3GD20_Lib_SPI.c ****   ctrl1 = (uint8_t) (L3GD20_MODE_ACTIVE | L3GD20_OUTPUT_DATARATE_4  |
  43:/home/user/Desktop/STM32-Projekte/FH-Vertibot/src/project_src/L3GD20_Lib_SPI.c **** 		  	  	  	  L3GD20_AXES_ENABLE | L3GD20_BANDWIDTH_4);
  44:/home/user/Desktop/STM32-Projekte/FH-Vertibot/src/project_src/L3GD20_Lib_SPI.c **** 
  45:/home/user/Desktop/STM32-Projekte/FH-Vertibot/src/project_src/L3GD20_Lib_SPI.c ****   ctrl2 = (uint8_t) (0x34); /* CTRL_REG2   HPF Setup HPF(0,5Hz-4Hz) Autoreset */
  46:/home/user/Desktop/STM32-Projekte/FH-Vertibot/src/project_src/L3GD20_Lib_SPI.c **** 
  47:/home/user/Desktop/STM32-Projekte/FH-Vertibot/src/project_src/L3GD20_Lib_SPI.c ****   ctrl4 = (uint8_t) (L3GD20_BlockDataUpdate_Single  | L3GD20_BLE_LSB |
  48:/home/user/Desktop/STM32-Projekte/FH-Vertibot/src/project_src/L3GD20_Lib_SPI.c **** 		  	  	  	  L3GD20_FULLSCALE_2000);
  49:/home/user/Desktop/STM32-Projekte/FH-Vertibot/src/project_src/L3GD20_Lib_SPI.c **** 
  50:/home/user/Desktop/STM32-Projekte/FH-Vertibot/src/project_src/L3GD20_Lib_SPI.c ****   ctrl5 = (uint8_t) (0x13); /* CTRL_REG5   low pass filter enable, high pass filter enabled */
  51:/home/user/Desktop/STM32-Projekte/FH-Vertibot/src/project_src/L3GD20_Lib_SPI.c **** 
  52:/home/user/Desktop/STM32-Projekte/FH-Vertibot/src/project_src/L3GD20_Lib_SPI.c **** 
  53:/home/user/Desktop/STM32-Projekte/FH-Vertibot/src/project_src/L3GD20_Lib_SPI.c ****   /* Write value to MEMS CTRL_REG1 regsister */
  54:/home/user/Desktop/STM32-Projekte/FH-Vertibot/src/project_src/L3GD20_Lib_SPI.c ****   L3GD20_CS_LOW();
  91              		.loc 1 54 0
  92 0036 1D4C     		ldr	r4, .L15
  93 0038 0821     		movs	r1, #8
  94 003a 2046     		mov	r0, r4
  95 003c FFF7FEFF 		bl	GPIO_ResetBits
  96              	.LVL7:
  55:/home/user/Desktop/STM32-Projekte/FH-Vertibot/src/project_src/L3GD20_Lib_SPI.c ****   L3GD20_SendByte(L3GD20_CTRL_REG1_ADDR);
  97              		.loc 1 55 0
  98 0040 2020     		movs	r0, #32
  99 0042 FFF7DDFF 		bl	L3GD20_SendByte
 100              	.LVL8:
  56:/home/user/Desktop/STM32-Projekte/FH-Vertibot/src/project_src/L3GD20_Lib_SPI.c ****   L3GD20_SendByte(ctrl1);
 101              		.loc 1 56 0
 102 0046 FF20     		movs	r0, #255
 103 0048 FFF7DAFF 		bl	L3GD20_SendByte
 104              	.LVL9:
  57:/home/user/Desktop/STM32-Projekte/FH-Vertibot/src/project_src/L3GD20_Lib_SPI.c ****   L3GD20_CS_HIGH();
 105              		.loc 1 57 0
 106 004c 2046     		mov	r0, r4
 107 004e 0821     		movs	r1, #8
 108 0050 FFF7FEFF 		bl	GPIO_SetBits
 109              	.LVL10:
  58:/home/user/Desktop/STM32-Projekte/FH-Vertibot/src/project_src/L3GD20_Lib_SPI.c **** 
  59:/home/user/Desktop/STM32-Projekte/FH-Vertibot/src/project_src/L3GD20_Lib_SPI.c ****   /* Write value to MEMS CTRL_REG2 regsister */
  60:/home/user/Desktop/STM32-Projekte/FH-Vertibot/src/project_src/L3GD20_Lib_SPI.c ****   L3GD20_CS_LOW();
 110              		.loc 1 60 0
 111 0054 0821     		movs	r1, #8
 112 0056 2046     		mov	r0, r4
 113 0058 FFF7FEFF 		bl	GPIO_ResetBits
 114              	.LVL11:
  61:/home/user/Desktop/STM32-Projekte/FH-Vertibot/src/project_src/L3GD20_Lib_SPI.c ****   L3GD20_SendByte(L3GD20_CTRL_REG2_ADDR);
 115              		.loc 1 61 0
 116 005c 2120     		movs	r0, #33
 117 005e FFF7CFFF 		bl	L3GD20_SendByte
 118              	.LVL12:
  62:/home/user/Desktop/STM32-Projekte/FH-Vertibot/src/project_src/L3GD20_Lib_SPI.c ****   L3GD20_SendByte(ctrl2);
 119              		.loc 1 62 0
 120 0062 3420     		movs	r0, #52
 121 0064 FFF7CCFF 		bl	L3GD20_SendByte
 122              	.LVL13:
  63:/home/user/Desktop/STM32-Projekte/FH-Vertibot/src/project_src/L3GD20_Lib_SPI.c ****   L3GD20_CS_HIGH();
 123              		.loc 1 63 0
 124 0068 2046     		mov	r0, r4
 125 006a 0821     		movs	r1, #8
 126 006c FFF7FEFF 		bl	GPIO_SetBits
 127              	.LVL14:
  64:/home/user/Desktop/STM32-Projekte/FH-Vertibot/src/project_src/L3GD20_Lib_SPI.c **** 
  65:/home/user/Desktop/STM32-Projekte/FH-Vertibot/src/project_src/L3GD20_Lib_SPI.c ****   /* Write value to MEMS CTRL_REG4 regsister */
  66:/home/user/Desktop/STM32-Projekte/FH-Vertibot/src/project_src/L3GD20_Lib_SPI.c ****   L3GD20_CS_LOW();
 128              		.loc 1 66 0
 129 0070 0821     		movs	r1, #8
 130 0072 2046     		mov	r0, r4
 131 0074 FFF7FEFF 		bl	GPIO_ResetBits
 132              	.LVL15:
  67:/home/user/Desktop/STM32-Projekte/FH-Vertibot/src/project_src/L3GD20_Lib_SPI.c ****   L3GD20_SendByte(L3GD20_CTRL_REG4_ADDR);
 133              		.loc 1 67 0
 134 0078 2320     		movs	r0, #35
 135 007a FFF7C1FF 		bl	L3GD20_SendByte
 136              	.LVL16:
  68:/home/user/Desktop/STM32-Projekte/FH-Vertibot/src/project_src/L3GD20_Lib_SPI.c ****   L3GD20_SendByte(ctrl4);
 137              		.loc 1 68 0
 138 007e A020     		movs	r0, #160
 139 0080 FFF7BEFF 		bl	L3GD20_SendByte
 140              	.LVL17:
  69:/home/user/Desktop/STM32-Projekte/FH-Vertibot/src/project_src/L3GD20_Lib_SPI.c ****   L3GD20_CS_HIGH();
 141              		.loc 1 69 0
 142 0084 2046     		mov	r0, r4
 143 0086 0821     		movs	r1, #8
 144 0088 FFF7FEFF 		bl	GPIO_SetBits
 145              	.LVL18:
  70:/home/user/Desktop/STM32-Projekte/FH-Vertibot/src/project_src/L3GD20_Lib_SPI.c **** 
  71:/home/user/Desktop/STM32-Projekte/FH-Vertibot/src/project_src/L3GD20_Lib_SPI.c ****   /* Write value to MEMS CTRL_REG2 regsister */
  72:/home/user/Desktop/STM32-Projekte/FH-Vertibot/src/project_src/L3GD20_Lib_SPI.c ****   L3GD20_CS_LOW();
 146              		.loc 1 72 0
 147 008c 0821     		movs	r1, #8
 148 008e 2046     		mov	r0, r4
 149 0090 FFF7FEFF 		bl	GPIO_ResetBits
 150              	.LVL19:
  73:/home/user/Desktop/STM32-Projekte/FH-Vertibot/src/project_src/L3GD20_Lib_SPI.c ****   L3GD20_SendByte(L3GD20_CTRL_REG5_ADDR);
 151              		.loc 1 73 0
 152 0094 2420     		movs	r0, #36
 153 0096 FFF7B3FF 		bl	L3GD20_SendByte
 154              	.LVL20:
  74:/home/user/Desktop/STM32-Projekte/FH-Vertibot/src/project_src/L3GD20_Lib_SPI.c ****   L3GD20_SendByte(ctrl5);
 155              		.loc 1 74 0
 156 009a 1320     		movs	r0, #19
 157 009c FFF7B0FF 		bl	L3GD20_SendByte
 158              	.LVL21:
  75:/home/user/Desktop/STM32-Projekte/FH-Vertibot/src/project_src/L3GD20_Lib_SPI.c ****   L3GD20_CS_HIGH();
 159              		.loc 1 75 0
 160 00a0 2046     		mov	r0, r4
 161 00a2 0821     		movs	r1, #8
  76:/home/user/Desktop/STM32-Projekte/FH-Vertibot/src/project_src/L3GD20_Lib_SPI.c **** }
 162              		.loc 1 76 0
 163 00a4 BDE81040 		pop	{r4, lr}
  75:/home/user/Desktop/STM32-Projekte/FH-Vertibot/src/project_src/L3GD20_Lib_SPI.c ****   L3GD20_CS_HIGH();
 164              		.loc 1 75 0
 165 00a8 FFF7FEBF 		b	GPIO_SetBits
 166              	.LVL22:
 167              	.L16:
 168              		.align	2
 169              	.L15:
 170 00ac 00100048 		.word	1207963648
 171              		.cfi_endproc
 172              	.LFE112:
 174              		.align	1
 175              		.global	L3GD20_Read
 176              		.thumb
 177              		.thumb_func
 179              	L3GD20_Read:
 180              	.LFB113:
  77:/home/user/Desktop/STM32-Projekte/FH-Vertibot/src/project_src/L3GD20_Lib_SPI.c **** 
  78:/home/user/Desktop/STM32-Projekte/FH-Vertibot/src/project_src/L3GD20_Lib_SPI.c **** 
  79:/home/user/Desktop/STM32-Projekte/FH-Vertibot/src/project_src/L3GD20_Lib_SPI.c **** void L3GD20_Read(uint8_t* pBuffer, uint8_t ReadAddr, uint16_t NumByteToRead)
  80:/home/user/Desktop/STM32-Projekte/FH-Vertibot/src/project_src/L3GD20_Lib_SPI.c **** {
 181              		.loc 1 80 0
 182              		.cfi_startproc
 183              		@ args = 0, pretend = 0, frame = 0
 184              		@ frame_needed = 0, uses_anonymous_args = 0
 185              	.LVL23:
  81:/home/user/Desktop/STM32-Projekte/FH-Vertibot/src/project_src/L3GD20_Lib_SPI.c ****   if(NumByteToRead > 0x01)
 186              		.loc 1 81 0
 187 00b0 012A     		cmp	r2, #1
  80:/home/user/Desktop/STM32-Projekte/FH-Vertibot/src/project_src/L3GD20_Lib_SPI.c **** {
 188              		.loc 1 80 0
 189 00b2 70B5     		push	{r4, r5, r6, lr}
 190              	.LCFI2:
 191              		.cfi_def_cfa_offset 16
 192              		.cfi_offset 4, -16
 193              		.cfi_offset 5, -12
 194              		.cfi_offset 6, -8
 195              		.cfi_offset 14, -4
  82:/home/user/Desktop/STM32-Projekte/FH-Vertibot/src/project_src/L3GD20_Lib_SPI.c ****   {
  83:/home/user/Desktop/STM32-Projekte/FH-Vertibot/src/project_src/L3GD20_Lib_SPI.c ****     ReadAddr |= (uint8_t)(READWRITE_CMD | MULTIPLEBYTE_CMD);
 196              		.loc 1 83 0
 197 00b4 8CBF     		ite	hi
 198 00b6 41F0C006 		orrhi	r6, r1, #192
 199              	.LVL24:
  84:/home/user/Desktop/STM32-Projekte/FH-Vertibot/src/project_src/L3GD20_Lib_SPI.c ****   }
  85:/home/user/Desktop/STM32-Projekte/FH-Vertibot/src/project_src/L3GD20_Lib_SPI.c ****   else
  86:/home/user/Desktop/STM32-Projekte/FH-Vertibot/src/project_src/L3GD20_Lib_SPI.c ****   {
  87:/home/user/Desktop/STM32-Projekte/FH-Vertibot/src/project_src/L3GD20_Lib_SPI.c ****     ReadAddr |= (uint8_t)READWRITE_CMD;
 200              		.loc 1 87 0
 201 00ba 41F08006 		orrls	r6, r1, #128
 202              	.LVL25:
  80:/home/user/Desktop/STM32-Projekte/FH-Vertibot/src/project_src/L3GD20_Lib_SPI.c **** {
 203              		.loc 1 80 0
 204 00be 0546     		mov	r5, r0
  88:/home/user/Desktop/STM32-Projekte/FH-Vertibot/src/project_src/L3GD20_Lib_SPI.c ****   }
  89:/home/user/Desktop/STM32-Projekte/FH-Vertibot/src/project_src/L3GD20_Lib_SPI.c ****   /* Set chip select Low at the start of the transmission */
  90:/home/user/Desktop/STM32-Projekte/FH-Vertibot/src/project_src/L3GD20_Lib_SPI.c ****   L3GD20_CS_LOW();
 205              		.loc 1 90 0
 206 00c0 0821     		movs	r1, #8
 207 00c2 0B48     		ldr	r0, .L22
 208              	.LVL26:
  80:/home/user/Desktop/STM32-Projekte/FH-Vertibot/src/project_src/L3GD20_Lib_SPI.c **** {
 209              		.loc 1 80 0
 210 00c4 1446     		mov	r4, r2
 211              		.loc 1 90 0
 212 00c6 FFF7FEFF 		bl	GPIO_ResetBits
 213              	.LVL27:
  91:/home/user/Desktop/STM32-Projekte/FH-Vertibot/src/project_src/L3GD20_Lib_SPI.c **** 
  92:/home/user/Desktop/STM32-Projekte/FH-Vertibot/src/project_src/L3GD20_Lib_SPI.c ****   /* Send the Address of the indexed register */
  93:/home/user/Desktop/STM32-Projekte/FH-Vertibot/src/project_src/L3GD20_Lib_SPI.c ****   L3GD20_SendByte(ReadAddr);
 214              		.loc 1 93 0
 215 00ca 3046     		mov	r0, r6
 216 00cc FFF798FF 		bl	L3GD20_SendByte
 217              	.LVL28:
  94:/home/user/Desktop/STM32-Projekte/FH-Vertibot/src/project_src/L3GD20_Lib_SPI.c **** 
  95:/home/user/Desktop/STM32-Projekte/FH-Vertibot/src/project_src/L3GD20_Lib_SPI.c ****   /* Receive the data that will be read from the device (MSB First) */
  96:/home/user/Desktop/STM32-Projekte/FH-Vertibot/src/project_src/L3GD20_Lib_SPI.c ****   while(NumByteToRead > 0x00)
 218              		.loc 1 96 0
 219 00d0 06E0     		b	.L20
 220              	.LVL29:
 221              	.L21:
  97:/home/user/Desktop/STM32-Projekte/FH-Vertibot/src/project_src/L3GD20_Lib_SPI.c ****   {
  98:/home/user/Desktop/STM32-Projekte/FH-Vertibot/src/project_src/L3GD20_Lib_SPI.c ****     /* Send dummy byte (0x00) to generate the SPI clock to L3GD20 (Slave device) */
  99:/home/user/Desktop/STM32-Projekte/FH-Vertibot/src/project_src/L3GD20_Lib_SPI.c ****     *pBuffer = L3GD20_SendByte(DUMMY_BYTE);
 222              		.loc 1 99 0
 223 00d2 0020     		movs	r0, #0
 224 00d4 FFF794FF 		bl	L3GD20_SendByte
 225              	.LVL30:
 100:/home/user/Desktop/STM32-Projekte/FH-Vertibot/src/project_src/L3GD20_Lib_SPI.c ****     NumByteToRead--;
 226              		.loc 1 100 0
 227 00d8 013C     		subs	r4, r4, #1
 228              	.LVL31:
  99:/home/user/Desktop/STM32-Projekte/FH-Vertibot/src/project_src/L3GD20_Lib_SPI.c ****     *pBuffer = L3GD20_SendByte(DUMMY_BYTE);
 229              		.loc 1 99 0
 230 00da 05F8010B 		strb	r0, [r5], #1
 231              	.LVL32:
 232              		.loc 1 100 0
 233 00de A4B2     		uxth	r4, r4
 234              	.LVL33:
 235              	.L20:
  96:/home/user/Desktop/STM32-Projekte/FH-Vertibot/src/project_src/L3GD20_Lib_SPI.c ****   while(NumByteToRead > 0x00)
 236              		.loc 1 96 0 discriminator 1
 237 00e0 002C     		cmp	r4, #0
 238 00e2 F6D1     		bne	.L21
 101:/home/user/Desktop/STM32-Projekte/FH-Vertibot/src/project_src/L3GD20_Lib_SPI.c ****     pBuffer++;
 102:/home/user/Desktop/STM32-Projekte/FH-Vertibot/src/project_src/L3GD20_Lib_SPI.c ****   }
 103:/home/user/Desktop/STM32-Projekte/FH-Vertibot/src/project_src/L3GD20_Lib_SPI.c **** 
 104:/home/user/Desktop/STM32-Projekte/FH-Vertibot/src/project_src/L3GD20_Lib_SPI.c ****   /* Set chip select High at the end of the transmission */
 105:/home/user/Desktop/STM32-Projekte/FH-Vertibot/src/project_src/L3GD20_Lib_SPI.c ****   L3GD20_CS_HIGH();
 239              		.loc 1 105 0
 240 00e4 0248     		ldr	r0, .L22
 241 00e6 0821     		movs	r1, #8
 106:/home/user/Desktop/STM32-Projekte/FH-Vertibot/src/project_src/L3GD20_Lib_SPI.c **** }
 242              		.loc 1 106 0
 243 00e8 BDE87040 		pop	{r4, r5, r6, lr}
 105:/home/user/Desktop/STM32-Projekte/FH-Vertibot/src/project_src/L3GD20_Lib_SPI.c ****   L3GD20_CS_HIGH();
 244              		.loc 1 105 0
 245 00ec FFF7FEBF 		b	GPIO_SetBits
 246              	.LVL34:
 247              	.L23:
 248              		.align	2
 249              	.L22:
 250 00f0 00100048 		.word	1207963648
 251              		.cfi_endproc
 252              	.LFE113:
 254              		.align	1
 255              		.global	Gyro_convert
 256              		.thumb
 257              		.thumb_func
 259              	Gyro_convert:
 260              	.LFB114:
 107:/home/user/Desktop/STM32-Projekte/FH-Vertibot/src/project_src/L3GD20_Lib_SPI.c **** 
 108:/home/user/Desktop/STM32-Projekte/FH-Vertibot/src/project_src/L3GD20_Lib_SPI.c **** 
 109:/home/user/Desktop/STM32-Projekte/FH-Vertibot/src/project_src/L3GD20_Lib_SPI.c **** void Gyro_convert(uint8_t Buffer[6], struct gyroValues *gyro, uint8_t bigEndian)
 110:/home/user/Desktop/STM32-Projekte/FH-Vertibot/src/project_src/L3GD20_Lib_SPI.c **** {
 261              		.loc 1 110 0
 262              		.cfi_startproc
 263              		@ args = 0, pretend = 0, frame = 0
 264              		@ frame_needed = 0, uses_anonymous_args = 0
 265              	.LVL35:
 266 00f4 10B5     		push	{r4, lr}
 267              	.LCFI3:
 268              		.cfi_def_cfa_offset 8
 269              		.cfi_offset 4, -8
 270              		.cfi_offset 14, -4
 271 00f6 4378     		ldrb	r3, [r0, #1]	@ zero_extendqisi2
 272 00f8 0478     		ldrb	r4, [r0, #0]	@ zero_extendqisi2
 111:/home/user/Desktop/STM32-Projekte/FH-Vertibot/src/project_src/L3GD20_Lib_SPI.c **** 	if(bigEndian)
 273              		.loc 1 111 0
 274 00fa 52B1     		cbz	r2, .L25
 275              	.LVL36:
 276              	.LBB4:
 277              	.LBB5:
 112:/home/user/Desktop/STM32-Projekte/FH-Vertibot/src/project_src/L3GD20_Lib_SPI.c **** 	{
 113:/home/user/Desktop/STM32-Projekte/FH-Vertibot/src/project_src/L3GD20_Lib_SPI.c **** 		gyro->gyroValueX = (Buffer[1] << 8) | (Buffer[0]);
 278              		.loc 1 113 0
 279 00fc 44EA0323 		orr	r3, r4, r3, lsl #8
 280 0100 0B80     		strh	r3, [r1, #0]	@ movhi
 114:/home/user/Desktop/STM32-Projekte/FH-Vertibot/src/project_src/L3GD20_Lib_SPI.c **** 		gyro->gyroValueY = (Buffer[3] << 8) | (Buffer[2]);
 281              		.loc 1 114 0
 282 0102 C278     		ldrb	r2, [r0, #3]	@ zero_extendqisi2
 283              	.LVL37:
 284 0104 8378     		ldrb	r3, [r0, #2]	@ zero_extendqisi2
 285 0106 43EA0223 		orr	r3, r3, r2, lsl #8
 286 010a 4B80     		strh	r3, [r1, #2]	@ movhi
 115:/home/user/Desktop/STM32-Projekte/FH-Vertibot/src/project_src/L3GD20_Lib_SPI.c **** 		gyro->gyroValueZ = (Buffer[5] << 8) | (Buffer[4]);
 287              		.loc 1 115 0
 288 010c 4279     		ldrb	r2, [r0, #5]	@ zero_extendqisi2
 289 010e 0379     		ldrb	r3, [r0, #4]	@ zero_extendqisi2
 290 0110 09E0     		b	.L27
 291              	.LVL38:
 292              	.L25:
 293              	.LBE5:
 294              	.LBE4:
 116:/home/user/Desktop/STM32-Projekte/FH-Vertibot/src/project_src/L3GD20_Lib_SPI.c **** 	}
 117:/home/user/Desktop/STM32-Projekte/FH-Vertibot/src/project_src/L3GD20_Lib_SPI.c **** 	else
 118:/home/user/Desktop/STM32-Projekte/FH-Vertibot/src/project_src/L3GD20_Lib_SPI.c **** 	{
 119:/home/user/Desktop/STM32-Projekte/FH-Vertibot/src/project_src/L3GD20_Lib_SPI.c **** 		gyro->gyroValueX = (Buffer[0] << 8) | (Buffer[1]);
 295              		.loc 1 119 0
 296 0112 43EA0423 		orr	r3, r3, r4, lsl #8
 297 0116 0B80     		strh	r3, [r1, #0]	@ movhi
 120:/home/user/Desktop/STM32-Projekte/FH-Vertibot/src/project_src/L3GD20_Lib_SPI.c **** 		gyro->gyroValueY = (Buffer[2] << 8) | (Buffer[3]);
 298              		.loc 1 120 0
 299 0118 8278     		ldrb	r2, [r0, #2]	@ zero_extendqisi2
 300              	.LVL39:
 301 011a C378     		ldrb	r3, [r0, #3]	@ zero_extendqisi2
 302 011c 43EA0223 		orr	r3, r3, r2, lsl #8
 303 0120 4B80     		strh	r3, [r1, #2]	@ movhi
 121:/home/user/Desktop/STM32-Projekte/FH-Vertibot/src/project_src/L3GD20_Lib_SPI.c **** 		gyro->gyroValueZ = (Buffer[4] << 8) | (Buffer[5]);
 304              		.loc 1 121 0
 305 0122 0279     		ldrb	r2, [r0, #4]	@ zero_extendqisi2
 306 0124 4379     		ldrb	r3, [r0, #5]	@ zero_extendqisi2
 307              	.L27:
 308 0126 43EA0223 		orr	r3, r3, r2, lsl #8
 309 012a 8B80     		strh	r3, [r1, #4]	@ movhi
 310 012c 10BD     		pop	{r4, pc}
 311              		.cfi_endproc
 312              	.LFE114:
 314              		.align	1
 315              		.global	Gyro_readValues
 316              		.thumb
 317              		.thumb_func
 319              	Gyro_readValues:
 320              	.LFB115:
 122:/home/user/Desktop/STM32-Projekte/FH-Vertibot/src/project_src/L3GD20_Lib_SPI.c **** 	}
 123:/home/user/Desktop/STM32-Projekte/FH-Vertibot/src/project_src/L3GD20_Lib_SPI.c **** }
 124:/home/user/Desktop/STM32-Projekte/FH-Vertibot/src/project_src/L3GD20_Lib_SPI.c **** 
 125:/home/user/Desktop/STM32-Projekte/FH-Vertibot/src/project_src/L3GD20_Lib_SPI.c **** 
 126:/home/user/Desktop/STM32-Projekte/FH-Vertibot/src/project_src/L3GD20_Lib_SPI.c **** void Gyro_readValues (struct gyroValues *gyro)
 127:/home/user/Desktop/STM32-Projekte/FH-Vertibot/src/project_src/L3GD20_Lib_SPI.c **** {
 321              		.loc 1 127 0
 322              		.cfi_startproc
 323              		@ args = 0, pretend = 0, frame = 16
 324              		@ frame_needed = 0, uses_anonymous_args = 0
 325              	.LVL40:
 326 012e 30B5     		push	{r4, r5, lr}
 327              	.LCFI4:
 328              		.cfi_def_cfa_offset 12
 329              		.cfi_offset 4, -12
 330              		.cfi_offset 5, -8
 331              		.cfi_offset 14, -4
 332 0130 85B0     		sub	sp, sp, #20
 333              	.LCFI5:
 334              		.cfi_def_cfa_offset 32
 335              		.loc 1 127 0
 336 0132 0546     		mov	r5, r0
 128:/home/user/Desktop/STM32-Projekte/FH-Vertibot/src/project_src/L3GD20_Lib_SPI.c ****   uint8_t tmpbuffer[6] ={0};
 129:/home/user/Desktop/STM32-Projekte/FH-Vertibot/src/project_src/L3GD20_Lib_SPI.c ****   uint8_t tmpreg = 0;
 337              		.loc 1 129 0
 338 0134 04A8     		add	r0, sp, #16
 339              	.LVL41:
 128:/home/user/Desktop/STM32-Projekte/FH-Vertibot/src/project_src/L3GD20_Lib_SPI.c ****   uint8_t tmpbuffer[6] ={0};
 340              		.loc 1 128 0
 341 0136 0024     		movs	r4, #0
 342              		.loc 1 129 0
 343 0138 00F8094D 		strb	r4, [r0, #-9]!
 344              	.LVL42:
 130:/home/user/Desktop/STM32-Projekte/FH-Vertibot/src/project_src/L3GD20_Lib_SPI.c **** 
 131:/home/user/Desktop/STM32-Projekte/FH-Vertibot/src/project_src/L3GD20_Lib_SPI.c ****   L3GD20_Read(&tmpreg,L3GD20_CTRL_REG4_ADDR,1);
 345              		.loc 1 131 0
 346 013c 2321     		movs	r1, #35
 347 013e 0122     		movs	r2, #1
 128:/home/user/Desktop/STM32-Projekte/FH-Vertibot/src/project_src/L3GD20_Lib_SPI.c ****   uint8_t tmpbuffer[6] ={0};
 348              		.loc 1 128 0
 349 0140 0294     		str	r4, [sp, #8]
 350 0142 ADF80C40 		strh	r4, [sp, #12]	@ movhi
 351              		.loc 1 131 0
 352 0146 FFF7FEFF 		bl	L3GD20_Read
 353              	.LVL43:
 132:/home/user/Desktop/STM32-Projekte/FH-Vertibot/src/project_src/L3GD20_Lib_SPI.c ****   L3GD20_Read(tmpbuffer,L3GD20_OUT_X_L_ADDR,6);
 354              		.loc 1 132 0
 355 014a 02A8     		add	r0, sp, #8
 356 014c 2821     		movs	r1, #40
 357 014e 0622     		movs	r2, #6
 358 0150 FFF7FEFF 		bl	L3GD20_Read
 359              	.LVL44:
 133:/home/user/Desktop/STM32-Projekte/FH-Vertibot/src/project_src/L3GD20_Lib_SPI.c **** 
 134:/home/user/Desktop/STM32-Projekte/FH-Vertibot/src/project_src/L3GD20_Lib_SPI.c ****   /* check in the control register 4 the data alignment (Big Endian or Little Endian)*/
 135:/home/user/Desktop/STM32-Projekte/FH-Vertibot/src/project_src/L3GD20_Lib_SPI.c ****   if(!(tmpreg & 0x40))
 360              		.loc 1 135 0
 361 0154 9DF80730 		ldrb	r3, [sp, #7]	@ zero_extendqisi2
 362              	.LVL45:
 363 0158 03F04003 		and	r3, r3, #64
 364              	.LVL46:
 365 015c DBB2     		uxtb	r3, r3
 366 015e ABB9     		cbnz	r3, .L29
 367              	.LVL47:
 368              	.LBB10:
 369              	.LBB11:
 370              	.LBB12:
 113:/home/user/Desktop/STM32-Projekte/FH-Vertibot/src/project_src/L3GD20_Lib_SPI.c **** 		gyro->gyroValueX = (Buffer[1] << 8) | (Buffer[0]);
 371              		.loc 1 113 0
 372 0160 9DF80920 		ldrb	r2, [sp, #9]	@ zero_extendqisi2
 373 0164 9DF80830 		ldrb	r3, [sp, #8]	@ zero_extendqisi2
 374 0168 43EA0223 		orr	r3, r3, r2, lsl #8
 375 016c 2B80     		strh	r3, [r5, #0]	@ movhi
 114:/home/user/Desktop/STM32-Projekte/FH-Vertibot/src/project_src/L3GD20_Lib_SPI.c **** 		gyro->gyroValueY = (Buffer[3] << 8) | (Buffer[2]);
 376              		.loc 1 114 0
 377 016e 9DF80B20 		ldrb	r2, [sp, #11]	@ zero_extendqisi2
 378 0172 9DF80A30 		ldrb	r3, [sp, #10]	@ zero_extendqisi2
 379 0176 43EA0223 		orr	r3, r3, r2, lsl #8
 380 017a 6B80     		strh	r3, [r5, #2]	@ movhi
 115:/home/user/Desktop/STM32-Projekte/FH-Vertibot/src/project_src/L3GD20_Lib_SPI.c **** 		gyro->gyroValueZ = (Buffer[5] << 8) | (Buffer[4]);
 381              		.loc 1 115 0
 382 017c 9DF80D20 		ldrb	r2, [sp, #13]	@ zero_extendqisi2
 383 0180 9DF80C30 		ldrb	r3, [sp, #12]	@ zero_extendqisi2
 384 0184 43EA0223 		orr	r3, r3, r2, lsl #8
 385 0188 AB80     		strh	r3, [r5, #4]	@ movhi
 386 018a 04E0     		b	.L28
 387              	.LVL48:
 388              	.L29:
 389              	.LBE12:
 390              	.LBE11:
 391              	.LBE10:
 136:/home/user/Desktop/STM32-Projekte/FH-Vertibot/src/project_src/L3GD20_Lib_SPI.c ****   {
 137:/home/user/Desktop/STM32-Projekte/FH-Vertibot/src/project_src/L3GD20_Lib_SPI.c **** 	Gyro_convert(&tmpbuffer[0], gyro, 1);
 138:/home/user/Desktop/STM32-Projekte/FH-Vertibot/src/project_src/L3GD20_Lib_SPI.c ****   }
 139:/home/user/Desktop/STM32-Projekte/FH-Vertibot/src/project_src/L3GD20_Lib_SPI.c ****   else
 140:/home/user/Desktop/STM32-Projekte/FH-Vertibot/src/project_src/L3GD20_Lib_SPI.c ****   {
 141:/home/user/Desktop/STM32-Projekte/FH-Vertibot/src/project_src/L3GD20_Lib_SPI.c ****    	Gyro_convert(&tmpbuffer[0], gyro, 0);
 392              		.loc 1 141 0
 393 018c 02A8     		add	r0, sp, #8
 394 018e 2946     		mov	r1, r5
 395 0190 2246     		mov	r2, r4
 396 0192 FFF7FEFF 		bl	Gyro_convert
 397              	.LVL49:
 398              	.L28:
 142:/home/user/Desktop/STM32-Projekte/FH-Vertibot/src/project_src/L3GD20_Lib_SPI.c ****   }
 143:/home/user/Desktop/STM32-Projekte/FH-Vertibot/src/project_src/L3GD20_Lib_SPI.c **** }
 399              		.loc 1 143 0
 400 0196 05B0     		add	sp, sp, #20
 401 0198 30BD     		pop	{r4, r5, pc}
 402              		.cfi_endproc
 403              	.LFE115:
 405              		.align	1
 406              		.global	Gyro_calibrate
 407              		.thumb
 408              		.thumb_func
 410              	Gyro_calibrate:
 411              	.LFB116:
 144:/home/user/Desktop/STM32-Projekte/FH-Vertibot/src/project_src/L3GD20_Lib_SPI.c **** 
 145:/home/user/Desktop/STM32-Projekte/FH-Vertibot/src/project_src/L3GD20_Lib_SPI.c **** 
 146:/home/user/Desktop/STM32-Projekte/FH-Vertibot/src/project_src/L3GD20_Lib_SPI.c **** 
 147:/home/user/Desktop/STM32-Projekte/FH-Vertibot/src/project_src/L3GD20_Lib_SPI.c **** //ACC und GYRO kalibrieren:
 148:/home/user/Desktop/STM32-Projekte/FH-Vertibot/src/project_src/L3GD20_Lib_SPI.c **** void Gyro_calibrate(struct gyroValues *gyroOffset)
 149:/home/user/Desktop/STM32-Projekte/FH-Vertibot/src/project_src/L3GD20_Lib_SPI.c **** {
 412              		.loc 1 149 0
 413              		.cfi_startproc
 414              		@ args = 0, pretend = 0, frame = 0
 415              		@ frame_needed = 0, uses_anonymous_args = 0
 416              	.LVL50:
 417 019a 2DE9F041 		push	{r4, r5, r6, r7, r8, lr}
 418              	.LCFI6:
 419              		.cfi_def_cfa_offset 24
 420              		.cfi_offset 4, -24
 421              		.cfi_offset 5, -20
 422              		.cfi_offset 6, -16
 423              		.cfi_offset 7, -12
 424              		.cfi_offset 8, -8
 425              		.cfi_offset 14, -4
 426              		.loc 1 149 0
 427 019e 0446     		mov	r4, r0
 150:/home/user/Desktop/STM32-Projekte/FH-Vertibot/src/project_src/L3GD20_Lib_SPI.c **** int i = 0;
 151:/home/user/Desktop/STM32-Projekte/FH-Vertibot/src/project_src/L3GD20_Lib_SPI.c **** int32_t tmpX = 0;
 152:/home/user/Desktop/STM32-Projekte/FH-Vertibot/src/project_src/L3GD20_Lib_SPI.c **** int32_t tmpY = 0;
 153:/home/user/Desktop/STM32-Projekte/FH-Vertibot/src/project_src/L3GD20_Lib_SPI.c **** int32_t tmpZ = 0;
 154:/home/user/Desktop/STM32-Projekte/FH-Vertibot/src/project_src/L3GD20_Lib_SPI.c **** 
 155:/home/user/Desktop/STM32-Projekte/FH-Vertibot/src/project_src/L3GD20_Lib_SPI.c **** L3GD20_Init();
 428              		.loc 1 155 0
 429 01a0 FFF7FEFF 		bl	L3GD20_Init
 430              	.LVL51:
 431 01a4 6425     		movs	r5, #100
 432              	.LVL52:
 433              	.L32:
 156:/home/user/Desktop/STM32-Projekte/FH-Vertibot/src/project_src/L3GD20_Lib_SPI.c **** 
 157:/home/user/Desktop/STM32-Projekte/FH-Vertibot/src/project_src/L3GD20_Lib_SPI.c **** //discard the first 100 values
 158:/home/user/Desktop/STM32-Projekte/FH-Vertibot/src/project_src/L3GD20_Lib_SPI.c **** for(i=0;i<100;i++)
 159:/home/user/Desktop/STM32-Projekte/FH-Vertibot/src/project_src/L3GD20_Lib_SPI.c **** {
 160:/home/user/Desktop/STM32-Projekte/FH-Vertibot/src/project_src/L3GD20_Lib_SPI.c **** 	Gyro_readValues(gyroOffset);
 434              		.loc 1 160 0 discriminator 2
 435 01a6 2046     		mov	r0, r4
 436 01a8 FFF7FEFF 		bl	Gyro_readValues
 437              	.LVL53:
 158:/home/user/Desktop/STM32-Projekte/FH-Vertibot/src/project_src/L3GD20_Lib_SPI.c **** for(i=0;i<100;i++)
 438              		.loc 1 158 0 discriminator 2
 439 01ac 013D     		subs	r5, r5, #1
 440 01ae FAD1     		bne	.L32
 161:/home/user/Desktop/STM32-Projekte/FH-Vertibot/src/project_src/L3GD20_Lib_SPI.c **** }
 162:/home/user/Desktop/STM32-Projekte/FH-Vertibot/src/project_src/L3GD20_Lib_SPI.c **** 
 163:/home/user/Desktop/STM32-Projekte/FH-Vertibot/src/project_src/L3GD20_Lib_SPI.c **** gyroOffset->gyroValueX = 0;
 441              		.loc 1 163 0
 442 01b0 2580     		strh	r5, [r4, #0]	@ movhi
 164:/home/user/Desktop/STM32-Projekte/FH-Vertibot/src/project_src/L3GD20_Lib_SPI.c **** gyroOffset->gyroValueY = 0;
 443              		.loc 1 164 0
 444 01b2 6580     		strh	r5, [r4, #2]	@ movhi
 165:/home/user/Desktop/STM32-Projekte/FH-Vertibot/src/project_src/L3GD20_Lib_SPI.c **** gyroOffset->gyroValueZ = 0;
 445              		.loc 1 165 0
 446 01b4 A580     		strh	r5, [r4, #4]	@ movhi
 447              	.LVL54:
 448 01b6 4FF49678 		mov	r8, #300
 152:/home/user/Desktop/STM32-Projekte/FH-Vertibot/src/project_src/L3GD20_Lib_SPI.c **** int32_t tmpY = 0;
 449              		.loc 1 152 0
 450 01ba 2E46     		mov	r6, r5
 151:/home/user/Desktop/STM32-Projekte/FH-Vertibot/src/project_src/L3GD20_Lib_SPI.c **** int32_t tmpX = 0;
 451              		.loc 1 151 0
 452 01bc 2F46     		mov	r7, r5
 453              	.LVL55:
 454              	.L33:
 166:/home/user/Desktop/STM32-Projekte/FH-Vertibot/src/project_src/L3GD20_Lib_SPI.c **** 
 167:/home/user/Desktop/STM32-Projekte/FH-Vertibot/src/project_src/L3GD20_Lib_SPI.c **** /***************Calibrate the Gyro***************/
 168:/home/user/Desktop/STM32-Projekte/FH-Vertibot/src/project_src/L3GD20_Lib_SPI.c **** for(i=0;i<average_loop_value;i++)
 169:/home/user/Desktop/STM32-Projekte/FH-Vertibot/src/project_src/L3GD20_Lib_SPI.c **** {
 170:/home/user/Desktop/STM32-Projekte/FH-Vertibot/src/project_src/L3GD20_Lib_SPI.c **** 
 171:/home/user/Desktop/STM32-Projekte/FH-Vertibot/src/project_src/L3GD20_Lib_SPI.c **** 	Gyro_readValues(gyroOffset);
 455              		.loc 1 171 0 discriminator 2
 456 01be 2046     		mov	r0, r4
 457 01c0 FFF7FEFF 		bl	Gyro_readValues
 458              	.LVL56:
 172:/home/user/Desktop/STM32-Projekte/FH-Vertibot/src/project_src/L3GD20_Lib_SPI.c **** 	tmpX += gyroOffset->gyroValueX;
 459              		.loc 1 172 0 discriminator 2
 460 01c4 B4F90030 		ldrsh	r3, [r4, #0]
 461 01c8 FF18     		adds	r7, r7, r3
 462              	.LVL57:
 173:/home/user/Desktop/STM32-Projekte/FH-Vertibot/src/project_src/L3GD20_Lib_SPI.c **** 	tmpY += gyroOffset->gyroValueY;
 463              		.loc 1 173 0 discriminator 2
 464 01ca B4F90230 		ldrsh	r3, [r4, #2]
 465 01ce F618     		adds	r6, r6, r3
 466              	.LVL58:
 174:/home/user/Desktop/STM32-Projekte/FH-Vertibot/src/project_src/L3GD20_Lib_SPI.c **** 	tmpZ += gyroOffset->gyroValueZ;
 467              		.loc 1 174 0 discriminator 2
 468 01d0 B4F90430 		ldrsh	r3, [r4, #4]
 168:/home/user/Desktop/STM32-Projekte/FH-Vertibot/src/project_src/L3GD20_Lib_SPI.c **** for(i=0;i<average_loop_value;i++)
 469              		.loc 1 168 0 discriminator 2
 470 01d4 B8F10108 		subs	r8, r8, #1
 471              		.loc 1 174 0 discriminator 2
 472 01d8 1D44     		add	r5, r5, r3
 473              	.LVL59:
 168:/home/user/Desktop/STM32-Projekte/FH-Vertibot/src/project_src/L3GD20_Lib_SPI.c **** for(i=0;i<average_loop_value;i++)
 474              		.loc 1 168 0 discriminator 2
 475 01da F0D1     		bne	.L33
 175:/home/user/Desktop/STM32-Projekte/FH-Vertibot/src/project_src/L3GD20_Lib_SPI.c **** }
 176:/home/user/Desktop/STM32-Projekte/FH-Vertibot/src/project_src/L3GD20_Lib_SPI.c **** 
 177:/home/user/Desktop/STM32-Projekte/FH-Vertibot/src/project_src/L3GD20_Lib_SPI.c **** gyroOffset->gyroValueX = tmpX/average_loop_value;
 476              		.loc 1 177 0
 477 01dc 4FF49673 		mov	r3, #300
 478 01e0 97FBF3F7 		sdiv	r7, r7, r3
 479              	.LVL60:
 178:/home/user/Desktop/STM32-Projekte/FH-Vertibot/src/project_src/L3GD20_Lib_SPI.c **** gyroOffset->gyroValueY = tmpY/average_loop_value;
 480              		.loc 1 178 0
 481 01e4 96FBF3F6 		sdiv	r6, r6, r3
 482              	.LVL61:
 179:/home/user/Desktop/STM32-Projekte/FH-Vertibot/src/project_src/L3GD20_Lib_SPI.c **** gyroOffset->gyroValueZ = tmpZ/average_loop_value;
 483              		.loc 1 179 0
 484 01e8 95FBF3F5 		sdiv	r5, r5, r3
 485              	.LVL62:
 177:/home/user/Desktop/STM32-Projekte/FH-Vertibot/src/project_src/L3GD20_Lib_SPI.c **** gyroOffset->gyroValueX = tmpX/average_loop_value;
 486              		.loc 1 177 0
 487 01ec 2780     		strh	r7, [r4, #0]	@ movhi
 178:/home/user/Desktop/STM32-Projekte/FH-Vertibot/src/project_src/L3GD20_Lib_SPI.c **** gyroOffset->gyroValueY = tmpY/average_loop_value;
 488              		.loc 1 178 0
 489 01ee 6680     		strh	r6, [r4, #2]	@ movhi
 490              		.loc 1 179 0
 491 01f0 A580     		strh	r5, [r4, #4]	@ movhi
 492 01f2 BDE8F081 		pop	{r4, r5, r6, r7, r8, pc}
 493              		.cfi_endproc
 494              	.LFE116:
 496              	.Letext0:
 497              		.file 2 "/opt/CodeSourcery/Sourcery_CodeBench_Lite_for_ARM_EABI/bin/../lib/gcc/arm-none-eabi/4.7.2
 498              		.file 3 "/home/user/Desktop/STM32-Projekte/FH-Vertibot/src/CMSIS/Device/ST/STM32F30x/Include/stm32
 499              		.file 4 "/home/user/Desktop/STM32-Projekte/FH-Vertibot/src/project_inc/L3GD20_Lib_SPI.h"
 500              		.file 5 "/home/user/Desktop/STM32-Projekte/FH-Vertibot/src/STM32F30x_StdPeriph_Driver/inc/stm32f30
 501              		.file 6 "/home/user/Desktop/STM32-Projekte/FH-Vertibot/src/STM32F30x_StdPeriph_Driver/inc/stm32f30
 502              		.file 7 "/home/user/Desktop/STM32-Projekte/FH-Vertibot/src/CMSIS/Include/core_cm4.h"
DEFINED SYMBOLS
                            *ABS*:00000000 L3GD20_Lib_SPI.c
     /tmp/cc1W959A.s:20     .text:00000000 $t
     /tmp/cc1W959A.s:24     .text:00000000 L3GD20_SendByte
     /tmp/cc1W959A.s:70     .text:00000030 $d
     /tmp/cc1W959A.s:74     .text:00000034 $t
     /tmp/cc1W959A.s:79     .text:00000034 L3GD20_Init
     /tmp/cc1W959A.s:170    .text:000000ac $d
     /tmp/cc1W959A.s:174    .text:000000b0 $t
     /tmp/cc1W959A.s:179    .text:000000b0 L3GD20_Read
     /tmp/cc1W959A.s:250    .text:000000f0 $d
     /tmp/cc1W959A.s:254    .text:000000f4 $t
     /tmp/cc1W959A.s:259    .text:000000f4 Gyro_convert
     /tmp/cc1W959A.s:319    .text:0000012e Gyro_readValues
     /tmp/cc1W959A.s:410    .text:0000019a Gyro_calibrate
                     .debug_frame:00000010 $d
                           .group:00000000 wm4.1.d481a9f4eba3ec0ceb0050fd0b2feec2
                           .group:00000000 wm4.stm32f30x.h.54.c7b24f715ee55ef38656f44540ae3be6
                           .group:00000000 wm4.core_cm4.h.32.1434cd257ff5806b1b03cd32ab0641e9
                           .group:00000000 wm4.stdint.h.10.90b695f550ca6cc3fb08fa83baf01e05
                           .group:00000000 wm4.core_cmInstr.h.25.d8165482ef3061013a2fc83e2d85f3d9
                           .group:00000000 wm4.core_cm4_simd.h.29.013e5bcf58dba2d27c60184174208e07
                           .group:00000000 wm4.core_cm4.h.155.cf7c793e178943e1bbf613f1b21cd51a
                           .group:00000000 wm4.stm32f30x.h.292.5f9271075d54fc48f1e25ff79df85cb2
                           .group:00000000 wm4.stm32f30x_adc.h.130.cbebad91f78fb87381fe0860eea6104e
                           .group:00000000 wm4.stm32f30x_comp.h.31.9bbc5f5f1a849069ea9062fbe7b81435
                           .group:00000000 wm4.stm32f30x_dma.h.31.73d173fa6d60026d432f3cf1d2fc4407
                           .group:00000000 wm4.stm32f30x_exti.h.31.22e280aa6e095108654ac8d3c74a2409
                           .group:00000000 wm4.stm32f30x_flash.h.31.bee86dc3079b7049419bdbeec073e2cd
                           .group:00000000 wm4.stm32f30x_gpio.h.31.3745297fee3728b346ad4d2a2467e40f
                           .group:00000000 wm4.stm32f30x_syscfg.h.31.96b023b7dbc3641f358604478433eb5c
                           .group:00000000 wm4.stm32f30x_i2c.h.31.52025acd7f154308042bf46a2835e9d3
                           .group:00000000 wm4.stm32f30x_pwr.h.31.cdef322c6e7f25cfc29954045d24e9b8
                           .group:00000000 wm4.stm32f30x_rcc.h.31.3b94c1144b21d1e4fe780e4d1a02d257
                           .group:00000000 wm4.stm32f30x_spi.h.31.c1ebebab897d23cecc617ec8ad9fd534
                           .group:00000000 wm4.stm32f30x_tim.h.31.336f9cd855fb4e2cd819ac260ded6518
                           .group:00000000 wm4.stm32f30x_usart.h.31.cd85313e29c0a128555b4a7b8ec0f487
                           .group:00000000 wm4.stm32f30x_misc.h.31.f08b0e9f53f0471613b5131bb95f8725
                           .group:00000000 wm4.stm32f30x.h.6173.8b641ba1d9b0040eda9120fe8a414b2d
                           .group:00000000 wm4.newlib.h.8.e1d498e57c12962fc6d7be5061a6981a
                           .group:00000000 wm4.config.h.148.52fe83653334d06815a0c57b59a3e584
                           .group:00000000 wm4._ansi.h.23.95dee4059009fe3ab635a191bb73dc66
                           .group:00000000 wm4.stdio.h.31.f48311dde756a2aec27351b58a280fb9
                           .group:00000000 wm4.stddef.h.187.9e651b6b8b16e149c1353259404973ea
                           .group:00000000 wm4.stdarg.h.34.3a23a216c0c293b3d2ea2e89281481e6
                           .group:00000000 wm4._default_types.h.6.1dbd2e581fd590860c7c17f21d147e91
                           .group:00000000 wm4.lock.h.2.9bc98482741e5e2a9450b12934a684ea
                           .group:00000000 wm4.stddef.h.349.31f4c5baff3fa2689010b32028da9c47
                           .group:00000000 wm4.reent.h.16.58b23a9f0faf0e7f2dfe7e2d33154afd
                           .group:00000000 wm4.types.h.23.0d949686bbcadd1621462d4fa1f884f9
                           .group:00000000 wm4.stddef.h.40.cf962ebbec441b3ac67502735f0765db
                           .group:00000000 wm4.types.h.2.e9cec8c90ab35f77d9f499e06ae02400
                           .group:00000000 wm4.types.h.80.f2bfdfeee9f340633702c07fad9b5e01
                           .group:00000000 wm4.stdio.h.2.4aa87247282eca6c8f36f9de33d8df1a
                           .group:00000000 wm4.stdio.h.63.1f4bc553faa62c5c69dd9cb47f9f1417
                           .group:00000000 wm4.stdlib.h.18.6f6153fd5cb89acd58c0f0ab1f77e147
                           .group:00000000 wm4.stddef.h.161.e50ff8a9d5d1abbc15641da28ac571bf
                           .group:00000000 wm4.alloca.h.8.dfc0c703c47ec3e69746825b17d9e66d
                           .group:00000000 wm4.stdlib.h.58.3943707ca024393181a6211b2c8a1625
                           .group:00000000 wm4.ctype.h.2.fecd14bb6f4e162ef31748cc97760e21
                           .group:00000000 wm4.math.h.49.5da716593b937b9fb02bef6ed6537c13
                           .group:00000000 wm4.L3GD20_Lib_SPI.h.14.2d8e0310bdc090fe291fed780bf82642

UNDEFINED SYMBOLS
SPI_I2S_GetFlagStatus
SPI_SendData8
SPI_ReceiveData8
GPIO_ResetBits
GPIO_SetBits
