   1              		.syntax unified
   2              		.cpu cortex-m4
   3              		.eabi_attribute 27, 3
   4              		.eabi_attribute 28, 1
   5              		.fpu fpv4-sp-d16
   6              		.eabi_attribute 20, 1
   7              		.eabi_attribute 21, 1
   8              		.eabi_attribute 23, 3
   9              		.eabi_attribute 24, 1
  10              		.eabi_attribute 25, 1
  11              		.eabi_attribute 26, 1
  12              		.eabi_attribute 30, 4
  13              		.eabi_attribute 34, 1
  14              		.eabi_attribute 18, 4
  15              		.thumb
  16              		.file	"LSM303DLHC_Lib_I2C.c"
  17              		.text
  18              	.Ltext0:
  19              		.cfi_sections	.debug_frame
  20              		.align	1
  21              		.global	LSM303DLHC_Write
  22              		.thumb
  23              		.thumb_func
  25              	LSM303DLHC_Write:
  26              	.LFB111:
  27              		.file 1 "/home/user/Desktop/STM32-Projekte/FH-Vertibot/src/project_src/LSM303DLHC_Lib_I2C.c"
   1:/home/user/Desktop/STM32-Projekte/FH-Vertibot/src/project_src/LSM303DLHC_Lib_I2C.c **** #include <LSM303DLHC_Lib_I2C.h>
   2:/home/user/Desktop/STM32-Projekte/FH-Vertibot/src/project_src/LSM303DLHC_Lib_I2C.c **** 
   3:/home/user/Desktop/STM32-Projekte/FH-Vertibot/src/project_src/LSM303DLHC_Lib_I2C.c **** 
   4:/home/user/Desktop/STM32-Projekte/FH-Vertibot/src/project_src/LSM303DLHC_Lib_I2C.c **** void LSM303DLHC_Write(uint8_t DeviceAddr, uint8_t RegAddr, uint8_t* pBuffer)
   5:/home/user/Desktop/STM32-Projekte/FH-Vertibot/src/project_src/LSM303DLHC_Lib_I2C.c **** {
  28              		.loc 1 5 0
  29              		.cfi_startproc
  30              		@ args = 0, pretend = 0, frame = 0
  31              		@ frame_needed = 0, uses_anonymous_args = 0
  32              	.LVL0:
  33 0000 73B5     		push	{r0, r1, r4, r5, r6, lr}
  34              	.LCFI0:
  35              		.cfi_def_cfa_offset 24
  36              		.cfi_offset 0, -24
  37              		.cfi_offset 1, -20
  38              		.cfi_offset 4, -16
  39              		.cfi_offset 5, -12
  40              		.cfi_offset 6, -8
  41              		.cfi_offset 14, -4
  42 0002 0446     		mov	r4, r0
  43 0004 0E46     		mov	r6, r1
  44 0006 1546     		mov	r5, r2
  45              	.LVL1:
  46              	.L3:
   6:/home/user/Desktop/STM32-Projekte/FH-Vertibot/src/project_src/LSM303DLHC_Lib_I2C.c ****   /* Test on BUSY Flag */
   7:/home/user/Desktop/STM32-Projekte/FH-Vertibot/src/project_src/LSM303DLHC_Lib_I2C.c ****   while(I2C_GetFlagStatus(LSM303DLHC_I2C, I2C_ISR_BUSY) != RESET)
  47              		.loc 1 7 0 discriminator 1
  48 0008 2048     		ldr	r0, .L13
  49 000a 4FF40041 		mov	r1, #32768
  50 000e FFF7FEFF 		bl	I2C_GetFlagStatus
  51              	.LVL2:
  52 0012 0028     		cmp	r0, #0
  53 0014 F8D1     		bne	.L3
   8:/home/user/Desktop/STM32-Projekte/FH-Vertibot/src/project_src/LSM303DLHC_Lib_I2C.c ****   {
   9:/home/user/Desktop/STM32-Projekte/FH-Vertibot/src/project_src/LSM303DLHC_Lib_I2C.c ****   }
  10:/home/user/Desktop/STM32-Projekte/FH-Vertibot/src/project_src/LSM303DLHC_Lib_I2C.c **** 
  11:/home/user/Desktop/STM32-Projekte/FH-Vertibot/src/project_src/LSM303DLHC_Lib_I2C.c ****   /* Configure slave address, nbytes, reload, end mode and start or stop generation */
  12:/home/user/Desktop/STM32-Projekte/FH-Vertibot/src/project_src/LSM303DLHC_Lib_I2C.c ****   I2C_TransferHandling(LSM303DLHC_I2C, DeviceAddr, 1, I2C_Reload_Mode, I2C_Generate_Start_Write);
  54              		.loc 1 12 0
  55 0016 4FF40053 		mov	r3, #8192
  56 001a 0093     		str	r3, [sp]
  57 001c 1B48     		ldr	r0, .L13
  58 001e 2146     		mov	r1, r4
  59 0020 0122     		movs	r2, #1
  60 0022 4FF08073 		mov	r3, #16777216
  61 0026 FFF7FEFF 		bl	I2C_TransferHandling
  62              	.LVL3:
  63              	.L5:
  13:/home/user/Desktop/STM32-Projekte/FH-Vertibot/src/project_src/LSM303DLHC_Lib_I2C.c **** 
  14:/home/user/Desktop/STM32-Projekte/FH-Vertibot/src/project_src/LSM303DLHC_Lib_I2C.c ****   /* Wait until TXIS flag is set */
  15:/home/user/Desktop/STM32-Projekte/FH-Vertibot/src/project_src/LSM303DLHC_Lib_I2C.c ****   while(I2C_GetFlagStatus(LSM303DLHC_I2C, I2C_ISR_TXIS) == RESET)
  64              		.loc 1 15 0 discriminator 1
  65 002a 1848     		ldr	r0, .L13
  66 002c 0221     		movs	r1, #2
  67 002e FFF7FEFF 		bl	I2C_GetFlagStatus
  68              	.LVL4:
  69 0032 0028     		cmp	r0, #0
  70 0034 F9D0     		beq	.L5
  16:/home/user/Desktop/STM32-Projekte/FH-Vertibot/src/project_src/LSM303DLHC_Lib_I2C.c ****   {
  17:/home/user/Desktop/STM32-Projekte/FH-Vertibot/src/project_src/LSM303DLHC_Lib_I2C.c ****   }
  18:/home/user/Desktop/STM32-Projekte/FH-Vertibot/src/project_src/LSM303DLHC_Lib_I2C.c **** 
  19:/home/user/Desktop/STM32-Projekte/FH-Vertibot/src/project_src/LSM303DLHC_Lib_I2C.c ****   /* Send Register address */
  20:/home/user/Desktop/STM32-Projekte/FH-Vertibot/src/project_src/LSM303DLHC_Lib_I2C.c ****   I2C_SendData(LSM303DLHC_I2C, (uint8_t) RegAddr);
  71              		.loc 1 20 0
  72 0036 1548     		ldr	r0, .L13
  73 0038 3146     		mov	r1, r6
  74 003a FFF7FEFF 		bl	I2C_SendData
  75              	.LVL5:
  76              	.L7:
  21:/home/user/Desktop/STM32-Projekte/FH-Vertibot/src/project_src/LSM303DLHC_Lib_I2C.c **** 
  22:/home/user/Desktop/STM32-Projekte/FH-Vertibot/src/project_src/LSM303DLHC_Lib_I2C.c ****   /* Wait until TCR flag is set */
  23:/home/user/Desktop/STM32-Projekte/FH-Vertibot/src/project_src/LSM303DLHC_Lib_I2C.c ****   while(I2C_GetFlagStatus(LSM303DLHC_I2C, I2C_ISR_TCR) == RESET)
  77              		.loc 1 23 0 discriminator 1
  78 003e 1348     		ldr	r0, .L13
  79 0040 8021     		movs	r1, #128
  80 0042 FFF7FEFF 		bl	I2C_GetFlagStatus
  81              	.LVL6:
  82 0046 0028     		cmp	r0, #0
  83 0048 F9D0     		beq	.L7
  24:/home/user/Desktop/STM32-Projekte/FH-Vertibot/src/project_src/LSM303DLHC_Lib_I2C.c ****   {
  25:/home/user/Desktop/STM32-Projekte/FH-Vertibot/src/project_src/LSM303DLHC_Lib_I2C.c ****   }
  26:/home/user/Desktop/STM32-Projekte/FH-Vertibot/src/project_src/LSM303DLHC_Lib_I2C.c **** 
  27:/home/user/Desktop/STM32-Projekte/FH-Vertibot/src/project_src/LSM303DLHC_Lib_I2C.c ****   /* Configure slave address, nbytes, reload, end mode and start or stop generation */
  28:/home/user/Desktop/STM32-Projekte/FH-Vertibot/src/project_src/LSM303DLHC_Lib_I2C.c ****   I2C_TransferHandling(LSM303DLHC_I2C, DeviceAddr, 1, I2C_AutoEnd_Mode, I2C_No_StartStop);
  84              		.loc 1 28 0
  85 004a 0023     		movs	r3, #0
  86 004c 0093     		str	r3, [sp]
  87 004e 0F48     		ldr	r0, .L13
  88 0050 2146     		mov	r1, r4
  89 0052 0122     		movs	r2, #1
  90 0054 4FF00073 		mov	r3, #33554432
  91 0058 FFF7FEFF 		bl	I2C_TransferHandling
  92              	.LVL7:
  93              	.L9:
  29:/home/user/Desktop/STM32-Projekte/FH-Vertibot/src/project_src/LSM303DLHC_Lib_I2C.c **** 
  30:/home/user/Desktop/STM32-Projekte/FH-Vertibot/src/project_src/LSM303DLHC_Lib_I2C.c ****   /* Wait until TXIS flag is set */
  31:/home/user/Desktop/STM32-Projekte/FH-Vertibot/src/project_src/LSM303DLHC_Lib_I2C.c ****   while(I2C_GetFlagStatus(LSM303DLHC_I2C, I2C_ISR_TXIS) == RESET)
  94              		.loc 1 31 0 discriminator 1
  95 005c 0B48     		ldr	r0, .L13
  96 005e 0221     		movs	r1, #2
  97 0060 FFF7FEFF 		bl	I2C_GetFlagStatus
  98              	.LVL8:
  99 0064 0028     		cmp	r0, #0
 100 0066 F9D0     		beq	.L9
  32:/home/user/Desktop/STM32-Projekte/FH-Vertibot/src/project_src/LSM303DLHC_Lib_I2C.c ****   {
  33:/home/user/Desktop/STM32-Projekte/FH-Vertibot/src/project_src/LSM303DLHC_Lib_I2C.c ****   }
  34:/home/user/Desktop/STM32-Projekte/FH-Vertibot/src/project_src/LSM303DLHC_Lib_I2C.c **** 
  35:/home/user/Desktop/STM32-Projekte/FH-Vertibot/src/project_src/LSM303DLHC_Lib_I2C.c ****   /* Write data to TXDR */
  36:/home/user/Desktop/STM32-Projekte/FH-Vertibot/src/project_src/LSM303DLHC_Lib_I2C.c ****   I2C_SendData(LSM303DLHC_I2C, *pBuffer);
 101              		.loc 1 36 0
 102 0068 0848     		ldr	r0, .L13
 103 006a 2978     		ldrb	r1, [r5]	@ zero_extendqisi2
 104 006c FFF7FEFF 		bl	I2C_SendData
 105              	.LVL9:
 106              	.L11:
  37:/home/user/Desktop/STM32-Projekte/FH-Vertibot/src/project_src/LSM303DLHC_Lib_I2C.c **** 
  38:/home/user/Desktop/STM32-Projekte/FH-Vertibot/src/project_src/LSM303DLHC_Lib_I2C.c ****   /* Wait until STOPF flag is set */
  39:/home/user/Desktop/STM32-Projekte/FH-Vertibot/src/project_src/LSM303DLHC_Lib_I2C.c ****   while(I2C_GetFlagStatus(LSM303DLHC_I2C, I2C_ISR_STOPF) == RESET)
 107              		.loc 1 39 0 discriminator 1
 108 0070 0648     		ldr	r0, .L13
 109 0072 2021     		movs	r1, #32
 110 0074 FFF7FEFF 		bl	I2C_GetFlagStatus
 111              	.LVL10:
 112 0078 0028     		cmp	r0, #0
 113 007a F9D0     		beq	.L11
  40:/home/user/Desktop/STM32-Projekte/FH-Vertibot/src/project_src/LSM303DLHC_Lib_I2C.c ****   {
  41:/home/user/Desktop/STM32-Projekte/FH-Vertibot/src/project_src/LSM303DLHC_Lib_I2C.c ****   }
  42:/home/user/Desktop/STM32-Projekte/FH-Vertibot/src/project_src/LSM303DLHC_Lib_I2C.c **** 
  43:/home/user/Desktop/STM32-Projekte/FH-Vertibot/src/project_src/LSM303DLHC_Lib_I2C.c ****   /* Clear STOPF flag */
  44:/home/user/Desktop/STM32-Projekte/FH-Vertibot/src/project_src/LSM303DLHC_Lib_I2C.c ****   I2C_ClearFlag(LSM303DLHC_I2C, I2C_ICR_STOPCF);
 114              		.loc 1 44 0
 115 007c 0348     		ldr	r0, .L13
 116 007e 2021     		movs	r1, #32
  45:/home/user/Desktop/STM32-Projekte/FH-Vertibot/src/project_src/LSM303DLHC_Lib_I2C.c **** }
 117              		.loc 1 45 0
 118 0080 02B0     		add	sp, sp, #8
 119              		@ sp needed
 120 0082 BDE87040 		pop	{r4, r5, r6, lr}
 121              	.LVL11:
  44:/home/user/Desktop/STM32-Projekte/FH-Vertibot/src/project_src/LSM303DLHC_Lib_I2C.c ****   I2C_ClearFlag(LSM303DLHC_I2C, I2C_ICR_STOPCF);
 122              		.loc 1 44 0
 123 0086 FFF7FEBF 		b	I2C_ClearFlag
 124              	.LVL12:
 125              	.L14:
 126 008a 00BF     		.align	2
 127              	.L13:
 128 008c 00540040 		.word	1073763328
 129              		.cfi_endproc
 130              	.LFE111:
 132              		.align	1
 133              		.global	LSM303DLHC_Read
 134              		.thumb
 135              		.thumb_func
 137              	LSM303DLHC_Read:
 138              	.LFB112:
  46:/home/user/Desktop/STM32-Projekte/FH-Vertibot/src/project_src/LSM303DLHC_Lib_I2C.c **** 
  47:/home/user/Desktop/STM32-Projekte/FH-Vertibot/src/project_src/LSM303DLHC_Lib_I2C.c **** 
  48:/home/user/Desktop/STM32-Projekte/FH-Vertibot/src/project_src/LSM303DLHC_Lib_I2C.c **** void LSM303DLHC_Read(uint8_t DeviceAddr, uint8_t RegAddr, uint8_t* pBuffer, uint16_t NumByteToRead)
  49:/home/user/Desktop/STM32-Projekte/FH-Vertibot/src/project_src/LSM303DLHC_Lib_I2C.c **** {
 139              		.loc 1 49 0
 140              		.cfi_startproc
 141              		@ args = 0, pretend = 0, frame = 0
 142              		@ frame_needed = 0, uses_anonymous_args = 0
 143              	.LVL13:
 144 0090 F7B5     		push	{r0, r1, r2, r4, r5, r6, r7, lr}
 145              	.LCFI1:
 146              		.cfi_def_cfa_offset 32
 147              		.cfi_offset 0, -32
 148              		.cfi_offset 1, -28
 149              		.cfi_offset 2, -24
 150              		.cfi_offset 4, -20
 151              		.cfi_offset 5, -16
 152              		.cfi_offset 6, -12
 153              		.cfi_offset 7, -8
 154              		.cfi_offset 14, -4
 155 0092 0646     		mov	r6, r0
 156 0094 0C46     		mov	r4, r1
 157 0096 1746     		mov	r7, r2
 158 0098 1D46     		mov	r5, r3
 159              	.LVL14:
 160              	.L17:
  50:/home/user/Desktop/STM32-Projekte/FH-Vertibot/src/project_src/LSM303DLHC_Lib_I2C.c ****   /* Test on BUSY Flag */
  51:/home/user/Desktop/STM32-Projekte/FH-Vertibot/src/project_src/LSM303DLHC_Lib_I2C.c ****   while(I2C_GetFlagStatus(LSM303DLHC_I2C, I2C_ISR_BUSY) != RESET)
 161              		.loc 1 51 0 discriminator 1
 162 009a 2548     		ldr	r0, .L29
 163 009c 4FF40041 		mov	r1, #32768
 164 00a0 FFF7FEFF 		bl	I2C_GetFlagStatus
 165              	.LVL15:
 166 00a4 0346     		mov	r3, r0
 167 00a6 0028     		cmp	r0, #0
 168 00a8 F7D1     		bne	.L17
  52:/home/user/Desktop/STM32-Projekte/FH-Vertibot/src/project_src/LSM303DLHC_Lib_I2C.c ****   {
  53:/home/user/Desktop/STM32-Projekte/FH-Vertibot/src/project_src/LSM303DLHC_Lib_I2C.c ****   }
  54:/home/user/Desktop/STM32-Projekte/FH-Vertibot/src/project_src/LSM303DLHC_Lib_I2C.c **** 
  55:/home/user/Desktop/STM32-Projekte/FH-Vertibot/src/project_src/LSM303DLHC_Lib_I2C.c ****   /* Configure slave address, nbytes, reload, end mode and start or stop generation */
  56:/home/user/Desktop/STM32-Projekte/FH-Vertibot/src/project_src/LSM303DLHC_Lib_I2C.c ****   I2C_TransferHandling(LSM303DLHC_I2C, DeviceAddr, 1, I2C_SoftEnd_Mode, I2C_Generate_Start_Write);
 169              		.loc 1 56 0
 170 00aa 4FF40052 		mov	r2, #8192
 171 00ae 0092     		str	r2, [sp]
 172 00b0 1F48     		ldr	r0, .L29
 173 00b2 3146     		mov	r1, r6
 174 00b4 0122     		movs	r2, #1
 175 00b6 FFF7FEFF 		bl	I2C_TransferHandling
 176              	.LVL16:
 177              	.L19:
  57:/home/user/Desktop/STM32-Projekte/FH-Vertibot/src/project_src/LSM303DLHC_Lib_I2C.c **** 
  58:/home/user/Desktop/STM32-Projekte/FH-Vertibot/src/project_src/LSM303DLHC_Lib_I2C.c ****   /* Wait until TXIS flag is set */
  59:/home/user/Desktop/STM32-Projekte/FH-Vertibot/src/project_src/LSM303DLHC_Lib_I2C.c ****   while(I2C_GetFlagStatus(LSM303DLHC_I2C, I2C_ISR_TXIS) == RESET)
 178              		.loc 1 59 0 discriminator 1
 179 00ba 1D48     		ldr	r0, .L29
 180 00bc 0221     		movs	r1, #2
 181 00be FFF7FEFF 		bl	I2C_GetFlagStatus
 182              	.LVL17:
 183 00c2 0028     		cmp	r0, #0
 184 00c4 F9D0     		beq	.L19
  60:/home/user/Desktop/STM32-Projekte/FH-Vertibot/src/project_src/LSM303DLHC_Lib_I2C.c ****   {
  61:/home/user/Desktop/STM32-Projekte/FH-Vertibot/src/project_src/LSM303DLHC_Lib_I2C.c ****   }
  62:/home/user/Desktop/STM32-Projekte/FH-Vertibot/src/project_src/LSM303DLHC_Lib_I2C.c **** 
  63:/home/user/Desktop/STM32-Projekte/FH-Vertibot/src/project_src/LSM303DLHC_Lib_I2C.c ****   if(NumByteToRead>1)
 185              		.loc 1 63 0
 186 00c6 012D     		cmp	r5, #1
  64:/home/user/Desktop/STM32-Projekte/FH-Vertibot/src/project_src/LSM303DLHC_Lib_I2C.c ****       RegAddr |= 0x80;
 187              		.loc 1 64 0
 188 00c8 88BF     		it	hi
 189 00ca 44F08004 		orrhi	r4, r4, #128
 190              	.LVL18:
  65:/home/user/Desktop/STM32-Projekte/FH-Vertibot/src/project_src/LSM303DLHC_Lib_I2C.c **** 
  66:/home/user/Desktop/STM32-Projekte/FH-Vertibot/src/project_src/LSM303DLHC_Lib_I2C.c **** 
  67:/home/user/Desktop/STM32-Projekte/FH-Vertibot/src/project_src/LSM303DLHC_Lib_I2C.c ****   /* Send Register address */
  68:/home/user/Desktop/STM32-Projekte/FH-Vertibot/src/project_src/LSM303DLHC_Lib_I2C.c ****   I2C_SendData(LSM303DLHC_I2C, (uint8_t)RegAddr);
 191              		.loc 1 68 0
 192 00ce 1848     		ldr	r0, .L29
 193 00d0 2146     		mov	r1, r4
 194 00d2 FFF7FEFF 		bl	I2C_SendData
 195              	.LVL19:
 196              	.L22:
  69:/home/user/Desktop/STM32-Projekte/FH-Vertibot/src/project_src/LSM303DLHC_Lib_I2C.c **** 
  70:/home/user/Desktop/STM32-Projekte/FH-Vertibot/src/project_src/LSM303DLHC_Lib_I2C.c ****   /* Wait until TC flag is set */
  71:/home/user/Desktop/STM32-Projekte/FH-Vertibot/src/project_src/LSM303DLHC_Lib_I2C.c ****   while(I2C_GetFlagStatus(LSM303DLHC_I2C, I2C_ISR_TC) == RESET)
 197              		.loc 1 71 0 discriminator 1
 198 00d6 1648     		ldr	r0, .L29
 199 00d8 4021     		movs	r1, #64
 200 00da FFF7FEFF 		bl	I2C_GetFlagStatus
 201              	.LVL20:
 202 00de 0028     		cmp	r0, #0
 203 00e0 F9D0     		beq	.L22
  72:/home/user/Desktop/STM32-Projekte/FH-Vertibot/src/project_src/LSM303DLHC_Lib_I2C.c ****   {
  73:/home/user/Desktop/STM32-Projekte/FH-Vertibot/src/project_src/LSM303DLHC_Lib_I2C.c ****   }
  74:/home/user/Desktop/STM32-Projekte/FH-Vertibot/src/project_src/LSM303DLHC_Lib_I2C.c **** 
  75:/home/user/Desktop/STM32-Projekte/FH-Vertibot/src/project_src/LSM303DLHC_Lib_I2C.c ****   /* Configure slave address, nbytes, reload, end mode and start or stop generation */
  76:/home/user/Desktop/STM32-Projekte/FH-Vertibot/src/project_src/LSM303DLHC_Lib_I2C.c ****   I2C_TransferHandling(LSM303DLHC_I2C, DeviceAddr, NumByteToRead, I2C_AutoEnd_Mode, I2C_Generate_St
 204              		.loc 1 76 0
 205 00e2 4FF41053 		mov	r3, #9216
 206 00e6 0093     		str	r3, [sp]
 207 00e8 1148     		ldr	r0, .L29
 208 00ea 3146     		mov	r1, r6
 209 00ec EAB2     		uxtb	r2, r5
 210 00ee 4FF00073 		mov	r3, #33554432
 211 00f2 FFF7FEFF 		bl	I2C_TransferHandling
 212              	.LVL21:
  77:/home/user/Desktop/STM32-Projekte/FH-Vertibot/src/project_src/LSM303DLHC_Lib_I2C.c **** 
  78:/home/user/Desktop/STM32-Projekte/FH-Vertibot/src/project_src/LSM303DLHC_Lib_I2C.c ****   /* Wait until all data are received */
  79:/home/user/Desktop/STM32-Projekte/FH-Vertibot/src/project_src/LSM303DLHC_Lib_I2C.c ****   while (NumByteToRead)
 213              		.loc 1 79 0
 214 00f6 0024     		movs	r4, #0
 215              	.LVL22:
 216              	.L23:
 217              		.loc 1 79 0 is_stmt 0 discriminator 1
 218 00f8 A3B2     		uxth	r3, r4
 219 00fa 9D42     		cmp	r5, r3
 220 00fc 0BD0     		beq	.L28
 221              	.L25:
  80:/home/user/Desktop/STM32-Projekte/FH-Vertibot/src/project_src/LSM303DLHC_Lib_I2C.c ****   {
  81:/home/user/Desktop/STM32-Projekte/FH-Vertibot/src/project_src/LSM303DLHC_Lib_I2C.c ****     /* Wait until RXNE flag is set */
  82:/home/user/Desktop/STM32-Projekte/FH-Vertibot/src/project_src/LSM303DLHC_Lib_I2C.c ****     while(I2C_GetFlagStatus(LSM303DLHC_I2C, I2C_ISR_RXNE) == RESET)
 222              		.loc 1 82 0 is_stmt 1
 223 00fe 0C48     		ldr	r0, .L29
 224 0100 0421     		movs	r1, #4
 225 0102 FFF7FEFF 		bl	I2C_GetFlagStatus
 226              	.LVL23:
 227 0106 0028     		cmp	r0, #0
 228 0108 F9D0     		beq	.L25
  83:/home/user/Desktop/STM32-Projekte/FH-Vertibot/src/project_src/LSM303DLHC_Lib_I2C.c ****     {
  84:/home/user/Desktop/STM32-Projekte/FH-Vertibot/src/project_src/LSM303DLHC_Lib_I2C.c ****     }
  85:/home/user/Desktop/STM32-Projekte/FH-Vertibot/src/project_src/LSM303DLHC_Lib_I2C.c **** 
  86:/home/user/Desktop/STM32-Projekte/FH-Vertibot/src/project_src/LSM303DLHC_Lib_I2C.c ****     /* Read data from RXDR */
  87:/home/user/Desktop/STM32-Projekte/FH-Vertibot/src/project_src/LSM303DLHC_Lib_I2C.c ****     *pBuffer = I2C_ReceiveData(LSM303DLHC_I2C);
 229              		.loc 1 87 0
 230 010a 0948     		ldr	r0, .L29
 231 010c FFF7FEFF 		bl	I2C_ReceiveData
 232              	.LVL24:
 233 0110 3855     		strb	r0, [r7, r4]
 234              	.LVL25:
 235 0112 0134     		adds	r4, r4, #1
 236              	.LVL26:
 237 0114 F0E7     		b	.L23
 238              	.LVL27:
 239              	.L28:
  88:/home/user/Desktop/STM32-Projekte/FH-Vertibot/src/project_src/LSM303DLHC_Lib_I2C.c ****     /* Point to the next location where the byte read will be saved */
  89:/home/user/Desktop/STM32-Projekte/FH-Vertibot/src/project_src/LSM303DLHC_Lib_I2C.c ****     pBuffer++;
  90:/home/user/Desktop/STM32-Projekte/FH-Vertibot/src/project_src/LSM303DLHC_Lib_I2C.c **** 
  91:/home/user/Desktop/STM32-Projekte/FH-Vertibot/src/project_src/LSM303DLHC_Lib_I2C.c ****     /* Decrement the read bytes counter */
  92:/home/user/Desktop/STM32-Projekte/FH-Vertibot/src/project_src/LSM303DLHC_Lib_I2C.c ****     NumByteToRead--;
  93:/home/user/Desktop/STM32-Projekte/FH-Vertibot/src/project_src/LSM303DLHC_Lib_I2C.c ****   }
  94:/home/user/Desktop/STM32-Projekte/FH-Vertibot/src/project_src/LSM303DLHC_Lib_I2C.c **** 
  95:/home/user/Desktop/STM32-Projekte/FH-Vertibot/src/project_src/LSM303DLHC_Lib_I2C.c ****   /* Wait until STOPF flag is set */
  96:/home/user/Desktop/STM32-Projekte/FH-Vertibot/src/project_src/LSM303DLHC_Lib_I2C.c ****   while(I2C_GetFlagStatus(LSM303DLHC_I2C, I2C_ISR_STOPF) == RESET)
 240              		.loc 1 96 0
 241 0116 0648     		ldr	r0, .L29
 242 0118 2021     		movs	r1, #32
 243 011a FFF7FEFF 		bl	I2C_GetFlagStatus
 244              	.LVL28:
 245 011e 0028     		cmp	r0, #0
 246 0120 F9D0     		beq	.L28
  97:/home/user/Desktop/STM32-Projekte/FH-Vertibot/src/project_src/LSM303DLHC_Lib_I2C.c ****   {
  98:/home/user/Desktop/STM32-Projekte/FH-Vertibot/src/project_src/LSM303DLHC_Lib_I2C.c ****   }
  99:/home/user/Desktop/STM32-Projekte/FH-Vertibot/src/project_src/LSM303DLHC_Lib_I2C.c **** 
 100:/home/user/Desktop/STM32-Projekte/FH-Vertibot/src/project_src/LSM303DLHC_Lib_I2C.c ****   /* Clear STOPF flag */
 101:/home/user/Desktop/STM32-Projekte/FH-Vertibot/src/project_src/LSM303DLHC_Lib_I2C.c ****   I2C_ClearFlag(LSM303DLHC_I2C, I2C_ICR_STOPCF);
 247              		.loc 1 101 0
 248 0122 0348     		ldr	r0, .L29
 249 0124 2021     		movs	r1, #32
 102:/home/user/Desktop/STM32-Projekte/FH-Vertibot/src/project_src/LSM303DLHC_Lib_I2C.c **** }
 250              		.loc 1 102 0
 251 0126 03B0     		add	sp, sp, #12
 252              		@ sp needed
 253 0128 BDE8F040 		pop	{r4, r5, r6, r7, lr}
 254              	.LVL29:
 101:/home/user/Desktop/STM32-Projekte/FH-Vertibot/src/project_src/LSM303DLHC_Lib_I2C.c ****   I2C_ClearFlag(LSM303DLHC_I2C, I2C_ICR_STOPCF);
 255              		.loc 1 101 0
 256 012c FFF7FEBF 		b	I2C_ClearFlag
 257              	.LVL30:
 258              	.L30:
 259              		.align	2
 260              	.L29:
 261 0130 00540040 		.word	1073763328
 262              		.cfi_endproc
 263              	.LFE112:
 265              		.align	1
 266              		.global	LSM303DLHC_ReadDMA
 267              		.thumb
 268              		.thumb_func
 270              	LSM303DLHC_ReadDMA:
 271              	.LFB113:
 103:/home/user/Desktop/STM32-Projekte/FH-Vertibot/src/project_src/LSM303DLHC_Lib_I2C.c **** 
 104:/home/user/Desktop/STM32-Projekte/FH-Vertibot/src/project_src/LSM303DLHC_Lib_I2C.c **** void LSM303DLHC_ReadDMA(uint8_t DeviceAddr, uint8_t RegAddr, uint8_t* pBuffer, uint16_t NumByteToRe
 105:/home/user/Desktop/STM32-Projekte/FH-Vertibot/src/project_src/LSM303DLHC_Lib_I2C.c **** {
 272              		.loc 1 105 0
 273              		.cfi_startproc
 274              		@ args = 0, pretend = 0, frame = 0
 275              		@ frame_needed = 0, uses_anonymous_args = 0
 276              	.LVL31:
 277 0134 73B5     		push	{r0, r1, r4, r5, r6, lr}
 278              	.LCFI2:
 279              		.cfi_def_cfa_offset 24
 280              		.cfi_offset 0, -24
 281              		.cfi_offset 1, -20
 282              		.cfi_offset 4, -16
 283              		.cfi_offset 5, -12
 284              		.cfi_offset 6, -8
 285              		.cfi_offset 14, -4
 286 0136 0646     		mov	r6, r0
 287 0138 0C46     		mov	r4, r1
 288 013a 1D46     		mov	r5, r3
 289              	.LVL32:
 290              	.L33:
 106:/home/user/Desktop/STM32-Projekte/FH-Vertibot/src/project_src/LSM303DLHC_Lib_I2C.c ****   //printf("M1%d ", 0);
 107:/home/user/Desktop/STM32-Projekte/FH-Vertibot/src/project_src/LSM303DLHC_Lib_I2C.c **** 
 108:/home/user/Desktop/STM32-Projekte/FH-Vertibot/src/project_src/LSM303DLHC_Lib_I2C.c **** //  if(DMA_GetFlagStatus(DMA1_FLAG_TC7))
 109:/home/user/Desktop/STM32-Projekte/FH-Vertibot/src/project_src/LSM303DLHC_Lib_I2C.c **** //  {
 110:/home/user/Desktop/STM32-Projekte/FH-Vertibot/src/project_src/LSM303DLHC_Lib_I2C.c **** //	  printf("unread data!%d\n",0);
 111:/home/user/Desktop/STM32-Projekte/FH-Vertibot/src/project_src/LSM303DLHC_Lib_I2C.c **** //	  return;
 112:/home/user/Desktop/STM32-Projekte/FH-Vertibot/src/project_src/LSM303DLHC_Lib_I2C.c **** //  }
 113:/home/user/Desktop/STM32-Projekte/FH-Vertibot/src/project_src/LSM303DLHC_Lib_I2C.c **** 
 114:/home/user/Desktop/STM32-Projekte/FH-Vertibot/src/project_src/LSM303DLHC_Lib_I2C.c ****   //DMA_Configuration(pBuffer);
 115:/home/user/Desktop/STM32-Projekte/FH-Vertibot/src/project_src/LSM303DLHC_Lib_I2C.c ****   /* Test on BUSY Flag */
 116:/home/user/Desktop/STM32-Projekte/FH-Vertibot/src/project_src/LSM303DLHC_Lib_I2C.c ****   while(I2C_GetFlagStatus(LSM303DLHC_I2C, I2C_ISR_BUSY) != RESET)
 291              		.loc 1 116 0 discriminator 1
 292 013c 2C48     		ldr	r0, .L43
 293 013e 4FF40041 		mov	r1, #32768
 294 0142 FFF7FEFF 		bl	I2C_GetFlagStatus
 295              	.LVL33:
 296 0146 0346     		mov	r3, r0
 297 0148 0028     		cmp	r0, #0
 298 014a F7D1     		bne	.L33
 117:/home/user/Desktop/STM32-Projekte/FH-Vertibot/src/project_src/LSM303DLHC_Lib_I2C.c ****   {
 118:/home/user/Desktop/STM32-Projekte/FH-Vertibot/src/project_src/LSM303DLHC_Lib_I2C.c ****   }
 119:/home/user/Desktop/STM32-Projekte/FH-Vertibot/src/project_src/LSM303DLHC_Lib_I2C.c **** 
 120:/home/user/Desktop/STM32-Projekte/FH-Vertibot/src/project_src/LSM303DLHC_Lib_I2C.c **** 
 121:/home/user/Desktop/STM32-Projekte/FH-Vertibot/src/project_src/LSM303DLHC_Lib_I2C.c ****   /* Configure slave address, nbytes, reload, end mode and start or stop generation */
 122:/home/user/Desktop/STM32-Projekte/FH-Vertibot/src/project_src/LSM303DLHC_Lib_I2C.c ****   I2C_TransferHandling(LSM303DLHC_I2C, DeviceAddr, 1, I2C_SoftEnd_Mode, I2C_Generate_Start_Write);
 299              		.loc 1 122 0
 300 014c 4FF40052 		mov	r2, #8192
 301 0150 0092     		str	r2, [sp]
 302 0152 2748     		ldr	r0, .L43
 303 0154 3146     		mov	r1, r6
 304 0156 0122     		movs	r2, #1
 305 0158 FFF7FEFF 		bl	I2C_TransferHandling
 306              	.LVL34:
 307              	.L35:
 123:/home/user/Desktop/STM32-Projekte/FH-Vertibot/src/project_src/LSM303DLHC_Lib_I2C.c **** 
 124:/home/user/Desktop/STM32-Projekte/FH-Vertibot/src/project_src/LSM303DLHC_Lib_I2C.c ****   /* Wait until TXIS flag is set */
 125:/home/user/Desktop/STM32-Projekte/FH-Vertibot/src/project_src/LSM303DLHC_Lib_I2C.c ****   while(I2C_GetFlagStatus(LSM303DLHC_I2C, I2C_ISR_TXIS) == RESET)
 308              		.loc 1 125 0 discriminator 1
 309 015c 2448     		ldr	r0, .L43
 310 015e 0221     		movs	r1, #2
 311 0160 FFF7FEFF 		bl	I2C_GetFlagStatus
 312              	.LVL35:
 313 0164 0028     		cmp	r0, #0
 314 0166 F9D0     		beq	.L35
 126:/home/user/Desktop/STM32-Projekte/FH-Vertibot/src/project_src/LSM303DLHC_Lib_I2C.c ****   {
 127:/home/user/Desktop/STM32-Projekte/FH-Vertibot/src/project_src/LSM303DLHC_Lib_I2C.c ****   }
 128:/home/user/Desktop/STM32-Projekte/FH-Vertibot/src/project_src/LSM303DLHC_Lib_I2C.c **** 
 129:/home/user/Desktop/STM32-Projekte/FH-Vertibot/src/project_src/LSM303DLHC_Lib_I2C.c ****   if(NumByteToRead>1)
 315              		.loc 1 129 0
 316 0168 012D     		cmp	r5, #1
 130:/home/user/Desktop/STM32-Projekte/FH-Vertibot/src/project_src/LSM303DLHC_Lib_I2C.c ****       RegAddr |= 0x80;
 317              		.loc 1 130 0
 318 016a 88BF     		it	hi
 319 016c 44F08004 		orrhi	r4, r4, #128
 320              	.LVL36:
 131:/home/user/Desktop/STM32-Projekte/FH-Vertibot/src/project_src/LSM303DLHC_Lib_I2C.c **** 
 132:/home/user/Desktop/STM32-Projekte/FH-Vertibot/src/project_src/LSM303DLHC_Lib_I2C.c ****   //printf("M2%d ", 0);
 133:/home/user/Desktop/STM32-Projekte/FH-Vertibot/src/project_src/LSM303DLHC_Lib_I2C.c **** 
 134:/home/user/Desktop/STM32-Projekte/FH-Vertibot/src/project_src/LSM303DLHC_Lib_I2C.c ****   /* Send Register address */
 135:/home/user/Desktop/STM32-Projekte/FH-Vertibot/src/project_src/LSM303DLHC_Lib_I2C.c ****   I2C_SendData(LSM303DLHC_I2C, (uint8_t)RegAddr);
 321              		.loc 1 135 0
 322 0170 1F48     		ldr	r0, .L43
 323 0172 2146     		mov	r1, r4
 324 0174 FFF7FEFF 		bl	I2C_SendData
 325              	.LVL37:
 326              	.L38:
 136:/home/user/Desktop/STM32-Projekte/FH-Vertibot/src/project_src/LSM303DLHC_Lib_I2C.c **** 
 137:/home/user/Desktop/STM32-Projekte/FH-Vertibot/src/project_src/LSM303DLHC_Lib_I2C.c ****   /* Wait until TXIS flag is set */
 138:/home/user/Desktop/STM32-Projekte/FH-Vertibot/src/project_src/LSM303DLHC_Lib_I2C.c ****   while(I2C_GetFlagStatus(LSM303DLHC_I2C, I2C_ISR_TC) == RESET)
 327              		.loc 1 138 0 discriminator 1
 328 0178 1D48     		ldr	r0, .L43
 329 017a 4021     		movs	r1, #64
 330 017c FFF7FEFF 		bl	I2C_GetFlagStatus
 331              	.LVL38:
 332 0180 0028     		cmp	r0, #0
 333 0182 F9D0     		beq	.L38
 139:/home/user/Desktop/STM32-Projekte/FH-Vertibot/src/project_src/LSM303DLHC_Lib_I2C.c ****   {
 140:/home/user/Desktop/STM32-Projekte/FH-Vertibot/src/project_src/LSM303DLHC_Lib_I2C.c ****   }
 141:/home/user/Desktop/STM32-Projekte/FH-Vertibot/src/project_src/LSM303DLHC_Lib_I2C.c **** 
 142:/home/user/Desktop/STM32-Projekte/FH-Vertibot/src/project_src/LSM303DLHC_Lib_I2C.c ****   //printf("M3%d ", 0);
 143:/home/user/Desktop/STM32-Projekte/FH-Vertibot/src/project_src/LSM303DLHC_Lib_I2C.c **** 
 144:/home/user/Desktop/STM32-Projekte/FH-Vertibot/src/project_src/LSM303DLHC_Lib_I2C.c **** //  I2C_SlaveAddressConfig(LSM303DLHC_I2C, DeviceAddr);
 145:/home/user/Desktop/STM32-Projekte/FH-Vertibot/src/project_src/LSM303DLHC_Lib_I2C.c **** //  I2C_MasterRequestConfig(LSM303DLHC_I2C, I2C_Direction_Receiver);
 146:/home/user/Desktop/STM32-Projekte/FH-Vertibot/src/project_src/LSM303DLHC_Lib_I2C.c **** //  I2C_GenerateSTART(LSM303DLHC_I2C, ENABLE);
 147:/home/user/Desktop/STM32-Projekte/FH-Vertibot/src/project_src/LSM303DLHC_Lib_I2C.c **** //  I2C_SlaveAddressConfig(LSM303DLHC_I2C, DeviceAddr);
 148:/home/user/Desktop/STM32-Projekte/FH-Vertibot/src/project_src/LSM303DLHC_Lib_I2C.c ****   //I2C_MasterRequestConfig(LSM303DLHC_I2C, I2C_Direction_Receiver);
 149:/home/user/Desktop/STM32-Projekte/FH-Vertibot/src/project_src/LSM303DLHC_Lib_I2C.c ****   /* Configure slave address, nbytes, reload, end mode and start or stop generation */
 150:/home/user/Desktop/STM32-Projekte/FH-Vertibot/src/project_src/LSM303DLHC_Lib_I2C.c ****   I2C_TransferHandling(LSM303DLHC_I2C, DeviceAddr, NumByteToRead, I2C_AutoEnd_Mode, I2C_Generate_St
 334              		.loc 1 150 0
 335 0184 4FF41053 		mov	r3, #9216
 336 0188 0093     		str	r3, [sp]
 337 018a 1948     		ldr	r0, .L43
 338 018c 3146     		mov	r1, r6
 339 018e EAB2     		uxtb	r2, r5
 340 0190 4FF00073 		mov	r3, #33554432
 341 0194 FFF7FEFF 		bl	I2C_TransferHandling
 342              	.LVL39:
 151:/home/user/Desktop/STM32-Projekte/FH-Vertibot/src/project_src/LSM303DLHC_Lib_I2C.c **** 
 152:/home/user/Desktop/STM32-Projekte/FH-Vertibot/src/project_src/LSM303DLHC_Lib_I2C.c ****   /* Enable DMA1 Channel5 */
 153:/home/user/Desktop/STM32-Projekte/FH-Vertibot/src/project_src/LSM303DLHC_Lib_I2C.c ****   I2C_DMACmd(LSM303DLHC_I2C, I2C_DMAReq_Rx, ENABLE);
 343              		.loc 1 153 0
 344 0198 1548     		ldr	r0, .L43
 345 019a 4FF40041 		mov	r1, #32768
 346 019e 0122     		movs	r2, #1
 347 01a0 FFF7FEFF 		bl	I2C_DMACmd
 348              	.LVL40:
 154:/home/user/Desktop/STM32-Projekte/FH-Vertibot/src/project_src/LSM303DLHC_Lib_I2C.c **** DMA_Cmd(DMA1_Channel7, ENABLE);
 349              		.loc 1 154 0
 350 01a4 1348     		ldr	r0, .L43+4
 351 01a6 0121     		movs	r1, #1
 352 01a8 FFF7FEFF 		bl	DMA_Cmd
 353              	.LVL41:
 354              	.L40:
 155:/home/user/Desktop/STM32-Projekte/FH-Vertibot/src/project_src/LSM303DLHC_Lib_I2C.c ****   /* Wait until all data are received */
 156:/home/user/Desktop/STM32-Projekte/FH-Vertibot/src/project_src/LSM303DLHC_Lib_I2C.c **** //  while (NumByteToRead)
 157:/home/user/Desktop/STM32-Projekte/FH-Vertibot/src/project_src/LSM303DLHC_Lib_I2C.c **** //  {
 158:/home/user/Desktop/STM32-Projekte/FH-Vertibot/src/project_src/LSM303DLHC_Lib_I2C.c **** //    /* Wait until RXNE flag is set */
 159:/home/user/Desktop/STM32-Projekte/FH-Vertibot/src/project_src/LSM303DLHC_Lib_I2C.c **** //    while(I2C_GetFlagStatus(LSM303DLHC_I2C, I2C_ISR_RXNE) == RESET)
 160:/home/user/Desktop/STM32-Projekte/FH-Vertibot/src/project_src/LSM303DLHC_Lib_I2C.c **** //    {
 161:/home/user/Desktop/STM32-Projekte/FH-Vertibot/src/project_src/LSM303DLHC_Lib_I2C.c **** //    }
 162:/home/user/Desktop/STM32-Projekte/FH-Vertibot/src/project_src/LSM303DLHC_Lib_I2C.c **** //
 163:/home/user/Desktop/STM32-Projekte/FH-Vertibot/src/project_src/LSM303DLHC_Lib_I2C.c **** //    /* Read data from RXDR */
 164:/home/user/Desktop/STM32-Projekte/FH-Vertibot/src/project_src/LSM303DLHC_Lib_I2C.c **** //    *pBuffer = I2C_ReceiveData(LSM303DLHC_I2C);
 165:/home/user/Desktop/STM32-Projekte/FH-Vertibot/src/project_src/LSM303DLHC_Lib_I2C.c **** //    /* Point to the next location where the byte read will be saved */
 166:/home/user/Desktop/STM32-Projekte/FH-Vertibot/src/project_src/LSM303DLHC_Lib_I2C.c **** //    pBuffer++;
 167:/home/user/Desktop/STM32-Projekte/FH-Vertibot/src/project_src/LSM303DLHC_Lib_I2C.c **** //
 168:/home/user/Desktop/STM32-Projekte/FH-Vertibot/src/project_src/LSM303DLHC_Lib_I2C.c **** //    /* Decrement the read bytes counter */
 169:/home/user/Desktop/STM32-Projekte/FH-Vertibot/src/project_src/LSM303DLHC_Lib_I2C.c **** //    NumByteToRead--;
 170:/home/user/Desktop/STM32-Projekte/FH-Vertibot/src/project_src/LSM303DLHC_Lib_I2C.c **** //  }
 171:/home/user/Desktop/STM32-Projekte/FH-Vertibot/src/project_src/LSM303DLHC_Lib_I2C.c **** 
 172:/home/user/Desktop/STM32-Projekte/FH-Vertibot/src/project_src/LSM303DLHC_Lib_I2C.c **** //printf("M4%d ", 0);
 173:/home/user/Desktop/STM32-Projekte/FH-Vertibot/src/project_src/LSM303DLHC_Lib_I2C.c **** 
 174:/home/user/Desktop/STM32-Projekte/FH-Vertibot/src/project_src/LSM303DLHC_Lib_I2C.c ****   /* DMA1 Channel1 transfer complete test */
 175:/home/user/Desktop/STM32-Projekte/FH-Vertibot/src/project_src/LSM303DLHC_Lib_I2C.c ****   while(!DMA_GetFlagStatus(DMA1_FLAG_TC7));
 355              		.loc 1 175 0 discriminator 1
 356 01ac 4FF00070 		mov	r0, #33554432
 357 01b0 FFF7FEFF 		bl	DMA_GetFlagStatus
 358              	.LVL42:
 359 01b4 0028     		cmp	r0, #0
 360 01b6 F9D0     		beq	.L40
 176:/home/user/Desktop/STM32-Projekte/FH-Vertibot/src/project_src/LSM303DLHC_Lib_I2C.c **** 
 177:/home/user/Desktop/STM32-Projekte/FH-Vertibot/src/project_src/LSM303DLHC_Lib_I2C.c ****   //printf("M5%d ", 0);
 178:/home/user/Desktop/STM32-Projekte/FH-Vertibot/src/project_src/LSM303DLHC_Lib_I2C.c **** 
 179:/home/user/Desktop/STM32-Projekte/FH-Vertibot/src/project_src/LSM303DLHC_Lib_I2C.c ****   DMA_ClearFlag(DMA1_FLAG_GL7);
 361              		.loc 1 179 0
 362 01b8 4FF08070 		mov	r0, #16777216
 363 01bc FFF7FEFF 		bl	DMA_ClearFlag
 364              	.LVL43:
 180:/home/user/Desktop/STM32-Projekte/FH-Vertibot/src/project_src/LSM303DLHC_Lib_I2C.c **** 
 181:/home/user/Desktop/STM32-Projekte/FH-Vertibot/src/project_src/LSM303DLHC_Lib_I2C.c ****   I2C_DMACmd(LSM303DLHC_I2C, I2C_DMAReq_Rx, DISABLE);
 365              		.loc 1 181 0
 366 01c0 0B48     		ldr	r0, .L43
 367 01c2 4FF40041 		mov	r1, #32768
 368 01c6 0022     		movs	r2, #0
 369 01c8 FFF7FEFF 		bl	I2C_DMACmd
 370              	.LVL44:
 182:/home/user/Desktop/STM32-Projekte/FH-Vertibot/src/project_src/LSM303DLHC_Lib_I2C.c ****   DMA_Cmd(DMA1_Channel7, DISABLE);
 371              		.loc 1 182 0
 372 01cc 0948     		ldr	r0, .L43+4
 373 01ce 0021     		movs	r1, #0
 374 01d0 FFF7FEFF 		bl	DMA_Cmd
 375              	.LVL45:
 376              	.L42:
 183:/home/user/Desktop/STM32-Projekte/FH-Vertibot/src/project_src/LSM303DLHC_Lib_I2C.c **** 
 184:/home/user/Desktop/STM32-Projekte/FH-Vertibot/src/project_src/LSM303DLHC_Lib_I2C.c ****   //GPIO_SetBits(GPIOE,GPIO_Pin_9);
 185:/home/user/Desktop/STM32-Projekte/FH-Vertibot/src/project_src/LSM303DLHC_Lib_I2C.c **** 
 186:/home/user/Desktop/STM32-Projekte/FH-Vertibot/src/project_src/LSM303DLHC_Lib_I2C.c ****   //I2C_GenerateSTOP(LSM303DLHC_I2C, ENABLE);
 187:/home/user/Desktop/STM32-Projekte/FH-Vertibot/src/project_src/LSM303DLHC_Lib_I2C.c **** 
 188:/home/user/Desktop/STM32-Projekte/FH-Vertibot/src/project_src/LSM303DLHC_Lib_I2C.c ****   /* Wait until STOPF flag is set */
 189:/home/user/Desktop/STM32-Projekte/FH-Vertibot/src/project_src/LSM303DLHC_Lib_I2C.c ****   while(I2C_GetFlagStatus(LSM303DLHC_I2C, I2C_ISR_STOPF) == RESET)
 377              		.loc 1 189 0 discriminator 1
 378 01d4 0648     		ldr	r0, .L43
 379 01d6 2021     		movs	r1, #32
 380 01d8 FFF7FEFF 		bl	I2C_GetFlagStatus
 381              	.LVL46:
 382 01dc 0028     		cmp	r0, #0
 383 01de F9D0     		beq	.L42
 190:/home/user/Desktop/STM32-Projekte/FH-Vertibot/src/project_src/LSM303DLHC_Lib_I2C.c ****   {
 191:/home/user/Desktop/STM32-Projekte/FH-Vertibot/src/project_src/LSM303DLHC_Lib_I2C.c ****   }
 192:/home/user/Desktop/STM32-Projekte/FH-Vertibot/src/project_src/LSM303DLHC_Lib_I2C.c **** 
 193:/home/user/Desktop/STM32-Projekte/FH-Vertibot/src/project_src/LSM303DLHC_Lib_I2C.c ****   /* Clear STOPF flag */
 194:/home/user/Desktop/STM32-Projekte/FH-Vertibot/src/project_src/LSM303DLHC_Lib_I2C.c ****   I2C_ClearFlag(LSM303DLHC_I2C, I2C_ICR_STOPCF);
 384              		.loc 1 194 0
 385 01e0 0348     		ldr	r0, .L43
 386 01e2 2021     		movs	r1, #32
 195:/home/user/Desktop/STM32-Projekte/FH-Vertibot/src/project_src/LSM303DLHC_Lib_I2C.c **** }
 387              		.loc 1 195 0
 388 01e4 02B0     		add	sp, sp, #8
 389              		@ sp needed
 390 01e6 BDE87040 		pop	{r4, r5, r6, lr}
 391              	.LVL47:
 194:/home/user/Desktop/STM32-Projekte/FH-Vertibot/src/project_src/LSM303DLHC_Lib_I2C.c ****   I2C_ClearFlag(LSM303DLHC_I2C, I2C_ICR_STOPCF);
 392              		.loc 1 194 0
 393 01ea FFF7FEBF 		b	I2C_ClearFlag
 394              	.LVL48:
 395              	.L44:
 396 01ee 00BF     		.align	2
 397              	.L43:
 398 01f0 00540040 		.word	1073763328
 399 01f4 80000240 		.word	1073873024
 400              		.cfi_endproc
 401              	.LFE113:
 403              		.align	1
 404              		.global	LSM303DLHC_AccInit
 405              		.thumb
 406              		.thumb_func
 408              	LSM303DLHC_AccInit:
 409              	.LFB114:
 196:/home/user/Desktop/STM32-Projekte/FH-Vertibot/src/project_src/LSM303DLHC_Lib_I2C.c **** 
 197:/home/user/Desktop/STM32-Projekte/FH-Vertibot/src/project_src/LSM303DLHC_Lib_I2C.c **** 
 198:/home/user/Desktop/STM32-Projekte/FH-Vertibot/src/project_src/LSM303DLHC_Lib_I2C.c **** #ifdef LSM303_ACC
 199:/home/user/Desktop/STM32-Projekte/FH-Vertibot/src/project_src/LSM303DLHC_Lib_I2C.c **** void LSM303DLHC_AccInit(void)
 200:/home/user/Desktop/STM32-Projekte/FH-Vertibot/src/project_src/LSM303DLHC_Lib_I2C.c **** {
 410              		.loc 1 200 0
 411              		.cfi_startproc
 412              		@ args = 0, pretend = 0, frame = 8
 413              		@ frame_needed = 0, uses_anonymous_args = 0
 414 01f8 07B5     		push	{r0, r1, r2, lr}
 415              	.LCFI3:
 416              		.cfi_def_cfa_offset 16
 417              		.cfi_offset 0, -16
 418              		.cfi_offset 1, -12
 419              		.cfi_offset 2, -8
 420              		.cfi_offset 14, -4
 201:/home/user/Desktop/STM32-Projekte/FH-Vertibot/src/project_src/LSM303DLHC_Lib_I2C.c ****   uint8_t ctrl1 = 0x00, ctrl2 = 0x00, ctrl4 = 0x00;
 421              		.loc 1 201 0
 422 01fa 0023     		movs	r3, #0
 423 01fc 8DF80630 		strb	r3, [sp, #6]
 202:/home/user/Desktop/STM32-Projekte/FH-Vertibot/src/project_src/LSM303DLHC_Lib_I2C.c **** 
 203:/home/user/Desktop/STM32-Projekte/FH-Vertibot/src/project_src/LSM303DLHC_Lib_I2C.c ****   /* Configure MEMS: data rate, power mode, full scale and axes */
 204:/home/user/Desktop/STM32-Projekte/FH-Vertibot/src/project_src/LSM303DLHC_Lib_I2C.c **** //  ctrl1 |= (uint8_t) (LSM303DLHC_NORMAL_MODE | LSM303DLHC_ODR_200_HZ |
 205:/home/user/Desktop/STM32-Projekte/FH-Vertibot/src/project_src/LSM303DLHC_Lib_I2C.c **** //		  	  	  	  LSM303DLHC_AXES_ENABLE);
 206:/home/user/Desktop/STM32-Projekte/FH-Vertibot/src/project_src/LSM303DLHC_Lib_I2C.c **** 
 207:/home/user/Desktop/STM32-Projekte/FH-Vertibot/src/project_src/LSM303DLHC_Lib_I2C.c ****     ctrl1 |= (uint8_t) (LSM303DLHC_NORMAL_MODE | LSM303DLHC_ODR_1344_HZ |
 424              		.loc 1 207 0
 425 0200 9723     		movs	r3, #151
 426 0202 8DF80530 		strb	r3, [sp, #5]
 208:/home/user/Desktop/STM32-Projekte/FH-Vertibot/src/project_src/LSM303DLHC_Lib_I2C.c ****   		  	  	  	  	LSM303DLHC_AXES_ENABLE);
 209:/home/user/Desktop/STM32-Projekte/FH-Vertibot/src/project_src/LSM303DLHC_Lib_I2C.c **** 
 210:/home/user/Desktop/STM32-Projekte/FH-Vertibot/src/project_src/LSM303DLHC_Lib_I2C.c **** 
 211:/home/user/Desktop/STM32-Projekte/FH-Vertibot/src/project_src/LSM303DLHC_Lib_I2C.c **** //  ctrl4 |= (uint8_t) (LSM303DLHC_BlockUpdate_Continous | LSM303DLHC_BLE_LSB |
 212:/home/user/Desktop/STM32-Projekte/FH-Vertibot/src/project_src/LSM303DLHC_Lib_I2C.c **** //		  	  	  	  LSM303DLHC_FULLSCALE_16G | LSM303DLHC_HR_ENABLE);
 213:/home/user/Desktop/STM32-Projekte/FH-Vertibot/src/project_src/LSM303DLHC_Lib_I2C.c **** 
 214:/home/user/Desktop/STM32-Projekte/FH-Vertibot/src/project_src/LSM303DLHC_Lib_I2C.c ****   ctrl4 |= (uint8_t) (LSM303DLHC_BlockUpdate_Continous | LSM303DLHC_BLE_LSB |
 215:/home/user/Desktop/STM32-Projekte/FH-Vertibot/src/project_src/LSM303DLHC_Lib_I2C.c ****   		  	  	  	  LSM303DLHC_FULLSCALE_16G | LSM303DLHC_HR_ENABLE);
 216:/home/user/Desktop/STM32-Projekte/FH-Vertibot/src/project_src/LSM303DLHC_Lib_I2C.c **** 
 217:/home/user/Desktop/STM32-Projekte/FH-Vertibot/src/project_src/LSM303DLHC_Lib_I2C.c ****   //ctrl4 = 0x30;
 218:/home/user/Desktop/STM32-Projekte/FH-Vertibot/src/project_src/LSM303DLHC_Lib_I2C.c **** 
 219:/home/user/Desktop/STM32-Projekte/FH-Vertibot/src/project_src/LSM303DLHC_Lib_I2C.c ****   /* Write value to ACC MEMS CTRL_REG1 regsister */
 220:/home/user/Desktop/STM32-Projekte/FH-Vertibot/src/project_src/LSM303DLHC_Lib_I2C.c ****   LSM303DLHC_Write(ACC_I2C_ADDRESS, LSM303DLHC_CTRL_REG1_A, &ctrl1);
 427              		.loc 1 220 0
 428 0206 0DF10502 		add	r2, sp, #5
 214:/home/user/Desktop/STM32-Projekte/FH-Vertibot/src/project_src/LSM303DLHC_Lib_I2C.c ****   ctrl4 |= (uint8_t) (LSM303DLHC_BlockUpdate_Continous | LSM303DLHC_BLE_LSB |
 429              		.loc 1 214 0
 430 020a 3823     		movs	r3, #56
 431              		.loc 1 220 0
 432 020c 3220     		movs	r0, #50
 433 020e 2021     		movs	r1, #32
 214:/home/user/Desktop/STM32-Projekte/FH-Vertibot/src/project_src/LSM303DLHC_Lib_I2C.c ****   ctrl4 |= (uint8_t) (LSM303DLHC_BlockUpdate_Continous | LSM303DLHC_BLE_LSB |
 434              		.loc 1 214 0
 435 0210 8DF80730 		strb	r3, [sp, #7]
 436              		.loc 1 220 0
 437 0214 FFF7FEFF 		bl	LSM303DLHC_Write
 438              	.LVL49:
 221:/home/user/Desktop/STM32-Projekte/FH-Vertibot/src/project_src/LSM303DLHC_Lib_I2C.c **** 
 222:/home/user/Desktop/STM32-Projekte/FH-Vertibot/src/project_src/LSM303DLHC_Lib_I2C.c ****   /* Write value to ACC MEMS CTRL_REG2 regsister */
 223:/home/user/Desktop/STM32-Projekte/FH-Vertibot/src/project_src/LSM303DLHC_Lib_I2C.c ****   LSM303DLHC_Write(ACC_I2C_ADDRESS, LSM303DLHC_CTRL_REG2_A, &ctrl2);
 439              		.loc 1 223 0
 440 0218 0DF10602 		add	r2, sp, #6
 441 021c 3220     		movs	r0, #50
 442 021e 2121     		movs	r1, #33
 443 0220 FFF7FEFF 		bl	LSM303DLHC_Write
 444              	.LVL50:
 224:/home/user/Desktop/STM32-Projekte/FH-Vertibot/src/project_src/LSM303DLHC_Lib_I2C.c **** 
 225:/home/user/Desktop/STM32-Projekte/FH-Vertibot/src/project_src/LSM303DLHC_Lib_I2C.c ****   /* Write value to ACC MEMS CTRL_REG4 regsister */
 226:/home/user/Desktop/STM32-Projekte/FH-Vertibot/src/project_src/LSM303DLHC_Lib_I2C.c ****   LSM303DLHC_Write(ACC_I2C_ADDRESS, LSM303DLHC_CTRL_REG4_A, &ctrl4);
 445              		.loc 1 226 0
 446 0224 3220     		movs	r0, #50
 447 0226 2321     		movs	r1, #35
 448 0228 0DF10702 		add	r2, sp, #7
 449 022c FFF7FEFF 		bl	LSM303DLHC_Write
 450              	.LVL51:
 227:/home/user/Desktop/STM32-Projekte/FH-Vertibot/src/project_src/LSM303DLHC_Lib_I2C.c **** }
 451              		.loc 1 227 0
 452 0230 03B0     		add	sp, sp, #12
 453              		@ sp needed
 454 0232 5DF804FB 		ldr	pc, [sp], #4
 455              		.cfi_endproc
 456              	.LFE114:
 458              		.align	1
 459              		.global	LSM303DLHC_ACC_readValues
 460              		.thumb
 461              		.thumb_func
 463              	LSM303DLHC_ACC_readValues:
 464              	.LFB116:
 228:/home/user/Desktop/STM32-Projekte/FH-Vertibot/src/project_src/LSM303DLHC_Lib_I2C.c **** 
 229:/home/user/Desktop/STM32-Projekte/FH-Vertibot/src/project_src/LSM303DLHC_Lib_I2C.c **** 
 230:/home/user/Desktop/STM32-Projekte/FH-Vertibot/src/project_src/LSM303DLHC_Lib_I2C.c **** void LSM303DLHC_ACC_calibrate(float maxGOverflow, struct accValues *Acc_values)
 231:/home/user/Desktop/STM32-Projekte/FH-Vertibot/src/project_src/LSM303DLHC_Lib_I2C.c **** {
 232:/home/user/Desktop/STM32-Projekte/FH-Vertibot/src/project_src/LSM303DLHC_Lib_I2C.c **** 	u8 i;
 233:/home/user/Desktop/STM32-Projekte/FH-Vertibot/src/project_src/LSM303DLHC_Lib_I2C.c **** 	uint32_t tmpX = 0;
 234:/home/user/Desktop/STM32-Projekte/FH-Vertibot/src/project_src/LSM303DLHC_Lib_I2C.c **** 	uint32_t tmpY = 0;
 235:/home/user/Desktop/STM32-Projekte/FH-Vertibot/src/project_src/LSM303DLHC_Lib_I2C.c **** 	uint32_t tmpZ = 0;
 236:/home/user/Desktop/STM32-Projekte/FH-Vertibot/src/project_src/LSM303DLHC_Lib_I2C.c **** 
 237:/home/user/Desktop/STM32-Projekte/FH-Vertibot/src/project_src/LSM303DLHC_Lib_I2C.c **** 	LSM303DLHC_AccInit();
 238:/home/user/Desktop/STM32-Projekte/FH-Vertibot/src/project_src/LSM303DLHC_Lib_I2C.c **** 
 239:/home/user/Desktop/STM32-Projekte/FH-Vertibot/src/project_src/LSM303DLHC_Lib_I2C.c **** 	for(i=0;i<AVG_ROUNDS;i++)
 240:/home/user/Desktop/STM32-Projekte/FH-Vertibot/src/project_src/LSM303DLHC_Lib_I2C.c **** 	{
 241:/home/user/Desktop/STM32-Projekte/FH-Vertibot/src/project_src/LSM303DLHC_Lib_I2C.c **** 		LSM303DLHC_ACC_readValues(Acc_values);
 242:/home/user/Desktop/STM32-Projekte/FH-Vertibot/src/project_src/LSM303DLHC_Lib_I2C.c **** 
 243:/home/user/Desktop/STM32-Projekte/FH-Vertibot/src/project_src/LSM303DLHC_Lib_I2C.c **** 		tmpX += (Acc_values->accValueX);
 244:/home/user/Desktop/STM32-Projekte/FH-Vertibot/src/project_src/LSM303DLHC_Lib_I2C.c **** 		tmpY += (Acc_values->accValueY);
 245:/home/user/Desktop/STM32-Projekte/FH-Vertibot/src/project_src/LSM303DLHC_Lib_I2C.c **** 		tmpZ += (Acc_values->accValueZ);
 246:/home/user/Desktop/STM32-Projekte/FH-Vertibot/src/project_src/LSM303DLHC_Lib_I2C.c **** 
 247:/home/user/Desktop/STM32-Projekte/FH-Vertibot/src/project_src/LSM303DLHC_Lib_I2C.c **** 		Delay(INIT_DELAY_TIME/10);
 248:/home/user/Desktop/STM32-Projekte/FH-Vertibot/src/project_src/LSM303DLHC_Lib_I2C.c **** 	}
 249:/home/user/Desktop/STM32-Projekte/FH-Vertibot/src/project_src/LSM303DLHC_Lib_I2C.c **** 	Acc_values->accValueX = (tmpX/AVG_ROUNDS);
 250:/home/user/Desktop/STM32-Projekte/FH-Vertibot/src/project_src/LSM303DLHC_Lib_I2C.c **** 	Acc_values->accValueY = (tmpY/AVG_ROUNDS);
 251:/home/user/Desktop/STM32-Projekte/FH-Vertibot/src/project_src/LSM303DLHC_Lib_I2C.c **** 	Acc_values->accValueZ = (tmpZ/AVG_ROUNDS);
 252:/home/user/Desktop/STM32-Projekte/FH-Vertibot/src/project_src/LSM303DLHC_Lib_I2C.c **** 
 253:/home/user/Desktop/STM32-Projekte/FH-Vertibot/src/project_src/LSM303DLHC_Lib_I2C.c **** 	Acc_values->accGValue = sqrtf((Acc_values->accValueX*Acc_values->accValueX) +
 254:/home/user/Desktop/STM32-Projekte/FH-Vertibot/src/project_src/LSM303DLHC_Lib_I2C.c **** 									(Acc_values->accValueY*Acc_values->accValueY) +
 255:/home/user/Desktop/STM32-Projekte/FH-Vertibot/src/project_src/LSM303DLHC_Lib_I2C.c **** 									(Acc_values->accValueZ*Acc_values->accValueZ));
 256:/home/user/Desktop/STM32-Projekte/FH-Vertibot/src/project_src/LSM303DLHC_Lib_I2C.c **** 
 257:/home/user/Desktop/STM32-Projekte/FH-Vertibot/src/project_src/LSM303DLHC_Lib_I2C.c **** 	/* Allow some kind of overflow */
 258:/home/user/Desktop/STM32-Projekte/FH-Vertibot/src/project_src/LSM303DLHC_Lib_I2C.c **** 	Acc_values->accGValue = Acc_values->accGValue*maxGOverflow;
 259:/home/user/Desktop/STM32-Projekte/FH-Vertibot/src/project_src/LSM303DLHC_Lib_I2C.c **** }
 260:/home/user/Desktop/STM32-Projekte/FH-Vertibot/src/project_src/LSM303DLHC_Lib_I2C.c **** 
 261:/home/user/Desktop/STM32-Projekte/FH-Vertibot/src/project_src/LSM303DLHC_Lib_I2C.c **** 
 262:/home/user/Desktop/STM32-Projekte/FH-Vertibot/src/project_src/LSM303DLHC_Lib_I2C.c **** void LSM303DLHC_ACC_readValues(struct accValues *accXYZ)
 263:/home/user/Desktop/STM32-Projekte/FH-Vertibot/src/project_src/LSM303DLHC_Lib_I2C.c **** {
 465              		.loc 1 263 0
 466              		.cfi_startproc
 467              		@ args = 0, pretend = 0, frame = 8
 468              		@ frame_needed = 0, uses_anonymous_args = 0
 469              	.LVL52:
 470 0236 13B5     		push	{r0, r1, r4, lr}
 471              	.LCFI4:
 472              		.cfi_def_cfa_offset 16
 473              		.cfi_offset 0, -16
 474              		.cfi_offset 1, -12
 475              		.cfi_offset 4, -8
 476              		.cfi_offset 14, -4
 264:/home/user/Desktop/STM32-Projekte/FH-Vertibot/src/project_src/LSM303DLHC_Lib_I2C.c **** 	uint8_t buffer[6], cDivider;
 265:/home/user/Desktop/STM32-Projekte/FH-Vertibot/src/project_src/LSM303DLHC_Lib_I2C.c **** 
 266:/home/user/Desktop/STM32-Projekte/FH-Vertibot/src/project_src/LSM303DLHC_Lib_I2C.c **** 	LSM303DLHC_Read(ACC_I2C_ADDRESS, LSM303DLHC_OUT_X_L_A, buffer, 6);
 477              		.loc 1 266 0
 478 0238 0623     		movs	r3, #6
 263:/home/user/Desktop/STM32-Projekte/FH-Vertibot/src/project_src/LSM303DLHC_Lib_I2C.c **** {
 479              		.loc 1 263 0
 480 023a 0446     		mov	r4, r0
 481              		.loc 1 266 0
 482 023c 6A46     		mov	r2, sp
 483 023e 3220     		movs	r0, #50
 484              	.LVL53:
 485 0240 2821     		movs	r1, #40
 486 0242 FFF7FEFF 		bl	LSM303DLHC_Read
 487              	.LVL54:
 267:/home/user/Desktop/STM32-Projekte/FH-Vertibot/src/project_src/LSM303DLHC_Lib_I2C.c **** 
 268:/home/user/Desktop/STM32-Projekte/FH-Vertibot/src/project_src/LSM303DLHC_Lib_I2C.c **** 	cDivider=16;
 269:/home/user/Desktop/STM32-Projekte/FH-Vertibot/src/project_src/LSM303DLHC_Lib_I2C.c **** 
 270:/home/user/Desktop/STM32-Projekte/FH-Vertibot/src/project_src/LSM303DLHC_Lib_I2C.c **** 	/* check in the control register4 the data alignment */
 271:/home/user/Desktop/STM32-Projekte/FH-Vertibot/src/project_src/LSM303DLHC_Lib_I2C.c **** 	accXYZ->accValueX = ((int16_t)((uint16_t)buffer[1] << 8) + buffer[0])/cDivider;
 488              		.loc 1 271 0
 489 0246 9DF80030 		ldrb	r3, [sp]	@ zero_extendqisi2
 490 024a 9DF90120 		ldrsb	r2, [sp, #1]
 272:/home/user/Desktop/STM32-Projekte/FH-Vertibot/src/project_src/LSM303DLHC_Lib_I2C.c **** 	accXYZ->accValueY = ((int16_t)((uint16_t)buffer[3] << 8) + buffer[2])/cDivider;
 491              		.loc 1 272 0
 492 024e 9DF90310 		ldrsb	r1, [sp, #3]
 271:/home/user/Desktop/STM32-Projekte/FH-Vertibot/src/project_src/LSM303DLHC_Lib_I2C.c **** 	accXYZ->accValueX = ((int16_t)((uint16_t)buffer[1] << 8) + buffer[0])/cDivider;
 493              		.loc 1 271 0
 494 0252 03EB0222 		add	r2, r3, r2, lsl #8
 495 0256 1023     		movs	r3, #16
 496 0258 92FBF3F2 		sdiv	r2, r2, r3
 497 025c 2280     		strh	r2, [r4]	@ movhi
 498              		.loc 1 272 0
 499 025e 9DF80220 		ldrb	r2, [sp, #2]	@ zero_extendqisi2
 500 0262 02EB0122 		add	r2, r2, r1, lsl #8
 501 0266 92FBF3F2 		sdiv	r2, r2, r3
 502 026a 6280     		strh	r2, [r4, #2]	@ movhi
 273:/home/user/Desktop/STM32-Projekte/FH-Vertibot/src/project_src/LSM303DLHC_Lib_I2C.c **** 	accXYZ->accValueZ = ((int16_t)((uint16_t)buffer[5] << 8) + buffer[4])/cDivider;
 503              		.loc 1 273 0
 504 026c 9DF90510 		ldrsb	r1, [sp, #5]
 505 0270 9DF80420 		ldrb	r2, [sp, #4]	@ zero_extendqisi2
 506 0274 02EB0122 		add	r2, r2, r1, lsl #8
 507 0278 92FBF3F3 		sdiv	r3, r2, r3
 508 027c A380     		strh	r3, [r4, #4]	@ movhi
 274:/home/user/Desktop/STM32-Projekte/FH-Vertibot/src/project_src/LSM303DLHC_Lib_I2C.c **** }
 509              		.loc 1 274 0
 510 027e 02B0     		add	sp, sp, #8
 511              		@ sp needed
 512 0280 10BD     		pop	{r4, pc}
 513              		.cfi_endproc
 514              	.LFE116:
 516              		.align	1
 517              		.global	LSM303DLHC_ACC_calibrate
 518              		.thumb
 519              		.thumb_func
 521              	LSM303DLHC_ACC_calibrate:
 522              	.LFB115:
 231:/home/user/Desktop/STM32-Projekte/FH-Vertibot/src/project_src/LSM303DLHC_Lib_I2C.c **** {
 523              		.loc 1 231 0
 524              		.cfi_startproc
 525              		@ args = 0, pretend = 0, frame = 0
 526              		@ frame_needed = 0, uses_anonymous_args = 0
 527              	.LVL55:
 528 0282 2DE9F041 		push	{r4, r5, r6, r7, r8, lr}
 529              	.LCFI5:
 530              		.cfi_def_cfa_offset 24
 531              		.cfi_offset 4, -24
 532              		.cfi_offset 5, -20
 533              		.cfi_offset 6, -16
 534              		.cfi_offset 7, -12
 535              		.cfi_offset 8, -8
 536              		.cfi_offset 14, -4
 537 0286 2DED028B 		fstmfdd	sp!, {d8}
 538              	.LCFI6:
 539              		.cfi_def_cfa_offset 32
 540              		.cfi_offset 80, -32
 231:/home/user/Desktop/STM32-Projekte/FH-Vertibot/src/project_src/LSM303DLHC_Lib_I2C.c **** {
 541              		.loc 1 231 0
 542 028a 0446     		mov	r4, r0
 543 028c B0EE408A 		fcpys	s16, s0
 237:/home/user/Desktop/STM32-Projekte/FH-Vertibot/src/project_src/LSM303DLHC_Lib_I2C.c **** 	LSM303DLHC_AccInit();
 544              		.loc 1 237 0
 545 0290 FFF7FEFF 		bl	LSM303DLHC_AccInit
 546              	.LVL56:
 235:/home/user/Desktop/STM32-Projekte/FH-Vertibot/src/project_src/LSM303DLHC_Lib_I2C.c **** 	uint32_t tmpZ = 0;
 547              		.loc 1 235 0
 548 0294 0025     		movs	r5, #0
 237:/home/user/Desktop/STM32-Projekte/FH-Vertibot/src/project_src/LSM303DLHC_Lib_I2C.c **** 	LSM303DLHC_AccInit();
 549              		.loc 1 237 0
 550 0296 4FF00A08 		mov	r8, #10
 234:/home/user/Desktop/STM32-Projekte/FH-Vertibot/src/project_src/LSM303DLHC_Lib_I2C.c **** 	uint32_t tmpY = 0;
 551              		.loc 1 234 0
 552 029a 2E46     		mov	r6, r5
 233:/home/user/Desktop/STM32-Projekte/FH-Vertibot/src/project_src/LSM303DLHC_Lib_I2C.c **** 	uint32_t tmpX = 0;
 553              		.loc 1 233 0
 554 029c 2F46     		mov	r7, r5
 555              	.LVL57:
 556              	.L49:
 241:/home/user/Desktop/STM32-Projekte/FH-Vertibot/src/project_src/LSM303DLHC_Lib_I2C.c **** 		LSM303DLHC_ACC_readValues(Acc_values);
 557              		.loc 1 241 0 discriminator 2
 558 029e 2046     		mov	r0, r4
 559 02a0 FFF7FEFF 		bl	LSM303DLHC_ACC_readValues
 560              	.LVL58:
 243:/home/user/Desktop/STM32-Projekte/FH-Vertibot/src/project_src/LSM303DLHC_Lib_I2C.c **** 		tmpX += (Acc_values->accValueX);
 561              		.loc 1 243 0 discriminator 2
 562 02a4 B4F90030 		ldrsh	r3, [r4]
 563 02a8 1F44     		add	r7, r7, r3
 564              	.LVL59:
 244:/home/user/Desktop/STM32-Projekte/FH-Vertibot/src/project_src/LSM303DLHC_Lib_I2C.c **** 		tmpY += (Acc_values->accValueY);
 565              		.loc 1 244 0 discriminator 2
 566 02aa B4F90230 		ldrsh	r3, [r4, #2]
 567 02ae 1E44     		add	r6, r6, r3
 568              	.LVL60:
 245:/home/user/Desktop/STM32-Projekte/FH-Vertibot/src/project_src/LSM303DLHC_Lib_I2C.c **** 		tmpZ += (Acc_values->accValueZ);
 569              		.loc 1 245 0 discriminator 2
 570 02b0 B4F90430 		ldrsh	r3, [r4, #4]
 247:/home/user/Desktop/STM32-Projekte/FH-Vertibot/src/project_src/LSM303DLHC_Lib_I2C.c **** 		Delay(INIT_DELAY_TIME/10);
 571              		.loc 1 247 0 discriminator 2
 572 02b4 43F69820 		movw	r0, #15000
 573 02b8 08F1FF38 		add	r8, r8, #-1
 574              	.LVL61:
 245:/home/user/Desktop/STM32-Projekte/FH-Vertibot/src/project_src/LSM303DLHC_Lib_I2C.c **** 		tmpZ += (Acc_values->accValueZ);
 575              		.loc 1 245 0 discriminator 2
 576 02bc 1D44     		add	r5, r5, r3
 577              	.LVL62:
 247:/home/user/Desktop/STM32-Projekte/FH-Vertibot/src/project_src/LSM303DLHC_Lib_I2C.c **** 		Delay(INIT_DELAY_TIME/10);
 578              		.loc 1 247 0 discriminator 2
 579 02be FFF7FEFF 		bl	Delay
 580              	.LVL63:
 239:/home/user/Desktop/STM32-Projekte/FH-Vertibot/src/project_src/LSM303DLHC_Lib_I2C.c **** 	for(i=0;i<AVG_ROUNDS;i++)
 581              		.loc 1 239 0 discriminator 2
 582 02c2 18F0FF08 		ands	r8, r8, #255
 583 02c6 EAD1     		bne	.L49
 249:/home/user/Desktop/STM32-Projekte/FH-Vertibot/src/project_src/LSM303DLHC_Lib_I2C.c **** 	Acc_values->accValueX = (tmpX/AVG_ROUNDS);
 584              		.loc 1 249 0
 585 02c8 0A23     		movs	r3, #10
 250:/home/user/Desktop/STM32-Projekte/FH-Vertibot/src/project_src/LSM303DLHC_Lib_I2C.c **** 	Acc_values->accValueY = (tmpY/AVG_ROUNDS);
 586              		.loc 1 250 0
 587 02ca B6FBF3F6 		udiv	r6, r6, r3
 588              	.LVL64:
 249:/home/user/Desktop/STM32-Projekte/FH-Vertibot/src/project_src/LSM303DLHC_Lib_I2C.c **** 	Acc_values->accValueX = (tmpX/AVG_ROUNDS);
 589              		.loc 1 249 0
 590 02ce B7FBF3F7 		udiv	r7, r7, r3
 591              	.LVL65:
 250:/home/user/Desktop/STM32-Projekte/FH-Vertibot/src/project_src/LSM303DLHC_Lib_I2C.c **** 	Acc_values->accValueY = (tmpY/AVG_ROUNDS);
 592              		.loc 1 250 0
 593 02d2 B6B2     		uxth	r6, r6
 249:/home/user/Desktop/STM32-Projekte/FH-Vertibot/src/project_src/LSM303DLHC_Lib_I2C.c **** 	Acc_values->accValueX = (tmpX/AVG_ROUNDS);
 594              		.loc 1 249 0
 595 02d4 BFB2     		uxth	r7, r7
 250:/home/user/Desktop/STM32-Projekte/FH-Vertibot/src/project_src/LSM303DLHC_Lib_I2C.c **** 	Acc_values->accValueY = (tmpY/AVG_ROUNDS);
 596              		.loc 1 250 0
 597 02d6 6680     		strh	r6, [r4, #2]	@ movhi
 251:/home/user/Desktop/STM32-Projekte/FH-Vertibot/src/project_src/LSM303DLHC_Lib_I2C.c **** 	Acc_values->accValueZ = (tmpZ/AVG_ROUNDS);
 598              		.loc 1 251 0
 599 02d8 B5FBF3F5 		udiv	r5, r5, r3
 600              	.LVL66:
 254:/home/user/Desktop/STM32-Projekte/FH-Vertibot/src/project_src/LSM303DLHC_Lib_I2C.c **** 									(Acc_values->accValueY*Acc_values->accValueY) +
 601              		.loc 1 254 0
 602 02dc 16FB06F6 		smulbb	r6, r6, r6
 249:/home/user/Desktop/STM32-Projekte/FH-Vertibot/src/project_src/LSM303DLHC_Lib_I2C.c **** 	Acc_values->accValueX = (tmpX/AVG_ROUNDS);
 603              		.loc 1 249 0
 604 02e0 2780     		strh	r7, [r4]	@ movhi
 251:/home/user/Desktop/STM32-Projekte/FH-Vertibot/src/project_src/LSM303DLHC_Lib_I2C.c **** 	Acc_values->accValueZ = (tmpZ/AVG_ROUNDS);
 605              		.loc 1 251 0
 606 02e2 ADB2     		uxth	r5, r5
 253:/home/user/Desktop/STM32-Projekte/FH-Vertibot/src/project_src/LSM303DLHC_Lib_I2C.c **** 	Acc_values->accGValue = sqrtf((Acc_values->accValueX*Acc_values->accValueX) +
 607              		.loc 1 253 0
 608 02e4 17FB0767 		smlabb	r7, r7, r7, r6
 254:/home/user/Desktop/STM32-Projekte/FH-Vertibot/src/project_src/LSM303DLHC_Lib_I2C.c **** 									(Acc_values->accValueY*Acc_values->accValueY) +
 609              		.loc 1 254 0
 610 02e8 15FB0577 		smlabb	r7, r5, r5, r7
 611 02ec 00EE107A 		fmsr	s0, r7	@ int
 251:/home/user/Desktop/STM32-Projekte/FH-Vertibot/src/project_src/LSM303DLHC_Lib_I2C.c **** 	Acc_values->accValueZ = (tmpZ/AVG_ROUNDS);
 612              		.loc 1 251 0
 613 02f0 A580     		strh	r5, [r4, #4]	@ movhi
 253:/home/user/Desktop/STM32-Projekte/FH-Vertibot/src/project_src/LSM303DLHC_Lib_I2C.c **** 	Acc_values->accGValue = sqrtf((Acc_values->accValueX*Acc_values->accValueX) +
 614              		.loc 1 253 0
 615 02f2 B8EEC00A 		fsitos	s0, s0
 616 02f6 FFF7FEFF 		bl	sqrtf
 617              	.LVL67:
 258:/home/user/Desktop/STM32-Projekte/FH-Vertibot/src/project_src/LSM303DLHC_Lib_I2C.c **** 	Acc_values->accGValue = Acc_values->accGValue*maxGOverflow;
 618              		.loc 1 258 0
 619 02fa 20EE080A 		fmuls	s0, s0, s16
 259:/home/user/Desktop/STM32-Projekte/FH-Vertibot/src/project_src/LSM303DLHC_Lib_I2C.c **** }
 620              		.loc 1 259 0
 621 02fe BDEC028B 		fldmfdd	sp!, {d8}
 622              	.LVL68:
 258:/home/user/Desktop/STM32-Projekte/FH-Vertibot/src/project_src/LSM303DLHC_Lib_I2C.c **** 	Acc_values->accGValue = Acc_values->accGValue*maxGOverflow;
 623              		.loc 1 258 0
 624 0302 84ED020A 		fsts	s0, [r4, #8]
 259:/home/user/Desktop/STM32-Projekte/FH-Vertibot/src/project_src/LSM303DLHC_Lib_I2C.c **** }
 625              		.loc 1 259 0
 626 0306 BDE8F081 		pop	{r4, r5, r6, r7, r8, pc}
 627              		.cfi_endproc
 628              	.LFE115:
 630              		.align	1
 631              		.global	LSM303DLHC_ACC_readValuesDMA
 632              		.thumb
 633              		.thumb_func
 635              	LSM303DLHC_ACC_readValuesDMA:
 636              	.LFB117:
 275:/home/user/Desktop/STM32-Projekte/FH-Vertibot/src/project_src/LSM303DLHC_Lib_I2C.c **** 
 276:/home/user/Desktop/STM32-Projekte/FH-Vertibot/src/project_src/LSM303DLHC_Lib_I2C.c **** void LSM303DLHC_ACC_readValuesDMA(struct accValues *accXYZ, uint8_t *buffer)
 277:/home/user/Desktop/STM32-Projekte/FH-Vertibot/src/project_src/LSM303DLHC_Lib_I2C.c **** {
 637              		.loc 1 277 0
 638              		.cfi_startproc
 639              		@ args = 0, pretend = 0, frame = 0
 640              		@ frame_needed = 0, uses_anonymous_args = 0
 641              	.LVL69:
 642 030a 38B5     		push	{r3, r4, r5, lr}
 643              	.LCFI7:
 644              		.cfi_def_cfa_offset 16
 645              		.cfi_offset 3, -16
 646              		.cfi_offset 4, -12
 647              		.cfi_offset 5, -8
 648              		.cfi_offset 14, -4
 649              		.loc 1 277 0
 650 030c 0C46     		mov	r4, r1
 651 030e 0546     		mov	r5, r0
 278:/home/user/Desktop/STM32-Projekte/FH-Vertibot/src/project_src/LSM303DLHC_Lib_I2C.c **** 	uint8_t cDivider;
 279:/home/user/Desktop/STM32-Projekte/FH-Vertibot/src/project_src/LSM303DLHC_Lib_I2C.c **** 
 280:/home/user/Desktop/STM32-Projekte/FH-Vertibot/src/project_src/LSM303DLHC_Lib_I2C.c **** 	/* Read the register content */
 281:/home/user/Desktop/STM32-Projekte/FH-Vertibot/src/project_src/LSM303DLHC_Lib_I2C.c **** 	LSM303DLHC_ReadDMA(ACC_I2C_ADDRESS, LSM303DLHC_OUT_X_L_A, buffer, 6);
 652              		.loc 1 281 0
 653 0310 2821     		movs	r1, #40
 654              	.LVL70:
 655 0312 2246     		mov	r2, r4
 656 0314 0623     		movs	r3, #6
 657 0316 3220     		movs	r0, #50
 658              	.LVL71:
 659 0318 FFF7FEFF 		bl	LSM303DLHC_ReadDMA
 660              	.LVL72:
 282:/home/user/Desktop/STM32-Projekte/FH-Vertibot/src/project_src/LSM303DLHC_Lib_I2C.c **** 
 283:/home/user/Desktop/STM32-Projekte/FH-Vertibot/src/project_src/LSM303DLHC_Lib_I2C.c **** 	cDivider=16;
 284:/home/user/Desktop/STM32-Projekte/FH-Vertibot/src/project_src/LSM303DLHC_Lib_I2C.c **** 
 285:/home/user/Desktop/STM32-Projekte/FH-Vertibot/src/project_src/LSM303DLHC_Lib_I2C.c **** 	// TODO Faster conversation
 286:/home/user/Desktop/STM32-Projekte/FH-Vertibot/src/project_src/LSM303DLHC_Lib_I2C.c **** 	// gyro->gyroValueX = (Buffer[1] << 8) | (Buffer[0]);
 287:/home/user/Desktop/STM32-Projekte/FH-Vertibot/src/project_src/LSM303DLHC_Lib_I2C.c **** 	accXYZ->accValueX = ((int16_t)((uint16_t)buffer[1] << 8) + buffer[0])/cDivider;
 661              		.loc 1 287 0
 662 031c 2378     		ldrb	r3, [r4]	@ zero_extendqisi2
 663 031e 94F90120 		ldrsb	r2, [r4, #1]
 664 0322 03EB0222 		add	r2, r3, r2, lsl #8
 665 0326 1023     		movs	r3, #16
 666 0328 92FBF3F2 		sdiv	r2, r2, r3
 667 032c 2A80     		strh	r2, [r5]	@ movhi
 288:/home/user/Desktop/STM32-Projekte/FH-Vertibot/src/project_src/LSM303DLHC_Lib_I2C.c **** 	accXYZ->accValueY = ((int16_t)((uint16_t)buffer[3] << 8) + buffer[2])/cDivider;
 668              		.loc 1 288 0
 669 032e 94F90310 		ldrsb	r1, [r4, #3]
 670 0332 A278     		ldrb	r2, [r4, #2]	@ zero_extendqisi2
 671 0334 02EB0122 		add	r2, r2, r1, lsl #8
 672 0338 92FBF3F2 		sdiv	r2, r2, r3
 673 033c 6A80     		strh	r2, [r5, #2]	@ movhi
 289:/home/user/Desktop/STM32-Projekte/FH-Vertibot/src/project_src/LSM303DLHC_Lib_I2C.c **** 	accXYZ->accValueZ = ((int16_t)((uint16_t)buffer[5] << 8) + buffer[4])/cDivider;
 674              		.loc 1 289 0
 675 033e 94F90510 		ldrsb	r1, [r4, #5]
 676 0342 2279     		ldrb	r2, [r4, #4]	@ zero_extendqisi2
 677 0344 02EB0122 		add	r2, r2, r1, lsl #8
 678 0348 92FBF3F3 		sdiv	r3, r2, r3
 679 034c AB80     		strh	r3, [r5, #4]	@ movhi
 680 034e 38BD     		pop	{r3, r4, r5, pc}
 681              		.cfi_endproc
 682              	.LFE117:
 684              		.align	1
 685              		.global	Mag_calibrate
 686              		.thumb
 687              		.thumb_func
 689              	Mag_calibrate:
 690              	.LFB118:
 290:/home/user/Desktop/STM32-Projekte/FH-Vertibot/src/project_src/LSM303DLHC_Lib_I2C.c **** }
 291:/home/user/Desktop/STM32-Projekte/FH-Vertibot/src/project_src/LSM303DLHC_Lib_I2C.c **** 
 292:/home/user/Desktop/STM32-Projekte/FH-Vertibot/src/project_src/LSM303DLHC_Lib_I2C.c **** 
 293:/home/user/Desktop/STM32-Projekte/FH-Vertibot/src/project_src/LSM303DLHC_Lib_I2C.c **** //void LSM303DLHC_ACC_readValues(struct accValues *accXYZ)
 294:/home/user/Desktop/STM32-Projekte/FH-Vertibot/src/project_src/LSM303DLHC_Lib_I2C.c **** //{
 295:/home/user/Desktop/STM32-Projekte/FH-Vertibot/src/project_src/LSM303DLHC_Lib_I2C.c **** //  uint8_t ctrlx[2];
 296:/home/user/Desktop/STM32-Projekte/FH-Vertibot/src/project_src/LSM303DLHC_Lib_I2C.c **** //  uint8_t buffer[6], cDivider;
 297:/home/user/Desktop/STM32-Projekte/FH-Vertibot/src/project_src/LSM303DLHC_Lib_I2C.c **** //
 298:/home/user/Desktop/STM32-Projekte/FH-Vertibot/src/project_src/LSM303DLHC_Lib_I2C.c **** //  /* Read the register content */
 299:/home/user/Desktop/STM32-Projekte/FH-Vertibot/src/project_src/LSM303DLHC_Lib_I2C.c **** //  LSM303DLHC_Read(ACC_I2C_ADDRESS, LSM303DLHC_CTRL_REG4_A, ctrlx,2);
 300:/home/user/Desktop/STM32-Projekte/FH-Vertibot/src/project_src/LSM303DLHC_Lib_I2C.c **** //  LSM303DLHC_Read(ACC_I2C_ADDRESS, LSM303DLHC_OUT_X_L_A, buffer, 6);
 301:/home/user/Desktop/STM32-Projekte/FH-Vertibot/src/project_src/LSM303DLHC_Lib_I2C.c **** //
 302:/home/user/Desktop/STM32-Projekte/FH-Vertibot/src/project_src/LSM303DLHC_Lib_I2C.c **** //  if(ctrlx[1]&0x40)
 303:/home/user/Desktop/STM32-Projekte/FH-Vertibot/src/project_src/LSM303DLHC_Lib_I2C.c **** //    cDivider=64;
 304:/home/user/Desktop/STM32-Projekte/FH-Vertibot/src/project_src/LSM303DLHC_Lib_I2C.c **** //  else
 305:/home/user/Desktop/STM32-Projekte/FH-Vertibot/src/project_src/LSM303DLHC_Lib_I2C.c **** //    cDivider=16;
 306:/home/user/Desktop/STM32-Projekte/FH-Vertibot/src/project_src/LSM303DLHC_Lib_I2C.c **** //
 307:/home/user/Desktop/STM32-Projekte/FH-Vertibot/src/project_src/LSM303DLHC_Lib_I2C.c **** //  /* check in the control register4 the data alignment*/
 308:/home/user/Desktop/STM32-Projekte/FH-Vertibot/src/project_src/LSM303DLHC_Lib_I2C.c **** //  if(!(ctrlx[0] & 0x40) || (ctrlx[1] & 0x40)) /* Little Endian Mode or FIFO mode */
 309:/home/user/Desktop/STM32-Projekte/FH-Vertibot/src/project_src/LSM303DLHC_Lib_I2C.c **** //  {
 310:/home/user/Desktop/STM32-Projekte/FH-Vertibot/src/project_src/LSM303DLHC_Lib_I2C.c **** //	accXYZ->accValueX = ((int16_t)((uint16_t)buffer[1] << 8) + buffer[0])/cDivider;
 311:/home/user/Desktop/STM32-Projekte/FH-Vertibot/src/project_src/LSM303DLHC_Lib_I2C.c **** //	accXYZ->accValueY = ((int16_t)((uint16_t)buffer[3] << 8) + buffer[2])/cDivider;
 312:/home/user/Desktop/STM32-Projekte/FH-Vertibot/src/project_src/LSM303DLHC_Lib_I2C.c **** //	accXYZ->accValueZ = ((int16_t)((uint16_t)buffer[5] << 8) + buffer[4])/cDivider;
 313:/home/user/Desktop/STM32-Projekte/FH-Vertibot/src/project_src/LSM303DLHC_Lib_I2C.c **** //  }
 314:/home/user/Desktop/STM32-Projekte/FH-Vertibot/src/project_src/LSM303DLHC_Lib_I2C.c **** //  else /* Big Endian Mode */
 315:/home/user/Desktop/STM32-Projekte/FH-Vertibot/src/project_src/LSM303DLHC_Lib_I2C.c **** //  {
 316:/home/user/Desktop/STM32-Projekte/FH-Vertibot/src/project_src/LSM303DLHC_Lib_I2C.c **** //  	accXYZ->accValueX = ((int16_t)((uint16_t)buffer[0] << 8) + buffer[1])/cDivider;
 317:/home/user/Desktop/STM32-Projekte/FH-Vertibot/src/project_src/LSM303DLHC_Lib_I2C.c **** //  	accXYZ->accValueY = ((int16_t)((uint16_t)buffer[2] << 8) + buffer[3])/cDivider;
 318:/home/user/Desktop/STM32-Projekte/FH-Vertibot/src/project_src/LSM303DLHC_Lib_I2C.c **** //  	accXYZ->accValueZ = ((int16_t)((uint16_t)buffer[4] << 8) + buffer[5])/cDivider;
 319:/home/user/Desktop/STM32-Projekte/FH-Vertibot/src/project_src/LSM303DLHC_Lib_I2C.c **** //  }
 320:/home/user/Desktop/STM32-Projekte/FH-Vertibot/src/project_src/LSM303DLHC_Lib_I2C.c **** //}
 321:/home/user/Desktop/STM32-Projekte/FH-Vertibot/src/project_src/LSM303DLHC_Lib_I2C.c **** 
 322:/home/user/Desktop/STM32-Projekte/FH-Vertibot/src/project_src/LSM303DLHC_Lib_I2C.c **** #endif
 323:/home/user/Desktop/STM32-Projekte/FH-Vertibot/src/project_src/LSM303DLHC_Lib_I2C.c **** 
 324:/home/user/Desktop/STM32-Projekte/FH-Vertibot/src/project_src/LSM303DLHC_Lib_I2C.c **** void Mag_calibrate(void)
 325:/home/user/Desktop/STM32-Projekte/FH-Vertibot/src/project_src/LSM303DLHC_Lib_I2C.c **** {
 691              		.loc 1 325 0
 692              		.cfi_startproc
 693              		@ args = 0, pretend = 0, frame = 8
 694              		@ frame_needed = 0, uses_anonymous_args = 0
 695 0350 07B5     		push	{r0, r1, r2, lr}
 696              	.LCFI8:
 697              		.cfi_def_cfa_offset 16
 698              		.cfi_offset 0, -16
 699              		.cfi_offset 1, -12
 700              		.cfi_offset 2, -8
 701              		.cfi_offset 14, -4
 326:/home/user/Desktop/STM32-Projekte/FH-Vertibot/src/project_src/LSM303DLHC_Lib_I2C.c **** 	uint8_t cra_regm = 0x00, crb_regm = 0x00, mr_regm = 0x00;
 327:/home/user/Desktop/STM32-Projekte/FH-Vertibot/src/project_src/LSM303DLHC_Lib_I2C.c **** 
 328:/home/user/Desktop/STM32-Projekte/FH-Vertibot/src/project_src/LSM303DLHC_Lib_I2C.c **** 	/* Configure MEMS: temp and Data rate */
 329:/home/user/Desktop/STM32-Projekte/FH-Vertibot/src/project_src/LSM303DLHC_Lib_I2C.c **** 	cra_regm |= (uint8_t) (LSM303DLHC_TEMPSENSOR_DISABLE | LSM303DLHC_ODR_30_HZ);
 702              		.loc 1 329 0
 703 0352 1423     		movs	r3, #20
 326:/home/user/Desktop/STM32-Projekte/FH-Vertibot/src/project_src/LSM303DLHC_Lib_I2C.c **** 	uint8_t cra_regm = 0x00, crb_regm = 0x00, mr_regm = 0x00;
 704              		.loc 1 326 0
 705 0354 0021     		movs	r1, #0
 706              		.loc 1 329 0
 707 0356 8DF80530 		strb	r3, [sp, #5]
 330:/home/user/Desktop/STM32-Projekte/FH-Vertibot/src/project_src/LSM303DLHC_Lib_I2C.c **** 
 331:/home/user/Desktop/STM32-Projekte/FH-Vertibot/src/project_src/LSM303DLHC_Lib_I2C.c **** 	/* Configure MEMS: full Scale */
 332:/home/user/Desktop/STM32-Projekte/FH-Vertibot/src/project_src/LSM303DLHC_Lib_I2C.c **** 	crb_regm |= (uint8_t) (LSM303DLHC_FS_8_1_GA);
 333:/home/user/Desktop/STM32-Projekte/FH-Vertibot/src/project_src/LSM303DLHC_Lib_I2C.c **** 
 334:/home/user/Desktop/STM32-Projekte/FH-Vertibot/src/project_src/LSM303DLHC_Lib_I2C.c **** 	/* Configure MEMS: working mode */
 335:/home/user/Desktop/STM32-Projekte/FH-Vertibot/src/project_src/LSM303DLHC_Lib_I2C.c **** 	mr_regm |= (uint8_t) (LSM303DLHC_CONTINUOS_CONVERSION);
 336:/home/user/Desktop/STM32-Projekte/FH-Vertibot/src/project_src/LSM303DLHC_Lib_I2C.c **** 
 337:/home/user/Desktop/STM32-Projekte/FH-Vertibot/src/project_src/LSM303DLHC_Lib_I2C.c **** 	/* Write value to Mag MEMS CRA_REG regsister */
 338:/home/user/Desktop/STM32-Projekte/FH-Vertibot/src/project_src/LSM303DLHC_Lib_I2C.c **** 	LSM303DLHC_Write(MAG_I2C_ADDRESS, LSM303DLHC_CRA_REG_M, &cra_regm);
 708              		.loc 1 338 0
 709 035a 0DF10502 		add	r2, sp, #5
 332:/home/user/Desktop/STM32-Projekte/FH-Vertibot/src/project_src/LSM303DLHC_Lib_I2C.c **** 	crb_regm |= (uint8_t) (LSM303DLHC_FS_8_1_GA);
 710              		.loc 1 332 0
 711 035e E023     		movs	r3, #224
 712              		.loc 1 338 0
 713 0360 3C20     		movs	r0, #60
 332:/home/user/Desktop/STM32-Projekte/FH-Vertibot/src/project_src/LSM303DLHC_Lib_I2C.c **** 	crb_regm |= (uint8_t) (LSM303DLHC_FS_8_1_GA);
 714              		.loc 1 332 0
 715 0362 8DF80630 		strb	r3, [sp, #6]
 326:/home/user/Desktop/STM32-Projekte/FH-Vertibot/src/project_src/LSM303DLHC_Lib_I2C.c **** 	uint8_t cra_regm = 0x00, crb_regm = 0x00, mr_regm = 0x00;
 716              		.loc 1 326 0
 717 0366 8DF80710 		strb	r1, [sp, #7]
 718              		.loc 1 338 0
 719 036a FFF7FEFF 		bl	LSM303DLHC_Write
 720              	.LVL73:
 339:/home/user/Desktop/STM32-Projekte/FH-Vertibot/src/project_src/LSM303DLHC_Lib_I2C.c **** 
 340:/home/user/Desktop/STM32-Projekte/FH-Vertibot/src/project_src/LSM303DLHC_Lib_I2C.c **** 	/* Write value to Mag MEMS CRB_REG regsister */
 341:/home/user/Desktop/STM32-Projekte/FH-Vertibot/src/project_src/LSM303DLHC_Lib_I2C.c **** 	LSM303DLHC_Write(MAG_I2C_ADDRESS, LSM303DLHC_CRB_REG_M, &crb_regm);
 721              		.loc 1 341 0
 722 036e 0DF10602 		add	r2, sp, #6
 723 0372 3C20     		movs	r0, #60
 724 0374 0121     		movs	r1, #1
 725 0376 FFF7FEFF 		bl	LSM303DLHC_Write
 726              	.LVL74:
 342:/home/user/Desktop/STM32-Projekte/FH-Vertibot/src/project_src/LSM303DLHC_Lib_I2C.c **** 
 343:/home/user/Desktop/STM32-Projekte/FH-Vertibot/src/project_src/LSM303DLHC_Lib_I2C.c **** 	/* Write value to Mag MEMS MR_REG regsister */
 344:/home/user/Desktop/STM32-Projekte/FH-Vertibot/src/project_src/LSM303DLHC_Lib_I2C.c **** 	LSM303DLHC_Write(MAG_I2C_ADDRESS, LSM303DLHC_MR_REG_M, &mr_regm);
 727              		.loc 1 344 0
 728 037a 3C20     		movs	r0, #60
 729 037c 0221     		movs	r1, #2
 730 037e 0DF10702 		add	r2, sp, #7
 731 0382 FFF7FEFF 		bl	LSM303DLHC_Write
 732              	.LVL75:
 345:/home/user/Desktop/STM32-Projekte/FH-Vertibot/src/project_src/LSM303DLHC_Lib_I2C.c **** }
 733              		.loc 1 345 0
 734 0386 03B0     		add	sp, sp, #12
 735              		@ sp needed
 736 0388 5DF804FB 		ldr	pc, [sp], #4
 737              		.cfi_endproc
 738              	.LFE118:
 740              		.align	1
 741              		.global	Mag_readValues
 742              		.thumb
 743              		.thumb_func
 745              	Mag_readValues:
 746              	.LFB119:
 346:/home/user/Desktop/STM32-Projekte/FH-Vertibot/src/project_src/LSM303DLHC_Lib_I2C.c **** 
 347:/home/user/Desktop/STM32-Projekte/FH-Vertibot/src/project_src/LSM303DLHC_Lib_I2C.c **** 
 348:/home/user/Desktop/STM32-Projekte/FH-Vertibot/src/project_src/LSM303DLHC_Lib_I2C.c **** void Mag_readValues (struct magValues *magXYZ)
 349:/home/user/Desktop/STM32-Projekte/FH-Vertibot/src/project_src/LSM303DLHC_Lib_I2C.c **** {
 747              		.loc 1 349 0
 748              		.cfi_startproc
 749              		@ args = 0, pretend = 0, frame = 8
 750              		@ frame_needed = 0, uses_anonymous_args = 0
 751              	.LVL76:
 752 038c 37B5     		push	{r0, r1, r2, r4, r5, lr}
 753              	.LCFI9:
 754              		.cfi_def_cfa_offset 24
 755              		.cfi_offset 0, -24
 756              		.cfi_offset 1, -20
 757              		.cfi_offset 2, -16
 758              		.cfi_offset 4, -12
 759              		.cfi_offset 5, -8
 760              		.cfi_offset 14, -4
 350:/home/user/Desktop/STM32-Projekte/FH-Vertibot/src/project_src/LSM303DLHC_Lib_I2C.c ****   static uint8_t buffer[6] = {0};
 351:/home/user/Desktop/STM32-Projekte/FH-Vertibot/src/project_src/LSM303DLHC_Lib_I2C.c ****   uint8_t CTRLB = 0;
 761              		.loc 1 351 0
 762 038e 02AA     		add	r2, sp, #8
 352:/home/user/Desktop/STM32-Projekte/FH-Vertibot/src/project_src/LSM303DLHC_Lib_I2C.c ****   uint16_t Magn_Sensitivity_XY = 0, Magn_Sensitivity_Z = 0;
 353:/home/user/Desktop/STM32-Projekte/FH-Vertibot/src/project_src/LSM303DLHC_Lib_I2C.c ****   LSM303DLHC_Read(MAG_I2C_ADDRESS, LSM303DLHC_CRB_REG_M, &CTRLB, 1);
 763              		.loc 1 353 0
 764 0390 0121     		movs	r1, #1
 351:/home/user/Desktop/STM32-Projekte/FH-Vertibot/src/project_src/LSM303DLHC_Lib_I2C.c ****   uint8_t CTRLB = 0;
 765              		.loc 1 351 0
 766 0392 0023     		movs	r3, #0
 767 0394 02F8013D 		strb	r3, [r2, #-1]!
 768              	.LVL77:
 349:/home/user/Desktop/STM32-Projekte/FH-Vertibot/src/project_src/LSM303DLHC_Lib_I2C.c **** {
 769              		.loc 1 349 0
 770 0398 0446     		mov	r4, r0
 771              		.loc 1 353 0
 772 039a 0B46     		mov	r3, r1
 773 039c 3C20     		movs	r0, #60
 774              	.LVL78:
 775 039e FFF7FEFF 		bl	LSM303DLHC_Read
 776              	.LVL79:
 354:/home/user/Desktop/STM32-Projekte/FH-Vertibot/src/project_src/LSM303DLHC_Lib_I2C.c **** 
 355:/home/user/Desktop/STM32-Projekte/FH-Vertibot/src/project_src/LSM303DLHC_Lib_I2C.c ****   LSM303DLHC_Read(MAG_I2C_ADDRESS, LSM303DLHC_OUT_X_H_M, buffer, 6);
 777              		.loc 1 355 0
 778 03a2 0623     		movs	r3, #6
 779 03a4 3C20     		movs	r0, #60
 780 03a6 0321     		movs	r1, #3
 781 03a8 3E4A     		ldr	r2, .L64
 782 03aa FFF7FEFF 		bl	LSM303DLHC_Read
 783              	.LVL80:
 356:/home/user/Desktop/STM32-Projekte/FH-Vertibot/src/project_src/LSM303DLHC_Lib_I2C.c **** //  LSM303DLHC_Read(MAG_I2C_ADDRESS, LSM303DLHC_OUT_X_L_M, buffer+1, 1);
 357:/home/user/Desktop/STM32-Projekte/FH-Vertibot/src/project_src/LSM303DLHC_Lib_I2C.c **** //  LSM303DLHC_Read(MAG_I2C_ADDRESS, LSM303DLHC_OUT_Y_H_M, buffer+2, 1);
 358:/home/user/Desktop/STM32-Projekte/FH-Vertibot/src/project_src/LSM303DLHC_Lib_I2C.c **** //  LSM303DLHC_Read(MAG_I2C_ADDRESS, LSM303DLHC_OUT_Y_L_M, buffer+3, 1);
 359:/home/user/Desktop/STM32-Projekte/FH-Vertibot/src/project_src/LSM303DLHC_Lib_I2C.c **** //  LSM303DLHC_Read(MAG_I2C_ADDRESS, LSM303DLHC_OUT_Z_H_M, buffer+4, 1);
 360:/home/user/Desktop/STM32-Projekte/FH-Vertibot/src/project_src/LSM303DLHC_Lib_I2C.c **** //  LSM303DLHC_Read(MAG_I2C_ADDRESS, LSM303DLHC_OUT_Z_L_M, buffer+5, 1);
 361:/home/user/Desktop/STM32-Projekte/FH-Vertibot/src/project_src/LSM303DLHC_Lib_I2C.c ****   /* Switch the sensitivity set in the CRTLB*/
 362:/home/user/Desktop/STM32-Projekte/FH-Vertibot/src/project_src/LSM303DLHC_Lib_I2C.c ****   switch(CTRLB & 0xE0)
 784              		.loc 1 362 0
 785 03ae 9DF80730 		ldrb	r3, [sp, #7]	@ zero_extendqisi2
 786 03b2 03F0E003 		and	r3, r3, #224
 787 03b6 802B     		cmp	r3, #128
 788 03b8 1AD0     		beq	.L54
 789 03ba 06D8     		bhi	.L55
 790 03bc 402B     		cmp	r3, #64
 791 03be 0DD0     		beq	.L56
 792 03c0 602B     		cmp	r3, #96
 793 03c2 10D0     		beq	.L57
 794 03c4 202B     		cmp	r3, #32
 795 03c6 06D1     		bne	.L53
 796 03c8 24E0     		b	.L63
 797              	.L55:
 798 03ca C02B     		cmp	r3, #192
 799 03cc 1AD0     		beq	.L59
 800 03ce E02B     		cmp	r3, #224
 801 03d0 1DD0     		beq	.L60
 802 03d2 A02B     		cmp	r3, #160
 803 03d4 11D0     		beq	.L61
 804              	.L53:
 352:/home/user/Desktop/STM32-Projekte/FH-Vertibot/src/project_src/LSM303DLHC_Lib_I2C.c ****   uint16_t Magn_Sensitivity_XY = 0, Magn_Sensitivity_Z = 0;
 805              		.loc 1 352 0
 806 03d6 0023     		movs	r3, #0
 807 03d8 1A46     		mov	r2, r3
 808 03da 1FE0     		b	.L58
 809              	.L56:
 810              	.LVL81:
 363:/home/user/Desktop/STM32-Projekte/FH-Vertibot/src/project_src/LSM303DLHC_Lib_I2C.c ****   {
 364:/home/user/Desktop/STM32-Projekte/FH-Vertibot/src/project_src/LSM303DLHC_Lib_I2C.c ****   case LSM303DLHC_FS_1_3_GA:
 365:/home/user/Desktop/STM32-Projekte/FH-Vertibot/src/project_src/LSM303DLHC_Lib_I2C.c ****     Magn_Sensitivity_XY = LSM303DLHC_M_SENSITIVITY_XY_1_3Ga;
 366:/home/user/Desktop/STM32-Projekte/FH-Vertibot/src/project_src/LSM303DLHC_Lib_I2C.c ****     Magn_Sensitivity_Z = LSM303DLHC_M_SENSITIVITY_Z_1_3Ga;
 367:/home/user/Desktop/STM32-Projekte/FH-Vertibot/src/project_src/LSM303DLHC_Lib_I2C.c ****     break;
 368:/home/user/Desktop/STM32-Projekte/FH-Vertibot/src/project_src/LSM303DLHC_Lib_I2C.c ****   case LSM303DLHC_FS_1_9_GA:
 369:/home/user/Desktop/STM32-Projekte/FH-Vertibot/src/project_src/LSM303DLHC_Lib_I2C.c ****     Magn_Sensitivity_XY = LSM303DLHC_M_SENSITIVITY_XY_1_9Ga;
 370:/home/user/Desktop/STM32-Projekte/FH-Vertibot/src/project_src/LSM303DLHC_Lib_I2C.c ****     Magn_Sensitivity_Z = LSM303DLHC_M_SENSITIVITY_Z_1_9Ga;
 811              		.loc 1 370 0
 812 03dc 4FF43E73 		mov	r3, #760
 369:/home/user/Desktop/STM32-Projekte/FH-Vertibot/src/project_src/LSM303DLHC_Lib_I2C.c ****     Magn_Sensitivity_XY = LSM303DLHC_M_SENSITIVITY_XY_1_9Ga;
 813              		.loc 1 369 0
 814 03e0 40F25732 		movw	r2, #855
 371:/home/user/Desktop/STM32-Projekte/FH-Vertibot/src/project_src/LSM303DLHC_Lib_I2C.c ****     break;
 815              		.loc 1 371 0
 816 03e4 1AE0     		b	.L58
 817              	.LVL82:
 818              	.L57:
 372:/home/user/Desktop/STM32-Projekte/FH-Vertibot/src/project_src/LSM303DLHC_Lib_I2C.c ****   case LSM303DLHC_FS_2_5_GA:
 373:/home/user/Desktop/STM32-Projekte/FH-Vertibot/src/project_src/LSM303DLHC_Lib_I2C.c ****     Magn_Sensitivity_XY = LSM303DLHC_M_SENSITIVITY_XY_2_5Ga;
 374:/home/user/Desktop/STM32-Projekte/FH-Vertibot/src/project_src/LSM303DLHC_Lib_I2C.c ****     Magn_Sensitivity_Z = LSM303DLHC_M_SENSITIVITY_Z_2_5Ga;
 819              		.loc 1 374 0
 820 03e6 4FF41673 		mov	r3, #600
 373:/home/user/Desktop/STM32-Projekte/FH-Vertibot/src/project_src/LSM303DLHC_Lib_I2C.c ****     Magn_Sensitivity_XY = LSM303DLHC_M_SENSITIVITY_XY_2_5Ga;
 821              		.loc 1 373 0
 822 03ea 40F29E22 		movw	r2, #670
 375:/home/user/Desktop/STM32-Projekte/FH-Vertibot/src/project_src/LSM303DLHC_Lib_I2C.c ****     break;
 823              		.loc 1 375 0
 824 03ee 15E0     		b	.L58
 825              	.LVL83:
 826              	.L54:
 376:/home/user/Desktop/STM32-Projekte/FH-Vertibot/src/project_src/LSM303DLHC_Lib_I2C.c ****   case LSM303DLHC_FS_4_0_GA:
 377:/home/user/Desktop/STM32-Projekte/FH-Vertibot/src/project_src/LSM303DLHC_Lib_I2C.c ****     Magn_Sensitivity_XY = LSM303DLHC_M_SENSITIVITY_XY_4Ga;
 378:/home/user/Desktop/STM32-Projekte/FH-Vertibot/src/project_src/LSM303DLHC_Lib_I2C.c ****     Magn_Sensitivity_Z = LSM303DLHC_M_SENSITIVITY_Z_4Ga;
 827              		.loc 1 378 0
 828 03f0 4FF4C873 		mov	r3, #400
 377:/home/user/Desktop/STM32-Projekte/FH-Vertibot/src/project_src/LSM303DLHC_Lib_I2C.c ****     Magn_Sensitivity_XY = LSM303DLHC_M_SENSITIVITY_XY_4Ga;
 829              		.loc 1 377 0
 830 03f4 4FF4E172 		mov	r2, #450
 379:/home/user/Desktop/STM32-Projekte/FH-Vertibot/src/project_src/LSM303DLHC_Lib_I2C.c ****     break;
 831              		.loc 1 379 0
 832 03f8 10E0     		b	.L58
 833              	.LVL84:
 834              	.L61:
 380:/home/user/Desktop/STM32-Projekte/FH-Vertibot/src/project_src/LSM303DLHC_Lib_I2C.c ****   case LSM303DLHC_FS_4_7_GA:
 381:/home/user/Desktop/STM32-Projekte/FH-Vertibot/src/project_src/LSM303DLHC_Lib_I2C.c ****     Magn_Sensitivity_XY = LSM303DLHC_M_SENSITIVITY_XY_4_7Ga;
 382:/home/user/Desktop/STM32-Projekte/FH-Vertibot/src/project_src/LSM303DLHC_Lib_I2C.c ****     Magn_Sensitivity_Z = LSM303DLHC_M_SENSITIVITY_Z_4_7Ga;
 835              		.loc 1 382 0
 836 03fa 40F26313 		movw	r3, #355
 381:/home/user/Desktop/STM32-Projekte/FH-Vertibot/src/project_src/LSM303DLHC_Lib_I2C.c ****     Magn_Sensitivity_XY = LSM303DLHC_M_SENSITIVITY_XY_4_7Ga;
 837              		.loc 1 381 0
 838 03fe 4FF4C872 		mov	r2, #400
 383:/home/user/Desktop/STM32-Projekte/FH-Vertibot/src/project_src/LSM303DLHC_Lib_I2C.c ****     break;
 839              		.loc 1 383 0
 840 0402 0BE0     		b	.L58
 841              	.LVL85:
 842              	.L59:
 384:/home/user/Desktop/STM32-Projekte/FH-Vertibot/src/project_src/LSM303DLHC_Lib_I2C.c ****   case LSM303DLHC_FS_5_6_GA:
 385:/home/user/Desktop/STM32-Projekte/FH-Vertibot/src/project_src/LSM303DLHC_Lib_I2C.c ****     Magn_Sensitivity_XY = LSM303DLHC_M_SENSITIVITY_XY_5_6Ga;
 386:/home/user/Desktop/STM32-Projekte/FH-Vertibot/src/project_src/LSM303DLHC_Lib_I2C.c ****     Magn_Sensitivity_Z = LSM303DLHC_M_SENSITIVITY_Z_5_6Ga;
 843              		.loc 1 386 0
 844 0404 40F22713 		movw	r3, #295
 385:/home/user/Desktop/STM32-Projekte/FH-Vertibot/src/project_src/LSM303DLHC_Lib_I2C.c ****     Magn_Sensitivity_XY = LSM303DLHC_M_SENSITIVITY_XY_5_6Ga;
 845              		.loc 1 385 0
 846 0408 4FF4A572 		mov	r2, #330
 387:/home/user/Desktop/STM32-Projekte/FH-Vertibot/src/project_src/LSM303DLHC_Lib_I2C.c ****     break;
 847              		.loc 1 387 0
 848 040c 06E0     		b	.L58
 849              	.LVL86:
 850              	.L60:
 388:/home/user/Desktop/STM32-Projekte/FH-Vertibot/src/project_src/LSM303DLHC_Lib_I2C.c ****   case LSM303DLHC_FS_8_1_GA:
 389:/home/user/Desktop/STM32-Projekte/FH-Vertibot/src/project_src/LSM303DLHC_Lib_I2C.c ****     Magn_Sensitivity_XY = LSM303DLHC_M_SENSITIVITY_XY_8_1Ga;
 390:/home/user/Desktop/STM32-Projekte/FH-Vertibot/src/project_src/LSM303DLHC_Lib_I2C.c ****     Magn_Sensitivity_Z = LSM303DLHC_M_SENSITIVITY_Z_8_1Ga;
 851              		.loc 1 390 0
 852 040e CD23     		movs	r3, #205
 389:/home/user/Desktop/STM32-Projekte/FH-Vertibot/src/project_src/LSM303DLHC_Lib_I2C.c ****     Magn_Sensitivity_XY = LSM303DLHC_M_SENSITIVITY_XY_8_1Ga;
 853              		.loc 1 389 0
 854 0410 E622     		movs	r2, #230
 391:/home/user/Desktop/STM32-Projekte/FH-Vertibot/src/project_src/LSM303DLHC_Lib_I2C.c ****     break;
 855              		.loc 1 391 0
 856 0412 03E0     		b	.L58
 857              	.LVL87:
 858              	.L63:
 366:/home/user/Desktop/STM32-Projekte/FH-Vertibot/src/project_src/LSM303DLHC_Lib_I2C.c ****     Magn_Sensitivity_Z = LSM303DLHC_M_SENSITIVITY_Z_1_3Ga;
 859              		.loc 1 366 0
 860 0414 4FF47573 		mov	r3, #980
 365:/home/user/Desktop/STM32-Projekte/FH-Vertibot/src/project_src/LSM303DLHC_Lib_I2C.c ****     Magn_Sensitivity_XY = LSM303DLHC_M_SENSITIVITY_XY_1_3Ga;
 861              		.loc 1 365 0
 862 0418 40F24C42 		movw	r2, #1100
 863              	.LVL88:
 864              	.L58:
 392:/home/user/Desktop/STM32-Projekte/FH-Vertibot/src/project_src/LSM303DLHC_Lib_I2C.c ****   }
 393:/home/user/Desktop/STM32-Projekte/FH-Vertibot/src/project_src/LSM303DLHC_Lib_I2C.c **** 
 394:/home/user/Desktop/STM32-Projekte/FH-Vertibot/src/project_src/LSM303DLHC_Lib_I2C.c ****   magXYZ->magValueX = (float)((int16_t)(((uint16_t)buffer[0] << 8) + buffer[1])*1000)/Magn_Sensitiv
 865              		.loc 1 394 0
 866 041c 2149     		ldr	r1, .L64
 867 041e 0D78     		ldrb	r5, [r1]	@ zero_extendqisi2
 868 0420 4878     		ldrb	r0, [r1, #1]	@ zero_extendqisi2
 869 0422 00EB0520 		add	r0, r0, r5, lsl #8
 870 0426 06EE902A 		fmsr	s13, r2	@ int
 871 042a 80B2     		uxth	r0, r0
 872 042c 4FF47A72 		mov	r2, #1000
 873              	.LVL89:
 874 0430 10FB02F0 		smulbb	r0, r0, r2
 875 0434 07EE100A 		fmsr	s14, r0	@ int
 876 0438 F8EEE67A 		fsitos	s15, s13
 877 043c B8EEC77A 		fsitos	s14, s14
 878 0440 87EE277A 		fdivs	s14, s14, s15
 879 0444 BDEEC77A 		ftosizs	s14, s14
 880 0448 17EE100A 		fmrs	r0, s14	@ int
 881 044c 2080     		strh	r0, [r4]	@ movhi
 395:/home/user/Desktop/STM32-Projekte/FH-Vertibot/src/project_src/LSM303DLHC_Lib_I2C.c ****   magXYZ->magValueZ = (float)((int16_t)(((uint16_t)buffer[2] << 8) + buffer[3])*1000)/Magn_Sensitiv
 882              		.loc 1 395 0
 883 044e 8D78     		ldrb	r5, [r1, #2]	@ zero_extendqisi2
 884 0450 C878     		ldrb	r0, [r1, #3]	@ zero_extendqisi2
 885 0452 00EB0520 		add	r0, r0, r5, lsl #8
 886 0456 80B2     		uxth	r0, r0
 887 0458 10FB02F0 		smulbb	r0, r0, r2
 888 045c 06EE900A 		fmsr	s13, r0	@ int
 889              	.LVL90:
 890 0460 B8EEE67A 		fsitos	s14, s13
 396:/home/user/Desktop/STM32-Projekte/FH-Vertibot/src/project_src/LSM303DLHC_Lib_I2C.c ****   magXYZ->magValueY = (float)((int16_t)(((uint16_t)buffer[4] << 8) + buffer[5])*1000)/Magn_Sensitiv
 891              		.loc 1 396 0
 892 0464 06EE903A 		fmsr	s13, r3	@ int
 395:/home/user/Desktop/STM32-Projekte/FH-Vertibot/src/project_src/LSM303DLHC_Lib_I2C.c ****   magXYZ->magValueZ = (float)((int16_t)(((uint16_t)buffer[2] << 8) + buffer[3])*1000)/Magn_Sensitiv
 893              		.loc 1 395 0
 894 0468 C7EE277A 		fdivs	s15, s14, s15
 895              		.loc 1 396 0
 896 046c B8EEE67A 		fsitos	s14, s13
 395:/home/user/Desktop/STM32-Projekte/FH-Vertibot/src/project_src/LSM303DLHC_Lib_I2C.c ****   magXYZ->magValueZ = (float)((int16_t)(((uint16_t)buffer[2] << 8) + buffer[3])*1000)/Magn_Sensitiv
 897              		.loc 1 395 0
 898 0470 FDEEE77A 		ftosizs	s15, s15
 899 0474 17EE900A 		fmrs	r0, s15	@ int
 900 0478 A080     		strh	r0, [r4, #4]	@ movhi
 901              		.loc 1 396 0
 902 047a 0879     		ldrb	r0, [r1, #4]	@ zero_extendqisi2
 903 047c 4979     		ldrb	r1, [r1, #5]	@ zero_extendqisi2
 904 047e 01EB0021 		add	r1, r1, r0, lsl #8
 905 0482 89B2     		uxth	r1, r1
 906 0484 11FB02F2 		smulbb	r2, r1, r2
 907 0488 07EE902A 		fmsr	s15, r2	@ int
 908 048c F8EEE77A 		fsitos	s15, s15
 909 0490 C7EE877A 		fdivs	s15, s15, s14
 910 0494 FDEEE77A 		ftosizs	s15, s15
 911 0498 17EE903A 		fmrs	r3, s15	@ int
 912              	.LVL91:
 913 049c 6380     		strh	r3, [r4, #2]	@ movhi
 397:/home/user/Desktop/STM32-Projekte/FH-Vertibot/src/project_src/LSM303DLHC_Lib_I2C.c **** }
 914              		.loc 1 397 0
 915 049e 03B0     		add	sp, sp, #12
 916              		@ sp needed
 917 04a0 30BD     		pop	{r4, r5, pc}
 918              	.LVL92:
 919              	.L65:
 920 04a2 00BF     		.align	2
 921              	.L64:
 922 04a4 00000000 		.word	.LANCHOR0
 923              		.cfi_endproc
 924              	.LFE119:
 926              		.bss
 927              		.set	.LANCHOR0,. + 0
 930              	buffer.8622:
 931 0000 00000000 		.space	6
 931      0000
 932              		.text
 933              	.Letext0:
 934              		.file 2 "/home/user/gcc-arm-none-eabi-4_8-2013q4/arm-none-eabi/include/stdint.h"
 935              		.file 3 "/home/user/Desktop/STM32-Projekte/FH-Vertibot/src/CMSIS/Device/ST/STM32F30x/Include/stm32
 936              		.file 4 "/home/user/Desktop/STM32-Projekte/FH-Vertibot/src/project_inc/LSM303DLHC_Lib_I2C.h"
 937              		.file 5 "/home/user/Desktop/STM32-Projekte/FH-Vertibot/src/STM32F30x_StdPeriph_Driver/inc/stm32f30
 938              		.file 6 "/home/user/Desktop/STM32-Projekte/FH-Vertibot/src/STM32F30x_StdPeriph_Driver/inc/stm32f30
 939              		.file 7 "/home/user/Desktop/STM32-Projekte/FH-Vertibot/src/project_inc/helperFunctions.h"
 940              		.file 8 "/home/user/gcc-arm-none-eabi-4_8-2013q4/arm-none-eabi/include/math.h"
 941              		.file 9 "/home/user/Desktop/STM32-Projekte/FH-Vertibot/src/CMSIS/Include/core_cm4.h"
DEFINED SYMBOLS
                            *ABS*:00000000 LSM303DLHC_Lib_I2C.c
     /tmp/cc2EU1As.s:20     .text:00000000 $t
     /tmp/cc2EU1As.s:25     .text:00000000 LSM303DLHC_Write
     /tmp/cc2EU1As.s:128    .text:0000008c $d
     /tmp/cc2EU1As.s:132    .text:00000090 $t
     /tmp/cc2EU1As.s:137    .text:00000090 LSM303DLHC_Read
     /tmp/cc2EU1As.s:261    .text:00000130 $d
     /tmp/cc2EU1As.s:265    .text:00000134 $t
     /tmp/cc2EU1As.s:270    .text:00000134 LSM303DLHC_ReadDMA
     /tmp/cc2EU1As.s:398    .text:000001f0 $d
     /tmp/cc2EU1As.s:403    .text:000001f8 $t
     /tmp/cc2EU1As.s:408    .text:000001f8 LSM303DLHC_AccInit
     /tmp/cc2EU1As.s:463    .text:00000236 LSM303DLHC_ACC_readValues
     /tmp/cc2EU1As.s:521    .text:00000282 LSM303DLHC_ACC_calibrate
     /tmp/cc2EU1As.s:635    .text:0000030a LSM303DLHC_ACC_readValuesDMA
     /tmp/cc2EU1As.s:689    .text:00000350 Mag_calibrate
     /tmp/cc2EU1As.s:745    .text:0000038c Mag_readValues
     /tmp/cc2EU1As.s:922    .text:000004a4 $d
     /tmp/cc2EU1As.s:930    .bss:00000000 buffer.8622
     /tmp/cc2EU1As.s:931    .bss:00000000 $d
                     .debug_frame:00000010 $d
                           .group:00000000 wm4.1.e41257821655b1beb88e1ee583b76eae
                           .group:00000000 wm4.stm32f30x.h.54.c7b24f715ee55ef38656f44540ae3be6
                           .group:00000000 wm4.core_cm4.h.32.1434cd257ff5806b1b03cd32ab0641e9
                           .group:00000000 wm4.newlib.h.8.384a112feabb3bef7b573ae48cde2e3b
                           .group:00000000 wm4.features.h.22.6a4ca7cd053637cc1d0db6c16f39b2d7
                           .group:00000000 wm4.config.h.212.4163ef2871a828c674038d036b081cfd
                           .group:00000000 wm4._ansi.h.23.5644b60c990a4800b02a6e654e88f93a
                           .group:00000000 wm4.stdint.h.20.54ad762faa59e3c05491630641c8d8bf
                           .group:00000000 wm4.core_cmInstr.h.25.d8165482ef3061013a2fc83e2d85f3d9
                           .group:00000000 wm4.core_cm4_simd.h.29.013e5bcf58dba2d27c60184174208e07
                           .group:00000000 wm4.core_cm4.h.155.cf7c793e178943e1bbf613f1b21cd51a
                           .group:00000000 wm4.stm32f30x.h.292.5f9271075d54fc48f1e25ff79df85cb2
                           .group:00000000 wm4.stm32f30x_adc.h.130.cbebad91f78fb87381fe0860eea6104e
                           .group:00000000 wm4.stm32f30x_comp.h.31.9bbc5f5f1a849069ea9062fbe7b81435
                           .group:00000000 wm4.stm32f30x_dma.h.31.73d173fa6d60026d432f3cf1d2fc4407
                           .group:00000000 wm4.stm32f30x_exti.h.31.22e280aa6e095108654ac8d3c74a2409
                           .group:00000000 wm4.stm32f30x_flash.h.31.bee86dc3079b7049419bdbeec073e2cd
                           .group:00000000 wm4.stm32f30x_gpio.h.31.3745297fee3728b346ad4d2a2467e40f
                           .group:00000000 wm4.stm32f30x_syscfg.h.31.96b023b7dbc3641f358604478433eb5c
                           .group:00000000 wm4.stm32f30x_i2c.h.31.52025acd7f154308042bf46a2835e9d3
                           .group:00000000 wm4.stm32f30x_pwr.h.31.cdef322c6e7f25cfc29954045d24e9b8
                           .group:00000000 wm4.stm32f30x_rcc.h.31.3b94c1144b21d1e4fe780e4d1a02d257
                           .group:00000000 wm4.stm32f30x_spi.h.31.c1ebebab897d23cecc617ec8ad9fd534
                           .group:00000000 wm4.stm32f30x_tim.h.31.336f9cd855fb4e2cd819ac260ded6518
                           .group:00000000 wm4.stm32f30x_usart.h.31.cd85313e29c0a128555b4a7b8ec0f487
                           .group:00000000 wm4.stm32f30x_misc.h.31.f08b0e9f53f0471613b5131bb95f8725
                           .group:00000000 wm4.stm32f30x.h.6173.8b641ba1d9b0040eda9120fe8a414b2d
                           .group:00000000 wm4.stdio.h.31.7c0e28c411445f3f9c5b11accf882760
                           .group:00000000 wm4.stddef.h.184.159df79b4ca79c76561572a55985524c
                           .group:00000000 wm4.stdarg.h.34.3a23a216c0c293b3d2ea2e89281481e6
                           .group:00000000 wm4.stddef.h.39.7e3d906ac58942e0b374c527445f5de5
                           .group:00000000 wm4._default_types.h.6.5e12cd604db8ce00b62bb2f02708eaf3
                           .group:00000000 wm4.lock.h.2.9bc98482741e5e2a9450b12934a684ea
                           .group:00000000 wm4._types.h.54.d3d34a3b7f3cc230cd159baf022b4b08
                           .group:00000000 wm4.stddef.h.158.61317cdbfb4026324507d123a50b0fd6
                           .group:00000000 wm4.reent.h.17.8bd9e4098e0428508c282cad794fae43
                           .group:00000000 wm4.types.h.23.0d949686bbcadd1621462d4fa1f884f9
                           .group:00000000 wm4.types.h.2.e9cec8c90ab35f77d9f499e06ae02400
                           .group:00000000 wm4.types.h.80.5759fe41f87f5211a5952dfb1fc64f19
                           .group:00000000 wm4.stdio.h.2.4aa87247282eca6c8f36f9de33d8df1a
                           .group:00000000 wm4.stdio.h.64.0f05fa42cfe2db7fc44729a52d3ba948
                           .group:00000000 wm4.stdlib.h.13.4ed386f5c1a80d71e72172885d946ef2
                           .group:00000000 wm4.stddef.h.158.a7efb00f6cbc6f43213b50e183c9830c
                           .group:00000000 wm4.alloca.h.8.dfc0c703c47ec3e69746825b17d9e66d
                           .group:00000000 wm4.stdlib.h.51.fdf1045aaa750fe709619c2027b96513
                           .group:00000000 wm4.ctype.h.2.807cf8b53e92f83ce947ab40213cf812
                           .group:00000000 wm4.math.h.35.13c5bec129ef04ad1bb0a1152b29c624
                           .group:00000000 wm4.LSM303DLHC_Lib_I2C.h.14.31c85c4a2ed882b8f754605cf8cf8618

UNDEFINED SYMBOLS
I2C_GetFlagStatus
I2C_TransferHandling
I2C_SendData
I2C_ClearFlag
I2C_ReceiveData
I2C_DMACmd
DMA_Cmd
DMA_GetFlagStatus
DMA_ClearFlag
Delay
sqrtf
