   1              		.syntax unified
   2              		.cpu cortex-m3
   3              		.fpu softvfp
   4              		.eabi_attribute 20, 1
   5              		.eabi_attribute 21, 1
   6              		.eabi_attribute 23, 3
   7              		.eabi_attribute 24, 1
   8              		.eabi_attribute 25, 1
   9              		.eabi_attribute 26, 1
  10              		.eabi_attribute 30, 4
  11              		.eabi_attribute 34, 1
  12              		.eabi_attribute 18, 4
  13              		.thumb
  14              		.file	"multicopter_settings.c"
  15              		.text
  16              	.Ltext0:
  17              		.cfi_sections	.debug_frame
  18              		.align	1
  19              		.global	SETTINGS_init
  20              		.thumb
  21              		.thumb_func
  23              	SETTINGS_init:
  24              	.LFB111:
  25              		.file 1 "/home/user/Desktop/STM32-Projekte/FH-Vertibot/src/project_src/multicopter_settings.c"
   1:/home/user/Desktop/STM32-Projekte/FH-Vertibot/src/project_src/multicopter_settings.c **** #include <multicopter_settings.h>
   2:/home/user/Desktop/STM32-Projekte/FH-Vertibot/src/project_src/multicopter_settings.c **** #include <stm32_configuration.h>
   3:/home/user/Desktop/STM32-Projekte/FH-Vertibot/src/project_src/multicopter_settings.c **** #include <string.h>
   4:/home/user/Desktop/STM32-Projekte/FH-Vertibot/src/project_src/multicopter_settings.c **** 
   5:/home/user/Desktop/STM32-Projekte/FH-Vertibot/src/project_src/multicopter_settings.c **** 
   6:/home/user/Desktop/STM32-Projekte/FH-Vertibot/src/project_src/multicopter_settings.c **** void SETTINGS_init(MulticopterSettings *settings)
   7:/home/user/Desktop/STM32-Projekte/FH-Vertibot/src/project_src/multicopter_settings.c **** {
  26              		.loc 1 7 0
  27              		.cfi_startproc
  28              		@ args = 0, pretend = 0, frame = 0
  29              		@ frame_needed = 0, uses_anonymous_args = 0
  30              	.LVL0:
   8:/home/user/Desktop/STM32-Projekte/FH-Vertibot/src/project_src/multicopter_settings.c **** 	settings->gyroSensTreshold = 20;
   9:/home/user/Desktop/STM32-Projekte/FH-Vertibot/src/project_src/multicopter_settings.c **** 	settings->gyroDir.sensDirection[sensX] = -1;
  31              		.loc 1 9 0
  32 0000 FF22     		movs	r2, #255
   8:/home/user/Desktop/STM32-Projekte/FH-Vertibot/src/project_src/multicopter_settings.c **** 	settings->gyroSensTreshold = 20;
  33              		.loc 1 8 0
  34 0002 1423     		movs	r3, #20
  35              		.loc 1 9 0
  36 0004 C271     		strb	r2, [r0, #7]
  10:/home/user/Desktop/STM32-Projekte/FH-Vertibot/src/project_src/multicopter_settings.c **** 	settings->gyroDir.sensDirection[sensY] = -1;
  37              		.loc 1 10 0
  38 0006 0272     		strb	r2, [r0, #8]
  11:/home/user/Desktop/STM32-Projekte/FH-Vertibot/src/project_src/multicopter_settings.c **** 	settings->gyroDir.sensDirection[sensZ] = 1;
  12:/home/user/Desktop/STM32-Projekte/FH-Vertibot/src/project_src/multicopter_settings.c **** 	settings->gyroDir.sensOrder[sensX] = 0;
  13:/home/user/Desktop/STM32-Projekte/FH-Vertibot/src/project_src/multicopter_settings.c **** 	settings->gyroDir.sensOrder[sensY] = 1;
  14:/home/user/Desktop/STM32-Projekte/FH-Vertibot/src/project_src/multicopter_settings.c **** 	settings->gyroDir.sensOrder[sensZ] = 2;
  15:/home/user/Desktop/STM32-Projekte/FH-Vertibot/src/project_src/multicopter_settings.c **** 
  16:/home/user/Desktop/STM32-Projekte/FH-Vertibot/src/project_src/multicopter_settings.c **** 	settings->enableDriftCorrection = 1;
  17:/home/user/Desktop/STM32-Projekte/FH-Vertibot/src/project_src/multicopter_settings.c **** 
  18:/home/user/Desktop/STM32-Projekte/FH-Vertibot/src/project_src/multicopter_settings.c **** 	settings->enableACC = 1;
  19:/home/user/Desktop/STM32-Projekte/FH-Vertibot/src/project_src/multicopter_settings.c **** 	settings->accDir.sensDirection[sensX] = 1;
  20:/home/user/Desktop/STM32-Projekte/FH-Vertibot/src/project_src/multicopter_settings.c **** 	settings->accDir.sensDirection[sensY] = -1;
  39              		.loc 1 20 0
  40 0008 0274     		strb	r2, [r0, #16]
  21:/home/user/Desktop/STM32-Projekte/FH-Vertibot/src/project_src/multicopter_settings.c **** 	settings->accDir.sensDirection[sensZ] = 1;
  22:/home/user/Desktop/STM32-Projekte/FH-Vertibot/src/project_src/multicopter_settings.c **** 	settings->accDir.sensOrder[sensX] = 1;
  23:/home/user/Desktop/STM32-Projekte/FH-Vertibot/src/project_src/multicopter_settings.c **** 	settings->accDir.sensOrder[sensY] = 0;
  24:/home/user/Desktop/STM32-Projekte/FH-Vertibot/src/project_src/multicopter_settings.c **** 	settings->accDir.sensOrder[sensZ] = 2;
  25:/home/user/Desktop/STM32-Projekte/FH-Vertibot/src/project_src/multicopter_settings.c **** 	settings->accMaxGOverflow = 1.3;
  26:/home/user/Desktop/STM32-Projekte/FH-Vertibot/src/project_src/multicopter_settings.c **** 
  27:/home/user/Desktop/STM32-Projekte/FH-Vertibot/src/project_src/multicopter_settings.c **** 	settings->enableMAG = 1;
  28:/home/user/Desktop/STM32-Projekte/FH-Vertibot/src/project_src/multicopter_settings.c **** 	settings->magLowpassValue = 5;//20;
  29:/home/user/Desktop/STM32-Projekte/FH-Vertibot/src/project_src/multicopter_settings.c **** 	settings->magDir.sensDirection[sensX] = 1;
  30:/home/user/Desktop/STM32-Projekte/FH-Vertibot/src/project_src/multicopter_settings.c **** 	settings->magDir.sensDirection[sensY] = -1;
  41              		.loc 1 30 0
  42 000a 4277     		strb	r2, [r0, #29]
  31:/home/user/Desktop/STM32-Projekte/FH-Vertibot/src/project_src/multicopter_settings.c **** 	settings->magDir.sensDirection[sensZ] = 1;
  32:/home/user/Desktop/STM32-Projekte/FH-Vertibot/src/project_src/multicopter_settings.c **** 	settings->magDir.sensOrder[sensX] = 0;
  33:/home/user/Desktop/STM32-Projekte/FH-Vertibot/src/project_src/multicopter_settings.c **** 	settings->magDir.sensOrder[sensY] = 1;
  34:/home/user/Desktop/STM32-Projekte/FH-Vertibot/src/project_src/multicopter_settings.c **** 	settings->magDir.sensOrder[sensZ] = 2;
  35:/home/user/Desktop/STM32-Projekte/FH-Vertibot/src/project_src/multicopter_settings.c **** 
  36:/home/user/Desktop/STM32-Projekte/FH-Vertibot/src/project_src/multicopter_settings.c **** 	settings->stopSpeed = 50*PRESCALEVALUE;
  37:/home/user/Desktop/STM32-Projekte/FH-Vertibot/src/project_src/multicopter_settings.c **** 	settings->minSpeed = 55*PRESCALEVALUE;
  38:/home/user/Desktop/STM32-Projekte/FH-Vertibot/src/project_src/multicopter_settings.c **** 	settings->maxSpeed = 100*PRESCALEVALUE;
  39:/home/user/Desktop/STM32-Projekte/FH-Vertibot/src/project_src/multicopter_settings.c **** 
  40:/home/user/Desktop/STM32-Projekte/FH-Vertibot/src/project_src/multicopter_settings.c **** #ifdef QUADRO
  41:/home/user/Desktop/STM32-Projekte/FH-Vertibot/src/project_src/multicopter_settings.c **** 	settings->PID_rollPitch.PID_kp = 0.6f;
  42:/home/user/Desktop/STM32-Projekte/FH-Vertibot/src/project_src/multicopter_settings.c **** 	settings->PID_rollPitch.PID_ki = 0.75f;
  43:/home/user/Desktop/STM32-Projekte/FH-Vertibot/src/project_src/multicopter_settings.c **** 	settings->PID_rollPitch.PID_kd = 0.30f;
  44:/home/user/Desktop/STM32-Projekte/FH-Vertibot/src/project_src/multicopter_settings.c **** 
  45:/home/user/Desktop/STM32-Projekte/FH-Vertibot/src/project_src/multicopter_settings.c **** 	settings->PID_yaw.PID_kp = 1.5f;
  46:/home/user/Desktop/STM32-Projekte/FH-Vertibot/src/project_src/multicopter_settings.c **** 	settings->PID_yaw.PID_ki = 0.0f;
  47:/home/user/Desktop/STM32-Projekte/FH-Vertibot/src/project_src/multicopter_settings.c **** 	settings->PID_yaw.PID_kd = 1.5f;
  48:/home/user/Desktop/STM32-Projekte/FH-Vertibot/src/project_src/multicopter_settings.c **** #endif
  49:/home/user/Desktop/STM32-Projekte/FH-Vertibot/src/project_src/multicopter_settings.c **** #ifdef HEXA
  50:/home/user/Desktop/STM32-Projekte/FH-Vertibot/src/project_src/multicopter_settings.c **** 	settings->PID_rollPitch.PID_kp = 0.50f;	//0.65 //0.6l
  51:/home/user/Desktop/STM32-Projekte/FH-Vertibot/src/project_src/multicopter_settings.c **** 	settings->PID_rollPitch.PID_ki = 0.20f; //0.12 //0.25
  43              		.loc 1 51 0
  44 000c 184A     		ldr	r2, .L2
   8:/home/user/Desktop/STM32-Projekte/FH-Vertibot/src/project_src/multicopter_settings.c **** 	settings->gyroSensTreshold = 20;
  45              		.loc 1 8 0
  46 000e 0380     		strh	r3, [r0, #0]	@ movhi
  11:/home/user/Desktop/STM32-Projekte/FH-Vertibot/src/project_src/multicopter_settings.c **** 	settings->gyroDir.sensDirection[sensZ] = 1;
  47              		.loc 1 11 0
  48 0010 0123     		movs	r3, #1
  49 0012 4372     		strb	r3, [r0, #9]
  13:/home/user/Desktop/STM32-Projekte/FH-Vertibot/src/project_src/multicopter_settings.c **** 	settings->gyroDir.sensOrder[sensY] = 1;
  50              		.loc 1 13 0
  51 0014 4371     		strb	r3, [r0, #5]
  16:/home/user/Desktop/STM32-Projekte/FH-Vertibot/src/project_src/multicopter_settings.c **** 	settings->enableDriftCorrection = 1;
  52              		.loc 1 16 0
  53 0016 8372     		strb	r3, [r0, #10]
  18:/home/user/Desktop/STM32-Projekte/FH-Vertibot/src/project_src/multicopter_settings.c **** 	settings->enableACC = 1;
  54              		.loc 1 18 0
  55 0018 C372     		strb	r3, [r0, #11]
  19:/home/user/Desktop/STM32-Projekte/FH-Vertibot/src/project_src/multicopter_settings.c **** 	settings->accDir.sensDirection[sensX] = 1;
  56              		.loc 1 19 0
  57 001a C373     		strb	r3, [r0, #15]
  21:/home/user/Desktop/STM32-Projekte/FH-Vertibot/src/project_src/multicopter_settings.c **** 	settings->accDir.sensDirection[sensZ] = 1;
  58              		.loc 1 21 0
  59 001c 4374     		strb	r3, [r0, #17]
  22:/home/user/Desktop/STM32-Projekte/FH-Vertibot/src/project_src/multicopter_settings.c **** 	settings->accDir.sensOrder[sensX] = 1;
  60              		.loc 1 22 0
  61 001e 0373     		strb	r3, [r0, #12]
  27:/home/user/Desktop/STM32-Projekte/FH-Vertibot/src/project_src/multicopter_settings.c **** 	settings->enableMAG = 1;
  62              		.loc 1 27 0
  63 0020 0376     		strb	r3, [r0, #24]
  29:/home/user/Desktop/STM32-Projekte/FH-Vertibot/src/project_src/multicopter_settings.c **** 	settings->magDir.sensDirection[sensX] = 1;
  64              		.loc 1 29 0
  65 0022 0377     		strb	r3, [r0, #28]
  31:/home/user/Desktop/STM32-Projekte/FH-Vertibot/src/project_src/multicopter_settings.c **** 	settings->magDir.sensDirection[sensZ] = 1;
  66              		.loc 1 31 0
  67 0024 8377     		strb	r3, [r0, #30]
  33:/home/user/Desktop/STM32-Projekte/FH-Vertibot/src/project_src/multicopter_settings.c **** 	settings->magDir.sensOrder[sensY] = 1;
  68              		.loc 1 33 0
  69 0026 8376     		strb	r3, [r0, #26]
  70              		.loc 1 51 0
  71 0028 C262     		str	r2, [r0, #44]	@ float
  36:/home/user/Desktop/STM32-Projekte/FH-Vertibot/src/project_src/multicopter_settings.c **** 	settings->stopSpeed = 50*PRESCALEVALUE;
  72              		.loc 1 36 0
  73 002a 4FF49673 		mov	r3, #300
  52:/home/user/Desktop/STM32-Projekte/FH-Vertibot/src/project_src/multicopter_settings.c **** 	settings->PID_rollPitch.PID_kd = 0.150f; //0.04//0.30
  74              		.loc 1 52 0
  75 002e 114A     		ldr	r2, .L2+4
   7:/home/user/Desktop/STM32-Projekte/FH-Vertibot/src/project_src/multicopter_settings.c **** {
  76              		.loc 1 7 0
  77 0030 30B5     		push	{r4, r5, lr}
  78              	.LCFI0:
  79              		.cfi_def_cfa_offset 12
  80              		.cfi_offset 4, -12
  81              		.cfi_offset 5, -8
  82              		.cfi_offset 14, -4
  36:/home/user/Desktop/STM32-Projekte/FH-Vertibot/src/project_src/multicopter_settings.c **** 	settings->stopSpeed = 50*PRESCALEVALUE;
  83              		.loc 1 36 0
  84 0032 4384     		strh	r3, [r0, #34]	@ movhi
  25:/home/user/Desktop/STM32-Projekte/FH-Vertibot/src/project_src/multicopter_settings.c **** 	settings->accMaxGOverflow = 1.3;
  85              		.loc 1 25 0
  86 0034 104D     		ldr	r5, .L2+8
  37:/home/user/Desktop/STM32-Projekte/FH-Vertibot/src/project_src/multicopter_settings.c **** 	settings->minSpeed = 55*PRESCALEVALUE;
  87              		.loc 1 37 0
  88 0036 4FF4A573 		mov	r3, #330
  89 003a 8384     		strh	r3, [r0, #36]	@ movhi
  90              		.loc 1 52 0
  91 003c 0263     		str	r2, [r0, #48]	@ float
  38:/home/user/Desktop/STM32-Projekte/FH-Vertibot/src/project_src/multicopter_settings.c **** 	settings->maxSpeed = 100*PRESCALEVALUE;
  92              		.loc 1 38 0
  93 003e 4FF41673 		mov	r3, #600
  53:/home/user/Desktop/STM32-Projekte/FH-Vertibot/src/project_src/multicopter_settings.c **** 
  54:/home/user/Desktop/STM32-Projekte/FH-Vertibot/src/project_src/multicopter_settings.c **** 	settings->PID_yaw.PID_kp = 1.0f;		//2.0
  94              		.loc 1 54 0
  95 0042 4FF07E52 		mov	r2, #1065353216
  12:/home/user/Desktop/STM32-Projekte/FH-Vertibot/src/project_src/multicopter_settings.c **** 	settings->gyroDir.sensOrder[sensX] = 0;
  96              		.loc 1 12 0
  97 0046 0024     		movs	r4, #0
  14:/home/user/Desktop/STM32-Projekte/FH-Vertibot/src/project_src/multicopter_settings.c **** 	settings->gyroDir.sensOrder[sensZ] = 2;
  98              		.loc 1 14 0
  99 0048 0221     		movs	r1, #2
  25:/home/user/Desktop/STM32-Projekte/FH-Vertibot/src/project_src/multicopter_settings.c **** 	settings->accMaxGOverflow = 1.3;
 100              		.loc 1 25 0
 101 004a 4561     		str	r5, [r0, #20]	@ float
  38:/home/user/Desktop/STM32-Projekte/FH-Vertibot/src/project_src/multicopter_settings.c **** 	settings->maxSpeed = 100*PRESCALEVALUE;
 102              		.loc 1 38 0
 103 004c C384     		strh	r3, [r0, #38]	@ movhi
 104              		.loc 1 54 0
 105 004e 4263     		str	r2, [r0, #52]	@ float
  50:/home/user/Desktop/STM32-Projekte/FH-Vertibot/src/project_src/multicopter_settings.c **** 	settings->PID_rollPitch.PID_kp = 0.50f;	//0.65 //0.6l
 106              		.loc 1 50 0
 107 0050 4FF07C53 		mov	r3, #1056964608
  28:/home/user/Desktop/STM32-Projekte/FH-Vertibot/src/project_src/multicopter_settings.c **** 	settings->magLowpassValue = 5;//20;
 108              		.loc 1 28 0
 109 0054 0525     		movs	r5, #5
  55:/home/user/Desktop/STM32-Projekte/FH-Vertibot/src/project_src/multicopter_settings.c **** 	settings->PID_yaw.PID_ki = 0.0f;		//0.0
 110              		.loc 1 55 0
 111 0056 0022     		movs	r2, #0
  12:/home/user/Desktop/STM32-Projekte/FH-Vertibot/src/project_src/multicopter_settings.c **** 	settings->gyroDir.sensOrder[sensX] = 0;
 112              		.loc 1 12 0
 113 0058 0471     		strb	r4, [r0, #4]
  14:/home/user/Desktop/STM32-Projekte/FH-Vertibot/src/project_src/multicopter_settings.c **** 	settings->gyroDir.sensOrder[sensZ] = 2;
 114              		.loc 1 14 0
 115 005a 8171     		strb	r1, [r0, #6]
  23:/home/user/Desktop/STM32-Projekte/FH-Vertibot/src/project_src/multicopter_settings.c **** 	settings->accDir.sensOrder[sensY] = 0;
 116              		.loc 1 23 0
 117 005c 4473     		strb	r4, [r0, #13]
  24:/home/user/Desktop/STM32-Projekte/FH-Vertibot/src/project_src/multicopter_settings.c **** 	settings->accDir.sensOrder[sensZ] = 2;
 118              		.loc 1 24 0
 119 005e 8173     		strb	r1, [r0, #14]
  28:/home/user/Desktop/STM32-Projekte/FH-Vertibot/src/project_src/multicopter_settings.c **** 	settings->magLowpassValue = 5;//20;
 120              		.loc 1 28 0
 121 0060 0584     		strh	r5, [r0, #32]	@ movhi
  32:/home/user/Desktop/STM32-Projekte/FH-Vertibot/src/project_src/multicopter_settings.c **** 	settings->magDir.sensOrder[sensX] = 0;
 122              		.loc 1 32 0
 123 0062 4476     		strb	r4, [r0, #25]
  34:/home/user/Desktop/STM32-Projekte/FH-Vertibot/src/project_src/multicopter_settings.c **** 	settings->magDir.sensOrder[sensZ] = 2;
 124              		.loc 1 34 0
 125 0064 C176     		strb	r1, [r0, #27]
  50:/home/user/Desktop/STM32-Projekte/FH-Vertibot/src/project_src/multicopter_settings.c **** 	settings->PID_rollPitch.PID_kp = 0.50f;	//0.65 //0.6l
 126              		.loc 1 50 0
 127 0066 8362     		str	r3, [r0, #40]	@ float
 128              		.loc 1 55 0
 129 0068 8263     		str	r2, [r0, #56]	@ float
  56:/home/user/Desktop/STM32-Projekte/FH-Vertibot/src/project_src/multicopter_settings.c **** 	settings->PID_yaw.PID_kd = 0.50f;		//2.0
 130              		.loc 1 56 0
 131 006a C363     		str	r3, [r0, #60]	@ float
 132 006c 30BD     		pop	{r4, r5, pc}
 133              	.L3:
 134 006e 00BF     		.align	2
 135              	.L2:
 136 0070 CDCC4C3E 		.word	1045220557
 137 0074 9A99193E 		.word	1041865114
 138 0078 6666A63F 		.word	1067869798
 139              		.cfi_endproc
 140              	.LFE111:
 142              		.align	1
 143              		.global	CTRLSTATES_init
 144              		.thumb
 145              		.thumb_func
 147              	CTRLSTATES_init:
 148              	.LFB112:
  57:/home/user/Desktop/STM32-Projekte/FH-Vertibot/src/project_src/multicopter_settings.c **** #endif
  58:/home/user/Desktop/STM32-Projekte/FH-Vertibot/src/project_src/multicopter_settings.c **** }
  59:/home/user/Desktop/STM32-Projekte/FH-Vertibot/src/project_src/multicopter_settings.c **** 
  60:/home/user/Desktop/STM32-Projekte/FH-Vertibot/src/project_src/multicopter_settings.c **** void CTRLSTATES_init(MulticopterCtrlStates *states)
  61:/home/user/Desktop/STM32-Projekte/FH-Vertibot/src/project_src/multicopter_settings.c **** {
 149              		.loc 1 61 0
 150              		.cfi_startproc
 151              		@ args = 0, pretend = 0, frame = 0
 152              		@ frame_needed = 0, uses_anonymous_args = 0
 153              		@ link register save eliminated.
 154              	.LVL1:
  62:/home/user/Desktop/STM32-Projekte/FH-Vertibot/src/project_src/multicopter_settings.c **** 	memset(states, 0, sizeof(MulticopterCtrlStates));
 155              		.loc 1 62 0
 156 007c 0021     		movs	r1, #0
 157 007e 0A22     		movs	r2, #10
  63:/home/user/Desktop/STM32-Projekte/FH-Vertibot/src/project_src/multicopter_settings.c **** }
 158              		.loc 1 63 0
  62:/home/user/Desktop/STM32-Projekte/FH-Vertibot/src/project_src/multicopter_settings.c **** 	memset(states, 0, sizeof(MulticopterCtrlStates));
 159              		.loc 1 62 0
 160 0080 FFF7FEBF 		b	memset
 161              	.LVL2:
 162              		.cfi_endproc
 163              	.LFE112:
 165              		.comm	XYZ,12,4
 166              		.comm	CtrlStates,10,2
 167              		.comm	GlobalSettings,64,4
 168              	.Letext0:
 169              		.file 2 "/opt/CodeSourcery/Sourcery_CodeBench_Lite_for_ARM_EABI/bin/../lib/gcc/arm-none-eabi/4.7.2
 170              		.file 3 "/home/user/Desktop/STM32-Projekte/FH-Vertibot/src/project_inc/IMU_algorithm.h"
 171              		.file 4 "/home/user/Desktop/STM32-Projekte/FH-Vertibot/src/project_inc/multicopter_settings.h"
 172              		.file 5 "/home/user/Desktop/STM32-Projekte/FH-Vertibot/src/CMSIS/Include/core_cm4.h"
DEFINED SYMBOLS
                            *ABS*:00000000 multicopter_settings.c
     /tmp/ccs5GKpO.s:18     .text:00000000 $t
     /tmp/ccs5GKpO.s:23     .text:00000000 SETTINGS_init
     /tmp/ccs5GKpO.s:136    .text:00000070 $d
     /tmp/ccs5GKpO.s:142    .text:0000007c $t
     /tmp/ccs5GKpO.s:147    .text:0000007c CTRLSTATES_init
                            *COM*:0000000c XYZ
                            *COM*:0000000a CtrlStates
                            *COM*:00000040 GlobalSettings
                     .debug_frame:00000010 $d
                           .group:00000000 wm4.1.4549fa27c92e72ea66ffdb0399fbe8da
                           .group:00000000 wm4.stm32f30x.h.54.c7b24f715ee55ef38656f44540ae3be6
                           .group:00000000 wm4.core_cm4.h.32.2441f2e49dd40451ba4254637c879d0c
                           .group:00000000 wm4.stdint.h.10.90b695f550ca6cc3fb08fa83baf01e05
                           .group:00000000 wm4.core_cmInstr.h.25.d8165482ef3061013a2fc83e2d85f3d9
                           .group:00000000 wm4.core_cm4_simd.h.29.013e5bcf58dba2d27c60184174208e07
                           .group:00000000 wm4.core_cm4.h.155.cf7c793e178943e1bbf613f1b21cd51a
                           .group:00000000 wm4.stm32f30x.h.292.5f9271075d54fc48f1e25ff79df85cb2
                           .group:00000000 wm4.stm32f30x_adc.h.130.cbebad91f78fb87381fe0860eea6104e
                           .group:00000000 wm4.stm32f30x_comp.h.31.9bbc5f5f1a849069ea9062fbe7b81435
                           .group:00000000 wm4.stm32f30x_dma.h.31.73d173fa6d60026d432f3cf1d2fc4407
                           .group:00000000 wm4.stm32f30x_exti.h.31.22e280aa6e095108654ac8d3c74a2409
                           .group:00000000 wm4.stm32f30x_flash.h.31.bee86dc3079b7049419bdbeec073e2cd
                           .group:00000000 wm4.stm32f30x_gpio.h.31.3745297fee3728b346ad4d2a2467e40f
                           .group:00000000 wm4.stm32f30x_syscfg.h.31.96b023b7dbc3641f358604478433eb5c
                           .group:00000000 wm4.stm32f30x_i2c.h.31.52025acd7f154308042bf46a2835e9d3
                           .group:00000000 wm4.stm32f30x_pwr.h.31.cdef322c6e7f25cfc29954045d24e9b8
                           .group:00000000 wm4.stm32f30x_rcc.h.31.3b94c1144b21d1e4fe780e4d1a02d257
                           .group:00000000 wm4.stm32f30x_spi.h.31.c1ebebab897d23cecc617ec8ad9fd534
                           .group:00000000 wm4.stm32f30x_tim.h.31.336f9cd855fb4e2cd819ac260ded6518
                           .group:00000000 wm4.stm32f30x_usart.h.31.cd85313e29c0a128555b4a7b8ec0f487
                           .group:00000000 wm4.stm32f30x_misc.h.31.f08b0e9f53f0471613b5131bb95f8725
                           .group:00000000 wm4.stm32f30x.h.6173.8b641ba1d9b0040eda9120fe8a414b2d
                           .group:00000000 wm4.multicopter_settings.h.29.0b31706a1ebdcc10c24bd8ac6bb149dd
                           .group:00000000 wm4.newlib.h.8.e1d498e57c12962fc6d7be5061a6981a
                           .group:00000000 wm4.config.h.148.52fe83653334d06815a0c57b59a3e584
                           .group:00000000 wm4._ansi.h.23.95dee4059009fe3ab635a191bb73dc66
                           .group:00000000 wm4.stdio.h.31.f48311dde756a2aec27351b58a280fb9
                           .group:00000000 wm4.stddef.h.187.9e651b6b8b16e149c1353259404973ea
                           .group:00000000 wm4.stdarg.h.34.3a23a216c0c293b3d2ea2e89281481e6
                           .group:00000000 wm4._default_types.h.6.1dbd2e581fd590860c7c17f21d147e91
                           .group:00000000 wm4.lock.h.2.9bc98482741e5e2a9450b12934a684ea
                           .group:00000000 wm4.stddef.h.349.31f4c5baff3fa2689010b32028da9c47
                           .group:00000000 wm4.reent.h.16.58b23a9f0faf0e7f2dfe7e2d33154afd
                           .group:00000000 wm4.types.h.23.0d949686bbcadd1621462d4fa1f884f9
                           .group:00000000 wm4.stddef.h.40.cf962ebbec441b3ac67502735f0765db
                           .group:00000000 wm4.types.h.2.e9cec8c90ab35f77d9f499e06ae02400
                           .group:00000000 wm4.types.h.80.f2bfdfeee9f340633702c07fad9b5e01
                           .group:00000000 wm4.stdio.h.2.4aa87247282eca6c8f36f9de33d8df1a
                           .group:00000000 wm4.stdio.h.63.1f4bc553faa62c5c69dd9cb47f9f1417
                           .group:00000000 wm4.stdlib.h.18.6f6153fd5cb89acd58c0f0ab1f77e147
                           .group:00000000 wm4.stddef.h.161.e50ff8a9d5d1abbc15641da28ac571bf
                           .group:00000000 wm4.alloca.h.8.dfc0c703c47ec3e69746825b17d9e66d
                           .group:00000000 wm4.stdlib.h.58.3943707ca024393181a6211b2c8a1625
                           .group:00000000 wm4.ctype.h.2.fecd14bb6f4e162ef31748cc97760e21
                           .group:00000000 wm4.math.h.49.5da716593b937b9fb02bef6ed6537c13
                           .group:00000000 wm4.string.h.8.ef946ad0bc9ad5c970c365dcd1fc4b0a
                           .group:00000000 wm4.string.h.86.d5c872ff52e2712c985b588a0ef39f3c

UNDEFINED SYMBOLS
memset
