   1              		.syntax unified
   2              		.cpu cortex-m4
   3              		.eabi_attribute 27, 3
   4              		.eabi_attribute 28, 1
   5              		.fpu fpv4-sp-d16
   6              		.eabi_attribute 20, 1
   7              		.eabi_attribute 21, 1
   8              		.eabi_attribute 23, 3
   9              		.eabi_attribute 24, 1
  10              		.eabi_attribute 25, 1
  11              		.eabi_attribute 26, 1
  12              		.eabi_attribute 30, 4
  13              		.eabi_attribute 34, 1
  14              		.eabi_attribute 18, 4
  15              		.thumb
  16              		.file	"stm32f30x_it.c"
  17              		.text
  18              	.Ltext0:
  19              		.cfi_sections	.debug_frame
  20              		.align	1
  21              		.global	NMI_Handler
  22              		.thumb
  23              		.thumb_func
  25              	NMI_Handler:
  26              	.LFB111:
  27              		.file 1 "/home/user/Desktop/STM32-Projekte/FH-Vertibot/src/project_src/stm32f30x_it.c"
   1:/home/user/Desktop/STM32-Projekte/FH-Vertibot/src/project_src/stm32f30x_it.c **** /**
   2:/home/user/Desktop/STM32-Projekte/FH-Vertibot/src/project_src/stm32f30x_it.c ****   ******************************************************************************
   3:/home/user/Desktop/STM32-Projekte/FH-Vertibot/src/project_src/stm32f30x_it.c ****   * @file    Project/STM32F30x_StdPeriph_Templates/stm32f30x_it.c 
   4:/home/user/Desktop/STM32-Projekte/FH-Vertibot/src/project_src/stm32f30x_it.c ****   * @author  MCD Application Team
   5:/home/user/Desktop/STM32-Projekte/FH-Vertibot/src/project_src/stm32f30x_it.c ****   * @version V1.0.0
   6:/home/user/Desktop/STM32-Projekte/FH-Vertibot/src/project_src/stm32f30x_it.c ****   * @date    23-October-2012
   7:/home/user/Desktop/STM32-Projekte/FH-Vertibot/src/project_src/stm32f30x_it.c ****   * @brief   Main Interrupt Service Routines.
   8:/home/user/Desktop/STM32-Projekte/FH-Vertibot/src/project_src/stm32f30x_it.c ****   *          This file provides template for all exceptions handler and 
   9:/home/user/Desktop/STM32-Projekte/FH-Vertibot/src/project_src/stm32f30x_it.c ****   *          peripherals interrupt service routine.
  10:/home/user/Desktop/STM32-Projekte/FH-Vertibot/src/project_src/stm32f30x_it.c ****   ******************************************************************************
  11:/home/user/Desktop/STM32-Projekte/FH-Vertibot/src/project_src/stm32f30x_it.c ****   * @attention
  12:/home/user/Desktop/STM32-Projekte/FH-Vertibot/src/project_src/stm32f30x_it.c ****   *
  13:/home/user/Desktop/STM32-Projekte/FH-Vertibot/src/project_src/stm32f30x_it.c ****   * <h2><center>&copy; COPYRIGHT 2012 STMicroelectronics</center></h2>
  14:/home/user/Desktop/STM32-Projekte/FH-Vertibot/src/project_src/stm32f30x_it.c ****   *
  15:/home/user/Desktop/STM32-Projekte/FH-Vertibot/src/project_src/stm32f30x_it.c ****   * Licensed under MCD-ST Liberty SW License Agreement V2, (the "License");
  16:/home/user/Desktop/STM32-Projekte/FH-Vertibot/src/project_src/stm32f30x_it.c ****   * You may not use this file except in compliance with the License.
  17:/home/user/Desktop/STM32-Projekte/FH-Vertibot/src/project_src/stm32f30x_it.c ****   * You may obtain a copy of the License at:
  18:/home/user/Desktop/STM32-Projekte/FH-Vertibot/src/project_src/stm32f30x_it.c ****   *
  19:/home/user/Desktop/STM32-Projekte/FH-Vertibot/src/project_src/stm32f30x_it.c ****   *        http://www.st.com/software_license_agreement_liberty_v2
  20:/home/user/Desktop/STM32-Projekte/FH-Vertibot/src/project_src/stm32f30x_it.c ****   *
  21:/home/user/Desktop/STM32-Projekte/FH-Vertibot/src/project_src/stm32f30x_it.c ****   * Unless required by applicable law or agreed to in writing, software 
  22:/home/user/Desktop/STM32-Projekte/FH-Vertibot/src/project_src/stm32f30x_it.c ****   * distributed under the License is distributed on an "AS IS" BASIS, 
  23:/home/user/Desktop/STM32-Projekte/FH-Vertibot/src/project_src/stm32f30x_it.c ****   * WITHOUT WARRANTIES OR CONDITIONS OF ANY KIND, either express or implied.
  24:/home/user/Desktop/STM32-Projekte/FH-Vertibot/src/project_src/stm32f30x_it.c ****   * See the License for the specific language governing permissions and
  25:/home/user/Desktop/STM32-Projekte/FH-Vertibot/src/project_src/stm32f30x_it.c ****   * limitations under the License.
  26:/home/user/Desktop/STM32-Projekte/FH-Vertibot/src/project_src/stm32f30x_it.c ****   *
  27:/home/user/Desktop/STM32-Projekte/FH-Vertibot/src/project_src/stm32f30x_it.c ****   ******************************************************************************
  28:/home/user/Desktop/STM32-Projekte/FH-Vertibot/src/project_src/stm32f30x_it.c ****   */
  29:/home/user/Desktop/STM32-Projekte/FH-Vertibot/src/project_src/stm32f30x_it.c **** 
  30:/home/user/Desktop/STM32-Projekte/FH-Vertibot/src/project_src/stm32f30x_it.c **** /* Includes ------------------------------------------------------------------*/
  31:/home/user/Desktop/STM32-Projekte/FH-Vertibot/src/project_src/stm32f30x_it.c **** #include "stm32f30x_it.h"
  32:/home/user/Desktop/STM32-Projekte/FH-Vertibot/src/project_src/stm32f30x_it.c **** #include <remote_control.h>
  33:/home/user/Desktop/STM32-Projekte/FH-Vertibot/src/project_src/stm32f30x_it.c **** #include "usart.h"
  34:/home/user/Desktop/STM32-Projekte/FH-Vertibot/src/project_src/stm32f30x_it.c **** 
  35:/home/user/Desktop/STM32-Projekte/FH-Vertibot/src/project_src/stm32f30x_it.c **** /** @addtogroup Template_Project
  36:/home/user/Desktop/STM32-Projekte/FH-Vertibot/src/project_src/stm32f30x_it.c ****   * @{
  37:/home/user/Desktop/STM32-Projekte/FH-Vertibot/src/project_src/stm32f30x_it.c ****   */
  38:/home/user/Desktop/STM32-Projekte/FH-Vertibot/src/project_src/stm32f30x_it.c **** 
  39:/home/user/Desktop/STM32-Projekte/FH-Vertibot/src/project_src/stm32f30x_it.c **** /* Private typedef -----------------------------------------------------------*/
  40:/home/user/Desktop/STM32-Projekte/FH-Vertibot/src/project_src/stm32f30x_it.c **** /* Private define ------------------------------------------------------------*/
  41:/home/user/Desktop/STM32-Projekte/FH-Vertibot/src/project_src/stm32f30x_it.c **** /* Private macro -------------------------------------------------------------*/
  42:/home/user/Desktop/STM32-Projekte/FH-Vertibot/src/project_src/stm32f30x_it.c **** /* Private variables ---------------------------------------------------------*/
  43:/home/user/Desktop/STM32-Projekte/FH-Vertibot/src/project_src/stm32f30x_it.c **** /* Private function prototypes -----------------------------------------------*/
  44:/home/user/Desktop/STM32-Projekte/FH-Vertibot/src/project_src/stm32f30x_it.c **** /* Private functions ---------------------------------------------------------*/
  45:/home/user/Desktop/STM32-Projekte/FH-Vertibot/src/project_src/stm32f30x_it.c **** 
  46:/home/user/Desktop/STM32-Projekte/FH-Vertibot/src/project_src/stm32f30x_it.c **** /******************************************************************************/
  47:/home/user/Desktop/STM32-Projekte/FH-Vertibot/src/project_src/stm32f30x_it.c **** /*            Cortex-M4 Processor Exceptions Handlers                         */
  48:/home/user/Desktop/STM32-Projekte/FH-Vertibot/src/project_src/stm32f30x_it.c **** /******************************************************************************/
  49:/home/user/Desktop/STM32-Projekte/FH-Vertibot/src/project_src/stm32f30x_it.c **** 
  50:/home/user/Desktop/STM32-Projekte/FH-Vertibot/src/project_src/stm32f30x_it.c **** /**
  51:/home/user/Desktop/STM32-Projekte/FH-Vertibot/src/project_src/stm32f30x_it.c ****   * @brief  This function handles NMI exception.
  52:/home/user/Desktop/STM32-Projekte/FH-Vertibot/src/project_src/stm32f30x_it.c ****   * @param  None
  53:/home/user/Desktop/STM32-Projekte/FH-Vertibot/src/project_src/stm32f30x_it.c ****   * @retval None
  54:/home/user/Desktop/STM32-Projekte/FH-Vertibot/src/project_src/stm32f30x_it.c ****   */
  55:/home/user/Desktop/STM32-Projekte/FH-Vertibot/src/project_src/stm32f30x_it.c **** void NMI_Handler(void)
  56:/home/user/Desktop/STM32-Projekte/FH-Vertibot/src/project_src/stm32f30x_it.c **** {
  28              		.loc 1 56 0
  29              		.cfi_startproc
  30              		@ args = 0, pretend = 0, frame = 0
  31              		@ frame_needed = 0, uses_anonymous_args = 0
  32              		@ link register save eliminated.
  33 0000 7047     		bx	lr
  34              		.cfi_endproc
  35              	.LFE111:
  37              		.align	1
  38              		.global	HardFault_Handler
  39              		.thumb
  40              		.thumb_func
  42              	HardFault_Handler:
  43              	.LFB112:
  57:/home/user/Desktop/STM32-Projekte/FH-Vertibot/src/project_src/stm32f30x_it.c **** }
  58:/home/user/Desktop/STM32-Projekte/FH-Vertibot/src/project_src/stm32f30x_it.c **** 
  59:/home/user/Desktop/STM32-Projekte/FH-Vertibot/src/project_src/stm32f30x_it.c **** /**
  60:/home/user/Desktop/STM32-Projekte/FH-Vertibot/src/project_src/stm32f30x_it.c ****   * @brief  This function handles Hard Fault exception.
  61:/home/user/Desktop/STM32-Projekte/FH-Vertibot/src/project_src/stm32f30x_it.c ****   * @param  None
  62:/home/user/Desktop/STM32-Projekte/FH-Vertibot/src/project_src/stm32f30x_it.c ****   * @retval None
  63:/home/user/Desktop/STM32-Projekte/FH-Vertibot/src/project_src/stm32f30x_it.c ****   */
  64:/home/user/Desktop/STM32-Projekte/FH-Vertibot/src/project_src/stm32f30x_it.c **** void HardFault_Handler(void)
  65:/home/user/Desktop/STM32-Projekte/FH-Vertibot/src/project_src/stm32f30x_it.c **** {
  44              		.loc 1 65 0
  45              		.cfi_startproc
  46              		@ Volatile: function does not return.
  47              		@ args = 0, pretend = 0, frame = 0
  48              		@ frame_needed = 0, uses_anonymous_args = 0
  49              		@ link register save eliminated.
  50              	.L3:
  51 0002 FEE7     		b	.L3
  52              		.cfi_endproc
  53              	.LFE112:
  55              		.align	1
  56              		.global	MemManage_Handler
  57              		.thumb
  58              		.thumb_func
  60              	MemManage_Handler:
  61              	.LFB113:
  66:/home/user/Desktop/STM32-Projekte/FH-Vertibot/src/project_src/stm32f30x_it.c ****   /* Go to infinite loop when Hard Fault exception occurs */
  67:/home/user/Desktop/STM32-Projekte/FH-Vertibot/src/project_src/stm32f30x_it.c ****   while (1)
  68:/home/user/Desktop/STM32-Projekte/FH-Vertibot/src/project_src/stm32f30x_it.c ****   {
  69:/home/user/Desktop/STM32-Projekte/FH-Vertibot/src/project_src/stm32f30x_it.c ****   }
  70:/home/user/Desktop/STM32-Projekte/FH-Vertibot/src/project_src/stm32f30x_it.c **** }
  71:/home/user/Desktop/STM32-Projekte/FH-Vertibot/src/project_src/stm32f30x_it.c **** 
  72:/home/user/Desktop/STM32-Projekte/FH-Vertibot/src/project_src/stm32f30x_it.c **** /**
  73:/home/user/Desktop/STM32-Projekte/FH-Vertibot/src/project_src/stm32f30x_it.c ****   * @brief  This function handles Memory Manage exception.
  74:/home/user/Desktop/STM32-Projekte/FH-Vertibot/src/project_src/stm32f30x_it.c ****   * @param  None
  75:/home/user/Desktop/STM32-Projekte/FH-Vertibot/src/project_src/stm32f30x_it.c ****   * @retval None
  76:/home/user/Desktop/STM32-Projekte/FH-Vertibot/src/project_src/stm32f30x_it.c ****   */
  77:/home/user/Desktop/STM32-Projekte/FH-Vertibot/src/project_src/stm32f30x_it.c **** void MemManage_Handler(void)
  78:/home/user/Desktop/STM32-Projekte/FH-Vertibot/src/project_src/stm32f30x_it.c **** {
  62              		.loc 1 78 0
  63              		.cfi_startproc
  64              		@ Volatile: function does not return.
  65              		@ args = 0, pretend = 0, frame = 0
  66              		@ frame_needed = 0, uses_anonymous_args = 0
  67              		@ link register save eliminated.
  68              	.L5:
  69 0004 FEE7     		b	.L5
  70              		.cfi_endproc
  71              	.LFE113:
  73              		.align	1
  74              		.global	BusFault_Handler
  75              		.thumb
  76              		.thumb_func
  78              	BusFault_Handler:
  79              	.LFB114:
  79:/home/user/Desktop/STM32-Projekte/FH-Vertibot/src/project_src/stm32f30x_it.c ****   /* Go to infinite loop when Memory Manage exception occurs */
  80:/home/user/Desktop/STM32-Projekte/FH-Vertibot/src/project_src/stm32f30x_it.c ****   while (1)
  81:/home/user/Desktop/STM32-Projekte/FH-Vertibot/src/project_src/stm32f30x_it.c ****   {
  82:/home/user/Desktop/STM32-Projekte/FH-Vertibot/src/project_src/stm32f30x_it.c ****   }
  83:/home/user/Desktop/STM32-Projekte/FH-Vertibot/src/project_src/stm32f30x_it.c **** }
  84:/home/user/Desktop/STM32-Projekte/FH-Vertibot/src/project_src/stm32f30x_it.c **** 
  85:/home/user/Desktop/STM32-Projekte/FH-Vertibot/src/project_src/stm32f30x_it.c **** /**
  86:/home/user/Desktop/STM32-Projekte/FH-Vertibot/src/project_src/stm32f30x_it.c ****   * @brief  This function handles Bus Fault exception.
  87:/home/user/Desktop/STM32-Projekte/FH-Vertibot/src/project_src/stm32f30x_it.c ****   * @param  None
  88:/home/user/Desktop/STM32-Projekte/FH-Vertibot/src/project_src/stm32f30x_it.c ****   * @retval None
  89:/home/user/Desktop/STM32-Projekte/FH-Vertibot/src/project_src/stm32f30x_it.c ****   */
  90:/home/user/Desktop/STM32-Projekte/FH-Vertibot/src/project_src/stm32f30x_it.c **** void BusFault_Handler(void)
  91:/home/user/Desktop/STM32-Projekte/FH-Vertibot/src/project_src/stm32f30x_it.c **** {
  80              		.loc 1 91 0
  81              		.cfi_startproc
  82              		@ Volatile: function does not return.
  83              		@ args = 0, pretend = 0, frame = 0
  84              		@ frame_needed = 0, uses_anonymous_args = 0
  85              		@ link register save eliminated.
  86              	.L7:
  87 0006 FEE7     		b	.L7
  88              		.cfi_endproc
  89              	.LFE114:
  91              		.align	1
  92              		.global	UsageFault_Handler
  93              		.thumb
  94              		.thumb_func
  96              	UsageFault_Handler:
  97              	.LFB115:
  92:/home/user/Desktop/STM32-Projekte/FH-Vertibot/src/project_src/stm32f30x_it.c ****   /* Go to infinite loop when Bus Fault exception occurs */
  93:/home/user/Desktop/STM32-Projekte/FH-Vertibot/src/project_src/stm32f30x_it.c ****   while (1)
  94:/home/user/Desktop/STM32-Projekte/FH-Vertibot/src/project_src/stm32f30x_it.c ****   {
  95:/home/user/Desktop/STM32-Projekte/FH-Vertibot/src/project_src/stm32f30x_it.c ****   }
  96:/home/user/Desktop/STM32-Projekte/FH-Vertibot/src/project_src/stm32f30x_it.c **** }
  97:/home/user/Desktop/STM32-Projekte/FH-Vertibot/src/project_src/stm32f30x_it.c **** 
  98:/home/user/Desktop/STM32-Projekte/FH-Vertibot/src/project_src/stm32f30x_it.c **** /**
  99:/home/user/Desktop/STM32-Projekte/FH-Vertibot/src/project_src/stm32f30x_it.c ****   * @brief  This function handles Usage Fault exception.
 100:/home/user/Desktop/STM32-Projekte/FH-Vertibot/src/project_src/stm32f30x_it.c ****   * @param  None
 101:/home/user/Desktop/STM32-Projekte/FH-Vertibot/src/project_src/stm32f30x_it.c ****   * @retval None
 102:/home/user/Desktop/STM32-Projekte/FH-Vertibot/src/project_src/stm32f30x_it.c ****   */
 103:/home/user/Desktop/STM32-Projekte/FH-Vertibot/src/project_src/stm32f30x_it.c **** void UsageFault_Handler(void)
 104:/home/user/Desktop/STM32-Projekte/FH-Vertibot/src/project_src/stm32f30x_it.c **** {
  98              		.loc 1 104 0
  99              		.cfi_startproc
 100              		@ Volatile: function does not return.
 101              		@ args = 0, pretend = 0, frame = 0
 102              		@ frame_needed = 0, uses_anonymous_args = 0
 103              		@ link register save eliminated.
 104              	.L9:
 105 0008 FEE7     		b	.L9
 106              		.cfi_endproc
 107              	.LFE115:
 109              		.align	1
 110              		.global	DebugMon_Handler
 111              		.thumb
 112              		.thumb_func
 114              	DebugMon_Handler:
 115              	.LFB116:
 105:/home/user/Desktop/STM32-Projekte/FH-Vertibot/src/project_src/stm32f30x_it.c ****   /* Go to infinite loop when Usage Fault exception occurs */
 106:/home/user/Desktop/STM32-Projekte/FH-Vertibot/src/project_src/stm32f30x_it.c ****   while (1)
 107:/home/user/Desktop/STM32-Projekte/FH-Vertibot/src/project_src/stm32f30x_it.c ****   {
 108:/home/user/Desktop/STM32-Projekte/FH-Vertibot/src/project_src/stm32f30x_it.c ****   }
 109:/home/user/Desktop/STM32-Projekte/FH-Vertibot/src/project_src/stm32f30x_it.c **** }
 110:/home/user/Desktop/STM32-Projekte/FH-Vertibot/src/project_src/stm32f30x_it.c **** 
 111:/home/user/Desktop/STM32-Projekte/FH-Vertibot/src/project_src/stm32f30x_it.c **** ///**
 112:/home/user/Desktop/STM32-Projekte/FH-Vertibot/src/project_src/stm32f30x_it.c **** //  * @brief  This function handles SVCall exception.
 113:/home/user/Desktop/STM32-Projekte/FH-Vertibot/src/project_src/stm32f30x_it.c **** //  * @param  None
 114:/home/user/Desktop/STM32-Projekte/FH-Vertibot/src/project_src/stm32f30x_it.c **** //  * @retval None
 115:/home/user/Desktop/STM32-Projekte/FH-Vertibot/src/project_src/stm32f30x_it.c **** //  */
 116:/home/user/Desktop/STM32-Projekte/FH-Vertibot/src/project_src/stm32f30x_it.c **** //void SVC_Handler(void)
 117:/home/user/Desktop/STM32-Projekte/FH-Vertibot/src/project_src/stm32f30x_it.c **** //{
 118:/home/user/Desktop/STM32-Projekte/FH-Vertibot/src/project_src/stm32f30x_it.c **** //}
 119:/home/user/Desktop/STM32-Projekte/FH-Vertibot/src/project_src/stm32f30x_it.c **** 
 120:/home/user/Desktop/STM32-Projekte/FH-Vertibot/src/project_src/stm32f30x_it.c **** /**
 121:/home/user/Desktop/STM32-Projekte/FH-Vertibot/src/project_src/stm32f30x_it.c ****   * @brief  This function handles Debug Monitor exception.
 122:/home/user/Desktop/STM32-Projekte/FH-Vertibot/src/project_src/stm32f30x_it.c ****   * @param  None
 123:/home/user/Desktop/STM32-Projekte/FH-Vertibot/src/project_src/stm32f30x_it.c ****   * @retval None
 124:/home/user/Desktop/STM32-Projekte/FH-Vertibot/src/project_src/stm32f30x_it.c ****   */
 125:/home/user/Desktop/STM32-Projekte/FH-Vertibot/src/project_src/stm32f30x_it.c **** void DebugMon_Handler(void)
 126:/home/user/Desktop/STM32-Projekte/FH-Vertibot/src/project_src/stm32f30x_it.c **** {
 116              		.loc 1 126 0
 117              		.cfi_startproc
 118              		@ args = 0, pretend = 0, frame = 0
 119              		@ frame_needed = 0, uses_anonymous_args = 0
 120              		@ link register save eliminated.
 121 000a 7047     		bx	lr
 122              		.cfi_endproc
 123              	.LFE116:
 125              		.align	1
 126              		.global	USART3_IRQHandler
 127              		.thumb
 128              		.thumb_func
 130              	USART3_IRQHandler:
 131              	.LFB117:
 127:/home/user/Desktop/STM32-Projekte/FH-Vertibot/src/project_src/stm32f30x_it.c **** }
 128:/home/user/Desktop/STM32-Projekte/FH-Vertibot/src/project_src/stm32f30x_it.c **** 
 129:/home/user/Desktop/STM32-Projekte/FH-Vertibot/src/project_src/stm32f30x_it.c **** ///**
 130:/home/user/Desktop/STM32-Projekte/FH-Vertibot/src/project_src/stm32f30x_it.c **** //  * @brief  This function handles PendSVC exception.
 131:/home/user/Desktop/STM32-Projekte/FH-Vertibot/src/project_src/stm32f30x_it.c **** //  * @param  None
 132:/home/user/Desktop/STM32-Projekte/FH-Vertibot/src/project_src/stm32f30x_it.c **** //  * @retval None
 133:/home/user/Desktop/STM32-Projekte/FH-Vertibot/src/project_src/stm32f30x_it.c **** //  */
 134:/home/user/Desktop/STM32-Projekte/FH-Vertibot/src/project_src/stm32f30x_it.c **** //void PendSV_Handler(void)
 135:/home/user/Desktop/STM32-Projekte/FH-Vertibot/src/project_src/stm32f30x_it.c **** //{
 136:/home/user/Desktop/STM32-Projekte/FH-Vertibot/src/project_src/stm32f30x_it.c **** //}
 137:/home/user/Desktop/STM32-Projekte/FH-Vertibot/src/project_src/stm32f30x_it.c **** 
 138:/home/user/Desktop/STM32-Projekte/FH-Vertibot/src/project_src/stm32f30x_it.c **** ///**
 139:/home/user/Desktop/STM32-Projekte/FH-Vertibot/src/project_src/stm32f30x_it.c **** //  * @brief  This function handles SysTick Handler.
 140:/home/user/Desktop/STM32-Projekte/FH-Vertibot/src/project_src/stm32f30x_it.c **** //  * @param  None
 141:/home/user/Desktop/STM32-Projekte/FH-Vertibot/src/project_src/stm32f30x_it.c **** //  * @retval None
 142:/home/user/Desktop/STM32-Projekte/FH-Vertibot/src/project_src/stm32f30x_it.c **** //  */
 143:/home/user/Desktop/STM32-Projekte/FH-Vertibot/src/project_src/stm32f30x_it.c **** //void SysTick_Handler(void)
 144:/home/user/Desktop/STM32-Projekte/FH-Vertibot/src/project_src/stm32f30x_it.c **** //{
 145:/home/user/Desktop/STM32-Projekte/FH-Vertibot/src/project_src/stm32f30x_it.c **** //}
 146:/home/user/Desktop/STM32-Projekte/FH-Vertibot/src/project_src/stm32f30x_it.c **** 
 147:/home/user/Desktop/STM32-Projekte/FH-Vertibot/src/project_src/stm32f30x_it.c **** // this is the interrupt request handler (IRQ) for ALL USART1 interrupts
 148:/home/user/Desktop/STM32-Projekte/FH-Vertibot/src/project_src/stm32f30x_it.c **** 
 149:/home/user/Desktop/STM32-Projekte/FH-Vertibot/src/project_src/stm32f30x_it.c **** /*! ***************************************************************************
 150:/home/user/Desktop/STM32-Projekte/FH-Vertibot/src/project_src/stm32f30x_it.c ****  *    USART3 Interrupt
 151:/home/user/Desktop/STM32-Projekte/FH-Vertibot/src/project_src/stm32f30x_it.c ****  *   Dient zur schnellen Übertragung der aktuellen Telemetriedaten
 152:/home/user/Desktop/STM32-Projekte/FH-Vertibot/src/project_src/stm32f30x_it.c ****  *  ************************************************************************ */
 153:/home/user/Desktop/STM32-Projekte/FH-Vertibot/src/project_src/stm32f30x_it.c **** void USART3_IRQHandler(void)
 154:/home/user/Desktop/STM32-Projekte/FH-Vertibot/src/project_src/stm32f30x_it.c **** {
 132              		.loc 1 154 0
 133              		.cfi_startproc
 134              		@ args = 0, pretend = 0, frame = 0
 135              		@ frame_needed = 0, uses_anonymous_args = 0
 136              		.loc 1 154 0
 137 000c 08B5     		push	{r3, lr}
 138              	.LCFI0:
 139              		.cfi_def_cfa_offset 8
 140              		.cfi_offset 3, -8
 141              		.cfi_offset 14, -4
 155:/home/user/Desktop/STM32-Projekte/FH-Vertibot/src/project_src/stm32f30x_it.c **** 	// TODO: Timeout for Receive-Datas
 156:/home/user/Desktop/STM32-Projekte/FH-Vertibot/src/project_src/stm32f30x_it.c **** 	/* Receive Data register not empty interrupt */
 157:/home/user/Desktop/STM32-Projekte/FH-Vertibot/src/project_src/stm32f30x_it.c **** 	if(USART_GetITStatus(USART3, USART_IT_RXNE) != RESET)
 142              		.loc 1 157 0
 143 000e 2A48     		ldr	r0, .L31
 144 0010 2A49     		ldr	r1, .L31+4
 145 0012 FFF7FEFF 		bl	USART_GetITStatus
 146              	.LVL0:
 147 0016 28B3     		cbz	r0, .L12
 148              	.LBB2:
 158:/home/user/Desktop/STM32-Projekte/FH-Vertibot/src/project_src/stm32f30x_it.c **** 	{
 159:/home/user/Desktop/STM32-Projekte/FH-Vertibot/src/project_src/stm32f30x_it.c **** 		char Data = USART_ReceiveData(USART3);
 149              		.loc 1 159 0
 150 0018 2748     		ldr	r0, .L31
 151 001a FFF7FEFF 		bl	USART_ReceiveData
 152              	.LVL1:
 160:/home/user/Desktop/STM32-Projekte/FH-Vertibot/src/project_src/stm32f30x_it.c **** 
 161:/home/user/Desktop/STM32-Projekte/FH-Vertibot/src/project_src/stm32f30x_it.c **** 		if (It_Com.rxready == 0) {
 153              		.loc 1 161 0
 154 001e 284B     		ldr	r3, .L31+8
 155 0020 D3F80012 		ldr	r1, [r3, #512]
 156 0024 D1B9     		cbnz	r1, .L13
 162:/home/user/Desktop/STM32-Projekte/FH-Vertibot/src/project_src/stm32f30x_it.c **** 			It_Com.rxbuffer[It_Com.rxcnt] = Data;
 157              		.loc 1 162 0
 158 0026 D3F80822 		ldr	r2, [r3, #520]
 159:/home/user/Desktop/STM32-Projekte/FH-Vertibot/src/project_src/stm32f30x_it.c **** 		char Data = USART_ReceiveData(USART3);
 159              		.loc 1 159 0
 160 002a C0B2     		uxtb	r0, r0
 161              	.LVL2:
 163:/home/user/Desktop/STM32-Projekte/FH-Vertibot/src/project_src/stm32f30x_it.c **** 			switch (It_Com.rxcnt) {
 162              		.loc 1 163 0
 163 002c 012A     		cmp	r2, #1
 162:/home/user/Desktop/STM32-Projekte/FH-Vertibot/src/project_src/stm32f30x_it.c **** 			It_Com.rxbuffer[It_Com.rxcnt] = Data;
 164              		.loc 1 162 0
 165 002e 9854     		strb	r0, [r3, r2]
 166              		.loc 1 163 0
 167 0030 07D0     		beq	.L16
 168 0032 02D3     		bcc	.L15
 169 0034 0F2A     		cmp	r2, #15
 170 0036 0ED1     		bne	.L28
 171 0038 07E0     		b	.L17
 172              	.L15:
 164:/home/user/Desktop/STM32-Projekte/FH-Vertibot/src/project_src/stm32f30x_it.c **** 				/* Header LOW */
 165:/home/user/Desktop/STM32-Projekte/FH-Vertibot/src/project_src/stm32f30x_it.c **** 				case 0:
 166:/home/user/Desktop/STM32-Projekte/FH-Vertibot/src/project_src/stm32f30x_it.c **** 					if (It_Com.rxbuffer[It_Com.rxcnt] == 0xff) It_Com.rxcnt++;
 173              		.loc 1 166 0
 174 003a FF28     		cmp	r0, #255
 175 003c 08D1     		bne	.L30
 176              		.loc 1 166 0 is_stmt 0 discriminator 1
 177 003e 0122     		movs	r2, #1
 178 0040 0AE0     		b	.L29
 179              	.L16:
 167:/home/user/Desktop/STM32-Projekte/FH-Vertibot/src/project_src/stm32f30x_it.c **** 					else It_Com.rxcnt = 0;
 168:/home/user/Desktop/STM32-Projekte/FH-Vertibot/src/project_src/stm32f30x_it.c **** 					break;
 169:/home/user/Desktop/STM32-Projekte/FH-Vertibot/src/project_src/stm32f30x_it.c **** 				/* Header High */
 170:/home/user/Desktop/STM32-Projekte/FH-Vertibot/src/project_src/stm32f30x_it.c **** 				case 1:
 171:/home/user/Desktop/STM32-Projekte/FH-Vertibot/src/project_src/stm32f30x_it.c **** 					if (It_Com.rxbuffer[It_Com.rxcnt] == 0x7F) It_Com.rxcnt++;
 180              		.loc 1 171 0 is_stmt 1
 181 0042 7F28     		cmp	r0, #127
 182 0044 04D1     		bne	.L30
 183              		.loc 1 171 0 is_stmt 0 discriminator 1
 184 0046 0222     		movs	r2, #2
 185 0048 06E0     		b	.L29
 186              	.L17:
 172:/home/user/Desktop/STM32-Projekte/FH-Vertibot/src/project_src/stm32f30x_it.c **** 					else It_Com.rxcnt = 0;
 173:/home/user/Desktop/STM32-Projekte/FH-Vertibot/src/project_src/stm32f30x_it.c **** 					break;
 174:/home/user/Desktop/STM32-Projekte/FH-Vertibot/src/project_src/stm32f30x_it.c **** 				case 15:
 175:/home/user/Desktop/STM32-Projekte/FH-Vertibot/src/project_src/stm32f30x_it.c **** 					It_Com.rxready = 1;
 187              		.loc 1 175 0 is_stmt 1
 188 004a 0122     		movs	r2, #1
 189 004c C3F80022 		str	r2, [r3, #512]
 190              	.L30:
 176:/home/user/Desktop/STM32-Projekte/FH-Vertibot/src/project_src/stm32f30x_it.c **** 					It_Com.rxcnt = 0;
 191              		.loc 1 176 0
 192 0050 C3F80812 		str	r1, [r3, #520]
 177:/home/user/Desktop/STM32-Projekte/FH-Vertibot/src/project_src/stm32f30x_it.c **** 					break;
 193              		.loc 1 177 0
 194 0054 02E0     		b	.L13
 195              	.L28:
 178:/home/user/Desktop/STM32-Projekte/FH-Vertibot/src/project_src/stm32f30x_it.c **** 				default:
 179:/home/user/Desktop/STM32-Projekte/FH-Vertibot/src/project_src/stm32f30x_it.c **** 					It_Com.rxcnt ++;
 196              		.loc 1 179 0
 197 0056 0132     		adds	r2, r2, #1
 198              	.L29:
 199 0058 C3F80822 		str	r2, [r3, #520]
 200              	.L13:
 180:/home/user/Desktop/STM32-Projekte/FH-Vertibot/src/project_src/stm32f30x_it.c **** 					break;
 181:/home/user/Desktop/STM32-Projekte/FH-Vertibot/src/project_src/stm32f30x_it.c **** 			}
 182:/home/user/Desktop/STM32-Projekte/FH-Vertibot/src/project_src/stm32f30x_it.c **** 		}
 183:/home/user/Desktop/STM32-Projekte/FH-Vertibot/src/project_src/stm32f30x_it.c **** 	    USART_ClearFlag(USART3, USART_IT_RXNE);
 201              		.loc 1 183 0
 202 005c 1648     		ldr	r0, .L31
 203 005e 1749     		ldr	r1, .L31+4
 204 0060 FFF7FEFF 		bl	USART_ClearFlag
 205              	.LVL3:
 206              	.L12:
 207              	.LBE2:
 184:/home/user/Desktop/STM32-Projekte/FH-Vertibot/src/project_src/stm32f30x_it.c **** 	}
 185:/home/user/Desktop/STM32-Projekte/FH-Vertibot/src/project_src/stm32f30x_it.c **** 
 186:/home/user/Desktop/STM32-Projekte/FH-Vertibot/src/project_src/stm32f30x_it.c **** 	// Transmit Data Register empty interrupt
 187:/home/user/Desktop/STM32-Projekte/FH-Vertibot/src/project_src/stm32f30x_it.c ****     if(USART_GetITStatus(USART3, USART_IT_TXE) != RESET)
 208              		.loc 1 187 0
 209 0064 1448     		ldr	r0, .L31
 210 0066 1749     		ldr	r1, .L31+12
 211 0068 FFF7FEFF 		bl	USART_GetITStatus
 212              	.LVL4:
 213 006c F0B1     		cbz	r0, .L20
 188:/home/user/Desktop/STM32-Projekte/FH-Vertibot/src/project_src/stm32f30x_it.c ****   	{
 189:/home/user/Desktop/STM32-Projekte/FH-Vertibot/src/project_src/stm32f30x_it.c ****   		USART_ClearITPendingBit(USART3, USART_IT_TXE);
 214              		.loc 1 189 0
 215 006e 1549     		ldr	r1, .L31+12
 216 0070 1148     		ldr	r0, .L31
 217 0072 FFF7FEFF 		bl	USART_ClearITPendingBit
 218              	.LVL5:
 190:/home/user/Desktop/STM32-Projekte/FH-Vertibot/src/project_src/stm32f30x_it.c **** 
 191:/home/user/Desktop/STM32-Projekte/FH-Vertibot/src/project_src/stm32f30x_it.c ****   		//if(ModbusData.txcnt <= ModbusData.txlen)
 192:/home/user/Desktop/STM32-Projekte/FH-Vertibot/src/project_src/stm32f30x_it.c ****   		if(It_Com.txcnt <= (It_Com.txlen-1))
 219              		.loc 1 192 0
 220 0076 124B     		ldr	r3, .L31+8
 221 0078 D3F81012 		ldr	r1, [r3, #528]
 222 007c D3F80C22 		ldr	r2, [r3, #524]
 223 0080 0139     		subs	r1, r1, #1
 224 0082 8A42     		cmp	r2, r1
 225 0084 09D8     		bhi	.L21
 193:/home/user/Desktop/STM32-Projekte/FH-Vertibot/src/project_src/stm32f30x_it.c ****   		{
 194:/home/user/Desktop/STM32-Projekte/FH-Vertibot/src/project_src/stm32f30x_it.c ****             USART_SendData(USART3,It_Com.txbuffer[It_Com.txcnt++]);
 226              		.loc 1 194 0
 227 0086 9918     		adds	r1, r3, r2
 228 0088 0B48     		ldr	r0, .L31
 229 008a 91F80011 		ldrb	r1, [r1, #256]	@ zero_extendqisi2
 230 008e 0132     		adds	r2, r2, #1
 231 0090 C3F80C22 		str	r2, [r3, #524]
 232 0094 FFF7FEFF 		bl	USART_SendData
 233              	.LVL6:
 234 0098 08E0     		b	.L20
 235              	.L21:
 195:/home/user/Desktop/STM32-Projekte/FH-Vertibot/src/project_src/stm32f30x_it.c ****   		}
 196:/home/user/Desktop/STM32-Projekte/FH-Vertibot/src/project_src/stm32f30x_it.c ****   		else
 197:/home/user/Desktop/STM32-Projekte/FH-Vertibot/src/project_src/stm32f30x_it.c ****   		{
 198:/home/user/Desktop/STM32-Projekte/FH-Vertibot/src/project_src/stm32f30x_it.c ****   			It_Com.txcnt = 0;
 236              		.loc 1 198 0
 237 009a 0022     		movs	r2, #0
 199:/home/user/Desktop/STM32-Projekte/FH-Vertibot/src/project_src/stm32f30x_it.c ****   			It_Com.txready = 0;
 200:/home/user/Desktop/STM32-Projekte/FH-Vertibot/src/project_src/stm32f30x_it.c ****   		    //USART_ITConfig(USART3, USART_IT_RXNE, ENABLE);
 201:/home/user/Desktop/STM32-Projekte/FH-Vertibot/src/project_src/stm32f30x_it.c ****   		    USART_ITConfig(USART3, USART_IT_TXE, DISABLE);
 238              		.loc 1 201 0
 239 009c 0648     		ldr	r0, .L31
 240 009e 0949     		ldr	r1, .L31+12
 198:/home/user/Desktop/STM32-Projekte/FH-Vertibot/src/project_src/stm32f30x_it.c ****   			It_Com.txcnt = 0;
 241              		.loc 1 198 0
 242 00a0 C3F80C22 		str	r2, [r3, #524]
 199:/home/user/Desktop/STM32-Projekte/FH-Vertibot/src/project_src/stm32f30x_it.c ****   			It_Com.txready = 0;
 243              		.loc 1 199 0
 244 00a4 C3F80422 		str	r2, [r3, #516]
 245              		.loc 1 201 0
 246 00a8 FFF7FEFF 		bl	USART_ITConfig
 247              	.LVL7:
 248              	.L20:
 202:/home/user/Desktop/STM32-Projekte/FH-Vertibot/src/project_src/stm32f30x_it.c ****   		}
 203:/home/user/Desktop/STM32-Projekte/FH-Vertibot/src/project_src/stm32f30x_it.c ****   	}
 204:/home/user/Desktop/STM32-Projekte/FH-Vertibot/src/project_src/stm32f30x_it.c **** 	USART_ClearITPendingBit(USART3, USART_IT_RXNE);
 249              		.loc 1 204 0
 250 00ac 0248     		ldr	r0, .L31
 251 00ae 0349     		ldr	r1, .L31+4
 205:/home/user/Desktop/STM32-Projekte/FH-Vertibot/src/project_src/stm32f30x_it.c **** }
 252              		.loc 1 205 0
 253 00b0 BDE80840 		pop	{r3, lr}
 204:/home/user/Desktop/STM32-Projekte/FH-Vertibot/src/project_src/stm32f30x_it.c **** 	USART_ClearITPendingBit(USART3, USART_IT_RXNE);
 254              		.loc 1 204 0
 255 00b4 FFF7FEBF 		b	USART_ClearITPendingBit
 256              	.LVL8:
 257              	.L32:
 258              		.align	2
 259              	.L31:
 260 00b8 00480040 		.word	1073760256
 261 00bc 05010500 		.word	327941
 262 00c0 00000000 		.word	It_Com
 263 00c4 07010700 		.word	459015
 264              		.cfi_endproc
 265              	.LFE117:
 267              		.align	1
 268              		.global	USART2_IRQHandler
 269              		.thumb
 270              		.thumb_func
 272              	USART2_IRQHandler:
 273              	.LFB118:
 206:/home/user/Desktop/STM32-Projekte/FH-Vertibot/src/project_src/stm32f30x_it.c **** 
 207:/home/user/Desktop/STM32-Projekte/FH-Vertibot/src/project_src/stm32f30x_it.c **** /*USART Reception*/
 208:/home/user/Desktop/STM32-Projekte/FH-Vertibot/src/project_src/stm32f30x_it.c **** void USART2_IRQHandler(void)
 209:/home/user/Desktop/STM32-Projekte/FH-Vertibot/src/project_src/stm32f30x_it.c **** {
 274              		.loc 1 209 0
 275              		.cfi_startproc
 276              		@ args = 0, pretend = 0, frame = 0
 277              		@ frame_needed = 0, uses_anonymous_args = 0
 278 00c8 38B5     		push	{r3, r4, r5, lr}
 279              	.LCFI1:
 280              		.cfi_def_cfa_offset 16
 281              		.cfi_offset 3, -16
 282              		.cfi_offset 4, -12
 283              		.cfi_offset 5, -8
 284              		.cfi_offset 14, -4
 210:/home/user/Desktop/STM32-Projekte/FH-Vertibot/src/project_src/stm32f30x_it.c **** 	static unsigned char rxBuffer[5];
 211:/home/user/Desktop/STM32-Projekte/FH-Vertibot/src/project_src/stm32f30x_it.c **** 	static uint8_t i = 0;
 212:/home/user/Desktop/STM32-Projekte/FH-Vertibot/src/project_src/stm32f30x_it.c **** 
 213:/home/user/Desktop/STM32-Projekte/FH-Vertibot/src/project_src/stm32f30x_it.c **** 	if(USART_GetITStatus(USART2, USART_IT_RXNE) != RESET)
 285              		.loc 1 213 0
 286 00ca 1648     		ldr	r0, .L41
 287 00cc 1649     		ldr	r1, .L41+4
 288 00ce FFF7FEFF 		bl	USART_GetITStatus
 289              	.LVL9:
 290 00d2 E0B1     		cbz	r0, .L34
 214:/home/user/Desktop/STM32-Projekte/FH-Vertibot/src/project_src/stm32f30x_it.c **** 	{
 215:/home/user/Desktop/STM32-Projekte/FH-Vertibot/src/project_src/stm32f30x_it.c **** 		/* Read one byte from the receive data register */
 216:/home/user/Desktop/STM32-Projekte/FH-Vertibot/src/project_src/stm32f30x_it.c **** 		rxBuffer[i] = USART_ReceiveData(USART2);
 291              		.loc 1 216 0
 292 00d4 154C     		ldr	r4, .L41+8
 293 00d6 1348     		ldr	r0, .L41
 294 00d8 2578     		ldrb	r5, [r4, #0]	@ zero_extendqisi2
 295 00da FFF7FEFF 		bl	USART_ReceiveData
 296              	.LVL10:
 217:/home/user/Desktop/STM32-Projekte/FH-Vertibot/src/project_src/stm32f30x_it.c **** 		if(i >= 4)
 297              		.loc 1 217 0
 298 00de 2378     		ldrb	r3, [r4, #0]	@ zero_extendqisi2
 216:/home/user/Desktop/STM32-Projekte/FH-Vertibot/src/project_src/stm32f30x_it.c **** 		rxBuffer[i] = USART_ReceiveData(USART2);
 299              		.loc 1 216 0
 300 00e0 6519     		adds	r5, r4, r5
 301              		.loc 1 217 0
 302 00e2 032B     		cmp	r3, #3
 216:/home/user/Desktop/STM32-Projekte/FH-Vertibot/src/project_src/stm32f30x_it.c **** 		rxBuffer[i] = USART_ReceiveData(USART2);
 303              		.loc 1 216 0
 304 00e4 6870     		strb	r0, [r5, #1]
 305              		.loc 1 217 0
 306 00e6 05D9     		bls	.L35
 218:/home/user/Desktop/STM32-Projekte/FH-Vertibot/src/project_src/stm32f30x_it.c **** 		{
 219:/home/user/Desktop/STM32-Projekte/FH-Vertibot/src/project_src/stm32f30x_it.c **** 			//xQueueSendFromISR( usartRxQueue, &msgPointer, &xYieldRequired );
 220:/home/user/Desktop/STM32-Projekte/FH-Vertibot/src/project_src/stm32f30x_it.c **** 			CalcRXValues(&rxBuffer[0], 55);
 307              		.loc 1 220 0
 308 00e8 601C     		adds	r0, r4, #1
 309 00ea 3721     		movs	r1, #55
 310 00ec FFF7FEFF 		bl	CalcRXValues
 311              	.LVL11:
 221:/home/user/Desktop/STM32-Projekte/FH-Vertibot/src/project_src/stm32f30x_it.c **** 			i = 0;
 312              		.loc 1 221 0
 313 00f0 0023     		movs	r3, #0
 314 00f2 03E0     		b	.L40
 315              	.L35:
 222:/home/user/Desktop/STM32-Projekte/FH-Vertibot/src/project_src/stm32f30x_it.c **** 		}
 223:/home/user/Desktop/STM32-Projekte/FH-Vertibot/src/project_src/stm32f30x_it.c **** 		else
 224:/home/user/Desktop/STM32-Projekte/FH-Vertibot/src/project_src/stm32f30x_it.c **** 		{
 225:/home/user/Desktop/STM32-Projekte/FH-Vertibot/src/project_src/stm32f30x_it.c **** 			if(rxBuffer[0] == 'A')
 316              		.loc 1 225 0
 317 00f4 6278     		ldrb	r2, [r4, #1]	@ zero_extendqisi2
 318 00f6 412A     		cmp	r2, #65
 319 00f8 02D1     		bne	.L36
 226:/home/user/Desktop/STM32-Projekte/FH-Vertibot/src/project_src/stm32f30x_it.c **** 			{
 227:/home/user/Desktop/STM32-Projekte/FH-Vertibot/src/project_src/stm32f30x_it.c **** 				i++;
 320              		.loc 1 227 0
 321 00fa 0133     		adds	r3, r3, #1
 322              	.L40:
 323 00fc 2370     		strb	r3, [r4, #0]
 324 00fe 06E0     		b	.L34
 325              	.L36:
 228:/home/user/Desktop/STM32-Projekte/FH-Vertibot/src/project_src/stm32f30x_it.c **** 			}
 229:/home/user/Desktop/STM32-Projekte/FH-Vertibot/src/project_src/stm32f30x_it.c **** 			else
 230:/home/user/Desktop/STM32-Projekte/FH-Vertibot/src/project_src/stm32f30x_it.c **** 			{
 231:/home/user/Desktop/STM32-Projekte/FH-Vertibot/src/project_src/stm32f30x_it.c **** 				i = 0;
 326              		.loc 1 231 0
 327 0100 0023     		movs	r3, #0
 328 0102 2370     		strb	r3, [r4, #0]
 232:/home/user/Desktop/STM32-Projekte/FH-Vertibot/src/project_src/stm32f30x_it.c **** 				rxBuffer[0] = 0;
 329              		.loc 1 232 0
 330 0104 6370     		strb	r3, [r4, #1]
 233:/home/user/Desktop/STM32-Projekte/FH-Vertibot/src/project_src/stm32f30x_it.c **** 				rxBuffer[1] = 0;
 331              		.loc 1 233 0
 332 0106 A370     		strb	r3, [r4, #2]
 234:/home/user/Desktop/STM32-Projekte/FH-Vertibot/src/project_src/stm32f30x_it.c **** 				rxBuffer[2] = 0;
 333              		.loc 1 234 0
 334 0108 E370     		strb	r3, [r4, #3]
 235:/home/user/Desktop/STM32-Projekte/FH-Vertibot/src/project_src/stm32f30x_it.c **** 				rxBuffer[3] = 0;
 335              		.loc 1 235 0
 336 010a 2371     		strb	r3, [r4, #4]
 236:/home/user/Desktop/STM32-Projekte/FH-Vertibot/src/project_src/stm32f30x_it.c **** 				rxBuffer[4] = 0;
 337              		.loc 1 236 0
 338 010c 6371     		strb	r3, [r4, #5]
 339              	.L34:
 237:/home/user/Desktop/STM32-Projekte/FH-Vertibot/src/project_src/stm32f30x_it.c **** 			}
 238:/home/user/Desktop/STM32-Projekte/FH-Vertibot/src/project_src/stm32f30x_it.c **** 		}
 239:/home/user/Desktop/STM32-Projekte/FH-Vertibot/src/project_src/stm32f30x_it.c **** 	}
 240:/home/user/Desktop/STM32-Projekte/FH-Vertibot/src/project_src/stm32f30x_it.c **** 	USART_ClearITPendingBit(USART2, USART_IT_RXNE);
 340              		.loc 1 240 0
 341 010e 0548     		ldr	r0, .L41
 342 0110 0549     		ldr	r1, .L41+4
 343 0112 FFF7FEFF 		bl	USART_ClearITPendingBit
 344              	.LVL12:
 241:/home/user/Desktop/STM32-Projekte/FH-Vertibot/src/project_src/stm32f30x_it.c **** 	USART_ClearFlag(USART2, USART_IT_RXNE);
 345              		.loc 1 241 0
 346 0116 0348     		ldr	r0, .L41
 347 0118 0349     		ldr	r1, .L41+4
 242:/home/user/Desktop/STM32-Projekte/FH-Vertibot/src/project_src/stm32f30x_it.c **** }
 348              		.loc 1 242 0
 349 011a BDE83840 		pop	{r3, r4, r5, lr}
 241:/home/user/Desktop/STM32-Projekte/FH-Vertibot/src/project_src/stm32f30x_it.c **** 	USART_ClearFlag(USART2, USART_IT_RXNE);
 350              		.loc 1 241 0
 351 011e FFF7FEBF 		b	USART_ClearFlag
 352              	.LVL13:
 353              	.L42:
 354 0122 00BF     		.align	2
 355              	.L41:
 356 0124 00440040 		.word	1073759232
 357 0128 05010500 		.word	327941
 358 012c 00000000 		.word	.LANCHOR0
 359              		.cfi_endproc
 360              	.LFE118:
 362              		.align	1
 363              		.global	disableEXTI
 364              		.thumb
 365              		.thumb_func
 367              	disableEXTI:
 368              	.LFB119:
 243:/home/user/Desktop/STM32-Projekte/FH-Vertibot/src/project_src/stm32f30x_it.c **** 
 244:/home/user/Desktop/STM32-Projekte/FH-Vertibot/src/project_src/stm32f30x_it.c **** void disableEXTI(uint32_t EXTINr)
 245:/home/user/Desktop/STM32-Projekte/FH-Vertibot/src/project_src/stm32f30x_it.c **** {
 369              		.loc 1 245 0
 370              		.cfi_startproc
 371              		@ args = 0, pretend = 0, frame = 0
 372              		@ frame_needed = 0, uses_anonymous_args = 0
 373              	.LVL14:
 374 0130 10B5     		push	{r4, lr}
 375              	.LCFI2:
 376              		.cfi_def_cfa_offset 8
 377              		.cfi_offset 4, -8
 378              		.cfi_offset 14, -4
 379              		.loc 1 245 0
 380 0132 0446     		mov	r4, r0
 246:/home/user/Desktop/STM32-Projekte/FH-Vertibot/src/project_src/stm32f30x_it.c **** 	getEXTI_Config()->EXTI_Line = EXTINr;
 381              		.loc 1 246 0
 382 0134 FFF7FEFF 		bl	getEXTI_Config
 383              	.LVL15:
 384 0138 0460     		str	r4, [r0, #0]
 247:/home/user/Desktop/STM32-Projekte/FH-Vertibot/src/project_src/stm32f30x_it.c **** 	getEXTI_Config()->EXTI_LineCmd = DISABLE;
 385              		.loc 1 247 0
 386 013a FFF7FEFF 		bl	getEXTI_Config
 387              	.LVL16:
 388 013e 0023     		movs	r3, #0
 389 0140 8371     		strb	r3, [r0, #6]
 248:/home/user/Desktop/STM32-Projekte/FH-Vertibot/src/project_src/stm32f30x_it.c **** 	EXTI_Init(getEXTI_Config());
 390              		.loc 1 248 0
 391 0142 FFF7FEFF 		bl	getEXTI_Config
 392              	.LVL17:
 249:/home/user/Desktop/STM32-Projekte/FH-Vertibot/src/project_src/stm32f30x_it.c **** }
 393              		.loc 1 249 0
 394 0146 BDE81040 		pop	{r4, lr}
 248:/home/user/Desktop/STM32-Projekte/FH-Vertibot/src/project_src/stm32f30x_it.c **** 	EXTI_Init(getEXTI_Config());
 395              		.loc 1 248 0
 396 014a FFF7FEBF 		b	EXTI_Init
 397              	.LVL18:
 398              		.cfi_endproc
 399              	.LFE119:
 401              		.align	1
 402              		.global	enableEXTI
 403              		.thumb
 404              		.thumb_func
 406              	enableEXTI:
 407              	.LFB120:
 250:/home/user/Desktop/STM32-Projekte/FH-Vertibot/src/project_src/stm32f30x_it.c **** 
 251:/home/user/Desktop/STM32-Projekte/FH-Vertibot/src/project_src/stm32f30x_it.c **** void enableEXTI(uint32_t EXTINr)
 252:/home/user/Desktop/STM32-Projekte/FH-Vertibot/src/project_src/stm32f30x_it.c **** {
 408              		.loc 1 252 0
 409              		.cfi_startproc
 410              		@ args = 0, pretend = 0, frame = 0
 411              		@ frame_needed = 0, uses_anonymous_args = 0
 412              	.LVL19:
 413 014e 10B5     		push	{r4, lr}
 414              	.LCFI3:
 415              		.cfi_def_cfa_offset 8
 416              		.cfi_offset 4, -8
 417              		.cfi_offset 14, -4
 418              		.loc 1 252 0
 419 0150 0446     		mov	r4, r0
 253:/home/user/Desktop/STM32-Projekte/FH-Vertibot/src/project_src/stm32f30x_it.c **** 	getEXTI_Config()->EXTI_Line = EXTINr;
 420              		.loc 1 253 0
 421 0152 FFF7FEFF 		bl	getEXTI_Config
 422              	.LVL20:
 423 0156 0460     		str	r4, [r0, #0]
 254:/home/user/Desktop/STM32-Projekte/FH-Vertibot/src/project_src/stm32f30x_it.c **** 	getEXTI_Config()->EXTI_LineCmd = ENABLE;
 424              		.loc 1 254 0
 425 0158 FFF7FEFF 		bl	getEXTI_Config
 426              	.LVL21:
 427 015c 0123     		movs	r3, #1
 428 015e 8371     		strb	r3, [r0, #6]
 255:/home/user/Desktop/STM32-Projekte/FH-Vertibot/src/project_src/stm32f30x_it.c **** 	EXTI_Init(getEXTI_Config());
 429              		.loc 1 255 0
 430 0160 FFF7FEFF 		bl	getEXTI_Config
 431              	.LVL22:
 256:/home/user/Desktop/STM32-Projekte/FH-Vertibot/src/project_src/stm32f30x_it.c **** }
 432              		.loc 1 256 0
 433 0164 BDE81040 		pop	{r4, lr}
 255:/home/user/Desktop/STM32-Projekte/FH-Vertibot/src/project_src/stm32f30x_it.c **** 	EXTI_Init(getEXTI_Config());
 434              		.loc 1 255 0
 435 0168 FFF7FEBF 		b	EXTI_Init
 436              	.LVL23:
 437              		.cfi_endproc
 438              	.LFE120:
 440              		.align	1
 441              		.global	EXTI15_10_IRQHandler
 442              		.thumb
 443              		.thumb_func
 445              	EXTI15_10_IRQHandler:
 446              	.LFB121:
 257:/home/user/Desktop/STM32-Projekte/FH-Vertibot/src/project_src/stm32f30x_it.c **** 
 258:/home/user/Desktop/STM32-Projekte/FH-Vertibot/src/project_src/stm32f30x_it.c **** /* Interupt Handlers */
 259:/home/user/Desktop/STM32-Projekte/FH-Vertibot/src/project_src/stm32f30x_it.c **** void EXTI15_10_IRQHandler(void)
 260:/home/user/Desktop/STM32-Projekte/FH-Vertibot/src/project_src/stm32f30x_it.c **** {
 447              		.loc 1 260 0
 448              		.cfi_startproc
 449              		@ args = 0, pretend = 0, frame = 0
 450              		@ frame_needed = 0, uses_anonymous_args = 0
 451              		@ link register save eliminated.
 452 016c 7047     		bx	lr
 453              		.cfi_endproc
 454              	.LFE121:
 456              		.comm	It_Com,532,4
 457              		.bss
 458              		.set	.LANCHOR0,. + 0
 461              	i.8606:
 462 0000 00       		.space	1
 465              	rxBuffer.8605:
 466 0001 00000000 		.space	5
 466      00
 467              		.text
 468              	.Letext0:
 469              		.file 2 "/opt/CodeSourcery/Sourcery_CodeBench_Lite_for_ARM_EABI/bin/../lib/gcc/arm-none-eabi/4.7.2
 470              		.file 3 "/home/user/Desktop/STM32-Projekte/FH-Vertibot/src/CMSIS/Device/ST/STM32F30x/Include/stm32
 471              		.file 4 "/home/user/Desktop/STM32-Projekte/FH-Vertibot/src/STM32F30x_StdPeriph_Driver/inc/stm32f30
 472              		.file 5 "/home/user/Desktop/STM32-Projekte/FH-Vertibot/src/project_inc/usart.h"
 473              		.file 6 "/home/user/Desktop/STM32-Projekte/FH-Vertibot/src/CMSIS/Include/core_cm4.h"
 474              		.file 7 "/home/user/Desktop/STM32-Projekte/FH-Vertibot/src/STM32F30x_StdPeriph_Driver/inc/stm32f30
 475              		.file 8 "/home/user/Desktop/STM32-Projekte/FH-Vertibot/src/project_inc/remote_control.h"
 476              		.file 9 "/home/user/Desktop/STM32-Projekte/FH-Vertibot/src/project_inc/stm32_configuration.h"
DEFINED SYMBOLS
                            *ABS*:00000000 stm32f30x_it.c
     /tmp/ccd2MIYp.s:20     .text:00000000 $t
     /tmp/ccd2MIYp.s:25     .text:00000000 NMI_Handler
     /tmp/ccd2MIYp.s:42     .text:00000002 HardFault_Handler
     /tmp/ccd2MIYp.s:60     .text:00000004 MemManage_Handler
     /tmp/ccd2MIYp.s:78     .text:00000006 BusFault_Handler
     /tmp/ccd2MIYp.s:96     .text:00000008 UsageFault_Handler
     /tmp/ccd2MIYp.s:114    .text:0000000a DebugMon_Handler
     /tmp/ccd2MIYp.s:130    .text:0000000c USART3_IRQHandler
     /tmp/ccd2MIYp.s:260    .text:000000b8 $d
                            *COM*:00000214 It_Com
     /tmp/ccd2MIYp.s:267    .text:000000c8 $t
     /tmp/ccd2MIYp.s:272    .text:000000c8 USART2_IRQHandler
     /tmp/ccd2MIYp.s:356    .text:00000124 $d
     /tmp/ccd2MIYp.s:362    .text:00000130 $t
     /tmp/ccd2MIYp.s:367    .text:00000130 disableEXTI
     /tmp/ccd2MIYp.s:406    .text:0000014e enableEXTI
     /tmp/ccd2MIYp.s:445    .text:0000016c EXTI15_10_IRQHandler
     /tmp/ccd2MIYp.s:461    .bss:00000000 i.8606
     /tmp/ccd2MIYp.s:462    .bss:00000000 $d
     /tmp/ccd2MIYp.s:465    .bss:00000001 rxBuffer.8605
                     .debug_frame:00000010 $d
                           .group:00000000 wm4.1.d481a9f4eba3ec0ceb0050fd0b2feec2
                           .group:00000000 wm4.stm32f30x.h.54.c7b24f715ee55ef38656f44540ae3be6
                           .group:00000000 wm4.core_cm4.h.32.1434cd257ff5806b1b03cd32ab0641e9
                           .group:00000000 wm4.stdint.h.10.90b695f550ca6cc3fb08fa83baf01e05
                           .group:00000000 wm4.core_cmInstr.h.25.d8165482ef3061013a2fc83e2d85f3d9
                           .group:00000000 wm4.core_cm4_simd.h.29.013e5bcf58dba2d27c60184174208e07
                           .group:00000000 wm4.core_cm4.h.155.cf7c793e178943e1bbf613f1b21cd51a
                           .group:00000000 wm4.stm32f30x.h.292.5f9271075d54fc48f1e25ff79df85cb2
                           .group:00000000 wm4.stm32f30x_adc.h.130.cbebad91f78fb87381fe0860eea6104e
                           .group:00000000 wm4.stm32f30x_comp.h.31.9bbc5f5f1a849069ea9062fbe7b81435
                           .group:00000000 wm4.stm32f30x_dma.h.31.73d173fa6d60026d432f3cf1d2fc4407
                           .group:00000000 wm4.stm32f30x_exti.h.31.22e280aa6e095108654ac8d3c74a2409
                           .group:00000000 wm4.stm32f30x_flash.h.31.bee86dc3079b7049419bdbeec073e2cd
                           .group:00000000 wm4.stm32f30x_gpio.h.31.3745297fee3728b346ad4d2a2467e40f
                           .group:00000000 wm4.stm32f30x_syscfg.h.31.96b023b7dbc3641f358604478433eb5c
                           .group:00000000 wm4.stm32f30x_i2c.h.31.52025acd7f154308042bf46a2835e9d3
                           .group:00000000 wm4.stm32f30x_pwr.h.31.cdef322c6e7f25cfc29954045d24e9b8
                           .group:00000000 wm4.stm32f30x_rcc.h.31.3b94c1144b21d1e4fe780e4d1a02d257
                           .group:00000000 wm4.stm32f30x_spi.h.31.c1ebebab897d23cecc617ec8ad9fd534
                           .group:00000000 wm4.stm32f30x_tim.h.31.336f9cd855fb4e2cd819ac260ded6518
                           .group:00000000 wm4.stm32f30x_usart.h.31.cd85313e29c0a128555b4a7b8ec0f487
                           .group:00000000 wm4.stm32f30x_misc.h.31.f08b0e9f53f0471613b5131bb95f8725
                           .group:00000000 wm4.stm32f30x.h.6173.8b641ba1d9b0040eda9120fe8a414b2d
                           .group:00000000 wm4.newlib.h.8.e1d498e57c12962fc6d7be5061a6981a
                           .group:00000000 wm4.config.h.148.52fe83653334d06815a0c57b59a3e584
                           .group:00000000 wm4._ansi.h.23.95dee4059009fe3ab635a191bb73dc66
                           .group:00000000 wm4.stdio.h.31.f48311dde756a2aec27351b58a280fb9
                           .group:00000000 wm4.stddef.h.187.9e651b6b8b16e149c1353259404973ea
                           .group:00000000 wm4.stdarg.h.34.3a23a216c0c293b3d2ea2e89281481e6
                           .group:00000000 wm4._default_types.h.6.1dbd2e581fd590860c7c17f21d147e91
                           .group:00000000 wm4.lock.h.2.9bc98482741e5e2a9450b12934a684ea
                           .group:00000000 wm4.stddef.h.349.31f4c5baff3fa2689010b32028da9c47
                           .group:00000000 wm4.reent.h.16.58b23a9f0faf0e7f2dfe7e2d33154afd
                           .group:00000000 wm4.types.h.23.0d949686bbcadd1621462d4fa1f884f9
                           .group:00000000 wm4.stddef.h.40.cf962ebbec441b3ac67502735f0765db
                           .group:00000000 wm4.types.h.2.e9cec8c90ab35f77d9f499e06ae02400
                           .group:00000000 wm4.types.h.80.f2bfdfeee9f340633702c07fad9b5e01
                           .group:00000000 wm4.stdio.h.2.4aa87247282eca6c8f36f9de33d8df1a
                           .group:00000000 wm4.stdio.h.63.1f4bc553faa62c5c69dd9cb47f9f1417
                           .group:00000000 wm4.stdlib.h.18.6f6153fd5cb89acd58c0f0ab1f77e147
                           .group:00000000 wm4.stddef.h.161.e50ff8a9d5d1abbc15641da28ac571bf
                           .group:00000000 wm4.alloca.h.8.dfc0c703c47ec3e69746825b17d9e66d
                           .group:00000000 wm4.stdlib.h.58.3943707ca024393181a6211b2c8a1625
                           .group:00000000 wm4.ctype.h.2.fecd14bb6f4e162ef31748cc97760e21
                           .group:00000000 wm4.math.h.49.5da716593b937b9fb02bef6ed6537c13
                           .group:00000000 wm4.usart.h.2.334fafcea22e35c991473487ab5a0c1a

UNDEFINED SYMBOLS
USART_GetITStatus
USART_ReceiveData
USART_ClearFlag
USART_ClearITPendingBit
USART_SendData
USART_ITConfig
CalcRXValues
getEXTI_Config
EXTI_Init
