   1              		.syntax unified
   2              		.cpu cortex-m4
   3              		.eabi_attribute 27, 3
   4              		.eabi_attribute 28, 1
   5              		.fpu fpv4-sp-d16
   6              		.eabi_attribute 20, 1
   7              		.eabi_attribute 21, 1
   8              		.eabi_attribute 23, 3
   9              		.eabi_attribute 24, 1
  10              		.eabi_attribute 25, 1
  11              		.eabi_attribute 26, 1
  12              		.eabi_attribute 30, 4
  13              		.eabi_attribute 34, 1
  14              		.eabi_attribute 18, 4
  15              		.thumb
  16              		.file	"vertibot_settings.c"
  17              		.text
  18              	.Ltext0:
  19              		.cfi_sections	.debug_frame
  20              		.align	1
  21              		.global	SETTINGS_init
  22              		.thumb
  23              		.thumb_func
  25              	SETTINGS_init:
  26              	.LFB111:
  27              		.file 1 "/home/user/Desktop/STM32-Projekte/FH-Vertibot/src/project_src/vertibot_settings.c"
   1:/home/user/Desktop/STM32-Projekte/FH-Vertibot/src/project_src/vertibot_settings.c **** #include <vertibot_settings.h>
   2:/home/user/Desktop/STM32-Projekte/FH-Vertibot/src/project_src/vertibot_settings.c **** #include <stm32_configuration.h>
   3:/home/user/Desktop/STM32-Projekte/FH-Vertibot/src/project_src/vertibot_settings.c **** #include <string.h>
   4:/home/user/Desktop/STM32-Projekte/FH-Vertibot/src/project_src/vertibot_settings.c **** 
   5:/home/user/Desktop/STM32-Projekte/FH-Vertibot/src/project_src/vertibot_settings.c **** 
   6:/home/user/Desktop/STM32-Projekte/FH-Vertibot/src/project_src/vertibot_settings.c **** void SETTINGS_init(GlobalSettings_s *settings)
   7:/home/user/Desktop/STM32-Projekte/FH-Vertibot/src/project_src/vertibot_settings.c **** {
  28              		.loc 1 7 0
  29              		.cfi_startproc
  30              		@ args = 0, pretend = 0, frame = 0
  31              		@ frame_needed = 0, uses_anonymous_args = 0
  32              	.LVL0:
   8:/home/user/Desktop/STM32-Projekte/FH-Vertibot/src/project_src/vertibot_settings.c **** 	settings->gyroSensTreshold = 20;
  33              		.loc 1 8 0
  34 0000 1423     		movs	r3, #20
  35 0002 0380     		strh	r3, [r0]	@ movhi
   9:/home/user/Desktop/STM32-Projekte/FH-Vertibot/src/project_src/vertibot_settings.c **** 	settings->gyroDir.sensDirection[sensX] = -1;
  10:/home/user/Desktop/STM32-Projekte/FH-Vertibot/src/project_src/vertibot_settings.c **** 	settings->gyroDir.sensDirection[sensY] = -1;
  11:/home/user/Desktop/STM32-Projekte/FH-Vertibot/src/project_src/vertibot_settings.c **** 	settings->gyroDir.sensDirection[sensZ] = 1;
  36              		.loc 1 11 0
  37 0004 0123     		movs	r3, #1
  38 0006 4372     		strb	r3, [r0, #9]
  12:/home/user/Desktop/STM32-Projekte/FH-Vertibot/src/project_src/vertibot_settings.c **** 	settings->gyroDir.sensOrder[sensX] = 0;
  13:/home/user/Desktop/STM32-Projekte/FH-Vertibot/src/project_src/vertibot_settings.c **** 	settings->gyroDir.sensOrder[sensY] = 2;
  14:/home/user/Desktop/STM32-Projekte/FH-Vertibot/src/project_src/vertibot_settings.c **** 	settings->gyroDir.sensOrder[sensZ] = 1;
  39              		.loc 1 14 0
  40 0008 8371     		strb	r3, [r0, #6]
  15:/home/user/Desktop/STM32-Projekte/FH-Vertibot/src/project_src/vertibot_settings.c **** 
  16:/home/user/Desktop/STM32-Projekte/FH-Vertibot/src/project_src/vertibot_settings.c **** 	settings->enableDriftCorrection = 1;
  41              		.loc 1 16 0
  42 000a 8372     		strb	r3, [r0, #10]
  17:/home/user/Desktop/STM32-Projekte/FH-Vertibot/src/project_src/vertibot_settings.c **** 
  18:/home/user/Desktop/STM32-Projekte/FH-Vertibot/src/project_src/vertibot_settings.c **** 	settings->enableACC = 1;
  43              		.loc 1 18 0
  44 000c C372     		strb	r3, [r0, #11]
  19:/home/user/Desktop/STM32-Projekte/FH-Vertibot/src/project_src/vertibot_settings.c **** 	settings->accDir.sensDirection[sensX] = -1;
  20:/home/user/Desktop/STM32-Projekte/FH-Vertibot/src/project_src/vertibot_settings.c **** 	settings->accDir.sensDirection[sensY] = -1;
  21:/home/user/Desktop/STM32-Projekte/FH-Vertibot/src/project_src/vertibot_settings.c **** 	settings->accDir.sensDirection[sensZ] = 1;
  45              		.loc 1 21 0
  46 000e 4374     		strb	r3, [r0, #17]
  22:/home/user/Desktop/STM32-Projekte/FH-Vertibot/src/project_src/vertibot_settings.c **** 	settings->accDir.sensOrder[sensX] = 2;
  23:/home/user/Desktop/STM32-Projekte/FH-Vertibot/src/project_src/vertibot_settings.c **** 	settings->accDir.sensOrder[sensY] = 0;
  24:/home/user/Desktop/STM32-Projekte/FH-Vertibot/src/project_src/vertibot_settings.c **** 	settings->accDir.sensOrder[sensZ] = 1;
  47              		.loc 1 24 0
  48 0010 8373     		strb	r3, [r0, #14]
  25:/home/user/Desktop/STM32-Projekte/FH-Vertibot/src/project_src/vertibot_settings.c **** 	settings->accMaxGOverflow = 1.3;
  26:/home/user/Desktop/STM32-Projekte/FH-Vertibot/src/project_src/vertibot_settings.c **** 
  27:/home/user/Desktop/STM32-Projekte/FH-Vertibot/src/project_src/vertibot_settings.c **** 	settings->enableMAG = 0;
  28:/home/user/Desktop/STM32-Projekte/FH-Vertibot/src/project_src/vertibot_settings.c **** 	settings->magLowpassValue = 5;//20;
  29:/home/user/Desktop/STM32-Projekte/FH-Vertibot/src/project_src/vertibot_settings.c **** 	settings->magDir.sensDirection[sensX] = 1;
  49              		.loc 1 29 0
  50 0012 0377     		strb	r3, [r0, #28]
  30:/home/user/Desktop/STM32-Projekte/FH-Vertibot/src/project_src/vertibot_settings.c **** 	settings->magDir.sensDirection[sensY] = -1;
  31:/home/user/Desktop/STM32-Projekte/FH-Vertibot/src/project_src/vertibot_settings.c **** 	settings->magDir.sensDirection[sensZ] = 1;
  51              		.loc 1 31 0
  52 0014 8377     		strb	r3, [r0, #30]
  32:/home/user/Desktop/STM32-Projekte/FH-Vertibot/src/project_src/vertibot_settings.c **** 	settings->magDir.sensOrder[sensX] = 0;
  33:/home/user/Desktop/STM32-Projekte/FH-Vertibot/src/project_src/vertibot_settings.c **** 	settings->magDir.sensOrder[sensY] = 1;
  53              		.loc 1 33 0
  54 0016 8376     		strb	r3, [r0, #26]
  34:/home/user/Desktop/STM32-Projekte/FH-Vertibot/src/project_src/vertibot_settings.c **** 	settings->magDir.sensOrder[sensZ] = 2;
  35:/home/user/Desktop/STM32-Projekte/FH-Vertibot/src/project_src/vertibot_settings.c **** 
  36:/home/user/Desktop/STM32-Projekte/FH-Vertibot/src/project_src/vertibot_settings.c **** 	settings->stopSpeed = 100;	//*PRESCALEVALUE; 	//PRESCALEVALUE=6
  55              		.loc 1 36 0
  56 0018 6423     		movs	r3, #100
  12:/home/user/Desktop/STM32-Projekte/FH-Vertibot/src/project_src/vertibot_settings.c **** 	settings->gyroDir.sensOrder[sensX] = 0;
  57              		.loc 1 12 0
  58 001a 0022     		movs	r2, #0
  59              		.loc 1 36 0
  60 001c 4384     		strh	r3, [r0, #34]	@ movhi
  37:/home/user/Desktop/STM32-Projekte/FH-Vertibot/src/project_src/vertibot_settings.c **** 	settings->minSpeed = 0; 	//*PRESCALEVALUE;
  38:/home/user/Desktop/STM32-Projekte/FH-Vertibot/src/project_src/vertibot_settings.c **** 	settings->maxSpeed = 200;	//*PRESCALEVALUE;
  61              		.loc 1 38 0
  62 001e C823     		movs	r3, #200
  12:/home/user/Desktop/STM32-Projekte/FH-Vertibot/src/project_src/vertibot_settings.c **** 	settings->gyroDir.sensOrder[sensX] = 0;
  63              		.loc 1 12 0
  64 0020 0271     		strb	r2, [r0, #4]
  23:/home/user/Desktop/STM32-Projekte/FH-Vertibot/src/project_src/vertibot_settings.c **** 	settings->accDir.sensOrder[sensY] = 0;
  65              		.loc 1 23 0
  66 0022 4273     		strb	r2, [r0, #13]
  27:/home/user/Desktop/STM32-Projekte/FH-Vertibot/src/project_src/vertibot_settings.c **** 	settings->enableMAG = 0;
  67              		.loc 1 27 0
  68 0024 0276     		strb	r2, [r0, #24]
  32:/home/user/Desktop/STM32-Projekte/FH-Vertibot/src/project_src/vertibot_settings.c **** 	settings->magDir.sensOrder[sensX] = 0;
  69              		.loc 1 32 0
  70 0026 4276     		strb	r2, [r0, #25]
  37:/home/user/Desktop/STM32-Projekte/FH-Vertibot/src/project_src/vertibot_settings.c **** 	settings->minSpeed = 0; 	//*PRESCALEVALUE;
  71              		.loc 1 37 0
  72 0028 8284     		strh	r2, [r0, #36]	@ movhi
  73              		.loc 1 38 0
  74 002a C384     		strh	r3, [r0, #38]	@ movhi
  39:/home/user/Desktop/STM32-Projekte/FH-Vertibot/src/project_src/vertibot_settings.c **** 
  40:/home/user/Desktop/STM32-Projekte/FH-Vertibot/src/project_src/vertibot_settings.c **** 	settings->PID_yaw.PID_kp = 2.0f;
  41:/home/user/Desktop/STM32-Projekte/FH-Vertibot/src/project_src/vertibot_settings.c **** 	settings->PID_yaw.PID_ki = 1.0f;
  42:/home/user/Desktop/STM32-Projekte/FH-Vertibot/src/project_src/vertibot_settings.c **** 	settings->PID_yaw.PID_kd = 0.0f;
  43:/home/user/Desktop/STM32-Projekte/FH-Vertibot/src/project_src/vertibot_settings.c **** 
  44:/home/user/Desktop/STM32-Projekte/FH-Vertibot/src/project_src/vertibot_settings.c **** /* PID Only */
  45:/home/user/Desktop/STM32-Projekte/FH-Vertibot/src/project_src/vertibot_settings.c **** #ifdef PIDController										// Matlab rob 0.6			//
  46:/home/user/Desktop/STM32-Projekte/FH-Vertibot/src/project_src/vertibot_settings.c **** 	settings->PID_rollPitch.PID_kp = 19.847615688639f;		// 23.8526967116026  		// 22.7f;
  47:/home/user/Desktop/STM32-Projekte/FH-Vertibot/src/project_src/vertibot_settings.c **** 	settings->PID_rollPitch.PID_ki = 52.4488131557352f;		//    	// 0.8f;
  48:/home/user/Desktop/STM32-Projekte/FH-Vertibot/src/project_src/vertibot_settings.c **** 	settings->PID_rollPitch.PID_kd = 1.2881940564086f; 	//		// 0.40f;
  49:/home/user/Desktop/STM32-Projekte/FH-Vertibot/src/project_src/vertibot_settings.c **** 	settings->PID_rollPitch.PID_kn = 108.348596776164f;
  50:/home/user/Desktop/STM32-Projekte/FH-Vertibot/src/project_src/vertibot_settings.c **** #endif
  51:/home/user/Desktop/STM32-Projekte/FH-Vertibot/src/project_src/vertibot_settings.c **** 
  52:/home/user/Desktop/STM32-Projekte/FH-Vertibot/src/project_src/vertibot_settings.c **** 
  53:/home/user/Desktop/STM32-Projekte/FH-Vertibot/src/project_src/vertibot_settings.c **** #ifdef PIDSmithPredictorController
  54:/home/user/Desktop/STM32-Projekte/FH-Vertibot/src/project_src/vertibot_settings.c **** 
  55:/home/user/Desktop/STM32-Projekte/FH-Vertibot/src/project_src/vertibot_settings.c **** 	/* PID */
  56:/home/user/Desktop/STM32-Projekte/FH-Vertibot/src/project_src/vertibot_settings.c **** 	settings->PID_rollPitch.PID_kp = 18.115707268541f; //14.5478771127435f;    	//22.7f;
  75              		.loc 1 56 0
  76 002c 144A     		ldr	r2, .L2
  77 002e 8262     		str	r2, [r0, #40]	@ float
  40:/home/user/Desktop/STM32-Projekte/FH-Vertibot/src/project_src/vertibot_settings.c **** 	settings->PID_yaw.PID_kp = 2.0f;
  78              		.loc 1 40 0
  79 0030 4FF08043 		mov	r3, #1073741824
   7:/home/user/Desktop/STM32-Projekte/FH-Vertibot/src/project_src/vertibot_settings.c **** {
  80              		.loc 1 7 0
  81 0034 30B5     		push	{r4, r5, lr}
  82              	.LCFI0:
  83              		.cfi_def_cfa_offset 12
  84              		.cfi_offset 4, -12
  85              		.cfi_offset 5, -8
  86              		.cfi_offset 14, -4
  40:/home/user/Desktop/STM32-Projekte/FH-Vertibot/src/project_src/vertibot_settings.c **** 	settings->PID_yaw.PID_kp = 2.0f;
  87              		.loc 1 40 0
  88 0036 8363     		str	r3, [r0, #56]	@ float
  25:/home/user/Desktop/STM32-Projekte/FH-Vertibot/src/project_src/vertibot_settings.c **** 	settings->accMaxGOverflow = 1.3;
  89              		.loc 1 25 0
  90 0038 124D     		ldr	r5, .L2+4
  57:/home/user/Desktop/STM32-Projekte/FH-Vertibot/src/project_src/vertibot_settings.c **** 	settings->PID_rollPitch.PID_ki = 3.8405091086306f; //28.1211353951591f;  	//0.8f;
  91              		.loc 1 57 0
  92 003a 134A     		ldr	r2, .L2+8
  25:/home/user/Desktop/STM32-Projekte/FH-Vertibot/src/project_src/vertibot_settings.c **** 	settings->accMaxGOverflow = 1.3;
  93              		.loc 1 25 0
  94 003c 4561     		str	r5, [r0, #20]	@ float
  41:/home/user/Desktop/STM32-Projekte/FH-Vertibot/src/project_src/vertibot_settings.c **** 	settings->PID_yaw.PID_ki = 1.0f;
  95              		.loc 1 41 0
  96 003e 4FF07E53 		mov	r3, #1065353216
   9:/home/user/Desktop/STM32-Projekte/FH-Vertibot/src/project_src/vertibot_settings.c **** 	settings->gyroDir.sensDirection[sensX] = -1;
  97              		.loc 1 9 0
  98 0042 FF21     		movs	r1, #255
  13:/home/user/Desktop/STM32-Projekte/FH-Vertibot/src/project_src/vertibot_settings.c **** 	settings->gyroDir.sensOrder[sensY] = 2;
  99              		.loc 1 13 0
 100 0044 0224     		movs	r4, #2
  41:/home/user/Desktop/STM32-Projekte/FH-Vertibot/src/project_src/vertibot_settings.c **** 	settings->PID_yaw.PID_ki = 1.0f;
 101              		.loc 1 41 0
 102 0046 C363     		str	r3, [r0, #60]	@ float
 103              		.loc 1 57 0
 104 0048 C262     		str	r2, [r0, #44]	@ float
  42:/home/user/Desktop/STM32-Projekte/FH-Vertibot/src/project_src/vertibot_settings.c **** 	settings->PID_yaw.PID_kd = 0.0f;
 105              		.loc 1 42 0
 106 004a 0023     		movs	r3, #0
  58:/home/user/Desktop/STM32-Projekte/FH-Vertibot/src/project_src/vertibot_settings.c **** 	settings->PID_rollPitch.PID_kd = 0.4392517058174756f; //1.84575662912126f; 	//0.40f;
 107              		.loc 1 58 0
 108 004c 0F4A     		ldr	r2, .L2+12
   9:/home/user/Desktop/STM32-Projekte/FH-Vertibot/src/project_src/vertibot_settings.c **** 	settings->gyroDir.sensDirection[sensX] = -1;
 109              		.loc 1 9 0
 110 004e C171     		strb	r1, [r0, #7]
  28:/home/user/Desktop/STM32-Projekte/FH-Vertibot/src/project_src/vertibot_settings.c **** 	settings->magLowpassValue = 5;//20;
 111              		.loc 1 28 0
 112 0050 0525     		movs	r5, #5
  10:/home/user/Desktop/STM32-Projekte/FH-Vertibot/src/project_src/vertibot_settings.c **** 	settings->gyroDir.sensDirection[sensY] = -1;
 113              		.loc 1 10 0
 114 0052 0172     		strb	r1, [r0, #8]
  13:/home/user/Desktop/STM32-Projekte/FH-Vertibot/src/project_src/vertibot_settings.c **** 	settings->gyroDir.sensOrder[sensY] = 2;
 115              		.loc 1 13 0
 116 0054 4471     		strb	r4, [r0, #5]
  19:/home/user/Desktop/STM32-Projekte/FH-Vertibot/src/project_src/vertibot_settings.c **** 	settings->accDir.sensDirection[sensX] = -1;
 117              		.loc 1 19 0
 118 0056 C173     		strb	r1, [r0, #15]
  20:/home/user/Desktop/STM32-Projekte/FH-Vertibot/src/project_src/vertibot_settings.c **** 	settings->accDir.sensDirection[sensY] = -1;
 119              		.loc 1 20 0
 120 0058 0174     		strb	r1, [r0, #16]
  22:/home/user/Desktop/STM32-Projekte/FH-Vertibot/src/project_src/vertibot_settings.c **** 	settings->accDir.sensOrder[sensX] = 2;
 121              		.loc 1 22 0
 122 005a 0473     		strb	r4, [r0, #12]
  28:/home/user/Desktop/STM32-Projekte/FH-Vertibot/src/project_src/vertibot_settings.c **** 	settings->magLowpassValue = 5;//20;
 123              		.loc 1 28 0
 124 005c 0584     		strh	r5, [r0, #32]	@ movhi
  30:/home/user/Desktop/STM32-Projekte/FH-Vertibot/src/project_src/vertibot_settings.c **** 	settings->magDir.sensDirection[sensY] = -1;
 125              		.loc 1 30 0
 126 005e 4177     		strb	r1, [r0, #29]
  34:/home/user/Desktop/STM32-Projekte/FH-Vertibot/src/project_src/vertibot_settings.c **** 	settings->magDir.sensOrder[sensZ] = 2;
 127              		.loc 1 34 0
 128 0060 C476     		strb	r4, [r0, #27]
  42:/home/user/Desktop/STM32-Projekte/FH-Vertibot/src/project_src/vertibot_settings.c **** 	settings->PID_yaw.PID_kd = 0.0f;
 129              		.loc 1 42 0
 130 0062 0364     		str	r3, [r0, #64]	@ float
 131              		.loc 1 58 0
 132 0064 0263     		str	r2, [r0, #48]	@ float
  59:/home/user/Desktop/STM32-Projekte/FH-Vertibot/src/project_src/vertibot_settings.c **** 	settings->PID_rollPitch.PID_kn = 80.8259704631948f; //683.74924793257f;
 133              		.loc 1 59 0
 134 0066 0A4A     		ldr	r2, .L2+16
 135 0068 4263     		str	r2, [r0, #52]	@ float
  60:/home/user/Desktop/STM32-Projekte/FH-Vertibot/src/project_src/vertibot_settings.c **** 
  61:/home/user/Desktop/STM32-Projekte/FH-Vertibot/src/project_src/vertibot_settings.c **** 	/* Smith Predictor */
  62:/home/user/Desktop/STM32-Projekte/FH-Vertibot/src/project_src/vertibot_settings.c **** 	settings->SmithPrediktor_rollPitch.b1 = 0.9753f;	// T1b
 136              		.loc 1 62 0
 137 006a 0A4A     		ldr	r2, .L2+20
 138 006c 0265     		str	r2, [r0, #80]	@ float
  63:/home/user/Desktop/STM32-Projekte/FH-Vertibot/src/project_src/vertibot_settings.c ****     settings->SmithPrediktor_rollPitch.b2 = 0.0f;
  64:/home/user/Desktop/STM32-Projekte/FH-Vertibot/src/project_src/vertibot_settings.c **** 	settings->SmithPrediktor_rollPitch.b3 = 0.0f;
  65:/home/user/Desktop/STM32-Projekte/FH-Vertibot/src/project_src/vertibot_settings.c **** 	settings->SmithPrediktor_rollPitch.a1 = 0.02469f;	// T1a
 139              		.loc 1 65 0
 140 006e 0A4A     		ldr	r2, .L2+24
 141 0070 8264     		str	r2, [r0, #72]	@ float
  66:/home/user/Desktop/STM32-Projekte/FH-Vertibot/src/project_src/vertibot_settings.c **** 	settings->SmithPrediktor_rollPitch.a2 = 0.007f;		// T2a
 142              		.loc 1 66 0
 143 0072 0A4A     		ldr	r2, .L2+28
  63:/home/user/Desktop/STM32-Projekte/FH-Vertibot/src/project_src/vertibot_settings.c ****     settings->SmithPrediktor_rollPitch.b2 = 0.0f;
 144              		.loc 1 63 0
 145 0074 4365     		str	r3, [r0, #84]	@ float
  64:/home/user/Desktop/STM32-Projekte/FH-Vertibot/src/project_src/vertibot_settings.c **** 	settings->SmithPrediktor_rollPitch.b3 = 0.0f;
 146              		.loc 1 64 0
 147 0076 8365     		str	r3, [r0, #88]	@ float
 148              		.loc 1 66 0
 149 0078 C264     		str	r2, [r0, #76]	@ float
  67:/home/user/Desktop/STM32-Projekte/FH-Vertibot/src/project_src/vertibot_settings.c **** 	settings->SmithPrediktor_rollPitch.gain = 0.0f;
 150              		.loc 1 67 0
 151 007a C365     		str	r3, [r0, #92]	@ float
 152 007c 30BD     		pop	{r4, r5, pc}
 153              	.L3:
 154 007e 00BF     		.align	2
 155              	.L2:
 156 0080 F8EC9041 		.word	1100016888
 157 0084 6666A63F 		.word	1067869798
 158 0088 E7CA7540 		.word	1081461479
 159 008c 99E5E03E 		.word	1054926233
 160 0090 E6A6A142 		.word	1117890278
 161 0094 43AD793F 		.word	1064938819
 162 0098 AF42CA3C 		.word	1019888303
 163 009c 4260E53B 		.word	1004888130
 164              		.cfi_endproc
 165              	.LFE111:
 167              		.align	1
 168              		.global	CTRLSTATES_init
 169              		.thumb
 170              		.thumb_func
 172              	CTRLSTATES_init:
 173              	.LFB112:
  68:/home/user/Desktop/STM32-Projekte/FH-Vertibot/src/project_src/vertibot_settings.c **** 
  69:/home/user/Desktop/STM32-Projekte/FH-Vertibot/src/project_src/vertibot_settings.c **** 
  70:/home/user/Desktop/STM32-Projekte/FH-Vertibot/src/project_src/vertibot_settings.c **** 	/* Test Controller */
  71:/home/user/Desktop/STM32-Projekte/FH-Vertibot/src/project_src/vertibot_settings.c **** 	/*
  72:/home/user/Desktop/STM32-Projekte/FH-Vertibot/src/project_src/vertibot_settings.c **** 
  73:/home/user/Desktop/STM32-Projekte/FH-Vertibot/src/project_src/vertibot_settings.c ****   Columns 1 through 5
  74:/home/user/Desktop/STM32-Projekte/FH-Vertibot/src/project_src/vertibot_settings.c **** 
  75:/home/user/Desktop/STM32-Projekte/FH-Vertibot/src/project_src/vertibot_settings.c ****    1.000000000000000   0.024690087971871  -0.975309912028128   1.000000000000000   0.99502359003488
  76:/home/user/Desktop/STM32-Projekte/FH-Vertibot/src/project_src/vertibot_settings.c **** 
  77:/home/user/Desktop/STM32-Projekte/FH-Vertibot/src/project_src/vertibot_settings.c ****   Column 6
  78:/home/user/Desktop/STM32-Projekte/FH-Vertibot/src/project_src/vertibot_settings.c **** 
  79:/home/user/Desktop/STM32-Projekte/FH-Vertibot/src/project_src/vertibot_settings.c ****    0.003294688806972
  80:/home/user/Desktop/STM32-Projekte/FH-Vertibot/src/project_src/vertibot_settings.c **** 
  81:/home/user/Desktop/STM32-Projekte/FH-Vertibot/src/project_src/vertibot_settings.c **** 
  82:/home/user/Desktop/STM32-Projekte/FH-Vertibot/src/project_src/vertibot_settings.c **** G =
  83:/home/user/Desktop/STM32-Projekte/FH-Vertibot/src/project_src/vertibot_settings.c **** 
  84:/home/user/Desktop/STM32-Projekte/FH-Vertibot/src/project_src/vertibot_settings.c ****   38.285739551944431
  85:/home/user/Desktop/STM32-Projekte/FH-Vertibot/src/project_src/vertibot_settings.c **** 	*/
  86:/home/user/Desktop/STM32-Projekte/FH-Vertibot/src/project_src/vertibot_settings.c **** 	/*
  87:/home/user/Desktop/STM32-Projekte/FH-Vertibot/src/project_src/vertibot_settings.c **** 	 	 SOS =
  88:/home/user/Desktop/STM32-Projekte/FH-Vertibot/src/project_src/vertibot_settings.c ****          	 0    1.0000    0.9917    1.0000   -1.9753    0.9753
  89:/home/user/Desktop/STM32-Projekte/FH-Vertibot/src/project_src/vertibot_settings.c **** 		 G =
  90:/home/user/Desktop/STM32-Projekte/FH-Vertibot/src/project_src/vertibot_settings.c ****    	   	   	 8.6775e-05
  91:/home/user/Desktop/STM32-Projekte/FH-Vertibot/src/project_src/vertibot_settings.c **** 	 */
  92:/home/user/Desktop/STM32-Projekte/FH-Vertibot/src/project_src/vertibot_settings.c **** 
  93:/home/user/Desktop/STM32-Projekte/FH-Vertibot/src/project_src/vertibot_settings.c **** 	/* Info zur Matlabausgabe
  94:/home/user/Desktop/STM32-Projekte/FH-Vertibot/src/project_src/vertibot_settings.c ****     SOS is an L by 6 matrix with the following structure:
  95:/home/user/Desktop/STM32-Projekte/FH-Vertibot/src/project_src/vertibot_settings.c ****         SOS = [ b01 b11 b21  1 a11 a21
  96:/home/user/Desktop/STM32-Projekte/FH-Vertibot/src/project_src/vertibot_settings.c ****                 b02 b12 b22  1 a12 a22
  97:/home/user/Desktop/STM32-Projekte/FH-Vertibot/src/project_src/vertibot_settings.c ****                 ...
  98:/home/user/Desktop/STM32-Projekte/FH-Vertibot/src/project_src/vertibot_settings.c ****                 b0L b1L b2L  1 a1L a2L ]
  99:/home/user/Desktop/STM32-Projekte/FH-Vertibot/src/project_src/vertibot_settings.c **** 
 100:/home/user/Desktop/STM32-Projekte/FH-Vertibot/src/project_src/vertibot_settings.c ****     Each row of the SOS matrix describes a 2nd order transfer function:
 101:/home/user/Desktop/STM32-Projekte/FH-Vertibot/src/project_src/vertibot_settings.c ****                   b0k +  b1k z^-1 +  b2k  z^-2
 102:/home/user/Desktop/STM32-Projekte/FH-Vertibot/src/project_src/vertibot_settings.c ****         Hk(z) =  ----------------------------
 103:/home/user/Desktop/STM32-Projekte/FH-Vertibot/src/project_src/vertibot_settings.c ****                    1 +  a1k z^-1 +  a2k  z^-2
 104:/home/user/Desktop/STM32-Projekte/FH-Vertibot/src/project_src/vertibot_settings.c ****     where k is the row index.
 105:/home/user/Desktop/STM32-Projekte/FH-Vertibot/src/project_src/vertibot_settings.c **** 	 */
 106:/home/user/Desktop/STM32-Projekte/FH-Vertibot/src/project_src/vertibot_settings.c **** 
 107:/home/user/Desktop/STM32-Projekte/FH-Vertibot/src/project_src/vertibot_settings.c **** 
 108:/home/user/Desktop/STM32-Projekte/FH-Vertibot/src/project_src/vertibot_settings.c **** #endif
 109:/home/user/Desktop/STM32-Projekte/FH-Vertibot/src/project_src/vertibot_settings.c **** 
 110:/home/user/Desktop/STM32-Projekte/FH-Vertibot/src/project_src/vertibot_settings.c **** }
 111:/home/user/Desktop/STM32-Projekte/FH-Vertibot/src/project_src/vertibot_settings.c **** 
 112:/home/user/Desktop/STM32-Projekte/FH-Vertibot/src/project_src/vertibot_settings.c **** void CTRLSTATES_init(CtrlStates_s *states)
 113:/home/user/Desktop/STM32-Projekte/FH-Vertibot/src/project_src/vertibot_settings.c **** {
 174              		.loc 1 113 0
 175              		.cfi_startproc
 176              		@ args = 0, pretend = 0, frame = 0
 177              		@ frame_needed = 0, uses_anonymous_args = 0
 178              		@ link register save eliminated.
 179              	.LVL1:
 114:/home/user/Desktop/STM32-Projekte/FH-Vertibot/src/project_src/vertibot_settings.c **** 	memset(states, 0, sizeof(CtrlStates_s));
 180              		.loc 1 114 0
 181 00a0 0021     		movs	r1, #0
 182 00a2 0C22     		movs	r2, #12
 183 00a4 FFF7FEBF 		b	memset
 184              	.LVL2:
 185              		.cfi_endproc
 186              	.LFE112:
 188              		.comm	XYZ,12,4
 189              		.comm	CtrlStates,12,4
 190              		.comm	GlobalSettings,96,4
 191              	.Letext0:
 192              		.file 2 "/home/user/gcc-arm-none-eabi-4_8-2013q4/arm-none-eabi/include/stdint.h"
 193              		.file 3 "/home/user/Desktop/STM32-Projekte/FH-Vertibot/src/project_inc/IMU_algorithm.h"
 194              		.file 4 "/home/user/Desktop/STM32-Projekte/FH-Vertibot/src/project_inc/vertibot_settings.h"
 195              		.file 5 "/home/user/Desktop/STM32-Projekte/FH-Vertibot/src/CMSIS/Include/core_cm4.h"
DEFINED SYMBOLS
                            *ABS*:00000000 vertibot_settings.c
     /tmp/ccz9d3Zb.s:20     .text:00000000 $t
     /tmp/ccz9d3Zb.s:25     .text:00000000 SETTINGS_init
     /tmp/ccz9d3Zb.s:156    .text:00000080 $d
     /tmp/ccz9d3Zb.s:167    .text:000000a0 $t
     /tmp/ccz9d3Zb.s:172    .text:000000a0 CTRLSTATES_init
                            *COM*:0000000c XYZ
                            *COM*:0000000c CtrlStates
                            *COM*:00000060 GlobalSettings
                     .debug_frame:00000010 $d
                           .group:00000000 wm4.1.e41257821655b1beb88e1ee583b76eae
                           .group:00000000 wm4.stm32f30x.h.54.c7b24f715ee55ef38656f44540ae3be6
                           .group:00000000 wm4.core_cm4.h.32.1434cd257ff5806b1b03cd32ab0641e9
                           .group:00000000 wm4.newlib.h.8.384a112feabb3bef7b573ae48cde2e3b
                           .group:00000000 wm4.features.h.22.6a4ca7cd053637cc1d0db6c16f39b2d7
                           .group:00000000 wm4.config.h.212.4163ef2871a828c674038d036b081cfd
                           .group:00000000 wm4._ansi.h.23.5644b60c990a4800b02a6e654e88f93a
                           .group:00000000 wm4.stdint.h.20.54ad762faa59e3c05491630641c8d8bf
                           .group:00000000 wm4.core_cmInstr.h.25.d8165482ef3061013a2fc83e2d85f3d9
                           .group:00000000 wm4.core_cm4_simd.h.29.013e5bcf58dba2d27c60184174208e07
                           .group:00000000 wm4.core_cm4.h.155.cf7c793e178943e1bbf613f1b21cd51a
                           .group:00000000 wm4.stm32f30x.h.292.5f9271075d54fc48f1e25ff79df85cb2
                           .group:00000000 wm4.stm32f30x_adc.h.130.cbebad91f78fb87381fe0860eea6104e
                           .group:00000000 wm4.stm32f30x_comp.h.31.9bbc5f5f1a849069ea9062fbe7b81435
                           .group:00000000 wm4.stm32f30x_dma.h.31.73d173fa6d60026d432f3cf1d2fc4407
                           .group:00000000 wm4.stm32f30x_exti.h.31.22e280aa6e095108654ac8d3c74a2409
                           .group:00000000 wm4.stm32f30x_flash.h.31.bee86dc3079b7049419bdbeec073e2cd
                           .group:00000000 wm4.stm32f30x_gpio.h.31.3745297fee3728b346ad4d2a2467e40f
                           .group:00000000 wm4.stm32f30x_syscfg.h.31.96b023b7dbc3641f358604478433eb5c
                           .group:00000000 wm4.stm32f30x_i2c.h.31.52025acd7f154308042bf46a2835e9d3
                           .group:00000000 wm4.stm32f30x_pwr.h.31.cdef322c6e7f25cfc29954045d24e9b8
                           .group:00000000 wm4.stm32f30x_rcc.h.31.3b94c1144b21d1e4fe780e4d1a02d257
                           .group:00000000 wm4.stm32f30x_spi.h.31.c1ebebab897d23cecc617ec8ad9fd534
                           .group:00000000 wm4.stm32f30x_tim.h.31.336f9cd855fb4e2cd819ac260ded6518
                           .group:00000000 wm4.stm32f30x_usart.h.31.cd85313e29c0a128555b4a7b8ec0f487
                           .group:00000000 wm4.stm32f30x_misc.h.31.f08b0e9f53f0471613b5131bb95f8725
                           .group:00000000 wm4.stm32f30x.h.6173.8b641ba1d9b0040eda9120fe8a414b2d
                           .group:00000000 wm4.vertibot_settings.h.30.2841ec7f17908c0e737642a34a45ead6
                           .group:00000000 wm4.stdio.h.31.7c0e28c411445f3f9c5b11accf882760
                           .group:00000000 wm4.stddef.h.184.159df79b4ca79c76561572a55985524c
                           .group:00000000 wm4.stdarg.h.34.3a23a216c0c293b3d2ea2e89281481e6
                           .group:00000000 wm4.stddef.h.39.7e3d906ac58942e0b374c527445f5de5
                           .group:00000000 wm4._default_types.h.6.5e12cd604db8ce00b62bb2f02708eaf3
                           .group:00000000 wm4.lock.h.2.9bc98482741e5e2a9450b12934a684ea
                           .group:00000000 wm4._types.h.54.d3d34a3b7f3cc230cd159baf022b4b08
                           .group:00000000 wm4.stddef.h.158.61317cdbfb4026324507d123a50b0fd6
                           .group:00000000 wm4.reent.h.17.8bd9e4098e0428508c282cad794fae43
                           .group:00000000 wm4.types.h.23.0d949686bbcadd1621462d4fa1f884f9
                           .group:00000000 wm4.types.h.2.e9cec8c90ab35f77d9f499e06ae02400
                           .group:00000000 wm4.types.h.80.5759fe41f87f5211a5952dfb1fc64f19
                           .group:00000000 wm4.stdio.h.2.4aa87247282eca6c8f36f9de33d8df1a
                           .group:00000000 wm4.stdio.h.64.0f05fa42cfe2db7fc44729a52d3ba948
                           .group:00000000 wm4.stdlib.h.13.4ed386f5c1a80d71e72172885d946ef2
                           .group:00000000 wm4.stddef.h.158.a7efb00f6cbc6f43213b50e183c9830c
                           .group:00000000 wm4.alloca.h.8.dfc0c703c47ec3e69746825b17d9e66d
                           .group:00000000 wm4.stdlib.h.51.fdf1045aaa750fe709619c2027b96513
                           .group:00000000 wm4.ctype.h.2.807cf8b53e92f83ce947ab40213cf812
                           .group:00000000 wm4.math.h.35.13c5bec129ef04ad1bb0a1152b29c624
                           .group:00000000 wm4.cdefs.h.56.f411b57d64a46a132cc788f4ff08e67a
                           .group:00000000 wm4.string.h.15.dab3980bf35408a4c507182805e2de3a
                           .group:00000000 wm4.string.h.126.6ff3aa59129e7f66b2c273baf353e066

UNDEFINED SYMBOLS
memset
