   1              		.syntax unified
   2              		.cpu cortex-m4
   3              		.eabi_attribute 27, 3
   4              		.eabi_attribute 28, 1
   5              		.fpu fpv4-sp-d16
   6              		.eabi_attribute 20, 1
   7              		.eabi_attribute 21, 1
   8              		.eabi_attribute 23, 3
   9              		.eabi_attribute 24, 1
  10              		.eabi_attribute 25, 1
  11              		.eabi_attribute 26, 1
  12              		.eabi_attribute 30, 4
  13              		.eabi_attribute 34, 1
  14              		.eabi_attribute 18, 4
  15              		.thumb
  16              		.file	"xBee_Lib.c"
  17              		.text
  18              	.Ltext0:
  19              		.cfi_sections	.debug_frame
  20              		.align	1
  21              		.global	setup_xBeeS6
  22              		.thumb
  23              		.thumb_func
  25              	setup_xBeeS6:
  26              	.LFB0:
  27              		.file 1 "/home/user/Desktop/STM32-Projekte/FH-Vertibot/src/project_src/xBee_Lib.c"
   1:/home/user/Desktop/STM32-Projekte/FH-Vertibot/src/project_src/xBee_Lib.c **** /* xBee_Lib.c */
   2:/home/user/Desktop/STM32-Projekte/FH-Vertibot/src/project_src/xBee_Lib.c **** 
   3:/home/user/Desktop/STM32-Projekte/FH-Vertibot/src/project_src/xBee_Lib.c **** int setup_xBeeS6(){
  28              		.loc 1 3 0
  29              		.cfi_startproc
  30              		@ args = 0, pretend = 0, frame = 0
  31              		@ frame_needed = 0, uses_anonymous_args = 0
  32              		@ link register save eliminated.
   4:/home/user/Desktop/STM32-Projekte/FH-Vertibot/src/project_src/xBee_Lib.c **** 
   5:/home/user/Desktop/STM32-Projekte/FH-Vertibot/src/project_src/xBee_Lib.c **** 	//Destination Adress
   6:/home/user/Desktop/STM32-Projekte/FH-Vertibot/src/project_src/xBee_Lib.c **** 
   7:/home/user/Desktop/STM32-Projekte/FH-Vertibot/src/project_src/xBee_Lib.c **** 
   8:/home/user/Desktop/STM32-Projekte/FH-Vertibot/src/project_src/xBee_Lib.c **** 
   9:/home/user/Desktop/STM32-Projekte/FH-Vertibot/src/project_src/xBee_Lib.c **** 
  10:/home/user/Desktop/STM32-Projekte/FH-Vertibot/src/project_src/xBee_Lib.c **** 
  11:/home/user/Desktop/STM32-Projekte/FH-Vertibot/src/project_src/xBee_Lib.c **** 	return 0;
  12:/home/user/Desktop/STM32-Projekte/FH-Vertibot/src/project_src/xBee_Lib.c **** }
  33              		.loc 1 12 0
  34 0000 0020     		movs	r0, #0
  35 0002 7047     		bx	lr
  36              		.cfi_endproc
  37              	.LFE0:
  39              	.Letext0:
DEFINED SYMBOLS
                            *ABS*:00000000 xBee_Lib.c
     /tmp/ccOyPhf9.s:20     .text:00000000 $t
     /tmp/ccOyPhf9.s:25     .text:00000000 setup_xBeeS6
                     .debug_frame:00000010 $d
                           .group:00000000 wm4.1.d481a9f4eba3ec0ceb0050fd0b2feec2

NO UNDEFINED SYMBOLS
