   1              		.syntax unified
   2              		.cpu cortex-m4
   3              		.eabi_attribute 27, 3
   4              		.eabi_attribute 28, 1
   5              		.fpu fpv4-sp-d16
   6              		.eabi_attribute 20, 1
   7              		.eabi_attribute 21, 1
   8              		.eabi_attribute 23, 3
   9              		.eabi_attribute 24, 1
  10              		.eabi_attribute 25, 1
  11              		.eabi_attribute 26, 1
  12              		.eabi_attribute 30, 4
  13              		.eabi_attribute 34, 1
  14              		.eabi_attribute 18, 4
  15              		.thumb
  16              		.file	"stm32f30x_exti.c"
  17              		.text
  18              	.Ltext0:
  19              		.cfi_sections	.debug_frame
  20              		.align	1
  21              		.global	EXTI_DeInit
  22              		.thumb
  23              		.thumb_func
  25              	EXTI_DeInit:
  26              	.LFB111:
  27              		.file 1 "/home/user/Desktop/STM32-Projekte/FH-Vertibot/src/STM32F30x_StdPeriph_Driver/src/stm32f30
   1:/home/user/Desktop/STM32-Projekte/FH-Vertibot/src/STM32F30x_StdPeriph_Driver/src/stm32f30x_exti.c **** /**
   2:/home/user/Desktop/STM32-Projekte/FH-Vertibot/src/STM32F30x_StdPeriph_Driver/src/stm32f30x_exti.c ****   ******************************************************************************
   3:/home/user/Desktop/STM32-Projekte/FH-Vertibot/src/STM32F30x_StdPeriph_Driver/src/stm32f30x_exti.c ****   * @file    stm32f30x_exti.c
   4:/home/user/Desktop/STM32-Projekte/FH-Vertibot/src/STM32F30x_StdPeriph_Driver/src/stm32f30x_exti.c ****   * @author  MCD Application Team
   5:/home/user/Desktop/STM32-Projekte/FH-Vertibot/src/STM32F30x_StdPeriph_Driver/src/stm32f30x_exti.c ****   * @version V1.0.1
   6:/home/user/Desktop/STM32-Projekte/FH-Vertibot/src/STM32F30x_StdPeriph_Driver/src/stm32f30x_exti.c ****   * @date    23-October-2012
   7:/home/user/Desktop/STM32-Projekte/FH-Vertibot/src/STM32F30x_StdPeriph_Driver/src/stm32f30x_exti.c ****   * @brief   This file provides firmware functions to manage the following 
   8:/home/user/Desktop/STM32-Projekte/FH-Vertibot/src/STM32F30x_StdPeriph_Driver/src/stm32f30x_exti.c ****   *          functionalities of the EXTI peripheral:
   9:/home/user/Desktop/STM32-Projekte/FH-Vertibot/src/STM32F30x_StdPeriph_Driver/src/stm32f30x_exti.c ****   *           + Initialization and Configuration 
  10:/home/user/Desktop/STM32-Projekte/FH-Vertibot/src/STM32F30x_StdPeriph_Driver/src/stm32f30x_exti.c ****   *           + Interrupts and flags management 
  11:/home/user/Desktop/STM32-Projekte/FH-Vertibot/src/STM32F30x_StdPeriph_Driver/src/stm32f30x_exti.c ****   *
  12:/home/user/Desktop/STM32-Projekte/FH-Vertibot/src/STM32F30x_StdPeriph_Driver/src/stm32f30x_exti.c ****   @verbatim
  13:/home/user/Desktop/STM32-Projekte/FH-Vertibot/src/STM32F30x_StdPeriph_Driver/src/stm32f30x_exti.c ****  ===============================================================================
  14:/home/user/Desktop/STM32-Projekte/FH-Vertibot/src/STM32F30x_StdPeriph_Driver/src/stm32f30x_exti.c ****                           ##### EXTI features #####
  15:/home/user/Desktop/STM32-Projekte/FH-Vertibot/src/STM32F30x_StdPeriph_Driver/src/stm32f30x_exti.c ****  ===============================================================================
  16:/home/user/Desktop/STM32-Projekte/FH-Vertibot/src/STM32F30x_StdPeriph_Driver/src/stm32f30x_exti.c ****     [..] External interrupt/event lines are mapped as following:
  17:/home/user/Desktop/STM32-Projekte/FH-Vertibot/src/STM32F30x_StdPeriph_Driver/src/stm32f30x_exti.c ****          (#) All available GPIO pins are connected to the 16 external 
  18:/home/user/Desktop/STM32-Projekte/FH-Vertibot/src/STM32F30x_StdPeriph_Driver/src/stm32f30x_exti.c ****              interrupt/event lines from EXTI0 to EXTI15.
  19:/home/user/Desktop/STM32-Projekte/FH-Vertibot/src/STM32F30x_StdPeriph_Driver/src/stm32f30x_exti.c ****          (#) EXTI line 16 is connected to the PVD output
  20:/home/user/Desktop/STM32-Projekte/FH-Vertibot/src/STM32F30x_StdPeriph_Driver/src/stm32f30x_exti.c ****          (#) EXTI line 17 is connected to the RTC Alarm event
  21:/home/user/Desktop/STM32-Projekte/FH-Vertibot/src/STM32F30x_StdPeriph_Driver/src/stm32f30x_exti.c ****          (#) EXTI line 18 is connected to USB Device wakeup event  
  22:/home/user/Desktop/STM32-Projekte/FH-Vertibot/src/STM32F30x_StdPeriph_Driver/src/stm32f30x_exti.c ****          (#) EXTI line 19 is connected to the RTC Tamper and TimeStamp events
  23:/home/user/Desktop/STM32-Projekte/FH-Vertibot/src/STM32F30x_StdPeriph_Driver/src/stm32f30x_exti.c ****          (#) EXTI line 20 is connected to the RTC wakeup event  
  24:/home/user/Desktop/STM32-Projekte/FH-Vertibot/src/STM32F30x_StdPeriph_Driver/src/stm32f30x_exti.c ****          (#) EXTI line 21 is connected to the Comparator 1 wakeup event 
  25:/home/user/Desktop/STM32-Projekte/FH-Vertibot/src/STM32F30x_StdPeriph_Driver/src/stm32f30x_exti.c ****          (#) EXTI line 22 is connected to the Comparator 2 wakeup event
  26:/home/user/Desktop/STM32-Projekte/FH-Vertibot/src/STM32F30x_StdPeriph_Driver/src/stm32f30x_exti.c ****          (#) EXTI line 23 is connected to the I2C1 wakeup event
  27:/home/user/Desktop/STM32-Projekte/FH-Vertibot/src/STM32F30x_StdPeriph_Driver/src/stm32f30x_exti.c ****          (#) EXTI line 24 is connected to the I2C2 wakeup event  
  28:/home/user/Desktop/STM32-Projekte/FH-Vertibot/src/STM32F30x_StdPeriph_Driver/src/stm32f30x_exti.c ****          (#) EXTI line 25 is connected to the USART1 wakeup event
  29:/home/user/Desktop/STM32-Projekte/FH-Vertibot/src/STM32F30x_StdPeriph_Driver/src/stm32f30x_exti.c ****          (#) EXTI line 26 is connected to the USART2 wakeup event  
  30:/home/user/Desktop/STM32-Projekte/FH-Vertibot/src/STM32F30x_StdPeriph_Driver/src/stm32f30x_exti.c ****          (#) EXTI line 27 is reserved
  31:/home/user/Desktop/STM32-Projekte/FH-Vertibot/src/STM32F30x_StdPeriph_Driver/src/stm32f30x_exti.c ****          (#) EXTI line 28 is connected to the USART3 wakeup event
  32:/home/user/Desktop/STM32-Projekte/FH-Vertibot/src/STM32F30x_StdPeriph_Driver/src/stm32f30x_exti.c ****          (#) EXTI line 29 is connected to the Comparator 3 event
  33:/home/user/Desktop/STM32-Projekte/FH-Vertibot/src/STM32F30x_StdPeriph_Driver/src/stm32f30x_exti.c ****          (#) EXTI line 30 is connected to the Comparator 4 event
  34:/home/user/Desktop/STM32-Projekte/FH-Vertibot/src/STM32F30x_StdPeriph_Driver/src/stm32f30x_exti.c ****          (#) EXTI line 31 is connected to the Comparator 5 event
  35:/home/user/Desktop/STM32-Projekte/FH-Vertibot/src/STM32F30x_StdPeriph_Driver/src/stm32f30x_exti.c ****          (#) EXTI line 32 is connected to the Comparator 6 event
  36:/home/user/Desktop/STM32-Projekte/FH-Vertibot/src/STM32F30x_StdPeriph_Driver/src/stm32f30x_exti.c ****          (#) EXTI line 33 is connected to the Comparator 7 event
  37:/home/user/Desktop/STM32-Projekte/FH-Vertibot/src/STM32F30x_StdPeriph_Driver/src/stm32f30x_exti.c ****          (#) EXTI line 34 is connected for thr UART4 wakeup event
  38:/home/user/Desktop/STM32-Projekte/FH-Vertibot/src/STM32F30x_StdPeriph_Driver/src/stm32f30x_exti.c ****          (#) EXTI line 35 is connected for the UART5 wakeup event               
  39:/home/user/Desktop/STM32-Projekte/FH-Vertibot/src/STM32F30x_StdPeriph_Driver/src/stm32f30x_exti.c **** 
  40:/home/user/Desktop/STM32-Projekte/FH-Vertibot/src/STM32F30x_StdPeriph_Driver/src/stm32f30x_exti.c ****                        ##### How to use this driver #####
  41:/home/user/Desktop/STM32-Projekte/FH-Vertibot/src/STM32F30x_StdPeriph_Driver/src/stm32f30x_exti.c ****  ===============================================================================
  42:/home/user/Desktop/STM32-Projekte/FH-Vertibot/src/STM32F30x_StdPeriph_Driver/src/stm32f30x_exti.c ****     [..] In order to use an I/O pin as an external interrupt source, 
  43:/home/user/Desktop/STM32-Projekte/FH-Vertibot/src/STM32F30x_StdPeriph_Driver/src/stm32f30x_exti.c ****          follow steps below:
  44:/home/user/Desktop/STM32-Projekte/FH-Vertibot/src/STM32F30x_StdPeriph_Driver/src/stm32f30x_exti.c ****          (#) Configure the I/O in input mode using GPIO_Init().
  45:/home/user/Desktop/STM32-Projekte/FH-Vertibot/src/STM32F30x_StdPeriph_Driver/src/stm32f30x_exti.c ****          (#) Select the input source pin for the EXTI line using
  46:/home/user/Desktop/STM32-Projekte/FH-Vertibot/src/STM32F30x_StdPeriph_Driver/src/stm32f30x_exti.c ****              SYSCFG_EXTILineConfig().
  47:/home/user/Desktop/STM32-Projekte/FH-Vertibot/src/STM32F30x_StdPeriph_Driver/src/stm32f30x_exti.c ****          (#) Select the mode(interrupt, event) and configure the trigger 
  48:/home/user/Desktop/STM32-Projekte/FH-Vertibot/src/STM32F30x_StdPeriph_Driver/src/stm32f30x_exti.c ****              selection (Rising, falling or both) using EXTI_Init(). For the 
  49:/home/user/Desktop/STM32-Projekte/FH-Vertibot/src/STM32F30x_StdPeriph_Driver/src/stm32f30x_exti.c ****              internal interrupt, the trigger selection is not needed 
  50:/home/user/Desktop/STM32-Projekte/FH-Vertibot/src/STM32F30x_StdPeriph_Driver/src/stm32f30x_exti.c ****              (the active edge is always the rising one).
  51:/home/user/Desktop/STM32-Projekte/FH-Vertibot/src/STM32F30x_StdPeriph_Driver/src/stm32f30x_exti.c ****          (#) Configure NVIC IRQ channel mapped to the EXTI line using NVIC_Init().
  52:/home/user/Desktop/STM32-Projekte/FH-Vertibot/src/STM32F30x_StdPeriph_Driver/src/stm32f30x_exti.c ****          (#) Optionally, you can generate a software interrupt using the function 
  53:/home/user/Desktop/STM32-Projekte/FH-Vertibot/src/STM32F30x_StdPeriph_Driver/src/stm32f30x_exti.c ****              EXTI_GenerateSWInterrupt().
  54:/home/user/Desktop/STM32-Projekte/FH-Vertibot/src/STM32F30x_StdPeriph_Driver/src/stm32f30x_exti.c ****     [..]
  55:/home/user/Desktop/STM32-Projekte/FH-Vertibot/src/STM32F30x_StdPeriph_Driver/src/stm32f30x_exti.c ****     (@) SYSCFG APB clock must be enabled to get write access to SYSCFG_EXTICRx
  56:/home/user/Desktop/STM32-Projekte/FH-Vertibot/src/STM32F30x_StdPeriph_Driver/src/stm32f30x_exti.c ****       registers using RCC_APB2PeriphClockCmd(RCC_APB2Periph_SYSCFG, ENABLE);
  57:/home/user/Desktop/STM32-Projekte/FH-Vertibot/src/STM32F30x_StdPeriph_Driver/src/stm32f30x_exti.c ****                 
  58:/home/user/Desktop/STM32-Projekte/FH-Vertibot/src/STM32F30x_StdPeriph_Driver/src/stm32f30x_exti.c ****   @endverbatim
  59:/home/user/Desktop/STM32-Projekte/FH-Vertibot/src/STM32F30x_StdPeriph_Driver/src/stm32f30x_exti.c **** 
  60:/home/user/Desktop/STM32-Projekte/FH-Vertibot/src/STM32F30x_StdPeriph_Driver/src/stm32f30x_exti.c ****   ******************************************************************************
  61:/home/user/Desktop/STM32-Projekte/FH-Vertibot/src/STM32F30x_StdPeriph_Driver/src/stm32f30x_exti.c ****   * @attention
  62:/home/user/Desktop/STM32-Projekte/FH-Vertibot/src/STM32F30x_StdPeriph_Driver/src/stm32f30x_exti.c ****   *
  63:/home/user/Desktop/STM32-Projekte/FH-Vertibot/src/STM32F30x_StdPeriph_Driver/src/stm32f30x_exti.c ****   * <h2><center>&copy; COPYRIGHT 2012 STMicroelectronics</center></h2>
  64:/home/user/Desktop/STM32-Projekte/FH-Vertibot/src/STM32F30x_StdPeriph_Driver/src/stm32f30x_exti.c ****   *
  65:/home/user/Desktop/STM32-Projekte/FH-Vertibot/src/STM32F30x_StdPeriph_Driver/src/stm32f30x_exti.c ****   * Licensed under MCD-ST Liberty SW License Agreement V2, (the "License");
  66:/home/user/Desktop/STM32-Projekte/FH-Vertibot/src/STM32F30x_StdPeriph_Driver/src/stm32f30x_exti.c ****   * You may not use this file except in compliance with the License.
  67:/home/user/Desktop/STM32-Projekte/FH-Vertibot/src/STM32F30x_StdPeriph_Driver/src/stm32f30x_exti.c ****   * You may obtain a copy of the License at:
  68:/home/user/Desktop/STM32-Projekte/FH-Vertibot/src/STM32F30x_StdPeriph_Driver/src/stm32f30x_exti.c ****   *
  69:/home/user/Desktop/STM32-Projekte/FH-Vertibot/src/STM32F30x_StdPeriph_Driver/src/stm32f30x_exti.c ****   *        http://www.st.com/software_license_agreement_liberty_v2
  70:/home/user/Desktop/STM32-Projekte/FH-Vertibot/src/STM32F30x_StdPeriph_Driver/src/stm32f30x_exti.c ****   *
  71:/home/user/Desktop/STM32-Projekte/FH-Vertibot/src/STM32F30x_StdPeriph_Driver/src/stm32f30x_exti.c ****   * Unless required by applicable law or agreed to in writing, software 
  72:/home/user/Desktop/STM32-Projekte/FH-Vertibot/src/STM32F30x_StdPeriph_Driver/src/stm32f30x_exti.c ****   * distributed under the License is distributed on an "AS IS" BASIS, 
  73:/home/user/Desktop/STM32-Projekte/FH-Vertibot/src/STM32F30x_StdPeriph_Driver/src/stm32f30x_exti.c ****   * WITHOUT WARRANTIES OR CONDITIONS OF ANY KIND, either express or implied.
  74:/home/user/Desktop/STM32-Projekte/FH-Vertibot/src/STM32F30x_StdPeriph_Driver/src/stm32f30x_exti.c ****   * See the License for the specific language governing permissions and
  75:/home/user/Desktop/STM32-Projekte/FH-Vertibot/src/STM32F30x_StdPeriph_Driver/src/stm32f30x_exti.c ****   * limitations under the License.
  76:/home/user/Desktop/STM32-Projekte/FH-Vertibot/src/STM32F30x_StdPeriph_Driver/src/stm32f30x_exti.c ****   *
  77:/home/user/Desktop/STM32-Projekte/FH-Vertibot/src/STM32F30x_StdPeriph_Driver/src/stm32f30x_exti.c ****   ******************************************************************************
  78:/home/user/Desktop/STM32-Projekte/FH-Vertibot/src/STM32F30x_StdPeriph_Driver/src/stm32f30x_exti.c ****   */
  79:/home/user/Desktop/STM32-Projekte/FH-Vertibot/src/STM32F30x_StdPeriph_Driver/src/stm32f30x_exti.c **** 
  80:/home/user/Desktop/STM32-Projekte/FH-Vertibot/src/STM32F30x_StdPeriph_Driver/src/stm32f30x_exti.c **** /* Includes ------------------------------------------------------------------*/
  81:/home/user/Desktop/STM32-Projekte/FH-Vertibot/src/STM32F30x_StdPeriph_Driver/src/stm32f30x_exti.c **** #include "stm32f30x_exti.h"
  82:/home/user/Desktop/STM32-Projekte/FH-Vertibot/src/STM32F30x_StdPeriph_Driver/src/stm32f30x_exti.c **** 
  83:/home/user/Desktop/STM32-Projekte/FH-Vertibot/src/STM32F30x_StdPeriph_Driver/src/stm32f30x_exti.c **** /** @addtogroup STM32F30x_StdPeriph_Driver
  84:/home/user/Desktop/STM32-Projekte/FH-Vertibot/src/STM32F30x_StdPeriph_Driver/src/stm32f30x_exti.c ****   * @{
  85:/home/user/Desktop/STM32-Projekte/FH-Vertibot/src/STM32F30x_StdPeriph_Driver/src/stm32f30x_exti.c ****   */
  86:/home/user/Desktop/STM32-Projekte/FH-Vertibot/src/STM32F30x_StdPeriph_Driver/src/stm32f30x_exti.c **** 
  87:/home/user/Desktop/STM32-Projekte/FH-Vertibot/src/STM32F30x_StdPeriph_Driver/src/stm32f30x_exti.c **** /** @defgroup EXTI 
  88:/home/user/Desktop/STM32-Projekte/FH-Vertibot/src/STM32F30x_StdPeriph_Driver/src/stm32f30x_exti.c ****   * @brief EXTI driver modules
  89:/home/user/Desktop/STM32-Projekte/FH-Vertibot/src/STM32F30x_StdPeriph_Driver/src/stm32f30x_exti.c ****   * @{
  90:/home/user/Desktop/STM32-Projekte/FH-Vertibot/src/STM32F30x_StdPeriph_Driver/src/stm32f30x_exti.c ****   */
  91:/home/user/Desktop/STM32-Projekte/FH-Vertibot/src/STM32F30x_StdPeriph_Driver/src/stm32f30x_exti.c **** 
  92:/home/user/Desktop/STM32-Projekte/FH-Vertibot/src/STM32F30x_StdPeriph_Driver/src/stm32f30x_exti.c **** 
  93:/home/user/Desktop/STM32-Projekte/FH-Vertibot/src/STM32F30x_StdPeriph_Driver/src/stm32f30x_exti.c **** /* Private typedef -----------------------------------------------------------*/
  94:/home/user/Desktop/STM32-Projekte/FH-Vertibot/src/STM32F30x_StdPeriph_Driver/src/stm32f30x_exti.c **** /* Private define ------------------------------------------------------------*/
  95:/home/user/Desktop/STM32-Projekte/FH-Vertibot/src/STM32F30x_StdPeriph_Driver/src/stm32f30x_exti.c **** #define EXTI_LINENONE     ((uint32_t)0x00000)        /* No interrupt selected */
  96:/home/user/Desktop/STM32-Projekte/FH-Vertibot/src/STM32F30x_StdPeriph_Driver/src/stm32f30x_exti.c **** 
  97:/home/user/Desktop/STM32-Projekte/FH-Vertibot/src/STM32F30x_StdPeriph_Driver/src/stm32f30x_exti.c **** /* Private macro -------------------------------------------------------------*/
  98:/home/user/Desktop/STM32-Projekte/FH-Vertibot/src/STM32F30x_StdPeriph_Driver/src/stm32f30x_exti.c **** /* Private variables ---------------------------------------------------------*/
  99:/home/user/Desktop/STM32-Projekte/FH-Vertibot/src/STM32F30x_StdPeriph_Driver/src/stm32f30x_exti.c **** /* Private function prototypes -----------------------------------------------*/
 100:/home/user/Desktop/STM32-Projekte/FH-Vertibot/src/STM32F30x_StdPeriph_Driver/src/stm32f30x_exti.c **** /* Private functions ---------------------------------------------------------*/
 101:/home/user/Desktop/STM32-Projekte/FH-Vertibot/src/STM32F30x_StdPeriph_Driver/src/stm32f30x_exti.c **** 
 102:/home/user/Desktop/STM32-Projekte/FH-Vertibot/src/STM32F30x_StdPeriph_Driver/src/stm32f30x_exti.c **** /** @defgroup EXTI_Private_Functions 
 103:/home/user/Desktop/STM32-Projekte/FH-Vertibot/src/STM32F30x_StdPeriph_Driver/src/stm32f30x_exti.c ****   * @{
 104:/home/user/Desktop/STM32-Projekte/FH-Vertibot/src/STM32F30x_StdPeriph_Driver/src/stm32f30x_exti.c ****   */
 105:/home/user/Desktop/STM32-Projekte/FH-Vertibot/src/STM32F30x_StdPeriph_Driver/src/stm32f30x_exti.c **** 
 106:/home/user/Desktop/STM32-Projekte/FH-Vertibot/src/STM32F30x_StdPeriph_Driver/src/stm32f30x_exti.c **** /** @defgroup EXTI_Group1 Initialization and Configuration functions
 107:/home/user/Desktop/STM32-Projekte/FH-Vertibot/src/STM32F30x_StdPeriph_Driver/src/stm32f30x_exti.c ****  *  @brief   Initialization and Configuration functions
 108:/home/user/Desktop/STM32-Projekte/FH-Vertibot/src/STM32F30x_StdPeriph_Driver/src/stm32f30x_exti.c ****  *
 109:/home/user/Desktop/STM32-Projekte/FH-Vertibot/src/STM32F30x_StdPeriph_Driver/src/stm32f30x_exti.c **** @verbatim
 110:/home/user/Desktop/STM32-Projekte/FH-Vertibot/src/STM32F30x_StdPeriph_Driver/src/stm32f30x_exti.c ****  ===============================================================================
 111:/home/user/Desktop/STM32-Projekte/FH-Vertibot/src/STM32F30x_StdPeriph_Driver/src/stm32f30x_exti.c ****               ##### Initialization and Configuration functions #####
 112:/home/user/Desktop/STM32-Projekte/FH-Vertibot/src/STM32F30x_StdPeriph_Driver/src/stm32f30x_exti.c ****  ===============================================================================
 113:/home/user/Desktop/STM32-Projekte/FH-Vertibot/src/STM32F30x_StdPeriph_Driver/src/stm32f30x_exti.c **** 
 114:/home/user/Desktop/STM32-Projekte/FH-Vertibot/src/STM32F30x_StdPeriph_Driver/src/stm32f30x_exti.c **** @endverbatim
 115:/home/user/Desktop/STM32-Projekte/FH-Vertibot/src/STM32F30x_StdPeriph_Driver/src/stm32f30x_exti.c ****   * @{
 116:/home/user/Desktop/STM32-Projekte/FH-Vertibot/src/STM32F30x_StdPeriph_Driver/src/stm32f30x_exti.c ****   */
 117:/home/user/Desktop/STM32-Projekte/FH-Vertibot/src/STM32F30x_StdPeriph_Driver/src/stm32f30x_exti.c ****     
 118:/home/user/Desktop/STM32-Projekte/FH-Vertibot/src/STM32F30x_StdPeriph_Driver/src/stm32f30x_exti.c **** /**
 119:/home/user/Desktop/STM32-Projekte/FH-Vertibot/src/STM32F30x_StdPeriph_Driver/src/stm32f30x_exti.c ****   * @brief  Deinitializes the EXTI peripheral registers to their default reset 
 120:/home/user/Desktop/STM32-Projekte/FH-Vertibot/src/STM32F30x_StdPeriph_Driver/src/stm32f30x_exti.c ****   *         values.
 121:/home/user/Desktop/STM32-Projekte/FH-Vertibot/src/STM32F30x_StdPeriph_Driver/src/stm32f30x_exti.c ****   * @param  None
 122:/home/user/Desktop/STM32-Projekte/FH-Vertibot/src/STM32F30x_StdPeriph_Driver/src/stm32f30x_exti.c ****   * @retval None
 123:/home/user/Desktop/STM32-Projekte/FH-Vertibot/src/STM32F30x_StdPeriph_Driver/src/stm32f30x_exti.c ****   */
 124:/home/user/Desktop/STM32-Projekte/FH-Vertibot/src/STM32F30x_StdPeriph_Driver/src/stm32f30x_exti.c **** void EXTI_DeInit(void)
 125:/home/user/Desktop/STM32-Projekte/FH-Vertibot/src/STM32F30x_StdPeriph_Driver/src/stm32f30x_exti.c **** {
  28              		.loc 1 125 0
  29              		.cfi_startproc
  30              		@ args = 0, pretend = 0, frame = 0
  31              		@ frame_needed = 0, uses_anonymous_args = 0
  32              		@ link register save eliminated.
 126:/home/user/Desktop/STM32-Projekte/FH-Vertibot/src/STM32F30x_StdPeriph_Driver/src/stm32f30x_exti.c ****   EXTI->IMR    = 0x1F800000;
  33              		.loc 1 126 0
  34 0000 0A4B     		ldr	r3, .L2
  35 0002 4FF0FC52 		mov	r2, #528482304
  36 0006 1A60     		str	r2, [r3]
 127:/home/user/Desktop/STM32-Projekte/FH-Vertibot/src/STM32F30x_StdPeriph_Driver/src/stm32f30x_exti.c ****   EXTI->EMR    = 0x00000000;
 128:/home/user/Desktop/STM32-Projekte/FH-Vertibot/src/STM32F30x_StdPeriph_Driver/src/stm32f30x_exti.c ****   EXTI->RTSR   = 0x00000000;
 129:/home/user/Desktop/STM32-Projekte/FH-Vertibot/src/STM32F30x_StdPeriph_Driver/src/stm32f30x_exti.c ****   EXTI->FTSR   = 0x00000000;
 130:/home/user/Desktop/STM32-Projekte/FH-Vertibot/src/STM32F30x_StdPeriph_Driver/src/stm32f30x_exti.c ****   EXTI->SWIER  = 0x00000000;
 131:/home/user/Desktop/STM32-Projekte/FH-Vertibot/src/STM32F30x_StdPeriph_Driver/src/stm32f30x_exti.c ****   EXTI->PR     = 0xE07FFFFF;
  37              		.loc 1 131 0
  38 0008 6FF0FC51 		mvn	r1, #528482304
 127:/home/user/Desktop/STM32-Projekte/FH-Vertibot/src/STM32F30x_StdPeriph_Driver/src/stm32f30x_exti.c ****   EXTI->EMR    = 0x00000000;
  39              		.loc 1 127 0
  40 000c 0022     		movs	r2, #0
  41 000e 5A60     		str	r2, [r3, #4]
 128:/home/user/Desktop/STM32-Projekte/FH-Vertibot/src/STM32F30x_StdPeriph_Driver/src/stm32f30x_exti.c ****   EXTI->RTSR   = 0x00000000;
  42              		.loc 1 128 0
  43 0010 9A60     		str	r2, [r3, #8]
 129:/home/user/Desktop/STM32-Projekte/FH-Vertibot/src/STM32F30x_StdPeriph_Driver/src/stm32f30x_exti.c ****   EXTI->FTSR   = 0x00000000;
  44              		.loc 1 129 0
  45 0012 DA60     		str	r2, [r3, #12]
 130:/home/user/Desktop/STM32-Projekte/FH-Vertibot/src/STM32F30x_StdPeriph_Driver/src/stm32f30x_exti.c ****   EXTI->SWIER  = 0x00000000;
  46              		.loc 1 130 0
  47 0014 1A61     		str	r2, [r3, #16]
  48              		.loc 1 131 0
  49 0016 5961     		str	r1, [r3, #20]
 132:/home/user/Desktop/STM32-Projekte/FH-Vertibot/src/STM32F30x_StdPeriph_Driver/src/stm32f30x_exti.c ****   EXTI->IMR2   = 0x0000000C;
  50              		.loc 1 132 0
  51 0018 0C21     		movs	r1, #12
  52 001a 1962     		str	r1, [r3, #32]
 133:/home/user/Desktop/STM32-Projekte/FH-Vertibot/src/STM32F30x_StdPeriph_Driver/src/stm32f30x_exti.c ****   EXTI->EMR2   = 0x00000000;
  53              		.loc 1 133 0
  54 001c 5A62     		str	r2, [r3, #36]
 134:/home/user/Desktop/STM32-Projekte/FH-Vertibot/src/STM32F30x_StdPeriph_Driver/src/stm32f30x_exti.c ****   EXTI->RTSR2  = 0x00000000;
  55              		.loc 1 134 0
  56 001e 9A62     		str	r2, [r3, #40]
 135:/home/user/Desktop/STM32-Projekte/FH-Vertibot/src/STM32F30x_StdPeriph_Driver/src/stm32f30x_exti.c ****   EXTI->FTSR2  = 0x00000000;
  57              		.loc 1 135 0
  58 0020 DA62     		str	r2, [r3, #44]
 136:/home/user/Desktop/STM32-Projekte/FH-Vertibot/src/STM32F30x_StdPeriph_Driver/src/stm32f30x_exti.c ****   EXTI->SWIER2 = 0x00000000;
  59              		.loc 1 136 0
  60 0022 1A63     		str	r2, [r3, #48]
 137:/home/user/Desktop/STM32-Projekte/FH-Vertibot/src/STM32F30x_StdPeriph_Driver/src/stm32f30x_exti.c ****   EXTI->PR2    = 0x00000003;
  61              		.loc 1 137 0
  62 0024 0322     		movs	r2, #3
  63 0026 5A63     		str	r2, [r3, #52]
  64 0028 7047     		bx	lr
  65              	.L3:
  66 002a 00BF     		.align	2
  67              	.L2:
  68 002c 00040140 		.word	1073808384
  69              		.cfi_endproc
  70              	.LFE111:
  72              		.align	1
  73              		.global	EXTI_Init
  74              		.thumb
  75              		.thumb_func
  77              	EXTI_Init:
  78              	.LFB112:
 138:/home/user/Desktop/STM32-Projekte/FH-Vertibot/src/STM32F30x_StdPeriph_Driver/src/stm32f30x_exti.c **** }
 139:/home/user/Desktop/STM32-Projekte/FH-Vertibot/src/STM32F30x_StdPeriph_Driver/src/stm32f30x_exti.c **** 
 140:/home/user/Desktop/STM32-Projekte/FH-Vertibot/src/STM32F30x_StdPeriph_Driver/src/stm32f30x_exti.c **** /**
 141:/home/user/Desktop/STM32-Projekte/FH-Vertibot/src/STM32F30x_StdPeriph_Driver/src/stm32f30x_exti.c ****   * @brief  Initializes the EXTI peripheral according to the specified
 142:/home/user/Desktop/STM32-Projekte/FH-Vertibot/src/STM32F30x_StdPeriph_Driver/src/stm32f30x_exti.c ****   *         parameters in the EXTI_InitStruct.
 143:/home/user/Desktop/STM32-Projekte/FH-Vertibot/src/STM32F30x_StdPeriph_Driver/src/stm32f30x_exti.c ****   *    EXTI_Line specifies the EXTI line (EXTI0....EXTI35).
 144:/home/user/Desktop/STM32-Projekte/FH-Vertibot/src/STM32F30x_StdPeriph_Driver/src/stm32f30x_exti.c ****   *    EXTI_Mode specifies which EXTI line is used as interrupt or an event.
 145:/home/user/Desktop/STM32-Projekte/FH-Vertibot/src/STM32F30x_StdPeriph_Driver/src/stm32f30x_exti.c ****   *    EXTI_Trigger selects the trigger. When the trigger occurs, interrupt
 146:/home/user/Desktop/STM32-Projekte/FH-Vertibot/src/STM32F30x_StdPeriph_Driver/src/stm32f30x_exti.c ****   *                 pending bit will be set.
 147:/home/user/Desktop/STM32-Projekte/FH-Vertibot/src/STM32F30x_StdPeriph_Driver/src/stm32f30x_exti.c ****   *    EXTI_LineCmd controls (Enable/Disable) the EXTI line.
 148:/home/user/Desktop/STM32-Projekte/FH-Vertibot/src/STM32F30x_StdPeriph_Driver/src/stm32f30x_exti.c ****   * @param  EXTI_InitStruct: pointer to a EXTI_InitTypeDef structure that 
 149:/home/user/Desktop/STM32-Projekte/FH-Vertibot/src/STM32F30x_StdPeriph_Driver/src/stm32f30x_exti.c ****   *         contains the configuration information for the EXTI peripheral.
 150:/home/user/Desktop/STM32-Projekte/FH-Vertibot/src/STM32F30x_StdPeriph_Driver/src/stm32f30x_exti.c ****   * @retval None
 151:/home/user/Desktop/STM32-Projekte/FH-Vertibot/src/STM32F30x_StdPeriph_Driver/src/stm32f30x_exti.c ****   */
 152:/home/user/Desktop/STM32-Projekte/FH-Vertibot/src/STM32F30x_StdPeriph_Driver/src/stm32f30x_exti.c ****   
 153:/home/user/Desktop/STM32-Projekte/FH-Vertibot/src/STM32F30x_StdPeriph_Driver/src/stm32f30x_exti.c **** 
 154:/home/user/Desktop/STM32-Projekte/FH-Vertibot/src/STM32F30x_StdPeriph_Driver/src/stm32f30x_exti.c **** void EXTI_Init(EXTI_InitTypeDef* EXTI_InitStruct)
 155:/home/user/Desktop/STM32-Projekte/FH-Vertibot/src/STM32F30x_StdPeriph_Driver/src/stm32f30x_exti.c **** {
  79              		.loc 1 155 0
  80              		.cfi_startproc
  81              		@ args = 0, pretend = 0, frame = 0
  82              		@ frame_needed = 0, uses_anonymous_args = 0
  83              	.LVL0:
 156:/home/user/Desktop/STM32-Projekte/FH-Vertibot/src/STM32F30x_StdPeriph_Driver/src/stm32f30x_exti.c ****   uint32_t tmp = 0;
 157:/home/user/Desktop/STM32-Projekte/FH-Vertibot/src/STM32F30x_StdPeriph_Driver/src/stm32f30x_exti.c **** 
 158:/home/user/Desktop/STM32-Projekte/FH-Vertibot/src/STM32F30x_StdPeriph_Driver/src/stm32f30x_exti.c ****   /* Check the parameters */
 159:/home/user/Desktop/STM32-Projekte/FH-Vertibot/src/STM32F30x_StdPeriph_Driver/src/stm32f30x_exti.c ****   assert_param(IS_EXTI_MODE(EXTI_InitStruct->EXTI_Mode));
 160:/home/user/Desktop/STM32-Projekte/FH-Vertibot/src/STM32F30x_StdPeriph_Driver/src/stm32f30x_exti.c ****   assert_param(IS_EXTI_TRIGGER(EXTI_InitStruct->EXTI_Trigger));
 161:/home/user/Desktop/STM32-Projekte/FH-Vertibot/src/STM32F30x_StdPeriph_Driver/src/stm32f30x_exti.c ****   assert_param(IS_EXTI_LINE_ALL(EXTI_InitStruct->EXTI_Line));
 162:/home/user/Desktop/STM32-Projekte/FH-Vertibot/src/STM32F30x_StdPeriph_Driver/src/stm32f30x_exti.c ****   assert_param(IS_FUNCTIONAL_STATE(EXTI_InitStruct->EXTI_LineCmd));
 163:/home/user/Desktop/STM32-Projekte/FH-Vertibot/src/STM32F30x_StdPeriph_Driver/src/stm32f30x_exti.c **** 
 164:/home/user/Desktop/STM32-Projekte/FH-Vertibot/src/STM32F30x_StdPeriph_Driver/src/stm32f30x_exti.c ****   tmp = (uint32_t)EXTI_BASE;
 165:/home/user/Desktop/STM32-Projekte/FH-Vertibot/src/STM32F30x_StdPeriph_Driver/src/stm32f30x_exti.c ****       
 166:/home/user/Desktop/STM32-Projekte/FH-Vertibot/src/STM32F30x_StdPeriph_Driver/src/stm32f30x_exti.c ****   if (EXTI_InitStruct->EXTI_LineCmd != DISABLE)
  84              		.loc 1 166 0
  85 0030 8379     		ldrb	r3, [r0, #6]	@ zero_extendqisi2
  86 0032 0268     		ldr	r2, [r0]
 155:/home/user/Desktop/STM32-Projekte/FH-Vertibot/src/STM32F30x_StdPeriph_Driver/src/stm32f30x_exti.c **** {
  87              		.loc 1 155 0
  88 0034 70B5     		push	{r4, r5, r6, lr}
  89              	.LCFI0:
  90              		.cfi_def_cfa_offset 16
  91              		.cfi_offset 4, -16
  92              		.cfi_offset 5, -12
  93              		.cfi_offset 6, -8
  94              		.cfi_offset 14, -4
  95 0036 0479     		ldrb	r4, [r0, #4]	@ zero_extendqisi2
  96              		.loc 1 166 0
  97 0038 002B     		cmp	r3, #0
  98 003a 64D0     		beq	.L5
 167:/home/user/Desktop/STM32-Projekte/FH-Vertibot/src/STM32F30x_StdPeriph_Driver/src/stm32f30x_exti.c ****   {
 168:/home/user/Desktop/STM32-Projekte/FH-Vertibot/src/STM32F30x_StdPeriph_Driver/src/stm32f30x_exti.c ****     /* Clear EXTI line configuration */   
 169:/home/user/Desktop/STM32-Projekte/FH-Vertibot/src/STM32F30x_StdPeriph_Driver/src/stm32f30x_exti.c ****     *(__IO uint32_t *) (((uint32_t) &(EXTI->IMR)) + ((EXTI_InitStruct->EXTI_Line) >> 5 ) * 0x20) &=
  99              		.loc 1 169 0
 100 003c 22F01F01 		bic	r1, r2, #31
 101 0040 01F18041 		add	r1, r1, #1073741824
 102 0044 01F58231 		add	r1, r1, #66560
 103 0048 0123     		movs	r3, #1
 104 004a 0D68     		ldr	r5, [r1]
 105 004c 02F01F02 		and	r2, r2, #31
 106 0050 03FA02F2 		lsl	r2, r3, r2
 107 0054 25EA0202 		bic	r2, r5, r2
 108 0058 0A60     		str	r2, [r1]
 170:/home/user/Desktop/STM32-Projekte/FH-Vertibot/src/STM32F30x_StdPeriph_Driver/src/stm32f30x_exti.c ****     *(__IO uint32_t *) (((uint32_t) &(EXTI->EMR)) + ((EXTI_InitStruct->EXTI_Line) >> 5 ) * 0x20) &=
 109              		.loc 1 170 0
 110 005a 0568     		ldr	r5, [r0]
 111 005c 324A     		ldr	r2, .L9
 112 005e 25F01F01 		bic	r1, r5, #31
 113 0062 05F01F05 		and	r5, r5, #31
 114 0066 8E58     		ldr	r6, [r1, r2]
 115 0068 03FA05F5 		lsl	r5, r3, r5
 116 006c 26EA0505 		bic	r5, r6, r5
 117 0070 8D50     		str	r5, [r1, r2]
 171:/home/user/Desktop/STM32-Projekte/FH-Vertibot/src/STM32F30x_StdPeriph_Driver/src/stm32f30x_exti.c ****      
 172:/home/user/Desktop/STM32-Projekte/FH-Vertibot/src/STM32F30x_StdPeriph_Driver/src/stm32f30x_exti.c ****     tmp += EXTI_InitStruct->EXTI_Mode + (((EXTI_InitStruct->EXTI_Line) >> 5 ) * 0x20);
 118              		.loc 1 172 0
 119 0072 0568     		ldr	r5, [r0]
 120              	.LVL1:
 121 0074 04F18042 		add	r2, r4, #1073741824
 122 0078 25F01F01 		bic	r1, r5, #31
 123 007c 02F58232 		add	r2, r2, #66560
 173:/home/user/Desktop/STM32-Projekte/FH-Vertibot/src/STM32F30x_StdPeriph_Driver/src/stm32f30x_exti.c **** 
 174:/home/user/Desktop/STM32-Projekte/FH-Vertibot/src/STM32F30x_StdPeriph_Driver/src/stm32f30x_exti.c ****     *(__IO uint32_t *) tmp |= (uint32_t)(1 << (EXTI_InitStruct->EXTI_Line & 0x1F));
 124              		.loc 1 174 0
 125 0080 05F01F05 		and	r5, r5, #31
 126              	.LVL2:
 127 0084 5458     		ldr	r4, [r2, r1]
 128 0086 03FA05F5 		lsl	r5, r3, r5
 129 008a 2543     		orrs	r5, r5, r4
 130 008c 5550     		str	r5, [r2, r1]
 131              	.LVL3:
 175:/home/user/Desktop/STM32-Projekte/FH-Vertibot/src/STM32F30x_StdPeriph_Driver/src/stm32f30x_exti.c ****     
 176:/home/user/Desktop/STM32-Projekte/FH-Vertibot/src/STM32F30x_StdPeriph_Driver/src/stm32f30x_exti.c ****     tmp = (uint32_t)EXTI_BASE;
 177:/home/user/Desktop/STM32-Projekte/FH-Vertibot/src/STM32F30x_StdPeriph_Driver/src/stm32f30x_exti.c **** 
 178:/home/user/Desktop/STM32-Projekte/FH-Vertibot/src/STM32F30x_StdPeriph_Driver/src/stm32f30x_exti.c ****     /* Clear Rising Falling edge configuration */
 179:/home/user/Desktop/STM32-Projekte/FH-Vertibot/src/STM32F30x_StdPeriph_Driver/src/stm32f30x_exti.c ****     *(__IO uint32_t *) (((uint32_t) &(EXTI->RTSR)) + ((EXTI_InitStruct->EXTI_Line) >> 5 ) * 0x20) &
 132              		.loc 1 179 0
 133 008e 0168     		ldr	r1, [r0]
 134 0090 264D     		ldr	r5, .L9+4
 135 0092 21F01F02 		bic	r2, r1, #31
 136 0096 01F01F01 		and	r1, r1, #31
 137 009a 5459     		ldr	r4, [r2, r5]
 138 009c 03FA01F1 		lsl	r1, r3, r1
 139 00a0 24EA0101 		bic	r1, r4, r1
 140 00a4 5151     		str	r1, [r2, r5]
 180:/home/user/Desktop/STM32-Projekte/FH-Vertibot/src/STM32F30x_StdPeriph_Driver/src/stm32f30x_exti.c ****     *(__IO uint32_t *) (((uint32_t) &(EXTI->FTSR)) + ((EXTI_InitStruct->EXTI_Line) >> 5 ) * 0x20) &
 141              		.loc 1 180 0
 142 00a6 0168     		ldr	r1, [r0]
 143 00a8 214C     		ldr	r4, .L9+8
 144 00aa 21F01F02 		bic	r2, r1, #31
 145 00ae 01F01F01 		and	r1, r1, #31
 146 00b2 1659     		ldr	r6, [r2, r4]
 147 00b4 03FA01F1 		lsl	r1, r3, r1
 148 00b8 26EA0101 		bic	r1, r6, r1
 149 00bc 1151     		str	r1, [r2, r4]
 181:/home/user/Desktop/STM32-Projekte/FH-Vertibot/src/STM32F30x_StdPeriph_Driver/src/stm32f30x_exti.c ****     
 182:/home/user/Desktop/STM32-Projekte/FH-Vertibot/src/STM32F30x_StdPeriph_Driver/src/stm32f30x_exti.c ****       /* Select the trigger for the selected interrupts */
 183:/home/user/Desktop/STM32-Projekte/FH-Vertibot/src/STM32F30x_StdPeriph_Driver/src/stm32f30x_exti.c ****     if (EXTI_InitStruct->EXTI_Trigger == EXTI_Trigger_Rising_Falling)
 150              		.loc 1 183 0
 151 00be 4279     		ldrb	r2, [r0, #5]	@ zero_extendqisi2
 152 00c0 0168     		ldr	r1, [r0]
 153 00c2 102A     		cmp	r2, #16
 154 00c4 12D1     		bne	.L6
 184:/home/user/Desktop/STM32-Projekte/FH-Vertibot/src/STM32F30x_StdPeriph_Driver/src/stm32f30x_exti.c ****     {
 185:/home/user/Desktop/STM32-Projekte/FH-Vertibot/src/STM32F30x_StdPeriph_Driver/src/stm32f30x_exti.c ****       /* Rising Falling edge */
 186:/home/user/Desktop/STM32-Projekte/FH-Vertibot/src/STM32F30x_StdPeriph_Driver/src/stm32f30x_exti.c ****     *(__IO uint32_t *) (((uint32_t) &(EXTI->RTSR)) + ((EXTI_InitStruct->EXTI_Line) >> 5 ) * 0x20) |
 155              		.loc 1 186 0
 156 00c6 21F01F02 		bic	r2, r1, #31
 157 00ca 01F01F01 		and	r1, r1, #31
 158 00ce 5659     		ldr	r6, [r2, r5]
 159 00d0 03FA01F1 		lsl	r1, r3, r1
 160 00d4 3143     		orrs	r1, r1, r6
 161 00d6 5151     		str	r1, [r2, r5]
 187:/home/user/Desktop/STM32-Projekte/FH-Vertibot/src/STM32F30x_StdPeriph_Driver/src/stm32f30x_exti.c ****     *(__IO uint32_t *) (((uint32_t) &(EXTI->FTSR)) + ((EXTI_InitStruct->EXTI_Line) >> 5 ) * 0x20) |
 162              		.loc 1 187 0
 163 00d8 0168     		ldr	r1, [r0]
 164 00da 21F01F02 		bic	r2, r1, #31
 165 00de 01F01F01 		and	r1, r1, #31
 166 00e2 1059     		ldr	r0, [r2, r4]
 167              	.LVL4:
 168 00e4 8B40     		lsls	r3, r3, r1
 169 00e6 0343     		orrs	r3, r3, r0
 170 00e8 1351     		str	r3, [r2, r4]
 171 00ea 70BD     		pop	{r4, r5, r6, pc}
 172              	.LVL5:
 173              	.L6:
 188:/home/user/Desktop/STM32-Projekte/FH-Vertibot/src/STM32F30x_StdPeriph_Driver/src/stm32f30x_exti.c ****     }
 189:/home/user/Desktop/STM32-Projekte/FH-Vertibot/src/STM32F30x_StdPeriph_Driver/src/stm32f30x_exti.c ****     else
 190:/home/user/Desktop/STM32-Projekte/FH-Vertibot/src/STM32F30x_StdPeriph_Driver/src/stm32f30x_exti.c ****     {
 191:/home/user/Desktop/STM32-Projekte/FH-Vertibot/src/STM32F30x_StdPeriph_Driver/src/stm32f30x_exti.c ****       tmp += EXTI_InitStruct->EXTI_Trigger + (((EXTI_InitStruct->EXTI_Line) >> 5 ) * 0x20);
 174              		.loc 1 191 0
 175 00ec 02F18042 		add	r2, r2, #1073741824
 176              	.LVL6:
 177 00f0 21F01F00 		bic	r0, r1, #31
 178              	.LVL7:
 179 00f4 02F58232 		add	r2, r2, #66560
 192:/home/user/Desktop/STM32-Projekte/FH-Vertibot/src/STM32F30x_StdPeriph_Driver/src/stm32f30x_exti.c **** 
 193:/home/user/Desktop/STM32-Projekte/FH-Vertibot/src/STM32F30x_StdPeriph_Driver/src/stm32f30x_exti.c ****       *(__IO uint32_t *) tmp |= (uint32_t)(1 << (EXTI_InitStruct->EXTI_Line & 0x1F));
 180              		.loc 1 193 0
 181 00f8 01F01F01 		and	r1, r1, #31
 182              	.LVL8:
 183 00fc 1458     		ldr	r4, [r2, r0]
 184 00fe 8B40     		lsls	r3, r3, r1
 185 0100 2343     		orrs	r3, r3, r4
 186 0102 1350     		str	r3, [r2, r0]
 187              	.LVL9:
 188 0104 70BD     		pop	{r4, r5, r6, pc}
 189              	.LVL10:
 190              	.L5:
 194:/home/user/Desktop/STM32-Projekte/FH-Vertibot/src/STM32F30x_StdPeriph_Driver/src/stm32f30x_exti.c ****     }
 195:/home/user/Desktop/STM32-Projekte/FH-Vertibot/src/STM32F30x_StdPeriph_Driver/src/stm32f30x_exti.c ****   }
 196:/home/user/Desktop/STM32-Projekte/FH-Vertibot/src/STM32F30x_StdPeriph_Driver/src/stm32f30x_exti.c ****       
 197:/home/user/Desktop/STM32-Projekte/FH-Vertibot/src/STM32F30x_StdPeriph_Driver/src/stm32f30x_exti.c ****   else
 198:/home/user/Desktop/STM32-Projekte/FH-Vertibot/src/STM32F30x_StdPeriph_Driver/src/stm32f30x_exti.c ****   {
 199:/home/user/Desktop/STM32-Projekte/FH-Vertibot/src/STM32F30x_StdPeriph_Driver/src/stm32f30x_exti.c ****     tmp += EXTI_InitStruct->EXTI_Mode + (((EXTI_InitStruct->EXTI_Line) >> 5 ) * 0x20);
 191              		.loc 1 199 0
 192 0106 04F18043 		add	r3, r4, #1073741824
 193 010a 22F01F01 		bic	r1, r2, #31
 194 010e 03F58233 		add	r3, r3, #66560
 200:/home/user/Desktop/STM32-Projekte/FH-Vertibot/src/STM32F30x_StdPeriph_Driver/src/stm32f30x_exti.c **** 
 201:/home/user/Desktop/STM32-Projekte/FH-Vertibot/src/STM32F30x_StdPeriph_Driver/src/stm32f30x_exti.c ****     /* Disable the selected external lines */
 202:/home/user/Desktop/STM32-Projekte/FH-Vertibot/src/STM32F30x_StdPeriph_Driver/src/stm32f30x_exti.c ****     *(__IO uint32_t *) tmp &= ~(uint32_t)(1 << (EXTI_InitStruct->EXTI_Line & 0x1F));
 195              		.loc 1 202 0
 196 0112 02F01F02 		and	r2, r2, #31
 197              	.LVL11:
 198 0116 5858     		ldr	r0, [r3, r1]
 199              	.LVL12:
 200 0118 0124     		movs	r4, #1
 201 011a 04FA02F2 		lsl	r2, r4, r2
 202 011e 20EA0202 		bic	r2, r0, r2
 203 0122 5A50     		str	r2, [r3, r1]
 204              	.LVL13:
 205 0124 70BD     		pop	{r4, r5, r6, pc}
 206              	.L10:
 207 0126 00BF     		.align	2
 208              	.L9:
 209 0128 04040140 		.word	1073808388
 210 012c 08040140 		.word	1073808392
 211 0130 0C040140 		.word	1073808396
 212              		.cfi_endproc
 213              	.LFE112:
 215              		.align	1
 216              		.global	EXTI_StructInit
 217              		.thumb
 218              		.thumb_func
 220              	EXTI_StructInit:
 221              	.LFB113:
 203:/home/user/Desktop/STM32-Projekte/FH-Vertibot/src/STM32F30x_StdPeriph_Driver/src/stm32f30x_exti.c ****   }
 204:/home/user/Desktop/STM32-Projekte/FH-Vertibot/src/STM32F30x_StdPeriph_Driver/src/stm32f30x_exti.c ****          
 205:/home/user/Desktop/STM32-Projekte/FH-Vertibot/src/STM32F30x_StdPeriph_Driver/src/stm32f30x_exti.c **** }
 206:/home/user/Desktop/STM32-Projekte/FH-Vertibot/src/STM32F30x_StdPeriph_Driver/src/stm32f30x_exti.c **** 
 207:/home/user/Desktop/STM32-Projekte/FH-Vertibot/src/STM32F30x_StdPeriph_Driver/src/stm32f30x_exti.c **** /**
 208:/home/user/Desktop/STM32-Projekte/FH-Vertibot/src/STM32F30x_StdPeriph_Driver/src/stm32f30x_exti.c ****   * @brief  Fills each EXTI_InitStruct member with its reset value.
 209:/home/user/Desktop/STM32-Projekte/FH-Vertibot/src/STM32F30x_StdPeriph_Driver/src/stm32f30x_exti.c ****   * @param  EXTI_InitStruct: pointer to a EXTI_InitTypeDef structure which will
 210:/home/user/Desktop/STM32-Projekte/FH-Vertibot/src/STM32F30x_StdPeriph_Driver/src/stm32f30x_exti.c ****   *         be initialized.
 211:/home/user/Desktop/STM32-Projekte/FH-Vertibot/src/STM32F30x_StdPeriph_Driver/src/stm32f30x_exti.c ****   * @retval None
 212:/home/user/Desktop/STM32-Projekte/FH-Vertibot/src/STM32F30x_StdPeriph_Driver/src/stm32f30x_exti.c ****   */
 213:/home/user/Desktop/STM32-Projekte/FH-Vertibot/src/STM32F30x_StdPeriph_Driver/src/stm32f30x_exti.c **** void EXTI_StructInit(EXTI_InitTypeDef* EXTI_InitStruct)
 214:/home/user/Desktop/STM32-Projekte/FH-Vertibot/src/STM32F30x_StdPeriph_Driver/src/stm32f30x_exti.c **** {
 222              		.loc 1 214 0
 223              		.cfi_startproc
 224              		@ args = 0, pretend = 0, frame = 0
 225              		@ frame_needed = 0, uses_anonymous_args = 0
 226              		@ link register save eliminated.
 227              	.LVL14:
 215:/home/user/Desktop/STM32-Projekte/FH-Vertibot/src/STM32F30x_StdPeriph_Driver/src/stm32f30x_exti.c ****   EXTI_InitStruct->EXTI_Line = EXTI_LINENONE;
 228              		.loc 1 215 0
 229 0134 0023     		movs	r3, #0
 216:/home/user/Desktop/STM32-Projekte/FH-Vertibot/src/STM32F30x_StdPeriph_Driver/src/stm32f30x_exti.c ****   EXTI_InitStruct->EXTI_Mode = EXTI_Mode_Interrupt;
 217:/home/user/Desktop/STM32-Projekte/FH-Vertibot/src/STM32F30x_StdPeriph_Driver/src/stm32f30x_exti.c ****   EXTI_InitStruct->EXTI_Trigger = EXTI_Trigger_Rising_Falling;
 230              		.loc 1 217 0
 231 0136 1022     		movs	r2, #16
 215:/home/user/Desktop/STM32-Projekte/FH-Vertibot/src/STM32F30x_StdPeriph_Driver/src/stm32f30x_exti.c ****   EXTI_InitStruct->EXTI_Line = EXTI_LINENONE;
 232              		.loc 1 215 0
 233 0138 0360     		str	r3, [r0]
 216:/home/user/Desktop/STM32-Projekte/FH-Vertibot/src/STM32F30x_StdPeriph_Driver/src/stm32f30x_exti.c ****   EXTI_InitStruct->EXTI_Mode = EXTI_Mode_Interrupt;
 234              		.loc 1 216 0
 235 013a 0371     		strb	r3, [r0, #4]
 236              		.loc 1 217 0
 237 013c 4271     		strb	r2, [r0, #5]
 218:/home/user/Desktop/STM32-Projekte/FH-Vertibot/src/STM32F30x_StdPeriph_Driver/src/stm32f30x_exti.c ****   EXTI_InitStruct->EXTI_LineCmd = DISABLE;
 238              		.loc 1 218 0
 239 013e 8371     		strb	r3, [r0, #6]
 240 0140 7047     		bx	lr
 241              		.cfi_endproc
 242              	.LFE113:
 244              		.align	1
 245              		.global	EXTI_GenerateSWInterrupt
 246              		.thumb
 247              		.thumb_func
 249              	EXTI_GenerateSWInterrupt:
 250              	.LFB114:
 219:/home/user/Desktop/STM32-Projekte/FH-Vertibot/src/STM32F30x_StdPeriph_Driver/src/stm32f30x_exti.c **** }
 220:/home/user/Desktop/STM32-Projekte/FH-Vertibot/src/STM32F30x_StdPeriph_Driver/src/stm32f30x_exti.c **** 
 221:/home/user/Desktop/STM32-Projekte/FH-Vertibot/src/STM32F30x_StdPeriph_Driver/src/stm32f30x_exti.c **** /**
 222:/home/user/Desktop/STM32-Projekte/FH-Vertibot/src/STM32F30x_StdPeriph_Driver/src/stm32f30x_exti.c ****   * @brief  Generates a Software interrupt on selected EXTI line.
 223:/home/user/Desktop/STM32-Projekte/FH-Vertibot/src/STM32F30x_StdPeriph_Driver/src/stm32f30x_exti.c ****   * @param  EXTI_Line: specifies the EXTI line on which the software interrupt
 224:/home/user/Desktop/STM32-Projekte/FH-Vertibot/src/STM32F30x_StdPeriph_Driver/src/stm32f30x_exti.c ****   *         will be generated.
 225:/home/user/Desktop/STM32-Projekte/FH-Vertibot/src/STM32F30x_StdPeriph_Driver/src/stm32f30x_exti.c ****   *   This parameter can be any combination of EXTI_Linex where x can be (0..20).
 226:/home/user/Desktop/STM32-Projekte/FH-Vertibot/src/STM32F30x_StdPeriph_Driver/src/stm32f30x_exti.c ****   * @retval None
 227:/home/user/Desktop/STM32-Projekte/FH-Vertibot/src/STM32F30x_StdPeriph_Driver/src/stm32f30x_exti.c ****   */
 228:/home/user/Desktop/STM32-Projekte/FH-Vertibot/src/STM32F30x_StdPeriph_Driver/src/stm32f30x_exti.c **** void EXTI_GenerateSWInterrupt(uint32_t EXTI_Line)
 229:/home/user/Desktop/STM32-Projekte/FH-Vertibot/src/STM32F30x_StdPeriph_Driver/src/stm32f30x_exti.c **** {
 251              		.loc 1 229 0
 252              		.cfi_startproc
 253              		@ args = 0, pretend = 0, frame = 0
 254              		@ frame_needed = 0, uses_anonymous_args = 0
 255              	.LVL15:
 230:/home/user/Desktop/STM32-Projekte/FH-Vertibot/src/STM32F30x_StdPeriph_Driver/src/stm32f30x_exti.c ****   /* Check the parameters */
 231:/home/user/Desktop/STM32-Projekte/FH-Vertibot/src/STM32F30x_StdPeriph_Driver/src/stm32f30x_exti.c ****   assert_param(IS_EXTI_LINE_EXT(EXTI_Line));
 232:/home/user/Desktop/STM32-Projekte/FH-Vertibot/src/STM32F30x_StdPeriph_Driver/src/stm32f30x_exti.c **** 
 233:/home/user/Desktop/STM32-Projekte/FH-Vertibot/src/STM32F30x_StdPeriph_Driver/src/stm32f30x_exti.c ****   *(__IO uint32_t *) (((uint32_t) &(EXTI->SWIER)) + ((EXTI_Line) >> 5 ) * 0x20) |= (uint32_t)(1 << 
 256              		.loc 1 233 0
 257 0142 20F01F02 		bic	r2, r0, #31
 229:/home/user/Desktop/STM32-Projekte/FH-Vertibot/src/STM32F30x_StdPeriph_Driver/src/stm32f30x_exti.c **** {
 258              		.loc 1 229 0
 259 0146 10B5     		push	{r4, lr}
 260              	.LCFI1:
 261              		.cfi_def_cfa_offset 8
 262              		.cfi_offset 4, -8
 263              		.cfi_offset 14, -4
 264              		.loc 1 233 0
 265 0148 044B     		ldr	r3, .L13
 266 014a 00F01F00 		and	r0, r0, #31
 267              	.LVL16:
 268 014e D158     		ldr	r1, [r2, r3]
 269 0150 0124     		movs	r4, #1
 270 0152 04FA00F0 		lsl	r0, r4, r0
 271 0156 0843     		orrs	r0, r0, r1
 272 0158 D050     		str	r0, [r2, r3]
 273 015a 10BD     		pop	{r4, pc}
 274              	.L14:
 275              		.align	2
 276              	.L13:
 277 015c 10040140 		.word	1073808400
 278              		.cfi_endproc
 279              	.LFE114:
 281              		.align	1
 282              		.global	EXTI_GetFlagStatus
 283              		.thumb
 284              		.thumb_func
 286              	EXTI_GetFlagStatus:
 287              	.LFB115:
 234:/home/user/Desktop/STM32-Projekte/FH-Vertibot/src/STM32F30x_StdPeriph_Driver/src/stm32f30x_exti.c **** 
 235:/home/user/Desktop/STM32-Projekte/FH-Vertibot/src/STM32F30x_StdPeriph_Driver/src/stm32f30x_exti.c **** }
 236:/home/user/Desktop/STM32-Projekte/FH-Vertibot/src/STM32F30x_StdPeriph_Driver/src/stm32f30x_exti.c **** 
 237:/home/user/Desktop/STM32-Projekte/FH-Vertibot/src/STM32F30x_StdPeriph_Driver/src/stm32f30x_exti.c **** /**
 238:/home/user/Desktop/STM32-Projekte/FH-Vertibot/src/STM32F30x_StdPeriph_Driver/src/stm32f30x_exti.c ****   * @}
 239:/home/user/Desktop/STM32-Projekte/FH-Vertibot/src/STM32F30x_StdPeriph_Driver/src/stm32f30x_exti.c ****   */
 240:/home/user/Desktop/STM32-Projekte/FH-Vertibot/src/STM32F30x_StdPeriph_Driver/src/stm32f30x_exti.c ****   
 241:/home/user/Desktop/STM32-Projekte/FH-Vertibot/src/STM32F30x_StdPeriph_Driver/src/stm32f30x_exti.c **** /** @defgroup EXTI_Group2 Interrupts and flags management functions
 242:/home/user/Desktop/STM32-Projekte/FH-Vertibot/src/STM32F30x_StdPeriph_Driver/src/stm32f30x_exti.c ****  *  @brief    EXTI Interrupts and flags management functions
 243:/home/user/Desktop/STM32-Projekte/FH-Vertibot/src/STM32F30x_StdPeriph_Driver/src/stm32f30x_exti.c ****  *
 244:/home/user/Desktop/STM32-Projekte/FH-Vertibot/src/STM32F30x_StdPeriph_Driver/src/stm32f30x_exti.c **** @verbatim  
 245:/home/user/Desktop/STM32-Projekte/FH-Vertibot/src/STM32F30x_StdPeriph_Driver/src/stm32f30x_exti.c ****  ===============================================================================
 246:/home/user/Desktop/STM32-Projekte/FH-Vertibot/src/STM32F30x_StdPeriph_Driver/src/stm32f30x_exti.c ****               ##### Interrupts and flags management functions #####
 247:/home/user/Desktop/STM32-Projekte/FH-Vertibot/src/STM32F30x_StdPeriph_Driver/src/stm32f30x_exti.c ****  ===============================================================================
 248:/home/user/Desktop/STM32-Projekte/FH-Vertibot/src/STM32F30x_StdPeriph_Driver/src/stm32f30x_exti.c ****     [..]
 249:/home/user/Desktop/STM32-Projekte/FH-Vertibot/src/STM32F30x_StdPeriph_Driver/src/stm32f30x_exti.c ****     This section provides functions allowing to configure the EXTI Interrupts 
 250:/home/user/Desktop/STM32-Projekte/FH-Vertibot/src/STM32F30x_StdPeriph_Driver/src/stm32f30x_exti.c ****     sources and check or clear the flags or pending bits status.
 251:/home/user/Desktop/STM32-Projekte/FH-Vertibot/src/STM32F30x_StdPeriph_Driver/src/stm32f30x_exti.c ****     
 252:/home/user/Desktop/STM32-Projekte/FH-Vertibot/src/STM32F30x_StdPeriph_Driver/src/stm32f30x_exti.c **** @endverbatim
 253:/home/user/Desktop/STM32-Projekte/FH-Vertibot/src/STM32F30x_StdPeriph_Driver/src/stm32f30x_exti.c ****   * @{
 254:/home/user/Desktop/STM32-Projekte/FH-Vertibot/src/STM32F30x_StdPeriph_Driver/src/stm32f30x_exti.c ****   */
 255:/home/user/Desktop/STM32-Projekte/FH-Vertibot/src/STM32F30x_StdPeriph_Driver/src/stm32f30x_exti.c **** 
 256:/home/user/Desktop/STM32-Projekte/FH-Vertibot/src/STM32F30x_StdPeriph_Driver/src/stm32f30x_exti.c **** /**
 257:/home/user/Desktop/STM32-Projekte/FH-Vertibot/src/STM32F30x_StdPeriph_Driver/src/stm32f30x_exti.c ****   * @brief  Checks whether the specified EXTI line flag is set or not.
 258:/home/user/Desktop/STM32-Projekte/FH-Vertibot/src/STM32F30x_StdPeriph_Driver/src/stm32f30x_exti.c ****   * @param  EXTI_Line: specifies the EXTI line flag to check.
 259:/home/user/Desktop/STM32-Projekte/FH-Vertibot/src/STM32F30x_StdPeriph_Driver/src/stm32f30x_exti.c ****   *   This parameter can be any combination of EXTI_Linex where x can be (0..20).
 260:/home/user/Desktop/STM32-Projekte/FH-Vertibot/src/STM32F30x_StdPeriph_Driver/src/stm32f30x_exti.c ****   * @retval The new state of EXTI_Line (SET or RESET).                  
 261:/home/user/Desktop/STM32-Projekte/FH-Vertibot/src/STM32F30x_StdPeriph_Driver/src/stm32f30x_exti.c ****   */
 262:/home/user/Desktop/STM32-Projekte/FH-Vertibot/src/STM32F30x_StdPeriph_Driver/src/stm32f30x_exti.c **** FlagStatus EXTI_GetFlagStatus(uint32_t EXTI_Line)
 263:/home/user/Desktop/STM32-Projekte/FH-Vertibot/src/STM32F30x_StdPeriph_Driver/src/stm32f30x_exti.c **** {
 288              		.loc 1 263 0
 289              		.cfi_startproc
 290              		@ args = 0, pretend = 0, frame = 0
 291              		@ frame_needed = 0, uses_anonymous_args = 0
 292              		@ link register save eliminated.
 293              	.LVL17:
 264:/home/user/Desktop/STM32-Projekte/FH-Vertibot/src/STM32F30x_StdPeriph_Driver/src/stm32f30x_exti.c ****   FlagStatus bitstatus = RESET;
 265:/home/user/Desktop/STM32-Projekte/FH-Vertibot/src/STM32F30x_StdPeriph_Driver/src/stm32f30x_exti.c ****   
 266:/home/user/Desktop/STM32-Projekte/FH-Vertibot/src/STM32F30x_StdPeriph_Driver/src/stm32f30x_exti.c ****   /* Check the parameters */
 267:/home/user/Desktop/STM32-Projekte/FH-Vertibot/src/STM32F30x_StdPeriph_Driver/src/stm32f30x_exti.c ****   assert_param(IS_GET_EXTI_LINE(EXTI_Line));
 268:/home/user/Desktop/STM32-Projekte/FH-Vertibot/src/STM32F30x_StdPeriph_Driver/src/stm32f30x_exti.c ****    
 269:/home/user/Desktop/STM32-Projekte/FH-Vertibot/src/STM32F30x_StdPeriph_Driver/src/stm32f30x_exti.c ****   if ((*(__IO uint32_t *) (((uint32_t) &(EXTI->PR)) + ((EXTI_Line) >> 5 ) * 0x20)& (uint32_t)(1 << 
 294              		.loc 1 269 0
 295 0160 20F01F02 		bic	r2, r0, #31
 296 0164 054B     		ldr	r3, .L16
 297 0166 00F01F00 		and	r0, r0, #31
 298              	.LVL18:
 299 016a D358     		ldr	r3, [r2, r3]
 300              	.LVL19:
 301 016c 0122     		movs	r2, #1
 302 016e 02FA00F0 		lsl	r0, r2, r0
 303 0172 0342     		tst	r3, r0
 270:/home/user/Desktop/STM32-Projekte/FH-Vertibot/src/STM32F30x_StdPeriph_Driver/src/stm32f30x_exti.c ****   {
 271:/home/user/Desktop/STM32-Projekte/FH-Vertibot/src/STM32F30x_StdPeriph_Driver/src/stm32f30x_exti.c ****     bitstatus = SET;
 272:/home/user/Desktop/STM32-Projekte/FH-Vertibot/src/STM32F30x_StdPeriph_Driver/src/stm32f30x_exti.c ****   }
 273:/home/user/Desktop/STM32-Projekte/FH-Vertibot/src/STM32F30x_StdPeriph_Driver/src/stm32f30x_exti.c ****   else
 274:/home/user/Desktop/STM32-Projekte/FH-Vertibot/src/STM32F30x_StdPeriph_Driver/src/stm32f30x_exti.c ****   {
 275:/home/user/Desktop/STM32-Projekte/FH-Vertibot/src/STM32F30x_StdPeriph_Driver/src/stm32f30x_exti.c ****     bitstatus = RESET;
 276:/home/user/Desktop/STM32-Projekte/FH-Vertibot/src/STM32F30x_StdPeriph_Driver/src/stm32f30x_exti.c ****   }
 277:/home/user/Desktop/STM32-Projekte/FH-Vertibot/src/STM32F30x_StdPeriph_Driver/src/stm32f30x_exti.c ****   return bitstatus;
 278:/home/user/Desktop/STM32-Projekte/FH-Vertibot/src/STM32F30x_StdPeriph_Driver/src/stm32f30x_exti.c **** }
 304              		.loc 1 278 0
 305 0174 0CBF     		ite	eq
 306 0176 0020     		moveq	r0, #0
 307 0178 0120     		movne	r0, #1
 308 017a 7047     		bx	lr
 309              	.L17:
 310              		.align	2
 311              	.L16:
 312 017c 14040140 		.word	1073808404
 313              		.cfi_endproc
 314              	.LFE115:
 316              		.align	1
 317              		.global	EXTI_ClearFlag
 318              		.thumb
 319              		.thumb_func
 321              	EXTI_ClearFlag:
 322              	.LFB116:
 279:/home/user/Desktop/STM32-Projekte/FH-Vertibot/src/STM32F30x_StdPeriph_Driver/src/stm32f30x_exti.c **** 
 280:/home/user/Desktop/STM32-Projekte/FH-Vertibot/src/STM32F30x_StdPeriph_Driver/src/stm32f30x_exti.c **** /**
 281:/home/user/Desktop/STM32-Projekte/FH-Vertibot/src/STM32F30x_StdPeriph_Driver/src/stm32f30x_exti.c ****   * @brief  Clears the EXTI's line pending flags.
 282:/home/user/Desktop/STM32-Projekte/FH-Vertibot/src/STM32F30x_StdPeriph_Driver/src/stm32f30x_exti.c ****   * @param  EXTI_Line: specifies the EXTI lines flags to clear.
 283:/home/user/Desktop/STM32-Projekte/FH-Vertibot/src/STM32F30x_StdPeriph_Driver/src/stm32f30x_exti.c ****   *   This parameter can be any combination of EXTI_Linex where x can be (0..20).
 284:/home/user/Desktop/STM32-Projekte/FH-Vertibot/src/STM32F30x_StdPeriph_Driver/src/stm32f30x_exti.c ****   * @retval None
 285:/home/user/Desktop/STM32-Projekte/FH-Vertibot/src/STM32F30x_StdPeriph_Driver/src/stm32f30x_exti.c ****   */
 286:/home/user/Desktop/STM32-Projekte/FH-Vertibot/src/STM32F30x_StdPeriph_Driver/src/stm32f30x_exti.c **** void EXTI_ClearFlag(uint32_t EXTI_Line)
 287:/home/user/Desktop/STM32-Projekte/FH-Vertibot/src/STM32F30x_StdPeriph_Driver/src/stm32f30x_exti.c **** {
 323              		.loc 1 287 0
 324              		.cfi_startproc
 325              		@ args = 0, pretend = 0, frame = 0
 326              		@ frame_needed = 0, uses_anonymous_args = 0
 327              		@ link register save eliminated.
 328              	.LVL20:
 288:/home/user/Desktop/STM32-Projekte/FH-Vertibot/src/STM32F30x_StdPeriph_Driver/src/stm32f30x_exti.c ****   /* Check the parameters */
 289:/home/user/Desktop/STM32-Projekte/FH-Vertibot/src/STM32F30x_StdPeriph_Driver/src/stm32f30x_exti.c ****   assert_param(IS_EXTI_LINE_EXT(EXTI_Line));
 290:/home/user/Desktop/STM32-Projekte/FH-Vertibot/src/STM32F30x_StdPeriph_Driver/src/stm32f30x_exti.c **** 
 291:/home/user/Desktop/STM32-Projekte/FH-Vertibot/src/STM32F30x_StdPeriph_Driver/src/stm32f30x_exti.c ****   *(__IO uint32_t *) (((uint32_t) &(EXTI->PR)) + ((EXTI_Line) >> 5 ) * 0x20) = (1 << (EXTI_Line & 0
 329              		.loc 1 291 0
 330 0180 20F01F02 		bic	r2, r0, #31
 331 0184 0123     		movs	r3, #1
 332 0186 00F01F00 		and	r0, r0, #31
 333              	.LVL21:
 334 018a 03FA00F0 		lsl	r0, r3, r0
 335 018e 014B     		ldr	r3, .L19
 336 0190 D050     		str	r0, [r2, r3]
 337 0192 7047     		bx	lr
 338              	.L20:
 339              		.align	2
 340              	.L19:
 341 0194 14040140 		.word	1073808404
 342              		.cfi_endproc
 343              	.LFE116:
 345              		.align	1
 346              		.global	EXTI_GetITStatus
 347              		.thumb
 348              		.thumb_func
 350              	EXTI_GetITStatus:
 351              	.LFB117:
 292:/home/user/Desktop/STM32-Projekte/FH-Vertibot/src/STM32F30x_StdPeriph_Driver/src/stm32f30x_exti.c **** }
 293:/home/user/Desktop/STM32-Projekte/FH-Vertibot/src/STM32F30x_StdPeriph_Driver/src/stm32f30x_exti.c **** 
 294:/home/user/Desktop/STM32-Projekte/FH-Vertibot/src/STM32F30x_StdPeriph_Driver/src/stm32f30x_exti.c **** /**
 295:/home/user/Desktop/STM32-Projekte/FH-Vertibot/src/STM32F30x_StdPeriph_Driver/src/stm32f30x_exti.c ****   * @brief  Checks whether the specified EXTI line is asserted or not.
 296:/home/user/Desktop/STM32-Projekte/FH-Vertibot/src/STM32F30x_StdPeriph_Driver/src/stm32f30x_exti.c ****   * @param  EXTI_Line: specifies the EXTI line to check.
 297:/home/user/Desktop/STM32-Projekte/FH-Vertibot/src/STM32F30x_StdPeriph_Driver/src/stm32f30x_exti.c ****   *   This parameter can be any combination of EXTI_Linex where x can be (0..20).
 298:/home/user/Desktop/STM32-Projekte/FH-Vertibot/src/STM32F30x_StdPeriph_Driver/src/stm32f30x_exti.c ****   * @retval The new state of EXTI_Line (SET or RESET).
 299:/home/user/Desktop/STM32-Projekte/FH-Vertibot/src/STM32F30x_StdPeriph_Driver/src/stm32f30x_exti.c ****   */
 300:/home/user/Desktop/STM32-Projekte/FH-Vertibot/src/STM32F30x_StdPeriph_Driver/src/stm32f30x_exti.c **** ITStatus EXTI_GetITStatus(uint32_t EXTI_Line)
 301:/home/user/Desktop/STM32-Projekte/FH-Vertibot/src/STM32F30x_StdPeriph_Driver/src/stm32f30x_exti.c **** {
 352              		.loc 1 301 0
 353              		.cfi_startproc
 354              		@ args = 0, pretend = 0, frame = 0
 355              		@ frame_needed = 0, uses_anonymous_args = 0
 356              		@ link register save eliminated.
 357              	.LVL22:
 302:/home/user/Desktop/STM32-Projekte/FH-Vertibot/src/STM32F30x_StdPeriph_Driver/src/stm32f30x_exti.c ****   ITStatus bitstatus = RESET;
 303:/home/user/Desktop/STM32-Projekte/FH-Vertibot/src/STM32F30x_StdPeriph_Driver/src/stm32f30x_exti.c ****   uint32_t enablestatus = 0;
 304:/home/user/Desktop/STM32-Projekte/FH-Vertibot/src/STM32F30x_StdPeriph_Driver/src/stm32f30x_exti.c ****   
 305:/home/user/Desktop/STM32-Projekte/FH-Vertibot/src/STM32F30x_StdPeriph_Driver/src/stm32f30x_exti.c ****   /* Check the parameters */
 306:/home/user/Desktop/STM32-Projekte/FH-Vertibot/src/STM32F30x_StdPeriph_Driver/src/stm32f30x_exti.c ****   assert_param(IS_GET_EXTI_LINE(EXTI_Line));
 307:/home/user/Desktop/STM32-Projekte/FH-Vertibot/src/STM32F30x_StdPeriph_Driver/src/stm32f30x_exti.c ****   
 308:/home/user/Desktop/STM32-Projekte/FH-Vertibot/src/STM32F30x_StdPeriph_Driver/src/stm32f30x_exti.c ****   enablestatus =  *(__IO uint32_t *) (((uint32_t) &(EXTI->IMR)) + ((EXTI_Line) >> 5 ) * 0x20) & (ui
 358              		.loc 1 308 0
 359 0198 20F01F03 		bic	r3, r0, #31
 360 019c 03F18043 		add	r3, r3, #1073741824
 361 01a0 03F58233 		add	r3, r3, #66560
 362 01a4 00F01F00 		and	r0, r0, #31
 363              	.LVL23:
 364 01a8 0122     		movs	r2, #1
 365 01aa 8240     		lsls	r2, r2, r0
 366 01ac 1968     		ldr	r1, [r3]
 367              	.LVL24:
 309:/home/user/Desktop/STM32-Projekte/FH-Vertibot/src/STM32F30x_StdPeriph_Driver/src/stm32f30x_exti.c ****  
 310:/home/user/Desktop/STM32-Projekte/FH-Vertibot/src/STM32F30x_StdPeriph_Driver/src/stm32f30x_exti.c ****   if ( (((*(__IO uint32_t *) (((uint32_t) &(EXTI->PR)) + (((EXTI_Line) >> 5 ) * 0x20) )) & (uint32_
 368              		.loc 1 310 0
 369 01ae 5869     		ldr	r0, [r3, #20]
 370 01b0 1040     		ands	r0, r0, r2
 371 01b2 03D0     		beq	.L22
 372              		.loc 1 310 0 is_stmt 0 discriminator 1
 373 01b4 1142     		tst	r1, r2
 311:/home/user/Desktop/STM32-Projekte/FH-Vertibot/src/STM32F30x_StdPeriph_Driver/src/stm32f30x_exti.c ****   {
 312:/home/user/Desktop/STM32-Projekte/FH-Vertibot/src/STM32F30x_StdPeriph_Driver/src/stm32f30x_exti.c ****     bitstatus = SET;
 374              		.loc 1 312 0 is_stmt 1 discriminator 1
 375 01b6 0CBF     		ite	eq
 376 01b8 0020     		moveq	r0, #0
 377 01ba 0120     		movne	r0, #1
 378              	.L22:
 379              	.LVL25:
 313:/home/user/Desktop/STM32-Projekte/FH-Vertibot/src/STM32F30x_StdPeriph_Driver/src/stm32f30x_exti.c ****   }
 314:/home/user/Desktop/STM32-Projekte/FH-Vertibot/src/STM32F30x_StdPeriph_Driver/src/stm32f30x_exti.c ****   else
 315:/home/user/Desktop/STM32-Projekte/FH-Vertibot/src/STM32F30x_StdPeriph_Driver/src/stm32f30x_exti.c ****   {
 316:/home/user/Desktop/STM32-Projekte/FH-Vertibot/src/STM32F30x_StdPeriph_Driver/src/stm32f30x_exti.c ****     bitstatus = RESET;
 317:/home/user/Desktop/STM32-Projekte/FH-Vertibot/src/STM32F30x_StdPeriph_Driver/src/stm32f30x_exti.c ****   }
 318:/home/user/Desktop/STM32-Projekte/FH-Vertibot/src/STM32F30x_StdPeriph_Driver/src/stm32f30x_exti.c ****   return bitstatus;
 319:/home/user/Desktop/STM32-Projekte/FH-Vertibot/src/STM32F30x_StdPeriph_Driver/src/stm32f30x_exti.c ****   
 320:/home/user/Desktop/STM32-Projekte/FH-Vertibot/src/STM32F30x_StdPeriph_Driver/src/stm32f30x_exti.c **** }
 380              		.loc 1 320 0
 381 01bc 7047     		bx	lr
 382              		.cfi_endproc
 383              	.LFE117:
 385              		.align	1
 386              		.global	EXTI_ClearITPendingBit
 387              		.thumb
 388              		.thumb_func
 390              	EXTI_ClearITPendingBit:
 391              	.LFB118:
 321:/home/user/Desktop/STM32-Projekte/FH-Vertibot/src/STM32F30x_StdPeriph_Driver/src/stm32f30x_exti.c **** 
 322:/home/user/Desktop/STM32-Projekte/FH-Vertibot/src/STM32F30x_StdPeriph_Driver/src/stm32f30x_exti.c **** /**
 323:/home/user/Desktop/STM32-Projekte/FH-Vertibot/src/STM32F30x_StdPeriph_Driver/src/stm32f30x_exti.c ****   * @brief  Clears the EXTI's line pending bits.
 324:/home/user/Desktop/STM32-Projekte/FH-Vertibot/src/STM32F30x_StdPeriph_Driver/src/stm32f30x_exti.c ****   * @param  EXTI_Line: specifies the EXTI lines to clear.
 325:/home/user/Desktop/STM32-Projekte/FH-Vertibot/src/STM32F30x_StdPeriph_Driver/src/stm32f30x_exti.c ****   *   This parameter can be any combination of EXTI_Linex where x can be (0..20).
 326:/home/user/Desktop/STM32-Projekte/FH-Vertibot/src/STM32F30x_StdPeriph_Driver/src/stm32f30x_exti.c ****   * @retval None
 327:/home/user/Desktop/STM32-Projekte/FH-Vertibot/src/STM32F30x_StdPeriph_Driver/src/stm32f30x_exti.c ****   */
 328:/home/user/Desktop/STM32-Projekte/FH-Vertibot/src/STM32F30x_StdPeriph_Driver/src/stm32f30x_exti.c **** void EXTI_ClearITPendingBit(uint32_t EXTI_Line)
 329:/home/user/Desktop/STM32-Projekte/FH-Vertibot/src/STM32F30x_StdPeriph_Driver/src/stm32f30x_exti.c **** {
 392              		.loc 1 329 0
 393              		.cfi_startproc
 394              		@ args = 0, pretend = 0, frame = 0
 395              		@ frame_needed = 0, uses_anonymous_args = 0
 396              		@ link register save eliminated.
 397              	.LVL26:
 330:/home/user/Desktop/STM32-Projekte/FH-Vertibot/src/STM32F30x_StdPeriph_Driver/src/stm32f30x_exti.c ****   /* Check the parameters */
 331:/home/user/Desktop/STM32-Projekte/FH-Vertibot/src/STM32F30x_StdPeriph_Driver/src/stm32f30x_exti.c ****   assert_param(IS_EXTI_LINE_EXT(EXTI_Line));
 332:/home/user/Desktop/STM32-Projekte/FH-Vertibot/src/STM32F30x_StdPeriph_Driver/src/stm32f30x_exti.c ****   
 333:/home/user/Desktop/STM32-Projekte/FH-Vertibot/src/STM32F30x_StdPeriph_Driver/src/stm32f30x_exti.c ****   *(__IO uint32_t *) (((uint32_t) &(EXTI->PR)) + ((EXTI_Line) >> 5 ) * 0x20) = (1 << (EXTI_Line & 0
 398              		.loc 1 333 0
 399 01be 20F01F02 		bic	r2, r0, #31
 400 01c2 0123     		movs	r3, #1
 401 01c4 00F01F00 		and	r0, r0, #31
 402              	.LVL27:
 403 01c8 03FA00F0 		lsl	r0, r3, r0
 404 01cc 014B     		ldr	r3, .L25
 405 01ce D050     		str	r0, [r2, r3]
 406 01d0 7047     		bx	lr
 407              	.L26:
 408 01d2 00BF     		.align	2
 409              	.L25:
 410 01d4 14040140 		.word	1073808404
 411              		.cfi_endproc
 412              	.LFE118:
 414              	.Letext0:
 415              		.file 2 "/home/user/gcc-arm-none-eabi-4_8-2013q4/arm-none-eabi/include/stdint.h"
 416              		.file 3 "/home/user/Desktop/STM32-Projekte/FH-Vertibot/src/CMSIS/Device/ST/STM32F30x/Include/stm32
 417              		.file 4 "/home/user/Desktop/STM32-Projekte/FH-Vertibot/src/STM32F30x_StdPeriph_Driver/inc/stm32f30
 418              		.file 5 "/home/user/Desktop/STM32-Projekte/FH-Vertibot/src/CMSIS/Include/core_cm4.h"
DEFINED SYMBOLS
                            *ABS*:00000000 stm32f30x_exti.c
     /tmp/ccUwJlqt.s:20     .text:00000000 $t
     /tmp/ccUwJlqt.s:25     .text:00000000 EXTI_DeInit
     /tmp/ccUwJlqt.s:68     .text:0000002c $d
     /tmp/ccUwJlqt.s:72     .text:00000030 $t
     /tmp/ccUwJlqt.s:77     .text:00000030 EXTI_Init
     /tmp/ccUwJlqt.s:209    .text:00000128 $d
     /tmp/ccUwJlqt.s:215    .text:00000134 $t
     /tmp/ccUwJlqt.s:220    .text:00000134 EXTI_StructInit
     /tmp/ccUwJlqt.s:249    .text:00000142 EXTI_GenerateSWInterrupt
     /tmp/ccUwJlqt.s:277    .text:0000015c $d
     /tmp/ccUwJlqt.s:281    .text:00000160 $t
     /tmp/ccUwJlqt.s:286    .text:00000160 EXTI_GetFlagStatus
     /tmp/ccUwJlqt.s:312    .text:0000017c $d
     /tmp/ccUwJlqt.s:316    .text:00000180 $t
     /tmp/ccUwJlqt.s:321    .text:00000180 EXTI_ClearFlag
     /tmp/ccUwJlqt.s:341    .text:00000194 $d
     /tmp/ccUwJlqt.s:345    .text:00000198 $t
     /tmp/ccUwJlqt.s:350    .text:00000198 EXTI_GetITStatus
     /tmp/ccUwJlqt.s:390    .text:000001be EXTI_ClearITPendingBit
     /tmp/ccUwJlqt.s:410    .text:000001d4 $d
                     .debug_frame:00000010 $d
                           .group:00000000 wm4.1.e41257821655b1beb88e1ee583b76eae
                           .group:00000000 wm4.stm32f30x.h.54.c7b24f715ee55ef38656f44540ae3be6
                           .group:00000000 wm4.core_cm4.h.32.1434cd257ff5806b1b03cd32ab0641e9
                           .group:00000000 wm4.newlib.h.8.384a112feabb3bef7b573ae48cde2e3b
                           .group:00000000 wm4.features.h.22.6a4ca7cd053637cc1d0db6c16f39b2d7
                           .group:00000000 wm4.config.h.212.4163ef2871a828c674038d036b081cfd
                           .group:00000000 wm4._ansi.h.23.5644b60c990a4800b02a6e654e88f93a
                           .group:00000000 wm4.stdint.h.20.54ad762faa59e3c05491630641c8d8bf
                           .group:00000000 wm4.core_cmInstr.h.25.d8165482ef3061013a2fc83e2d85f3d9
                           .group:00000000 wm4.core_cm4_simd.h.29.013e5bcf58dba2d27c60184174208e07
                           .group:00000000 wm4.core_cm4.h.155.cf7c793e178943e1bbf613f1b21cd51a
                           .group:00000000 wm4.stm32f30x.h.292.5f9271075d54fc48f1e25ff79df85cb2
                           .group:00000000 wm4.stm32f30x_adc.h.130.cbebad91f78fb87381fe0860eea6104e
                           .group:00000000 wm4.stm32f30x_comp.h.31.9bbc5f5f1a849069ea9062fbe7b81435
                           .group:00000000 wm4.stm32f30x_dma.h.31.73d173fa6d60026d432f3cf1d2fc4407
                           .group:00000000 wm4.stm32f30x_flash.h.31.bee86dc3079b7049419bdbeec073e2cd
                           .group:00000000 wm4.stm32f30x_gpio.h.31.3745297fee3728b346ad4d2a2467e40f
                           .group:00000000 wm4.stm32f30x_syscfg.h.31.96b023b7dbc3641f358604478433eb5c
                           .group:00000000 wm4.stm32f30x_i2c.h.31.52025acd7f154308042bf46a2835e9d3
                           .group:00000000 wm4.stm32f30x_pwr.h.31.cdef322c6e7f25cfc29954045d24e9b8
                           .group:00000000 wm4.stm32f30x_rcc.h.31.3b94c1144b21d1e4fe780e4d1a02d257
                           .group:00000000 wm4.stm32f30x_spi.h.31.c1ebebab897d23cecc617ec8ad9fd534
                           .group:00000000 wm4.stm32f30x_tim.h.31.336f9cd855fb4e2cd819ac260ded6518
                           .group:00000000 wm4.stm32f30x_usart.h.31.cd85313e29c0a128555b4a7b8ec0f487
                           .group:00000000 wm4.stm32f30x_misc.h.31.f08b0e9f53f0471613b5131bb95f8725
                           .group:00000000 wm4.stm32f30x.h.6173.8b641ba1d9b0040eda9120fe8a414b2d
                           .group:00000000 wm4.stm32f30x_exti.h.60.8ca0809491a21dec6fc69cf7471e2bab

NO UNDEFINED SYMBOLS
