   1              		.syntax unified
   2              		.cpu cortex-m3
   3              		.fpu softvfp
   4              		.eabi_attribute 20, 1
   5              		.eabi_attribute 21, 1
   6              		.eabi_attribute 23, 3
   7              		.eabi_attribute 24, 1
   8              		.eabi_attribute 25, 1
   9              		.eabi_attribute 26, 1
  10              		.eabi_attribute 30, 4
  11              		.eabi_attribute 34, 1
  12              		.eabi_attribute 18, 4
  13              		.thumb
  14              		.file	"stm32f30x_syscfg.c"
  15              		.text
  16              	.Ltext0:
  17              		.cfi_sections	.debug_frame
  18              		.align	1
  19              		.global	SYSCFG_DeInit
  20              		.thumb
  21              		.thumb_func
  23              	SYSCFG_DeInit:
  24              	.LFB111:
  25              		.file 1 "/home/user/Desktop/STM32-Projekte/FH-Vertibot/src/STM32F30x_StdPeriph_Driver/src/stm32f30
   1:/home/user/Desktop/STM32-Projekte/FH-Vertibot/src/STM32F30x_StdPeriph_Driver/src/stm32f30x_syscfg.c **** /**
   2:/home/user/Desktop/STM32-Projekte/FH-Vertibot/src/STM32F30x_StdPeriph_Driver/src/stm32f30x_syscfg.c ****   ******************************************************************************
   3:/home/user/Desktop/STM32-Projekte/FH-Vertibot/src/STM32F30x_StdPeriph_Driver/src/stm32f30x_syscfg.c ****   * @file    stm32f30x_syscfg.c
   4:/home/user/Desktop/STM32-Projekte/FH-Vertibot/src/STM32F30x_StdPeriph_Driver/src/stm32f30x_syscfg.c ****   * @author  MCD Application Team
   5:/home/user/Desktop/STM32-Projekte/FH-Vertibot/src/STM32F30x_StdPeriph_Driver/src/stm32f30x_syscfg.c ****   * @version V1.0.1
   6:/home/user/Desktop/STM32-Projekte/FH-Vertibot/src/STM32F30x_StdPeriph_Driver/src/stm32f30x_syscfg.c ****   * @date    23-October-2012
   7:/home/user/Desktop/STM32-Projekte/FH-Vertibot/src/STM32F30x_StdPeriph_Driver/src/stm32f30x_syscfg.c ****   * @brief   This file provides firmware functions to manage the following 
   8:/home/user/Desktop/STM32-Projekte/FH-Vertibot/src/STM32F30x_StdPeriph_Driver/src/stm32f30x_syscfg.c ****   *          functionalities of the SYSCFG peripheral:
   9:/home/user/Desktop/STM32-Projekte/FH-Vertibot/src/STM32F30x_StdPeriph_Driver/src/stm32f30x_syscfg.c ****   *           + Remapping the memory mapped at 0x00000000  
  10:/home/user/Desktop/STM32-Projekte/FH-Vertibot/src/STM32F30x_StdPeriph_Driver/src/stm32f30x_syscfg.c ****   *           + Remapping the DMA channels
  11:/home/user/Desktop/STM32-Projekte/FH-Vertibot/src/STM32F30x_StdPeriph_Driver/src/stm32f30x_syscfg.c ****   *           + Enabling I2C fast mode plus driving capability for I2C plus
  12:/home/user/Desktop/STM32-Projekte/FH-Vertibot/src/STM32F30x_StdPeriph_Driver/src/stm32f30x_syscfg.c ****   *           + Remapping USB interrupt line    
  13:/home/user/Desktop/STM32-Projekte/FH-Vertibot/src/STM32F30x_StdPeriph_Driver/src/stm32f30x_syscfg.c ****   *           + Configuring the EXTI lines connection to the GPIO port
  14:/home/user/Desktop/STM32-Projekte/FH-Vertibot/src/STM32F30x_StdPeriph_Driver/src/stm32f30x_syscfg.c ****   *           + Configuring the CLASSB requirements
  15:/home/user/Desktop/STM32-Projekte/FH-Vertibot/src/STM32F30x_StdPeriph_Driver/src/stm32f30x_syscfg.c ****   *   
  16:/home/user/Desktop/STM32-Projekte/FH-Vertibot/src/STM32F30x_StdPeriph_Driver/src/stm32f30x_syscfg.c ****   @verbatim
  17:/home/user/Desktop/STM32-Projekte/FH-Vertibot/src/STM32F30x_StdPeriph_Driver/src/stm32f30x_syscfg.c ****   
  18:/home/user/Desktop/STM32-Projekte/FH-Vertibot/src/STM32F30x_StdPeriph_Driver/src/stm32f30x_syscfg.c ****  ===============================================================================
  19:/home/user/Desktop/STM32-Projekte/FH-Vertibot/src/STM32F30x_StdPeriph_Driver/src/stm32f30x_syscfg.c ****                       ##### How to use this driver #####
  20:/home/user/Desktop/STM32-Projekte/FH-Vertibot/src/STM32F30x_StdPeriph_Driver/src/stm32f30x_syscfg.c ****  ===============================================================================
  21:/home/user/Desktop/STM32-Projekte/FH-Vertibot/src/STM32F30x_StdPeriph_Driver/src/stm32f30x_syscfg.c ****     [..] The SYSCFG registers can be accessed only when the SYSCFG 
  22:/home/user/Desktop/STM32-Projekte/FH-Vertibot/src/STM32F30x_StdPeriph_Driver/src/stm32f30x_syscfg.c ****          interface APB clock is enabled.
  23:/home/user/Desktop/STM32-Projekte/FH-Vertibot/src/STM32F30x_StdPeriph_Driver/src/stm32f30x_syscfg.c ****     [..] To enable SYSCFG APB clock use:
  24:/home/user/Desktop/STM32-Projekte/FH-Vertibot/src/STM32F30x_StdPeriph_Driver/src/stm32f30x_syscfg.c ****          RCC_APBPeriphClockCmd(RCC_APBPeriph_SYSCFG, ENABLE);
  25:/home/user/Desktop/STM32-Projekte/FH-Vertibot/src/STM32F30x_StdPeriph_Driver/src/stm32f30x_syscfg.c ****   
  26:/home/user/Desktop/STM32-Projekte/FH-Vertibot/src/STM32F30x_StdPeriph_Driver/src/stm32f30x_syscfg.c ****   @endverbatim
  27:/home/user/Desktop/STM32-Projekte/FH-Vertibot/src/STM32F30x_StdPeriph_Driver/src/stm32f30x_syscfg.c ****   
  28:/home/user/Desktop/STM32-Projekte/FH-Vertibot/src/STM32F30x_StdPeriph_Driver/src/stm32f30x_syscfg.c ****   ******************************************************************************
  29:/home/user/Desktop/STM32-Projekte/FH-Vertibot/src/STM32F30x_StdPeriph_Driver/src/stm32f30x_syscfg.c ****   * @attention
  30:/home/user/Desktop/STM32-Projekte/FH-Vertibot/src/STM32F30x_StdPeriph_Driver/src/stm32f30x_syscfg.c ****   *
  31:/home/user/Desktop/STM32-Projekte/FH-Vertibot/src/STM32F30x_StdPeriph_Driver/src/stm32f30x_syscfg.c ****   * <h2><center>&copy; COPYRIGHT 2012 STMicroelectronics</center></h2>
  32:/home/user/Desktop/STM32-Projekte/FH-Vertibot/src/STM32F30x_StdPeriph_Driver/src/stm32f30x_syscfg.c ****   *
  33:/home/user/Desktop/STM32-Projekte/FH-Vertibot/src/STM32F30x_StdPeriph_Driver/src/stm32f30x_syscfg.c ****   * Licensed under MCD-ST Liberty SW License Agreement V2, (the "License");
  34:/home/user/Desktop/STM32-Projekte/FH-Vertibot/src/STM32F30x_StdPeriph_Driver/src/stm32f30x_syscfg.c ****   * You may not use this file except in compliance with the License.
  35:/home/user/Desktop/STM32-Projekte/FH-Vertibot/src/STM32F30x_StdPeriph_Driver/src/stm32f30x_syscfg.c ****   * You may obtain a copy of the License at:
  36:/home/user/Desktop/STM32-Projekte/FH-Vertibot/src/STM32F30x_StdPeriph_Driver/src/stm32f30x_syscfg.c ****   *
  37:/home/user/Desktop/STM32-Projekte/FH-Vertibot/src/STM32F30x_StdPeriph_Driver/src/stm32f30x_syscfg.c ****   *        http://www.st.com/software_license_agreement_liberty_v2
  38:/home/user/Desktop/STM32-Projekte/FH-Vertibot/src/STM32F30x_StdPeriph_Driver/src/stm32f30x_syscfg.c ****   *
  39:/home/user/Desktop/STM32-Projekte/FH-Vertibot/src/STM32F30x_StdPeriph_Driver/src/stm32f30x_syscfg.c ****   * Unless required by applicable law or agreed to in writing, software 
  40:/home/user/Desktop/STM32-Projekte/FH-Vertibot/src/STM32F30x_StdPeriph_Driver/src/stm32f30x_syscfg.c ****   * distributed under the License is distributed on an "AS IS" BASIS, 
  41:/home/user/Desktop/STM32-Projekte/FH-Vertibot/src/STM32F30x_StdPeriph_Driver/src/stm32f30x_syscfg.c ****   * WITHOUT WARRANTIES OR CONDITIONS OF ANY KIND, either express or implied.
  42:/home/user/Desktop/STM32-Projekte/FH-Vertibot/src/STM32F30x_StdPeriph_Driver/src/stm32f30x_syscfg.c ****   * See the License for the specific language governing permissions and
  43:/home/user/Desktop/STM32-Projekte/FH-Vertibot/src/STM32F30x_StdPeriph_Driver/src/stm32f30x_syscfg.c ****   * limitations under the License.
  44:/home/user/Desktop/STM32-Projekte/FH-Vertibot/src/STM32F30x_StdPeriph_Driver/src/stm32f30x_syscfg.c ****   *
  45:/home/user/Desktop/STM32-Projekte/FH-Vertibot/src/STM32F30x_StdPeriph_Driver/src/stm32f30x_syscfg.c ****   ******************************************************************************
  46:/home/user/Desktop/STM32-Projekte/FH-Vertibot/src/STM32F30x_StdPeriph_Driver/src/stm32f30x_syscfg.c ****   */
  47:/home/user/Desktop/STM32-Projekte/FH-Vertibot/src/STM32F30x_StdPeriph_Driver/src/stm32f30x_syscfg.c **** 
  48:/home/user/Desktop/STM32-Projekte/FH-Vertibot/src/STM32F30x_StdPeriph_Driver/src/stm32f30x_syscfg.c **** /* Includes ------------------------------------------------------------------*/
  49:/home/user/Desktop/STM32-Projekte/FH-Vertibot/src/STM32F30x_StdPeriph_Driver/src/stm32f30x_syscfg.c **** #include "stm32f30x_syscfg.h"
  50:/home/user/Desktop/STM32-Projekte/FH-Vertibot/src/STM32F30x_StdPeriph_Driver/src/stm32f30x_syscfg.c **** 
  51:/home/user/Desktop/STM32-Projekte/FH-Vertibot/src/STM32F30x_StdPeriph_Driver/src/stm32f30x_syscfg.c **** /** @addtogroup STM32F30x_StdPeriph_Driver
  52:/home/user/Desktop/STM32-Projekte/FH-Vertibot/src/STM32F30x_StdPeriph_Driver/src/stm32f30x_syscfg.c ****   * @{
  53:/home/user/Desktop/STM32-Projekte/FH-Vertibot/src/STM32F30x_StdPeriph_Driver/src/stm32f30x_syscfg.c ****   */
  54:/home/user/Desktop/STM32-Projekte/FH-Vertibot/src/STM32F30x_StdPeriph_Driver/src/stm32f30x_syscfg.c **** 
  55:/home/user/Desktop/STM32-Projekte/FH-Vertibot/src/STM32F30x_StdPeriph_Driver/src/stm32f30x_syscfg.c **** /** @defgroup SYSCFG 
  56:/home/user/Desktop/STM32-Projekte/FH-Vertibot/src/STM32F30x_StdPeriph_Driver/src/stm32f30x_syscfg.c ****   * @brief SYSCFG driver modules
  57:/home/user/Desktop/STM32-Projekte/FH-Vertibot/src/STM32F30x_StdPeriph_Driver/src/stm32f30x_syscfg.c ****   * @{
  58:/home/user/Desktop/STM32-Projekte/FH-Vertibot/src/STM32F30x_StdPeriph_Driver/src/stm32f30x_syscfg.c ****   */ 
  59:/home/user/Desktop/STM32-Projekte/FH-Vertibot/src/STM32F30x_StdPeriph_Driver/src/stm32f30x_syscfg.c **** 
  60:/home/user/Desktop/STM32-Projekte/FH-Vertibot/src/STM32F30x_StdPeriph_Driver/src/stm32f30x_syscfg.c **** /* Private typedef -----------------------------------------------------------*/
  61:/home/user/Desktop/STM32-Projekte/FH-Vertibot/src/STM32F30x_StdPeriph_Driver/src/stm32f30x_syscfg.c **** /* Private define ------------------------------------------------------------*/
  62:/home/user/Desktop/STM32-Projekte/FH-Vertibot/src/STM32F30x_StdPeriph_Driver/src/stm32f30x_syscfg.c **** /* Reset value od SYSCFG_CFGR1 register */
  63:/home/user/Desktop/STM32-Projekte/FH-Vertibot/src/STM32F30x_StdPeriph_Driver/src/stm32f30x_syscfg.c **** #define CFGR1_CLEAR_MASK            ((uint32_t)0x7C000000)
  64:/home/user/Desktop/STM32-Projekte/FH-Vertibot/src/STM32F30x_StdPeriph_Driver/src/stm32f30x_syscfg.c **** 
  65:/home/user/Desktop/STM32-Projekte/FH-Vertibot/src/STM32F30x_StdPeriph_Driver/src/stm32f30x_syscfg.c **** /* ------------ SYSCFG registers bit address in the alias region -------------*/
  66:/home/user/Desktop/STM32-Projekte/FH-Vertibot/src/STM32F30x_StdPeriph_Driver/src/stm32f30x_syscfg.c **** #define SYSCFG_OFFSET                (SYSCFG_BASE - PERIPH_BASE)
  67:/home/user/Desktop/STM32-Projekte/FH-Vertibot/src/STM32F30x_StdPeriph_Driver/src/stm32f30x_syscfg.c **** 
  68:/home/user/Desktop/STM32-Projekte/FH-Vertibot/src/STM32F30x_StdPeriph_Driver/src/stm32f30x_syscfg.c **** /* --- CFGR1 Register ---*/
  69:/home/user/Desktop/STM32-Projekte/FH-Vertibot/src/STM32F30x_StdPeriph_Driver/src/stm32f30x_syscfg.c **** /* Alias word address of USB_IT_RMP bit */
  70:/home/user/Desktop/STM32-Projekte/FH-Vertibot/src/STM32F30x_StdPeriph_Driver/src/stm32f30x_syscfg.c **** #define CFGR1_OFFSET                 (SYSCFG_OFFSET + 0x00)
  71:/home/user/Desktop/STM32-Projekte/FH-Vertibot/src/STM32F30x_StdPeriph_Driver/src/stm32f30x_syscfg.c **** #define USBITRMP_BitNumber            0x05
  72:/home/user/Desktop/STM32-Projekte/FH-Vertibot/src/STM32F30x_StdPeriph_Driver/src/stm32f30x_syscfg.c **** #define CFGR1_USBITRMP_BB            (PERIPH_BB_BASE + (CFGR1_OFFSET * 32) + (USBITRMP_BitNumber * 
  73:/home/user/Desktop/STM32-Projekte/FH-Vertibot/src/STM32F30x_StdPeriph_Driver/src/stm32f30x_syscfg.c **** 
  74:/home/user/Desktop/STM32-Projekte/FH-Vertibot/src/STM32F30x_StdPeriph_Driver/src/stm32f30x_syscfg.c **** /* --- CFGR2 Register ---*/
  75:/home/user/Desktop/STM32-Projekte/FH-Vertibot/src/STM32F30x_StdPeriph_Driver/src/stm32f30x_syscfg.c **** /* Alias word address of BYP_ADDR_PAR bit */
  76:/home/user/Desktop/STM32-Projekte/FH-Vertibot/src/STM32F30x_StdPeriph_Driver/src/stm32f30x_syscfg.c **** #define CFGR2_OFFSET                 (SYSCFG_OFFSET + 0x18)
  77:/home/user/Desktop/STM32-Projekte/FH-Vertibot/src/STM32F30x_StdPeriph_Driver/src/stm32f30x_syscfg.c **** #define BYPADDRPAR_BitNumber          0x04
  78:/home/user/Desktop/STM32-Projekte/FH-Vertibot/src/STM32F30x_StdPeriph_Driver/src/stm32f30x_syscfg.c **** #define CFGR1_BYPADDRPAR_BB          (PERIPH_BB_BASE + (CFGR2_OFFSET * 32) + (BYPADDRPAR_BitNumber 
  79:/home/user/Desktop/STM32-Projekte/FH-Vertibot/src/STM32F30x_StdPeriph_Driver/src/stm32f30x_syscfg.c **** 
  80:/home/user/Desktop/STM32-Projekte/FH-Vertibot/src/STM32F30x_StdPeriph_Driver/src/stm32f30x_syscfg.c **** /* Private macro -------------------------------------------------------------*/
  81:/home/user/Desktop/STM32-Projekte/FH-Vertibot/src/STM32F30x_StdPeriph_Driver/src/stm32f30x_syscfg.c **** /* Private variables ---------------------------------------------------------*/
  82:/home/user/Desktop/STM32-Projekte/FH-Vertibot/src/STM32F30x_StdPeriph_Driver/src/stm32f30x_syscfg.c **** /* Private function prototypes -----------------------------------------------*/
  83:/home/user/Desktop/STM32-Projekte/FH-Vertibot/src/STM32F30x_StdPeriph_Driver/src/stm32f30x_syscfg.c **** /* Private functions ---------------------------------------------------------*/
  84:/home/user/Desktop/STM32-Projekte/FH-Vertibot/src/STM32F30x_StdPeriph_Driver/src/stm32f30x_syscfg.c **** 
  85:/home/user/Desktop/STM32-Projekte/FH-Vertibot/src/STM32F30x_StdPeriph_Driver/src/stm32f30x_syscfg.c **** /** @defgroup SYSCFG_Private_Functions
  86:/home/user/Desktop/STM32-Projekte/FH-Vertibot/src/STM32F30x_StdPeriph_Driver/src/stm32f30x_syscfg.c ****   * @{
  87:/home/user/Desktop/STM32-Projekte/FH-Vertibot/src/STM32F30x_StdPeriph_Driver/src/stm32f30x_syscfg.c ****   */ 
  88:/home/user/Desktop/STM32-Projekte/FH-Vertibot/src/STM32F30x_StdPeriph_Driver/src/stm32f30x_syscfg.c **** 
  89:/home/user/Desktop/STM32-Projekte/FH-Vertibot/src/STM32F30x_StdPeriph_Driver/src/stm32f30x_syscfg.c **** /** @defgroup SYSCFG_Group1 SYSCFG Initialization and Configuration functions
  90:/home/user/Desktop/STM32-Projekte/FH-Vertibot/src/STM32F30x_StdPeriph_Driver/src/stm32f30x_syscfg.c ****  *  @brief   SYSCFG Initialization and Configuration functions 
  91:/home/user/Desktop/STM32-Projekte/FH-Vertibot/src/STM32F30x_StdPeriph_Driver/src/stm32f30x_syscfg.c ****  *
  92:/home/user/Desktop/STM32-Projekte/FH-Vertibot/src/STM32F30x_StdPeriph_Driver/src/stm32f30x_syscfg.c **** @verbatim
  93:/home/user/Desktop/STM32-Projekte/FH-Vertibot/src/STM32F30x_StdPeriph_Driver/src/stm32f30x_syscfg.c ****  ===============================================================================
  94:/home/user/Desktop/STM32-Projekte/FH-Vertibot/src/STM32F30x_StdPeriph_Driver/src/stm32f30x_syscfg.c ****          ##### SYSCFG Initialization and Configuration functions #####
  95:/home/user/Desktop/STM32-Projekte/FH-Vertibot/src/STM32F30x_StdPeriph_Driver/src/stm32f30x_syscfg.c ****  ===============================================================================
  96:/home/user/Desktop/STM32-Projekte/FH-Vertibot/src/STM32F30x_StdPeriph_Driver/src/stm32f30x_syscfg.c **** 
  97:/home/user/Desktop/STM32-Projekte/FH-Vertibot/src/STM32F30x_StdPeriph_Driver/src/stm32f30x_syscfg.c **** @endverbatim
  98:/home/user/Desktop/STM32-Projekte/FH-Vertibot/src/STM32F30x_StdPeriph_Driver/src/stm32f30x_syscfg.c ****   * @{
  99:/home/user/Desktop/STM32-Projekte/FH-Vertibot/src/STM32F30x_StdPeriph_Driver/src/stm32f30x_syscfg.c ****   */
 100:/home/user/Desktop/STM32-Projekte/FH-Vertibot/src/STM32F30x_StdPeriph_Driver/src/stm32f30x_syscfg.c **** 
 101:/home/user/Desktop/STM32-Projekte/FH-Vertibot/src/STM32F30x_StdPeriph_Driver/src/stm32f30x_syscfg.c **** /**
 102:/home/user/Desktop/STM32-Projekte/FH-Vertibot/src/STM32F30x_StdPeriph_Driver/src/stm32f30x_syscfg.c ****   * @brief  Deinitializes the SYSCFG registers to their default reset values.
 103:/home/user/Desktop/STM32-Projekte/FH-Vertibot/src/STM32F30x_StdPeriph_Driver/src/stm32f30x_syscfg.c ****   * @param  None
 104:/home/user/Desktop/STM32-Projekte/FH-Vertibot/src/STM32F30x_StdPeriph_Driver/src/stm32f30x_syscfg.c ****   * @retval None
 105:/home/user/Desktop/STM32-Projekte/FH-Vertibot/src/STM32F30x_StdPeriph_Driver/src/stm32f30x_syscfg.c ****   * @note   MEM_MODE bits are not affected by APB reset.
 106:/home/user/Desktop/STM32-Projekte/FH-Vertibot/src/STM32F30x_StdPeriph_Driver/src/stm32f30x_syscfg.c ****   *         MEM_MODE bits took the value from the user option bytes.
 107:/home/user/Desktop/STM32-Projekte/FH-Vertibot/src/STM32F30x_StdPeriph_Driver/src/stm32f30x_syscfg.c ****   */
 108:/home/user/Desktop/STM32-Projekte/FH-Vertibot/src/STM32F30x_StdPeriph_Driver/src/stm32f30x_syscfg.c **** void SYSCFG_DeInit(void)
 109:/home/user/Desktop/STM32-Projekte/FH-Vertibot/src/STM32F30x_StdPeriph_Driver/src/stm32f30x_syscfg.c **** {
  26              		.loc 1 109 0
  27              		.cfi_startproc
  28              		@ args = 0, pretend = 0, frame = 0
  29              		@ frame_needed = 0, uses_anonymous_args = 0
  30              		@ link register save eliminated.
 110:/home/user/Desktop/STM32-Projekte/FH-Vertibot/src/STM32F30x_StdPeriph_Driver/src/stm32f30x_syscfg.c ****   /* Reset SYSCFG_CFGR1 register to reset value without affecting MEM_MODE bits */
 111:/home/user/Desktop/STM32-Projekte/FH-Vertibot/src/STM32F30x_StdPeriph_Driver/src/stm32f30x_syscfg.c ****   SYSCFG->CFGR1 &= SYSCFG_CFGR1_MEM_MODE;
  31              		.loc 1 111 0
  32 0000 084B     		ldr	r3, .L2
  33 0002 1A68     		ldr	r2, [r3, #0]
  34 0004 02F00302 		and	r2, r2, #3
  35 0008 1A60     		str	r2, [r3, #0]
 112:/home/user/Desktop/STM32-Projekte/FH-Vertibot/src/STM32F30x_StdPeriph_Driver/src/stm32f30x_syscfg.c ****   /* Set FPU Interrupt Enable bits to default value */
 113:/home/user/Desktop/STM32-Projekte/FH-Vertibot/src/STM32F30x_StdPeriph_Driver/src/stm32f30x_syscfg.c ****   SYSCFG->CFGR1 |= 0x7C000000;
  36              		.loc 1 113 0
  37 000a 1A68     		ldr	r2, [r3, #0]
  38 000c 42F0F842 		orr	r2, r2, #2080374784
  39 0010 1A60     		str	r2, [r3, #0]
 114:/home/user/Desktop/STM32-Projekte/FH-Vertibot/src/STM32F30x_StdPeriph_Driver/src/stm32f30x_syscfg.c ****   /* Reset RAM Write protection bits to default value */
 115:/home/user/Desktop/STM32-Projekte/FH-Vertibot/src/STM32F30x_StdPeriph_Driver/src/stm32f30x_syscfg.c ****   SYSCFG->RCR = 0x00000000;
  40              		.loc 1 115 0
  41 0012 0022     		movs	r2, #0
  42 0014 5A60     		str	r2, [r3, #4]
 116:/home/user/Desktop/STM32-Projekte/FH-Vertibot/src/STM32F30x_StdPeriph_Driver/src/stm32f30x_syscfg.c ****   /* Set EXTICRx registers to reset value */
 117:/home/user/Desktop/STM32-Projekte/FH-Vertibot/src/STM32F30x_StdPeriph_Driver/src/stm32f30x_syscfg.c ****   SYSCFG->EXTICR[0] = 0;
  43              		.loc 1 117 0
  44 0016 9A60     		str	r2, [r3, #8]
 118:/home/user/Desktop/STM32-Projekte/FH-Vertibot/src/STM32F30x_StdPeriph_Driver/src/stm32f30x_syscfg.c ****   SYSCFG->EXTICR[1] = 0;
  45              		.loc 1 118 0
  46 0018 DA60     		str	r2, [r3, #12]
 119:/home/user/Desktop/STM32-Projekte/FH-Vertibot/src/STM32F30x_StdPeriph_Driver/src/stm32f30x_syscfg.c ****   SYSCFG->EXTICR[2] = 0;
  47              		.loc 1 119 0
  48 001a 1A61     		str	r2, [r3, #16]
 120:/home/user/Desktop/STM32-Projekte/FH-Vertibot/src/STM32F30x_StdPeriph_Driver/src/stm32f30x_syscfg.c ****   SYSCFG->EXTICR[3] = 0;
  49              		.loc 1 120 0
  50 001c 5A61     		str	r2, [r3, #20]
 121:/home/user/Desktop/STM32-Projekte/FH-Vertibot/src/STM32F30x_StdPeriph_Driver/src/stm32f30x_syscfg.c ****   /* Set CFGR2 register to reset value */
 122:/home/user/Desktop/STM32-Projekte/FH-Vertibot/src/STM32F30x_StdPeriph_Driver/src/stm32f30x_syscfg.c ****   SYSCFG->CFGR2 = 0;
  51              		.loc 1 122 0
  52 001e 9A61     		str	r2, [r3, #24]
  53 0020 7047     		bx	lr
  54              	.L3:
  55 0022 00BF     		.align	2
  56              	.L2:
  57 0024 00000140 		.word	1073807360
  58              		.cfi_endproc
  59              	.LFE111:
  61              		.align	1
  62              		.global	SYSCFG_MemoryRemapConfig
  63              		.thumb
  64              		.thumb_func
  66              	SYSCFG_MemoryRemapConfig:
  67              	.LFB112:
 123:/home/user/Desktop/STM32-Projekte/FH-Vertibot/src/STM32F30x_StdPeriph_Driver/src/stm32f30x_syscfg.c **** }
 124:/home/user/Desktop/STM32-Projekte/FH-Vertibot/src/STM32F30x_StdPeriph_Driver/src/stm32f30x_syscfg.c **** 
 125:/home/user/Desktop/STM32-Projekte/FH-Vertibot/src/STM32F30x_StdPeriph_Driver/src/stm32f30x_syscfg.c **** /**
 126:/home/user/Desktop/STM32-Projekte/FH-Vertibot/src/STM32F30x_StdPeriph_Driver/src/stm32f30x_syscfg.c ****   * @brief  Configures the memory mapping at address 0x00000000.
 127:/home/user/Desktop/STM32-Projekte/FH-Vertibot/src/STM32F30x_StdPeriph_Driver/src/stm32f30x_syscfg.c ****   * @param  SYSCFG_MemoryRemap: selects the memory remapping.
 128:/home/user/Desktop/STM32-Projekte/FH-Vertibot/src/STM32F30x_StdPeriph_Driver/src/stm32f30x_syscfg.c ****   *   This parameter can be one of the following values:
 129:/home/user/Desktop/STM32-Projekte/FH-Vertibot/src/STM32F30x_StdPeriph_Driver/src/stm32f30x_syscfg.c ****   *     @arg SYSCFG_MemoryRemap_Flash: Main Flash memory mapped at 0x00000000  
 130:/home/user/Desktop/STM32-Projekte/FH-Vertibot/src/STM32F30x_StdPeriph_Driver/src/stm32f30x_syscfg.c ****   *     @arg SYSCFG_MemoryRemap_SystemMemory: System Flash memory mapped at 0x00000000
 131:/home/user/Desktop/STM32-Projekte/FH-Vertibot/src/STM32F30x_StdPeriph_Driver/src/stm32f30x_syscfg.c ****   *     @arg SYSCFG_MemoryRemap_SRAM: Embedded SRAM mapped at 0x00000000
 132:/home/user/Desktop/STM32-Projekte/FH-Vertibot/src/STM32F30x_StdPeriph_Driver/src/stm32f30x_syscfg.c ****   * @retval None
 133:/home/user/Desktop/STM32-Projekte/FH-Vertibot/src/STM32F30x_StdPeriph_Driver/src/stm32f30x_syscfg.c ****   */
 134:/home/user/Desktop/STM32-Projekte/FH-Vertibot/src/STM32F30x_StdPeriph_Driver/src/stm32f30x_syscfg.c **** void SYSCFG_MemoryRemapConfig(uint32_t SYSCFG_MemoryRemap)
 135:/home/user/Desktop/STM32-Projekte/FH-Vertibot/src/STM32F30x_StdPeriph_Driver/src/stm32f30x_syscfg.c **** {
  68              		.loc 1 135 0
  69              		.cfi_startproc
  70              		@ args = 0, pretend = 0, frame = 0
  71              		@ frame_needed = 0, uses_anonymous_args = 0
  72              		@ link register save eliminated.
  73              	.LVL0:
 136:/home/user/Desktop/STM32-Projekte/FH-Vertibot/src/STM32F30x_StdPeriph_Driver/src/stm32f30x_syscfg.c ****   uint32_t tmpcfgr1 = 0;
 137:/home/user/Desktop/STM32-Projekte/FH-Vertibot/src/STM32F30x_StdPeriph_Driver/src/stm32f30x_syscfg.c **** 
 138:/home/user/Desktop/STM32-Projekte/FH-Vertibot/src/STM32F30x_StdPeriph_Driver/src/stm32f30x_syscfg.c ****   /* Check the parameter */
 139:/home/user/Desktop/STM32-Projekte/FH-Vertibot/src/STM32F30x_StdPeriph_Driver/src/stm32f30x_syscfg.c ****   assert_param(IS_SYSCFG_MEMORY_REMAP(SYSCFG_MemoryRemap));
 140:/home/user/Desktop/STM32-Projekte/FH-Vertibot/src/STM32F30x_StdPeriph_Driver/src/stm32f30x_syscfg.c **** 
 141:/home/user/Desktop/STM32-Projekte/FH-Vertibot/src/STM32F30x_StdPeriph_Driver/src/stm32f30x_syscfg.c ****   /* Get CFGR1 register value */
 142:/home/user/Desktop/STM32-Projekte/FH-Vertibot/src/STM32F30x_StdPeriph_Driver/src/stm32f30x_syscfg.c ****   tmpcfgr1 = SYSCFG->CFGR1;
  74              		.loc 1 142 0
  75 0028 034B     		ldr	r3, .L5
  76 002a 1A68     		ldr	r2, [r3, #0]
  77              	.LVL1:
 143:/home/user/Desktop/STM32-Projekte/FH-Vertibot/src/STM32F30x_StdPeriph_Driver/src/stm32f30x_syscfg.c **** 
 144:/home/user/Desktop/STM32-Projekte/FH-Vertibot/src/STM32F30x_StdPeriph_Driver/src/stm32f30x_syscfg.c ****   /* Clear MEM_MODE bits */
 145:/home/user/Desktop/STM32-Projekte/FH-Vertibot/src/STM32F30x_StdPeriph_Driver/src/stm32f30x_syscfg.c ****   tmpcfgr1 &= (uint32_t) (~SYSCFG_CFGR1_MEM_MODE);
  78              		.loc 1 145 0
  79 002c 22F00302 		bic	r2, r2, #3
  80              	.LVL2:
 146:/home/user/Desktop/STM32-Projekte/FH-Vertibot/src/STM32F30x_StdPeriph_Driver/src/stm32f30x_syscfg.c **** 
 147:/home/user/Desktop/STM32-Projekte/FH-Vertibot/src/STM32F30x_StdPeriph_Driver/src/stm32f30x_syscfg.c ****   /* Set the new MEM_MODE bits value */
 148:/home/user/Desktop/STM32-Projekte/FH-Vertibot/src/STM32F30x_StdPeriph_Driver/src/stm32f30x_syscfg.c ****   tmpcfgr1 |= (uint32_t) SYSCFG_MemoryRemap;
  81              		.loc 1 148 0
  82 0030 1043     		orrs	r0, r0, r2
  83              	.LVL3:
 149:/home/user/Desktop/STM32-Projekte/FH-Vertibot/src/STM32F30x_StdPeriph_Driver/src/stm32f30x_syscfg.c **** 
 150:/home/user/Desktop/STM32-Projekte/FH-Vertibot/src/STM32F30x_StdPeriph_Driver/src/stm32f30x_syscfg.c ****   /* Set CFGR1 register with the new memory remap configuration */
 151:/home/user/Desktop/STM32-Projekte/FH-Vertibot/src/STM32F30x_StdPeriph_Driver/src/stm32f30x_syscfg.c ****   SYSCFG->CFGR1 = tmpcfgr1;
  84              		.loc 1 151 0
  85 0032 1860     		str	r0, [r3, #0]
  86 0034 7047     		bx	lr
  87              	.L6:
  88 0036 00BF     		.align	2
  89              	.L5:
  90 0038 00000140 		.word	1073807360
  91              		.cfi_endproc
  92              	.LFE112:
  94              		.align	1
  95              		.global	SYSCFG_DMAChannelRemapConfig
  96              		.thumb
  97              		.thumb_func
  99              	SYSCFG_DMAChannelRemapConfig:
 100              	.LFB113:
 152:/home/user/Desktop/STM32-Projekte/FH-Vertibot/src/STM32F30x_StdPeriph_Driver/src/stm32f30x_syscfg.c **** }
 153:/home/user/Desktop/STM32-Projekte/FH-Vertibot/src/STM32F30x_StdPeriph_Driver/src/stm32f30x_syscfg.c **** 
 154:/home/user/Desktop/STM32-Projekte/FH-Vertibot/src/STM32F30x_StdPeriph_Driver/src/stm32f30x_syscfg.c **** /**
 155:/home/user/Desktop/STM32-Projekte/FH-Vertibot/src/STM32F30x_StdPeriph_Driver/src/stm32f30x_syscfg.c ****   * @brief  Configures the DMA channels remapping.
 156:/home/user/Desktop/STM32-Projekte/FH-Vertibot/src/STM32F30x_StdPeriph_Driver/src/stm32f30x_syscfg.c ****   * @param  SYSCFG_DMARemap: selects the DMA channels remap.
 157:/home/user/Desktop/STM32-Projekte/FH-Vertibot/src/STM32F30x_StdPeriph_Driver/src/stm32f30x_syscfg.c ****   *   This parameter can be one of the following values:
 158:/home/user/Desktop/STM32-Projekte/FH-Vertibot/src/STM32F30x_StdPeriph_Driver/src/stm32f30x_syscfg.c ****   *     @arg SYSCFG_DMARemap_TIM17: Remap TIM17 DMA requests from DMA1 channel1 to channel2
 159:/home/user/Desktop/STM32-Projekte/FH-Vertibot/src/STM32F30x_StdPeriph_Driver/src/stm32f30x_syscfg.c ****   *     @arg SYSCFG_DMARemap_TIM16: Remap TIM16 DMA requests from DMA1 channel3 to channel4
 160:/home/user/Desktop/STM32-Projekte/FH-Vertibot/src/STM32F30x_StdPeriph_Driver/src/stm32f30x_syscfg.c ****   *     @arg SYSCFG_DMARemap_TIM6DAC1: Remap TIM6/DAC1 DMA requests from DMA2 channel 3 to DMA1 cha
 161:/home/user/Desktop/STM32-Projekte/FH-Vertibot/src/STM32F30x_StdPeriph_Driver/src/stm32f30x_syscfg.c ****   *     @arg SYSCFG_DMARemap_TIM7DAC2: Remap TIM7/DAC2 DMA requests from DMA2 channel 4 to DMA1 cha
 162:/home/user/Desktop/STM32-Projekte/FH-Vertibot/src/STM32F30x_StdPeriph_Driver/src/stm32f30x_syscfg.c ****   *     @arg SYSCFG_DMARemap_ADC2ADC4: Remap ADC2 and ADC4 DMA requests from DMA2 channel1/channel3
 163:/home/user/Desktop/STM32-Projekte/FH-Vertibot/src/STM32F30x_StdPeriph_Driver/src/stm32f30x_syscfg.c ****   * @param  NewState: new state of the DMA channel remapping. 
 164:/home/user/Desktop/STM32-Projekte/FH-Vertibot/src/STM32F30x_StdPeriph_Driver/src/stm32f30x_syscfg.c ****   *         This parameter can be: Enable or Disable.
 165:/home/user/Desktop/STM32-Projekte/FH-Vertibot/src/STM32F30x_StdPeriph_Driver/src/stm32f30x_syscfg.c ****   * @note   When enabled, DMA channel of the selected peripheral is remapped
 166:/home/user/Desktop/STM32-Projekte/FH-Vertibot/src/STM32F30x_StdPeriph_Driver/src/stm32f30x_syscfg.c ****   * @note   When disabled, Default DMA channel is mapped to the selected peripheral
 167:/home/user/Desktop/STM32-Projekte/FH-Vertibot/src/STM32F30x_StdPeriph_Driver/src/stm32f30x_syscfg.c ****   * @note
 168:/home/user/Desktop/STM32-Projekte/FH-Vertibot/src/STM32F30x_StdPeriph_Driver/src/stm32f30x_syscfg.c ****   *           By default TIM17 DMA requests is mapped to channel 1
 169:/home/user/Desktop/STM32-Projekte/FH-Vertibot/src/STM32F30x_StdPeriph_Driver/src/stm32f30x_syscfg.c ****   *           use SYSCFG_DMAChannelRemapConfig(SYSCFG_DMARemap_TIM17, Enable)
 170:/home/user/Desktop/STM32-Projekte/FH-Vertibot/src/STM32F30x_StdPeriph_Driver/src/stm32f30x_syscfg.c ****   *           to remap TIM17 DMA requests to DMA1 channel 2
 171:/home/user/Desktop/STM32-Projekte/FH-Vertibot/src/STM32F30x_StdPeriph_Driver/src/stm32f30x_syscfg.c ****   *           use SYSCFG_DMAChannelRemapConfig(SYSCFG_DMARemap_TIM17, Disable)
 172:/home/user/Desktop/STM32-Projekte/FH-Vertibot/src/STM32F30x_StdPeriph_Driver/src/stm32f30x_syscfg.c ****   *           to map TIM17 DMA requests to DMA1 channel 1 (default mapping)
 173:/home/user/Desktop/STM32-Projekte/FH-Vertibot/src/STM32F30x_StdPeriph_Driver/src/stm32f30x_syscfg.c ****   * @retval None
 174:/home/user/Desktop/STM32-Projekte/FH-Vertibot/src/STM32F30x_StdPeriph_Driver/src/stm32f30x_syscfg.c ****   */
 175:/home/user/Desktop/STM32-Projekte/FH-Vertibot/src/STM32F30x_StdPeriph_Driver/src/stm32f30x_syscfg.c **** void SYSCFG_DMAChannelRemapConfig(uint32_t SYSCFG_DMARemap, FunctionalState NewState)
 176:/home/user/Desktop/STM32-Projekte/FH-Vertibot/src/STM32F30x_StdPeriph_Driver/src/stm32f30x_syscfg.c **** {
 101              		.loc 1 176 0
 102              		.cfi_startproc
 103              		@ args = 0, pretend = 0, frame = 0
 104              		@ frame_needed = 0, uses_anonymous_args = 0
 105              		@ link register save eliminated.
 106              	.LVL4:
 107 003c 044B     		ldr	r3, .L11
 177:/home/user/Desktop/STM32-Projekte/FH-Vertibot/src/STM32F30x_StdPeriph_Driver/src/stm32f30x_syscfg.c ****   /* Check the parameters */
 178:/home/user/Desktop/STM32-Projekte/FH-Vertibot/src/STM32F30x_StdPeriph_Driver/src/stm32f30x_syscfg.c ****   assert_param(IS_SYSCFG_DMA_REMAP(SYSCFG_DMARemap));
 179:/home/user/Desktop/STM32-Projekte/FH-Vertibot/src/STM32F30x_StdPeriph_Driver/src/stm32f30x_syscfg.c ****   assert_param(IS_FUNCTIONAL_STATE(NewState));
 180:/home/user/Desktop/STM32-Projekte/FH-Vertibot/src/STM32F30x_StdPeriph_Driver/src/stm32f30x_syscfg.c **** 
 181:/home/user/Desktop/STM32-Projekte/FH-Vertibot/src/STM32F30x_StdPeriph_Driver/src/stm32f30x_syscfg.c ****   if (NewState != DISABLE)
 182:/home/user/Desktop/STM32-Projekte/FH-Vertibot/src/STM32F30x_StdPeriph_Driver/src/stm32f30x_syscfg.c ****   {
 183:/home/user/Desktop/STM32-Projekte/FH-Vertibot/src/STM32F30x_StdPeriph_Driver/src/stm32f30x_syscfg.c ****     /* Remap the DMA channel */
 184:/home/user/Desktop/STM32-Projekte/FH-Vertibot/src/STM32F30x_StdPeriph_Driver/src/stm32f30x_syscfg.c ****     SYSCFG->CFGR1 |= (uint32_t)SYSCFG_DMARemap;
 108              		.loc 1 184 0
 109 003e 1A68     		ldr	r2, [r3, #0]
 181:/home/user/Desktop/STM32-Projekte/FH-Vertibot/src/STM32F30x_StdPeriph_Driver/src/stm32f30x_syscfg.c ****   if (NewState != DISABLE)
 110              		.loc 1 181 0
 111 0040 09B1     		cbz	r1, .L8
 112              		.loc 1 184 0
 113 0042 1043     		orrs	r0, r0, r2
 114              	.LVL5:
 115 0044 01E0     		b	.L10
 116              	.LVL6:
 117              	.L8:
 185:/home/user/Desktop/STM32-Projekte/FH-Vertibot/src/STM32F30x_StdPeriph_Driver/src/stm32f30x_syscfg.c ****   }
 186:/home/user/Desktop/STM32-Projekte/FH-Vertibot/src/STM32F30x_StdPeriph_Driver/src/stm32f30x_syscfg.c ****   else
 187:/home/user/Desktop/STM32-Projekte/FH-Vertibot/src/STM32F30x_StdPeriph_Driver/src/stm32f30x_syscfg.c ****   {
 188:/home/user/Desktop/STM32-Projekte/FH-Vertibot/src/STM32F30x_StdPeriph_Driver/src/stm32f30x_syscfg.c ****     /* use the default DMA channel mapping */
 189:/home/user/Desktop/STM32-Projekte/FH-Vertibot/src/STM32F30x_StdPeriph_Driver/src/stm32f30x_syscfg.c ****     SYSCFG->CFGR1 &= (uint32_t)(~SYSCFG_DMARemap);
 118              		.loc 1 189 0
 119 0046 22EA0000 		bic	r0, r2, r0
 120              	.LVL7:
 121              	.L10:
 122 004a 1860     		str	r0, [r3, #0]
 123 004c 7047     		bx	lr
 124              	.L12:
 125 004e 00BF     		.align	2
 126              	.L11:
 127 0050 00000140 		.word	1073807360
 128              		.cfi_endproc
 129              	.LFE113:
 131              		.align	1
 132              		.global	SYSCFG_TriggerRemapConfig
 133              		.thumb
 134              		.thumb_func
 136              	SYSCFG_TriggerRemapConfig:
 137              	.LFB114:
 190:/home/user/Desktop/STM32-Projekte/FH-Vertibot/src/STM32F30x_StdPeriph_Driver/src/stm32f30x_syscfg.c ****   }
 191:/home/user/Desktop/STM32-Projekte/FH-Vertibot/src/STM32F30x_StdPeriph_Driver/src/stm32f30x_syscfg.c **** }
 192:/home/user/Desktop/STM32-Projekte/FH-Vertibot/src/STM32F30x_StdPeriph_Driver/src/stm32f30x_syscfg.c **** 
 193:/home/user/Desktop/STM32-Projekte/FH-Vertibot/src/STM32F30x_StdPeriph_Driver/src/stm32f30x_syscfg.c **** /**
 194:/home/user/Desktop/STM32-Projekte/FH-Vertibot/src/STM32F30x_StdPeriph_Driver/src/stm32f30x_syscfg.c ****   * @brief  Configures the remapping capabilities of DAC/TIM triggers.
 195:/home/user/Desktop/STM32-Projekte/FH-Vertibot/src/STM32F30x_StdPeriph_Driver/src/stm32f30x_syscfg.c ****   * @param  SYSCFG_TriggerRemap: selects the trigger to be remapped.
 196:/home/user/Desktop/STM32-Projekte/FH-Vertibot/src/STM32F30x_StdPeriph_Driver/src/stm32f30x_syscfg.c ****   *   This parameter can be one of the following values:
 197:/home/user/Desktop/STM32-Projekte/FH-Vertibot/src/STM32F30x_StdPeriph_Driver/src/stm32f30x_syscfg.c ****   *     @arg SYSCFG_TriggerRemap_DACTIM3: Remap DAC trigger from TIM8 to TIM3
 198:/home/user/Desktop/STM32-Projekte/FH-Vertibot/src/STM32F30x_StdPeriph_Driver/src/stm32f30x_syscfg.c ****   *     @arg SYSCFG_TriggerRemap_TIM1TIM17: Remap TIM1 ITR3 from TIM4 TRGO to TIM17 OC
 199:/home/user/Desktop/STM32-Projekte/FH-Vertibot/src/STM32F30x_StdPeriph_Driver/src/stm32f30x_syscfg.c ****   * @param  NewState: new state of the trigger mapping. 
 200:/home/user/Desktop/STM32-Projekte/FH-Vertibot/src/STM32F30x_StdPeriph_Driver/src/stm32f30x_syscfg.c ****   *         This parameter can be: ENABLE or DISABLE.
 201:/home/user/Desktop/STM32-Projekte/FH-Vertibot/src/STM32F30x_StdPeriph_Driver/src/stm32f30x_syscfg.c ****   * @note   ENABLE:  Enable fast mode plus driving capability for selected pin
 202:/home/user/Desktop/STM32-Projekte/FH-Vertibot/src/STM32F30x_StdPeriph_Driver/src/stm32f30x_syscfg.c ****   * @note   DISABLE: Disable fast mode plus driving capability for selected pin
 203:/home/user/Desktop/STM32-Projekte/FH-Vertibot/src/STM32F30x_StdPeriph_Driver/src/stm32f30x_syscfg.c ****   * @retval None
 204:/home/user/Desktop/STM32-Projekte/FH-Vertibot/src/STM32F30x_StdPeriph_Driver/src/stm32f30x_syscfg.c ****   */
 205:/home/user/Desktop/STM32-Projekte/FH-Vertibot/src/STM32F30x_StdPeriph_Driver/src/stm32f30x_syscfg.c **** void SYSCFG_TriggerRemapConfig(uint32_t SYSCFG_TriggerRemap, FunctionalState NewState)
 206:/home/user/Desktop/STM32-Projekte/FH-Vertibot/src/STM32F30x_StdPeriph_Driver/src/stm32f30x_syscfg.c **** {
 138              		.loc 1 206 0
 139              		.cfi_startproc
 140              		@ args = 0, pretend = 0, frame = 0
 141              		@ frame_needed = 0, uses_anonymous_args = 0
 142              		@ link register save eliminated.
 143              	.LVL8:
 144 0054 044B     		ldr	r3, .L17
 207:/home/user/Desktop/STM32-Projekte/FH-Vertibot/src/STM32F30x_StdPeriph_Driver/src/stm32f30x_syscfg.c ****   /* Check the parameters */
 208:/home/user/Desktop/STM32-Projekte/FH-Vertibot/src/STM32F30x_StdPeriph_Driver/src/stm32f30x_syscfg.c ****   assert_param(IS_SYSCFG_TRIGGER_REMAP(SYSCFG_TriggerRemap));
 209:/home/user/Desktop/STM32-Projekte/FH-Vertibot/src/STM32F30x_StdPeriph_Driver/src/stm32f30x_syscfg.c ****   assert_param(IS_FUNCTIONAL_STATE(NewState));
 210:/home/user/Desktop/STM32-Projekte/FH-Vertibot/src/STM32F30x_StdPeriph_Driver/src/stm32f30x_syscfg.c **** 
 211:/home/user/Desktop/STM32-Projekte/FH-Vertibot/src/STM32F30x_StdPeriph_Driver/src/stm32f30x_syscfg.c ****   if (NewState != DISABLE)
 212:/home/user/Desktop/STM32-Projekte/FH-Vertibot/src/STM32F30x_StdPeriph_Driver/src/stm32f30x_syscfg.c ****   {
 213:/home/user/Desktop/STM32-Projekte/FH-Vertibot/src/STM32F30x_StdPeriph_Driver/src/stm32f30x_syscfg.c ****     /* Remap the trigger */
 214:/home/user/Desktop/STM32-Projekte/FH-Vertibot/src/STM32F30x_StdPeriph_Driver/src/stm32f30x_syscfg.c ****     SYSCFG->CFGR1 |= (uint32_t)SYSCFG_TriggerRemap;
 145              		.loc 1 214 0
 146 0056 1A68     		ldr	r2, [r3, #0]
 211:/home/user/Desktop/STM32-Projekte/FH-Vertibot/src/STM32F30x_StdPeriph_Driver/src/stm32f30x_syscfg.c ****   if (NewState != DISABLE)
 147              		.loc 1 211 0
 148 0058 09B1     		cbz	r1, .L14
 149              		.loc 1 214 0
 150 005a 1043     		orrs	r0, r0, r2
 151              	.LVL9:
 152 005c 01E0     		b	.L16
 153              	.LVL10:
 154              	.L14:
 215:/home/user/Desktop/STM32-Projekte/FH-Vertibot/src/STM32F30x_StdPeriph_Driver/src/stm32f30x_syscfg.c ****   }
 216:/home/user/Desktop/STM32-Projekte/FH-Vertibot/src/STM32F30x_StdPeriph_Driver/src/stm32f30x_syscfg.c ****   else
 217:/home/user/Desktop/STM32-Projekte/FH-Vertibot/src/STM32F30x_StdPeriph_Driver/src/stm32f30x_syscfg.c ****   {
 218:/home/user/Desktop/STM32-Projekte/FH-Vertibot/src/STM32F30x_StdPeriph_Driver/src/stm32f30x_syscfg.c ****     /* Use the default trigger mapping */
 219:/home/user/Desktop/STM32-Projekte/FH-Vertibot/src/STM32F30x_StdPeriph_Driver/src/stm32f30x_syscfg.c ****     SYSCFG->CFGR1 &= (uint32_t)(~SYSCFG_TriggerRemap);
 155              		.loc 1 219 0
 156 005e 22EA0000 		bic	r0, r2, r0
 157              	.LVL11:
 158              	.L16:
 159 0062 1860     		str	r0, [r3, #0]
 160 0064 7047     		bx	lr
 161              	.L18:
 162 0066 00BF     		.align	2
 163              	.L17:
 164 0068 00000140 		.word	1073807360
 165              		.cfi_endproc
 166              	.LFE114:
 168              		.align	1
 169              		.global	SYSCFG_EncoderRemapConfig
 170              		.thumb
 171              		.thumb_func
 173              	SYSCFG_EncoderRemapConfig:
 174              	.LFB115:
 220:/home/user/Desktop/STM32-Projekte/FH-Vertibot/src/STM32F30x_StdPeriph_Driver/src/stm32f30x_syscfg.c ****   }
 221:/home/user/Desktop/STM32-Projekte/FH-Vertibot/src/STM32F30x_StdPeriph_Driver/src/stm32f30x_syscfg.c **** }
 222:/home/user/Desktop/STM32-Projekte/FH-Vertibot/src/STM32F30x_StdPeriph_Driver/src/stm32f30x_syscfg.c **** 
 223:/home/user/Desktop/STM32-Projekte/FH-Vertibot/src/STM32F30x_StdPeriph_Driver/src/stm32f30x_syscfg.c **** /**
 224:/home/user/Desktop/STM32-Projekte/FH-Vertibot/src/STM32F30x_StdPeriph_Driver/src/stm32f30x_syscfg.c ****   * @brief  Configures the remapping capabilities of encoder mode.
 225:/home/user/Desktop/STM32-Projekte/FH-Vertibot/src/STM32F30x_StdPeriph_Driver/src/stm32f30x_syscfg.c ****   * @ note This feature implement the so-called M/T method for measuring speed
 226:/home/user/Desktop/STM32-Projekte/FH-Vertibot/src/STM32F30x_StdPeriph_Driver/src/stm32f30x_syscfg.c ****   *        and position using quadrature encoders.  
 227:/home/user/Desktop/STM32-Projekte/FH-Vertibot/src/STM32F30x_StdPeriph_Driver/src/stm32f30x_syscfg.c ****   * @param  SYSCFG_EncoderRemap: selects the remap option for encoder mode.
 228:/home/user/Desktop/STM32-Projekte/FH-Vertibot/src/STM32F30x_StdPeriph_Driver/src/stm32f30x_syscfg.c ****   *   This parameter can be one of the following values:
 229:/home/user/Desktop/STM32-Projekte/FH-Vertibot/src/STM32F30x_StdPeriph_Driver/src/stm32f30x_syscfg.c ****   *     @arg SYSCFG_EncoderRemap_No: No remap
 230:/home/user/Desktop/STM32-Projekte/FH-Vertibot/src/STM32F30x_StdPeriph_Driver/src/stm32f30x_syscfg.c ****   *     @arg SYSCFG_EncoderRemap_TIM2: Timer 2 IC1 and IC2 connected to TIM15 IC1 and IC2
 231:/home/user/Desktop/STM32-Projekte/FH-Vertibot/src/STM32F30x_StdPeriph_Driver/src/stm32f30x_syscfg.c ****   *     @arg SYSCFG_EncoderRemap_TIM3: Timer 3 IC1 and IC2 connected to TIM15 IC1 and IC2
 232:/home/user/Desktop/STM32-Projekte/FH-Vertibot/src/STM32F30x_StdPeriph_Driver/src/stm32f30x_syscfg.c ****   *     @arg SYSCFG_EncoderRemap_TIM4: Timer 4 IC1 and IC2 connected to TIM15 IC1 and IC2
 233:/home/user/Desktop/STM32-Projekte/FH-Vertibot/src/STM32F30x_StdPeriph_Driver/src/stm32f30x_syscfg.c ****   * @retval None
 234:/home/user/Desktop/STM32-Projekte/FH-Vertibot/src/STM32F30x_StdPeriph_Driver/src/stm32f30x_syscfg.c ****   */
 235:/home/user/Desktop/STM32-Projekte/FH-Vertibot/src/STM32F30x_StdPeriph_Driver/src/stm32f30x_syscfg.c **** void SYSCFG_EncoderRemapConfig(uint32_t SYSCFG_EncoderRemap)
 236:/home/user/Desktop/STM32-Projekte/FH-Vertibot/src/STM32F30x_StdPeriph_Driver/src/stm32f30x_syscfg.c **** {
 175              		.loc 1 236 0
 176              		.cfi_startproc
 177              		@ args = 0, pretend = 0, frame = 0
 178              		@ frame_needed = 0, uses_anonymous_args = 0
 179              		@ link register save eliminated.
 180              	.LVL12:
 237:/home/user/Desktop/STM32-Projekte/FH-Vertibot/src/STM32F30x_StdPeriph_Driver/src/stm32f30x_syscfg.c ****   /* Check the parameter */
 238:/home/user/Desktop/STM32-Projekte/FH-Vertibot/src/STM32F30x_StdPeriph_Driver/src/stm32f30x_syscfg.c ****   assert_param(IS_SYSCFG_ENCODER_REMAP(SYSCFG_EncoderRemap));
 239:/home/user/Desktop/STM32-Projekte/FH-Vertibot/src/STM32F30x_StdPeriph_Driver/src/stm32f30x_syscfg.c **** 
 240:/home/user/Desktop/STM32-Projekte/FH-Vertibot/src/STM32F30x_StdPeriph_Driver/src/stm32f30x_syscfg.c ****   /* Reset the encoder mode remapping bits */
 241:/home/user/Desktop/STM32-Projekte/FH-Vertibot/src/STM32F30x_StdPeriph_Driver/src/stm32f30x_syscfg.c ****   SYSCFG->CFGR1 &= (uint32_t)(~SYSCFG_CFGR1_ENCODER_MODE);
 181              		.loc 1 241 0
 182 006c 044B     		ldr	r3, .L20
 183 006e 1A68     		ldr	r2, [r3, #0]
 184 0070 22F44002 		bic	r2, r2, #12582912
 185 0074 1A60     		str	r2, [r3, #0]
 242:/home/user/Desktop/STM32-Projekte/FH-Vertibot/src/STM32F30x_StdPeriph_Driver/src/stm32f30x_syscfg.c **** 
 243:/home/user/Desktop/STM32-Projekte/FH-Vertibot/src/STM32F30x_StdPeriph_Driver/src/stm32f30x_syscfg.c ****   /* Set the selected configuration */
 244:/home/user/Desktop/STM32-Projekte/FH-Vertibot/src/STM32F30x_StdPeriph_Driver/src/stm32f30x_syscfg.c ****   SYSCFG->CFGR1 |= (uint32_t)(SYSCFG_EncoderRemap);
 186              		.loc 1 244 0
 187 0076 1A68     		ldr	r2, [r3, #0]
 188 0078 1043     		orrs	r0, r0, r2
 189              	.LVL13:
 190 007a 1860     		str	r0, [r3, #0]
 191 007c 7047     		bx	lr
 192              	.L21:
 193 007e 00BF     		.align	2
 194              	.L20:
 195 0080 00000140 		.word	1073807360
 196              		.cfi_endproc
 197              	.LFE115:
 199              		.align	1
 200              		.global	SYSCFG_USBInterruptLineRemapCmd
 201              		.thumb
 202              		.thumb_func
 204              	SYSCFG_USBInterruptLineRemapCmd:
 205              	.LFB116:
 245:/home/user/Desktop/STM32-Projekte/FH-Vertibot/src/STM32F30x_StdPeriph_Driver/src/stm32f30x_syscfg.c **** }
 246:/home/user/Desktop/STM32-Projekte/FH-Vertibot/src/STM32F30x_StdPeriph_Driver/src/stm32f30x_syscfg.c **** 
 247:/home/user/Desktop/STM32-Projekte/FH-Vertibot/src/STM32F30x_StdPeriph_Driver/src/stm32f30x_syscfg.c **** /**
 248:/home/user/Desktop/STM32-Projekte/FH-Vertibot/src/STM32F30x_StdPeriph_Driver/src/stm32f30x_syscfg.c ****   * @brief  Remaps the USB interrupt lines.
 249:/home/user/Desktop/STM32-Projekte/FH-Vertibot/src/STM32F30x_StdPeriph_Driver/src/stm32f30x_syscfg.c ****   * @param  NewState: new state of the mapping of USB interrupt lines. 
 250:/home/user/Desktop/STM32-Projekte/FH-Vertibot/src/STM32F30x_StdPeriph_Driver/src/stm32f30x_syscfg.c ****   *         This parameter can be:
 251:/home/user/Desktop/STM32-Projekte/FH-Vertibot/src/STM32F30x_StdPeriph_Driver/src/stm32f30x_syscfg.c ****   * @param  ENABLE: Remap the USB interrupt line as following:
 252:/home/user/Desktop/STM32-Projekte/FH-Vertibot/src/STM32F30x_StdPeriph_Driver/src/stm32f30x_syscfg.c ****   *         @arg  USB Device High Priority (USB_HP) interrupt mapped to line 74.
 253:/home/user/Desktop/STM32-Projekte/FH-Vertibot/src/STM32F30x_StdPeriph_Driver/src/stm32f30x_syscfg.c ****   *         @arg  USB Device Low Priority (USB_LP) interrupt mapped to line 75.
 254:/home/user/Desktop/STM32-Projekte/FH-Vertibot/src/STM32F30x_StdPeriph_Driver/src/stm32f30x_syscfg.c ****   *         @arg  USB Wakeup Interrupt (USB_WKUP) interrupt mapped to line 76.
 255:/home/user/Desktop/STM32-Projekte/FH-Vertibot/src/STM32F30x_StdPeriph_Driver/src/stm32f30x_syscfg.c ****   * @param  DISABLE: Use the default USB interrupt line:
 256:/home/user/Desktop/STM32-Projekte/FH-Vertibot/src/STM32F30x_StdPeriph_Driver/src/stm32f30x_syscfg.c ****   *         @arg  USB Device High Priority (USB_HP) interrupt mapped to line 19.
 257:/home/user/Desktop/STM32-Projekte/FH-Vertibot/src/STM32F30x_StdPeriph_Driver/src/stm32f30x_syscfg.c ****   *         @arg  USB Device Low Priority (USB_LP) interrupt mapped to line 20.
 258:/home/user/Desktop/STM32-Projekte/FH-Vertibot/src/STM32F30x_StdPeriph_Driver/src/stm32f30x_syscfg.c ****   *         @arg  USB Wakeup Interrupt (USB_WKUP) interrupt mapped to line 42.
 259:/home/user/Desktop/STM32-Projekte/FH-Vertibot/src/STM32F30x_StdPeriph_Driver/src/stm32f30x_syscfg.c ****   * @retval None
 260:/home/user/Desktop/STM32-Projekte/FH-Vertibot/src/STM32F30x_StdPeriph_Driver/src/stm32f30x_syscfg.c ****   */
 261:/home/user/Desktop/STM32-Projekte/FH-Vertibot/src/STM32F30x_StdPeriph_Driver/src/stm32f30x_syscfg.c **** void SYSCFG_USBInterruptLineRemapCmd(FunctionalState NewState)
 262:/home/user/Desktop/STM32-Projekte/FH-Vertibot/src/STM32F30x_StdPeriph_Driver/src/stm32f30x_syscfg.c **** {
 206              		.loc 1 262 0
 207              		.cfi_startproc
 208              		@ args = 0, pretend = 0, frame = 0
 209              		@ frame_needed = 0, uses_anonymous_args = 0
 210              		@ link register save eliminated.
 211              	.LVL14:
 263:/home/user/Desktop/STM32-Projekte/FH-Vertibot/src/STM32F30x_StdPeriph_Driver/src/stm32f30x_syscfg.c ****   /* Check the parameter */
 264:/home/user/Desktop/STM32-Projekte/FH-Vertibot/src/STM32F30x_StdPeriph_Driver/src/stm32f30x_syscfg.c ****   assert_param(IS_FUNCTIONAL_STATE(NewState));
 265:/home/user/Desktop/STM32-Projekte/FH-Vertibot/src/STM32F30x_StdPeriph_Driver/src/stm32f30x_syscfg.c **** 
 266:/home/user/Desktop/STM32-Projekte/FH-Vertibot/src/STM32F30x_StdPeriph_Driver/src/stm32f30x_syscfg.c ****   /* Remap the USB interupt lines */
 267:/home/user/Desktop/STM32-Projekte/FH-Vertibot/src/STM32F30x_StdPeriph_Driver/src/stm32f30x_syscfg.c ****   *(__IO uint32_t *) CFGR1_USBITRMP_BB = (uint32_t)NewState;
 212              		.loc 1 267 0
 213 0084 014B     		ldr	r3, .L23
 214 0086 1860     		str	r0, [r3, #0]
 215 0088 7047     		bx	lr
 216              	.L24:
 217 008a 00BF     		.align	2
 218              	.L23:
 219 008c 14002042 		.word	1109393428
 220              		.cfi_endproc
 221              	.LFE116:
 223              		.align	1
 224              		.global	SYSCFG_I2CFastModePlusConfig
 225              		.thumb
 226              		.thumb_func
 228              	SYSCFG_I2CFastModePlusConfig:
 229              	.LFB117:
 268:/home/user/Desktop/STM32-Projekte/FH-Vertibot/src/STM32F30x_StdPeriph_Driver/src/stm32f30x_syscfg.c **** }
 269:/home/user/Desktop/STM32-Projekte/FH-Vertibot/src/STM32F30x_StdPeriph_Driver/src/stm32f30x_syscfg.c **** 
 270:/home/user/Desktop/STM32-Projekte/FH-Vertibot/src/STM32F30x_StdPeriph_Driver/src/stm32f30x_syscfg.c **** /**
 271:/home/user/Desktop/STM32-Projekte/FH-Vertibot/src/STM32F30x_StdPeriph_Driver/src/stm32f30x_syscfg.c ****   * @brief  Configures the I2C fast mode plus driving capability.
 272:/home/user/Desktop/STM32-Projekte/FH-Vertibot/src/STM32F30x_StdPeriph_Driver/src/stm32f30x_syscfg.c ****   * @param  SYSCFG_I2CFastModePlus: selects the pin.
 273:/home/user/Desktop/STM32-Projekte/FH-Vertibot/src/STM32F30x_StdPeriph_Driver/src/stm32f30x_syscfg.c ****   *   This parameter can be one of the following values:
 274:/home/user/Desktop/STM32-Projekte/FH-Vertibot/src/STM32F30x_StdPeriph_Driver/src/stm32f30x_syscfg.c ****   *     @arg SYSCFG_I2CFastModePlus_PB6: Configure fast mode plus driving capability for PB6
 275:/home/user/Desktop/STM32-Projekte/FH-Vertibot/src/STM32F30x_StdPeriph_Driver/src/stm32f30x_syscfg.c ****   *     @arg SYSCFG_I2CFastModePlus_PB7: Configure fast mode plus driving capability for PB7
 276:/home/user/Desktop/STM32-Projekte/FH-Vertibot/src/STM32F30x_StdPeriph_Driver/src/stm32f30x_syscfg.c ****   *     @arg SYSCFG_I2CFastModePlus_PB8: Configure fast mode plus driving capability for PB8
 277:/home/user/Desktop/STM32-Projekte/FH-Vertibot/src/STM32F30x_StdPeriph_Driver/src/stm32f30x_syscfg.c ****   *     @arg SYSCFG_I2CFastModePlus_PB9: Configure fast mode plus driving capability for PB9
 278:/home/user/Desktop/STM32-Projekte/FH-Vertibot/src/STM32F30x_StdPeriph_Driver/src/stm32f30x_syscfg.c ****   *     @arg SYSCFG_I2CFastModePlus_I2C1: Configure fast mode plus driving capability for I2C1 pins
 279:/home/user/Desktop/STM32-Projekte/FH-Vertibot/src/STM32F30x_StdPeriph_Driver/src/stm32f30x_syscfg.c ****   *     @arg SYSCFG_I2CFastModePlus_I2C2: Configure fast mode plus driving capability for I2C2 pins
 280:/home/user/Desktop/STM32-Projekte/FH-Vertibot/src/STM32F30x_StdPeriph_Driver/src/stm32f30x_syscfg.c ****   * @param  NewState: new state of the DMA channel remapping. 
 281:/home/user/Desktop/STM32-Projekte/FH-Vertibot/src/STM32F30x_StdPeriph_Driver/src/stm32f30x_syscfg.c ****   *         This parameter can be:
 282:/home/user/Desktop/STM32-Projekte/FH-Vertibot/src/STM32F30x_StdPeriph_Driver/src/stm32f30x_syscfg.c ****   *     @arg ENABLE: Enable fast mode plus driving capability for selected I2C pin
 283:/home/user/Desktop/STM32-Projekte/FH-Vertibot/src/STM32F30x_StdPeriph_Driver/src/stm32f30x_syscfg.c ****   *     @arg DISABLE: Disable fast mode plus driving capability for selected I2C pin
 284:/home/user/Desktop/STM32-Projekte/FH-Vertibot/src/STM32F30x_StdPeriph_Driver/src/stm32f30x_syscfg.c ****   * @note  For I2C1, fast mode plus driving capability can be enabled on all selected
 285:/home/user/Desktop/STM32-Projekte/FH-Vertibot/src/STM32F30x_StdPeriph_Driver/src/stm32f30x_syscfg.c ****   *        I2C1 pins using SYSCFG_I2CFastModePlus_I2C1 parameter or independently
 286:/home/user/Desktop/STM32-Projekte/FH-Vertibot/src/STM32F30x_StdPeriph_Driver/src/stm32f30x_syscfg.c ****   *        on each one of the following pins PB6, PB7, PB8 and PB9.
 287:/home/user/Desktop/STM32-Projekte/FH-Vertibot/src/STM32F30x_StdPeriph_Driver/src/stm32f30x_syscfg.c ****   * @note  For remaing I2C1 pins (PA14, PA15...) fast mode plus driving capability
 288:/home/user/Desktop/STM32-Projekte/FH-Vertibot/src/STM32F30x_StdPeriph_Driver/src/stm32f30x_syscfg.c ****   *        can be enabled only by using SYSCFG_I2CFastModePlus_I2C1 parameter.
 289:/home/user/Desktop/STM32-Projekte/FH-Vertibot/src/STM32F30x_StdPeriph_Driver/src/stm32f30x_syscfg.c ****   * @note  For all I2C2 pins fast mode plus driving capability can be enabled
 290:/home/user/Desktop/STM32-Projekte/FH-Vertibot/src/STM32F30x_StdPeriph_Driver/src/stm32f30x_syscfg.c ****   *        only by using SYSCFG_I2CFastModePlus_I2C2 parameter.
 291:/home/user/Desktop/STM32-Projekte/FH-Vertibot/src/STM32F30x_StdPeriph_Driver/src/stm32f30x_syscfg.c ****   * @retval None
 292:/home/user/Desktop/STM32-Projekte/FH-Vertibot/src/STM32F30x_StdPeriph_Driver/src/stm32f30x_syscfg.c ****   */
 293:/home/user/Desktop/STM32-Projekte/FH-Vertibot/src/STM32F30x_StdPeriph_Driver/src/stm32f30x_syscfg.c **** void SYSCFG_I2CFastModePlusConfig(uint32_t SYSCFG_I2CFastModePlus, FunctionalState NewState)
 294:/home/user/Desktop/STM32-Projekte/FH-Vertibot/src/STM32F30x_StdPeriph_Driver/src/stm32f30x_syscfg.c **** {
 230              		.loc 1 294 0
 231              		.cfi_startproc
 232              		@ args = 0, pretend = 0, frame = 0
 233              		@ frame_needed = 0, uses_anonymous_args = 0
 234              		@ link register save eliminated.
 235              	.LVL15:
 236 0090 044B     		ldr	r3, .L29
 295:/home/user/Desktop/STM32-Projekte/FH-Vertibot/src/STM32F30x_StdPeriph_Driver/src/stm32f30x_syscfg.c ****   /* Check the parameters */
 296:/home/user/Desktop/STM32-Projekte/FH-Vertibot/src/STM32F30x_StdPeriph_Driver/src/stm32f30x_syscfg.c ****   assert_param(IS_SYSCFG_I2C_FMP(SYSCFG_I2CFastModePlus));
 297:/home/user/Desktop/STM32-Projekte/FH-Vertibot/src/STM32F30x_StdPeriph_Driver/src/stm32f30x_syscfg.c ****   assert_param(IS_FUNCTIONAL_STATE(NewState));
 298:/home/user/Desktop/STM32-Projekte/FH-Vertibot/src/STM32F30x_StdPeriph_Driver/src/stm32f30x_syscfg.c **** 
 299:/home/user/Desktop/STM32-Projekte/FH-Vertibot/src/STM32F30x_StdPeriph_Driver/src/stm32f30x_syscfg.c ****   if (NewState != DISABLE)
 300:/home/user/Desktop/STM32-Projekte/FH-Vertibot/src/STM32F30x_StdPeriph_Driver/src/stm32f30x_syscfg.c ****   {
 301:/home/user/Desktop/STM32-Projekte/FH-Vertibot/src/STM32F30x_StdPeriph_Driver/src/stm32f30x_syscfg.c ****     /* Enable fast mode plus driving capability for selected I2C pin */
 302:/home/user/Desktop/STM32-Projekte/FH-Vertibot/src/STM32F30x_StdPeriph_Driver/src/stm32f30x_syscfg.c ****     SYSCFG->CFGR1 |= (uint32_t)SYSCFG_I2CFastModePlus;
 237              		.loc 1 302 0
 238 0092 1A68     		ldr	r2, [r3, #0]
 299:/home/user/Desktop/STM32-Projekte/FH-Vertibot/src/STM32F30x_StdPeriph_Driver/src/stm32f30x_syscfg.c ****   if (NewState != DISABLE)
 239              		.loc 1 299 0
 240 0094 09B1     		cbz	r1, .L26
 241              		.loc 1 302 0
 242 0096 1043     		orrs	r0, r0, r2
 243              	.LVL16:
 244 0098 01E0     		b	.L28
 245              	.LVL17:
 246              	.L26:
 303:/home/user/Desktop/STM32-Projekte/FH-Vertibot/src/STM32F30x_StdPeriph_Driver/src/stm32f30x_syscfg.c ****   }
 304:/home/user/Desktop/STM32-Projekte/FH-Vertibot/src/STM32F30x_StdPeriph_Driver/src/stm32f30x_syscfg.c ****   else
 305:/home/user/Desktop/STM32-Projekte/FH-Vertibot/src/STM32F30x_StdPeriph_Driver/src/stm32f30x_syscfg.c ****   {
 306:/home/user/Desktop/STM32-Projekte/FH-Vertibot/src/STM32F30x_StdPeriph_Driver/src/stm32f30x_syscfg.c ****     /* Disable fast mode plus driving capability for selected I2C pin */
 307:/home/user/Desktop/STM32-Projekte/FH-Vertibot/src/STM32F30x_StdPeriph_Driver/src/stm32f30x_syscfg.c ****     SYSCFG->CFGR1 &= (uint32_t)(~SYSCFG_I2CFastModePlus);
 247              		.loc 1 307 0
 248 009a 22EA0000 		bic	r0, r2, r0
 249              	.LVL18:
 250              	.L28:
 251 009e 1860     		str	r0, [r3, #0]
 252 00a0 7047     		bx	lr
 253              	.L30:
 254 00a2 00BF     		.align	2
 255              	.L29:
 256 00a4 00000140 		.word	1073807360
 257              		.cfi_endproc
 258              	.LFE117:
 260              		.align	1
 261              		.global	SYSCFG_ITConfig
 262              		.thumb
 263              		.thumb_func
 265              	SYSCFG_ITConfig:
 266              	.LFB118:
 308:/home/user/Desktop/STM32-Projekte/FH-Vertibot/src/STM32F30x_StdPeriph_Driver/src/stm32f30x_syscfg.c ****   }
 309:/home/user/Desktop/STM32-Projekte/FH-Vertibot/src/STM32F30x_StdPeriph_Driver/src/stm32f30x_syscfg.c **** }
 310:/home/user/Desktop/STM32-Projekte/FH-Vertibot/src/STM32F30x_StdPeriph_Driver/src/stm32f30x_syscfg.c **** 
 311:/home/user/Desktop/STM32-Projekte/FH-Vertibot/src/STM32F30x_StdPeriph_Driver/src/stm32f30x_syscfg.c **** /**
 312:/home/user/Desktop/STM32-Projekte/FH-Vertibot/src/STM32F30x_StdPeriph_Driver/src/stm32f30x_syscfg.c ****   * @brief  Enables or disables the selected SYSCFG interrupts.
 313:/home/user/Desktop/STM32-Projekte/FH-Vertibot/src/STM32F30x_StdPeriph_Driver/src/stm32f30x_syscfg.c ****   * @param  SYSCFG_IT: specifies the SYSCFG interrupt sources to be enabled or disabled.
 314:/home/user/Desktop/STM32-Projekte/FH-Vertibot/src/STM32F30x_StdPeriph_Driver/src/stm32f30x_syscfg.c ****   *   This parameter can be one of the following values:
 315:/home/user/Desktop/STM32-Projekte/FH-Vertibot/src/STM32F30x_StdPeriph_Driver/src/stm32f30x_syscfg.c ****   *     @arg SYSCFG_IT_IXC: Inexact Interrupt
 316:/home/user/Desktop/STM32-Projekte/FH-Vertibot/src/STM32F30x_StdPeriph_Driver/src/stm32f30x_syscfg.c ****   *     @arg SYSCFG_IT_IDC: Input denormal Interrupt
 317:/home/user/Desktop/STM32-Projekte/FH-Vertibot/src/STM32F30x_StdPeriph_Driver/src/stm32f30x_syscfg.c ****   *     @arg SYSCFG_IT_OFC: Overflow Interrupt
 318:/home/user/Desktop/STM32-Projekte/FH-Vertibot/src/STM32F30x_StdPeriph_Driver/src/stm32f30x_syscfg.c ****   *     @arg SYSCFG_IT_UFC: Underflow Interrupt
 319:/home/user/Desktop/STM32-Projekte/FH-Vertibot/src/STM32F30x_StdPeriph_Driver/src/stm32f30x_syscfg.c ****   *     @arg SYSCFG_IT_DZC: Divide-by-zero Interrupt
 320:/home/user/Desktop/STM32-Projekte/FH-Vertibot/src/STM32F30x_StdPeriph_Driver/src/stm32f30x_syscfg.c ****   *     @arg SYSCFG_IT_IOC: Invalid operation Interrupt
 321:/home/user/Desktop/STM32-Projekte/FH-Vertibot/src/STM32F30x_StdPeriph_Driver/src/stm32f30x_syscfg.c ****   * @param  NewState: new state of the specified SYSCFG interrupts.
 322:/home/user/Desktop/STM32-Projekte/FH-Vertibot/src/STM32F30x_StdPeriph_Driver/src/stm32f30x_syscfg.c ****   *         This parameter can be: ENABLE or DISABLE.
 323:/home/user/Desktop/STM32-Projekte/FH-Vertibot/src/STM32F30x_StdPeriph_Driver/src/stm32f30x_syscfg.c ****   * @retval None
 324:/home/user/Desktop/STM32-Projekte/FH-Vertibot/src/STM32F30x_StdPeriph_Driver/src/stm32f30x_syscfg.c ****   */
 325:/home/user/Desktop/STM32-Projekte/FH-Vertibot/src/STM32F30x_StdPeriph_Driver/src/stm32f30x_syscfg.c **** void SYSCFG_ITConfig(uint32_t SYSCFG_IT, FunctionalState NewState)  
 326:/home/user/Desktop/STM32-Projekte/FH-Vertibot/src/STM32F30x_StdPeriph_Driver/src/stm32f30x_syscfg.c **** {
 267              		.loc 1 326 0
 268              		.cfi_startproc
 269              		@ args = 0, pretend = 0, frame = 0
 270              		@ frame_needed = 0, uses_anonymous_args = 0
 271              		@ link register save eliminated.
 272              	.LVL19:
 273 00a8 044B     		ldr	r3, .L35
 327:/home/user/Desktop/STM32-Projekte/FH-Vertibot/src/STM32F30x_StdPeriph_Driver/src/stm32f30x_syscfg.c ****   /* Check the parameters */
 328:/home/user/Desktop/STM32-Projekte/FH-Vertibot/src/STM32F30x_StdPeriph_Driver/src/stm32f30x_syscfg.c ****   assert_param(IS_FUNCTIONAL_STATE(NewState));
 329:/home/user/Desktop/STM32-Projekte/FH-Vertibot/src/STM32F30x_StdPeriph_Driver/src/stm32f30x_syscfg.c ****   assert_param(IS_SYSCFG_IT(SYSCFG_IT)); 
 330:/home/user/Desktop/STM32-Projekte/FH-Vertibot/src/STM32F30x_StdPeriph_Driver/src/stm32f30x_syscfg.c **** 
 331:/home/user/Desktop/STM32-Projekte/FH-Vertibot/src/STM32F30x_StdPeriph_Driver/src/stm32f30x_syscfg.c ****   if (NewState != DISABLE)
 332:/home/user/Desktop/STM32-Projekte/FH-Vertibot/src/STM32F30x_StdPeriph_Driver/src/stm32f30x_syscfg.c ****   {
 333:/home/user/Desktop/STM32-Projekte/FH-Vertibot/src/STM32F30x_StdPeriph_Driver/src/stm32f30x_syscfg.c ****     /* Enable the selected SYSCFG interrupts */
 334:/home/user/Desktop/STM32-Projekte/FH-Vertibot/src/STM32F30x_StdPeriph_Driver/src/stm32f30x_syscfg.c ****     SYSCFG->CFGR1 |= SYSCFG_IT;
 274              		.loc 1 334 0
 275 00aa 1A68     		ldr	r2, [r3, #0]
 331:/home/user/Desktop/STM32-Projekte/FH-Vertibot/src/STM32F30x_StdPeriph_Driver/src/stm32f30x_syscfg.c ****   if (NewState != DISABLE)
 276              		.loc 1 331 0
 277 00ac 09B1     		cbz	r1, .L32
 278              		.loc 1 334 0
 279 00ae 1043     		orrs	r0, r0, r2
 280              	.LVL20:
 281 00b0 01E0     		b	.L34
 282              	.LVL21:
 283              	.L32:
 335:/home/user/Desktop/STM32-Projekte/FH-Vertibot/src/STM32F30x_StdPeriph_Driver/src/stm32f30x_syscfg.c ****   }
 336:/home/user/Desktop/STM32-Projekte/FH-Vertibot/src/STM32F30x_StdPeriph_Driver/src/stm32f30x_syscfg.c ****   else
 337:/home/user/Desktop/STM32-Projekte/FH-Vertibot/src/STM32F30x_StdPeriph_Driver/src/stm32f30x_syscfg.c ****   {
 338:/home/user/Desktop/STM32-Projekte/FH-Vertibot/src/STM32F30x_StdPeriph_Driver/src/stm32f30x_syscfg.c ****     /* Disable the selected SYSCFG interrupts */
 339:/home/user/Desktop/STM32-Projekte/FH-Vertibot/src/STM32F30x_StdPeriph_Driver/src/stm32f30x_syscfg.c ****     SYSCFG->CFGR1 &= ((uint32_t)~SYSCFG_IT);
 284              		.loc 1 339 0
 285 00b2 22EA0000 		bic	r0, r2, r0
 286              	.LVL22:
 287              	.L34:
 288 00b6 1860     		str	r0, [r3, #0]
 289 00b8 7047     		bx	lr
 290              	.L36:
 291 00ba 00BF     		.align	2
 292              	.L35:
 293 00bc 00000140 		.word	1073807360
 294              		.cfi_endproc
 295              	.LFE118:
 297              		.align	1
 298              		.global	SYSCFG_EXTILineConfig
 299              		.thumb
 300              		.thumb_func
 302              	SYSCFG_EXTILineConfig:
 303              	.LFB119:
 340:/home/user/Desktop/STM32-Projekte/FH-Vertibot/src/STM32F30x_StdPeriph_Driver/src/stm32f30x_syscfg.c ****   }
 341:/home/user/Desktop/STM32-Projekte/FH-Vertibot/src/STM32F30x_StdPeriph_Driver/src/stm32f30x_syscfg.c **** }
 342:/home/user/Desktop/STM32-Projekte/FH-Vertibot/src/STM32F30x_StdPeriph_Driver/src/stm32f30x_syscfg.c **** 
 343:/home/user/Desktop/STM32-Projekte/FH-Vertibot/src/STM32F30x_StdPeriph_Driver/src/stm32f30x_syscfg.c **** /**
 344:/home/user/Desktop/STM32-Projekte/FH-Vertibot/src/STM32F30x_StdPeriph_Driver/src/stm32f30x_syscfg.c ****   * @brief  Selects the GPIO pin used as EXTI Line.
 345:/home/user/Desktop/STM32-Projekte/FH-Vertibot/src/STM32F30x_StdPeriph_Driver/src/stm32f30x_syscfg.c ****   * @param  EXTI_PortSourceGPIOx : selects the GPIO port to be used as source 
 346:/home/user/Desktop/STM32-Projekte/FH-Vertibot/src/STM32F30x_StdPeriph_Driver/src/stm32f30x_syscfg.c ****   *                                for EXTI lines where x can be (A, B, C, D, E or F).
 347:/home/user/Desktop/STM32-Projekte/FH-Vertibot/src/STM32F30x_StdPeriph_Driver/src/stm32f30x_syscfg.c ****   * @param  EXTI_PinSourcex: specifies the EXTI line to be configured.
 348:/home/user/Desktop/STM32-Projekte/FH-Vertibot/src/STM32F30x_StdPeriph_Driver/src/stm32f30x_syscfg.c ****   *         This parameter can be EXTI_PinSourcex where x can be (0..15)
 349:/home/user/Desktop/STM32-Projekte/FH-Vertibot/src/STM32F30x_StdPeriph_Driver/src/stm32f30x_syscfg.c ****   * @retval None
 350:/home/user/Desktop/STM32-Projekte/FH-Vertibot/src/STM32F30x_StdPeriph_Driver/src/stm32f30x_syscfg.c ****   */
 351:/home/user/Desktop/STM32-Projekte/FH-Vertibot/src/STM32F30x_StdPeriph_Driver/src/stm32f30x_syscfg.c **** void SYSCFG_EXTILineConfig(uint8_t EXTI_PortSourceGPIOx, uint8_t EXTI_PinSourcex)
 352:/home/user/Desktop/STM32-Projekte/FH-Vertibot/src/STM32F30x_StdPeriph_Driver/src/stm32f30x_syscfg.c **** {
 304              		.loc 1 352 0
 305              		.cfi_startproc
 306              		@ args = 0, pretend = 0, frame = 0
 307              		@ frame_needed = 0, uses_anonymous_args = 0
 308              	.LVL23:
 353:/home/user/Desktop/STM32-Projekte/FH-Vertibot/src/STM32F30x_StdPeriph_Driver/src/stm32f30x_syscfg.c ****   uint32_t tmp = 0x00;
 354:/home/user/Desktop/STM32-Projekte/FH-Vertibot/src/STM32F30x_StdPeriph_Driver/src/stm32f30x_syscfg.c **** 
 355:/home/user/Desktop/STM32-Projekte/FH-Vertibot/src/STM32F30x_StdPeriph_Driver/src/stm32f30x_syscfg.c ****   /* Check the parameters */
 356:/home/user/Desktop/STM32-Projekte/FH-Vertibot/src/STM32F30x_StdPeriph_Driver/src/stm32f30x_syscfg.c ****   assert_param(IS_EXTI_PORT_SOURCE(EXTI_PortSourceGPIOx));
 357:/home/user/Desktop/STM32-Projekte/FH-Vertibot/src/STM32F30x_StdPeriph_Driver/src/stm32f30x_syscfg.c ****   assert_param(IS_EXTI_PIN_SOURCE(EXTI_PinSourcex));
 358:/home/user/Desktop/STM32-Projekte/FH-Vertibot/src/STM32F30x_StdPeriph_Driver/src/stm32f30x_syscfg.c ****   
 359:/home/user/Desktop/STM32-Projekte/FH-Vertibot/src/STM32F30x_StdPeriph_Driver/src/stm32f30x_syscfg.c ****   tmp = ((uint32_t)0x0F) << (0x04 * (EXTI_PinSourcex & (uint8_t)0x03));
 309              		.loc 1 359 0
 310 00c0 01F00302 		and	r2, r1, #3
 352:/home/user/Desktop/STM32-Projekte/FH-Vertibot/src/STM32F30x_StdPeriph_Driver/src/stm32f30x_syscfg.c **** {
 311              		.loc 1 352 0
 312 00c4 30B5     		push	{r4, r5, lr}
 313              	.LCFI0:
 314              		.cfi_def_cfa_offset 12
 315              		.cfi_offset 4, -12
 316              		.cfi_offset 5, -8
 317              		.cfi_offset 14, -4
 318              		.loc 1 359 0
 319 00c6 9200     		lsls	r2, r2, #2
 320              	.LVL24:
 321 00c8 0F24     		movs	r4, #15
 322 00ca 04FA02F4 		lsl	r4, r4, r2
 323              	.LVL25:
 360:/home/user/Desktop/STM32-Projekte/FH-Vertibot/src/STM32F30x_StdPeriph_Driver/src/stm32f30x_syscfg.c ****   SYSCFG->EXTICR[EXTI_PinSourcex >> 0x02] &= ~tmp;
 361:/home/user/Desktop/STM32-Projekte/FH-Vertibot/src/STM32F30x_StdPeriph_Driver/src/stm32f30x_syscfg.c ****   SYSCFG->EXTICR[EXTI_PinSourcex >> 0x02] |= (((uint32_t)EXTI_PortSourceGPIOx) << (0x04 * (EXTI_Pin
 324              		.loc 1 361 0
 325 00ce 00FA02F0 		lsl	r0, r0, r2
 326              	.LVL26:
 360:/home/user/Desktop/STM32-Projekte/FH-Vertibot/src/STM32F30x_StdPeriph_Driver/src/stm32f30x_syscfg.c ****   SYSCFG->EXTICR[EXTI_PinSourcex >> 0x02] &= ~tmp;
 327              		.loc 1 360 0
 328 00d2 074B     		ldr	r3, .L38
 329 00d4 8908     		lsrs	r1, r1, #2
 330              	.LVL27:
 331 00d6 0231     		adds	r1, r1, #2
 332 00d8 53F82150 		ldr	r5, [r3, r1, lsl #2]
 333 00dc 25EA0404 		bic	r4, r5, r4
 334              	.LVL28:
 335 00e0 43F82140 		str	r4, [r3, r1, lsl #2]
 336              		.loc 1 361 0
 337 00e4 53F82140 		ldr	r4, [r3, r1, lsl #2]
 338 00e8 0443     		orrs	r4, r4, r0
 339 00ea 43F82140 		str	r4, [r3, r1, lsl #2]
 340 00ee 30BD     		pop	{r4, r5, pc}
 341              	.L39:
 342              		.align	2
 343              	.L38:
 344 00f0 00000140 		.word	1073807360
 345              		.cfi_endproc
 346              	.LFE119:
 348              		.align	1
 349              		.global	SYSCFG_BreakConfig
 350              		.thumb
 351              		.thumb_func
 353              	SYSCFG_BreakConfig:
 354              	.LFB120:
 362:/home/user/Desktop/STM32-Projekte/FH-Vertibot/src/STM32F30x_StdPeriph_Driver/src/stm32f30x_syscfg.c **** }
 363:/home/user/Desktop/STM32-Projekte/FH-Vertibot/src/STM32F30x_StdPeriph_Driver/src/stm32f30x_syscfg.c **** 
 364:/home/user/Desktop/STM32-Projekte/FH-Vertibot/src/STM32F30x_StdPeriph_Driver/src/stm32f30x_syscfg.c **** /**
 365:/home/user/Desktop/STM32-Projekte/FH-Vertibot/src/STM32F30x_StdPeriph_Driver/src/stm32f30x_syscfg.c ****   * @brief  Connects the selected parameter to the break input of TIM1.
 366:/home/user/Desktop/STM32-Projekte/FH-Vertibot/src/STM32F30x_StdPeriph_Driver/src/stm32f30x_syscfg.c ****   * @note   The selected configuration is locked and can be unlocked by system reset
 367:/home/user/Desktop/STM32-Projekte/FH-Vertibot/src/STM32F30x_StdPeriph_Driver/src/stm32f30x_syscfg.c ****   * @param  SYSCFG_Break: selects the configuration to be connected to break
 368:/home/user/Desktop/STM32-Projekte/FH-Vertibot/src/STM32F30x_StdPeriph_Driver/src/stm32f30x_syscfg.c ****   *         input of TIM1
 369:/home/user/Desktop/STM32-Projekte/FH-Vertibot/src/STM32F30x_StdPeriph_Driver/src/stm32f30x_syscfg.c ****   *   This parameter can be any combination of the following values:
 370:/home/user/Desktop/STM32-Projekte/FH-Vertibot/src/STM32F30x_StdPeriph_Driver/src/stm32f30x_syscfg.c ****   *     @arg SYSCFG_Break_PVD: PVD interrupt is connected to the break input of TIM1.
 371:/home/user/Desktop/STM32-Projekte/FH-Vertibot/src/STM32F30x_StdPeriph_Driver/src/stm32f30x_syscfg.c ****   *     @arg SYSCFG_Break_SRAMParity: SRAM Parity error is connected to the break input of TIM1.
 372:/home/user/Desktop/STM32-Projekte/FH-Vertibot/src/STM32F30x_StdPeriph_Driver/src/stm32f30x_syscfg.c ****   *     @arg SYSCFG_Break_HardFault: Lockup output of CortexM4 is connected to the break input of T
 373:/home/user/Desktop/STM32-Projekte/FH-Vertibot/src/STM32F30x_StdPeriph_Driver/src/stm32f30x_syscfg.c ****   * @retval None
 374:/home/user/Desktop/STM32-Projekte/FH-Vertibot/src/STM32F30x_StdPeriph_Driver/src/stm32f30x_syscfg.c ****   */
 375:/home/user/Desktop/STM32-Projekte/FH-Vertibot/src/STM32F30x_StdPeriph_Driver/src/stm32f30x_syscfg.c **** void SYSCFG_BreakConfig(uint32_t SYSCFG_Break)
 376:/home/user/Desktop/STM32-Projekte/FH-Vertibot/src/STM32F30x_StdPeriph_Driver/src/stm32f30x_syscfg.c **** {
 355              		.loc 1 376 0
 356              		.cfi_startproc
 357              		@ args = 0, pretend = 0, frame = 0
 358              		@ frame_needed = 0, uses_anonymous_args = 0
 359              		@ link register save eliminated.
 360              	.LVL29:
 377:/home/user/Desktop/STM32-Projekte/FH-Vertibot/src/STM32F30x_StdPeriph_Driver/src/stm32f30x_syscfg.c ****   /* Check the parameter */
 378:/home/user/Desktop/STM32-Projekte/FH-Vertibot/src/STM32F30x_StdPeriph_Driver/src/stm32f30x_syscfg.c ****   assert_param(IS_SYSCFG_LOCK_CONFIG(SYSCFG_Break));
 379:/home/user/Desktop/STM32-Projekte/FH-Vertibot/src/STM32F30x_StdPeriph_Driver/src/stm32f30x_syscfg.c **** 
 380:/home/user/Desktop/STM32-Projekte/FH-Vertibot/src/STM32F30x_StdPeriph_Driver/src/stm32f30x_syscfg.c ****   SYSCFG->CFGR2 |= (uint32_t) SYSCFG_Break;
 361              		.loc 1 380 0
 362 00f4 024B     		ldr	r3, .L41
 363 00f6 9A69     		ldr	r2, [r3, #24]
 364 00f8 1043     		orrs	r0, r0, r2
 365              	.LVL30:
 366 00fa 9861     		str	r0, [r3, #24]
 367 00fc 7047     		bx	lr
 368              	.L42:
 369 00fe 00BF     		.align	2
 370              	.L41:
 371 0100 00000140 		.word	1073807360
 372              		.cfi_endproc
 373              	.LFE120:
 375              		.align	1
 376              		.global	SYSCFG_BypassParityCheckDisable
 377              		.thumb
 378              		.thumb_func
 380              	SYSCFG_BypassParityCheckDisable:
 381              	.LFB121:
 381:/home/user/Desktop/STM32-Projekte/FH-Vertibot/src/STM32F30x_StdPeriph_Driver/src/stm32f30x_syscfg.c **** }
 382:/home/user/Desktop/STM32-Projekte/FH-Vertibot/src/STM32F30x_StdPeriph_Driver/src/stm32f30x_syscfg.c **** 
 383:/home/user/Desktop/STM32-Projekte/FH-Vertibot/src/STM32F30x_StdPeriph_Driver/src/stm32f30x_syscfg.c **** /**
 384:/home/user/Desktop/STM32-Projekte/FH-Vertibot/src/STM32F30x_StdPeriph_Driver/src/stm32f30x_syscfg.c ****   * @brief  Disables the parity check on RAM.
 385:/home/user/Desktop/STM32-Projekte/FH-Vertibot/src/STM32F30x_StdPeriph_Driver/src/stm32f30x_syscfg.c ****   * @note   Disabling the parity check on RAM locks the configuration bit.
 386:/home/user/Desktop/STM32-Projekte/FH-Vertibot/src/STM32F30x_StdPeriph_Driver/src/stm32f30x_syscfg.c ****   *         To re-enable the parity check on RAM perform a system reset.  
 387:/home/user/Desktop/STM32-Projekte/FH-Vertibot/src/STM32F30x_StdPeriph_Driver/src/stm32f30x_syscfg.c ****   * @param  None
 388:/home/user/Desktop/STM32-Projekte/FH-Vertibot/src/STM32F30x_StdPeriph_Driver/src/stm32f30x_syscfg.c ****   * @retval None
 389:/home/user/Desktop/STM32-Projekte/FH-Vertibot/src/STM32F30x_StdPeriph_Driver/src/stm32f30x_syscfg.c ****   */
 390:/home/user/Desktop/STM32-Projekte/FH-Vertibot/src/STM32F30x_StdPeriph_Driver/src/stm32f30x_syscfg.c **** void SYSCFG_BypassParityCheckDisable(void)
 391:/home/user/Desktop/STM32-Projekte/FH-Vertibot/src/STM32F30x_StdPeriph_Driver/src/stm32f30x_syscfg.c **** {
 382              		.loc 1 391 0
 383              		.cfi_startproc
 384              		@ args = 0, pretend = 0, frame = 0
 385              		@ frame_needed = 0, uses_anonymous_args = 0
 386              		@ link register save eliminated.
 392:/home/user/Desktop/STM32-Projekte/FH-Vertibot/src/STM32F30x_StdPeriph_Driver/src/stm32f30x_syscfg.c ****   /* Disable the adddress parity check on RAM */
 393:/home/user/Desktop/STM32-Projekte/FH-Vertibot/src/STM32F30x_StdPeriph_Driver/src/stm32f30x_syscfg.c ****   *(__IO uint32_t *) CFGR1_BYPADDRPAR_BB = (uint32_t)0x00000001;
 387              		.loc 1 393 0
 388 0104 014B     		ldr	r3, .L44
 389 0106 0122     		movs	r2, #1
 390 0108 1A60     		str	r2, [r3, #0]
 391 010a 7047     		bx	lr
 392              	.L45:
 393              		.align	2
 394              	.L44:
 395 010c 10032042 		.word	1109394192
 396              		.cfi_endproc
 397              	.LFE121:
 399              		.align	1
 400              		.global	SYSCFG_SRAMWRPEnable
 401              		.thumb
 402              		.thumb_func
 404              	SYSCFG_SRAMWRPEnable:
 405              	.LFB122:
 394:/home/user/Desktop/STM32-Projekte/FH-Vertibot/src/STM32F30x_StdPeriph_Driver/src/stm32f30x_syscfg.c **** }
 395:/home/user/Desktop/STM32-Projekte/FH-Vertibot/src/STM32F30x_StdPeriph_Driver/src/stm32f30x_syscfg.c **** 
 396:/home/user/Desktop/STM32-Projekte/FH-Vertibot/src/STM32F30x_StdPeriph_Driver/src/stm32f30x_syscfg.c **** /**
 397:/home/user/Desktop/STM32-Projekte/FH-Vertibot/src/STM32F30x_StdPeriph_Driver/src/stm32f30x_syscfg.c ****   * @brief  Enables the ICODE SRAM write protection.
 398:/home/user/Desktop/STM32-Projekte/FH-Vertibot/src/STM32F30x_StdPeriph_Driver/src/stm32f30x_syscfg.c ****   * @note   Enabling the ICODE SRAM write protection locks the configuration bit.
 399:/home/user/Desktop/STM32-Projekte/FH-Vertibot/src/STM32F30x_StdPeriph_Driver/src/stm32f30x_syscfg.c ****   *         To disable the ICODE SRAM write protection perform a system reset.
 400:/home/user/Desktop/STM32-Projekte/FH-Vertibot/src/STM32F30x_StdPeriph_Driver/src/stm32f30x_syscfg.c ****   * @param  None
 401:/home/user/Desktop/STM32-Projekte/FH-Vertibot/src/STM32F30x_StdPeriph_Driver/src/stm32f30x_syscfg.c ****   * @retval None
 402:/home/user/Desktop/STM32-Projekte/FH-Vertibot/src/STM32F30x_StdPeriph_Driver/src/stm32f30x_syscfg.c ****   */
 403:/home/user/Desktop/STM32-Projekte/FH-Vertibot/src/STM32F30x_StdPeriph_Driver/src/stm32f30x_syscfg.c **** void SYSCFG_SRAMWRPEnable(uint32_t SYSCFG_SRAMWRP)
 404:/home/user/Desktop/STM32-Projekte/FH-Vertibot/src/STM32F30x_StdPeriph_Driver/src/stm32f30x_syscfg.c **** {
 406              		.loc 1 404 0
 407              		.cfi_startproc
 408              		@ args = 0, pretend = 0, frame = 0
 409              		@ frame_needed = 0, uses_anonymous_args = 0
 410              		@ link register save eliminated.
 411              	.LVL31:
 405:/home/user/Desktop/STM32-Projekte/FH-Vertibot/src/STM32F30x_StdPeriph_Driver/src/stm32f30x_syscfg.c ****   /* Check the parameter */
 406:/home/user/Desktop/STM32-Projekte/FH-Vertibot/src/STM32F30x_StdPeriph_Driver/src/stm32f30x_syscfg.c ****   assert_param(IS_SYSCFG_PAGE(SYSCFG_SRAMWRP));
 407:/home/user/Desktop/STM32-Projekte/FH-Vertibot/src/STM32F30x_StdPeriph_Driver/src/stm32f30x_syscfg.c **** 
 408:/home/user/Desktop/STM32-Projekte/FH-Vertibot/src/STM32F30x_StdPeriph_Driver/src/stm32f30x_syscfg.c ****   /* Enable the write-protection on the selected ICODE SRAM page */
 409:/home/user/Desktop/STM32-Projekte/FH-Vertibot/src/STM32F30x_StdPeriph_Driver/src/stm32f30x_syscfg.c ****   SYSCFG->RCR |= (uint32_t)SYSCFG_SRAMWRP;
 412              		.loc 1 409 0
 413 0110 024B     		ldr	r3, .L47
 414 0112 5A68     		ldr	r2, [r3, #4]
 415 0114 1043     		orrs	r0, r0, r2
 416              	.LVL32:
 417 0116 5860     		str	r0, [r3, #4]
 418 0118 7047     		bx	lr
 419              	.L48:
 420 011a 00BF     		.align	2
 421              	.L47:
 422 011c 00000140 		.word	1073807360
 423              		.cfi_endproc
 424              	.LFE122:
 426              		.align	1
 427              		.global	SYSCFG_GetFlagStatus
 428              		.thumb
 429              		.thumb_func
 431              	SYSCFG_GetFlagStatus:
 432              	.LFB123:
 410:/home/user/Desktop/STM32-Projekte/FH-Vertibot/src/STM32F30x_StdPeriph_Driver/src/stm32f30x_syscfg.c **** }
 411:/home/user/Desktop/STM32-Projekte/FH-Vertibot/src/STM32F30x_StdPeriph_Driver/src/stm32f30x_syscfg.c **** 
 412:/home/user/Desktop/STM32-Projekte/FH-Vertibot/src/STM32F30x_StdPeriph_Driver/src/stm32f30x_syscfg.c **** /**
 413:/home/user/Desktop/STM32-Projekte/FH-Vertibot/src/STM32F30x_StdPeriph_Driver/src/stm32f30x_syscfg.c ****   * @brief  Checks whether the specified SYSCFG flag is set or not.
 414:/home/user/Desktop/STM32-Projekte/FH-Vertibot/src/STM32F30x_StdPeriph_Driver/src/stm32f30x_syscfg.c ****   * @param  SYSCFG_Flag: specifies the SYSCFG flag to check. 
 415:/home/user/Desktop/STM32-Projekte/FH-Vertibot/src/STM32F30x_StdPeriph_Driver/src/stm32f30x_syscfg.c ****   *   This parameter can be one of the following values:
 416:/home/user/Desktop/STM32-Projekte/FH-Vertibot/src/STM32F30x_StdPeriph_Driver/src/stm32f30x_syscfg.c ****   *     @arg SYSCFG_FLAG_PE: SRAM parity error flag.
 417:/home/user/Desktop/STM32-Projekte/FH-Vertibot/src/STM32F30x_StdPeriph_Driver/src/stm32f30x_syscfg.c ****   * @retval The new state of SYSCFG_Flag (SET or RESET).
 418:/home/user/Desktop/STM32-Projekte/FH-Vertibot/src/STM32F30x_StdPeriph_Driver/src/stm32f30x_syscfg.c ****   */
 419:/home/user/Desktop/STM32-Projekte/FH-Vertibot/src/STM32F30x_StdPeriph_Driver/src/stm32f30x_syscfg.c **** FlagStatus SYSCFG_GetFlagStatus(uint32_t SYSCFG_Flag)
 420:/home/user/Desktop/STM32-Projekte/FH-Vertibot/src/STM32F30x_StdPeriph_Driver/src/stm32f30x_syscfg.c **** {
 433              		.loc 1 420 0
 434              		.cfi_startproc
 435              		@ args = 0, pretend = 0, frame = 0
 436              		@ frame_needed = 0, uses_anonymous_args = 0
 437              		@ link register save eliminated.
 438              	.LVL33:
 421:/home/user/Desktop/STM32-Projekte/FH-Vertibot/src/STM32F30x_StdPeriph_Driver/src/stm32f30x_syscfg.c ****   FlagStatus bitstatus = RESET;
 422:/home/user/Desktop/STM32-Projekte/FH-Vertibot/src/STM32F30x_StdPeriph_Driver/src/stm32f30x_syscfg.c **** 
 423:/home/user/Desktop/STM32-Projekte/FH-Vertibot/src/STM32F30x_StdPeriph_Driver/src/stm32f30x_syscfg.c ****   /* Check the parameter */
 424:/home/user/Desktop/STM32-Projekte/FH-Vertibot/src/STM32F30x_StdPeriph_Driver/src/stm32f30x_syscfg.c ****   assert_param(IS_SYSCFG_FLAG(SYSCFG_Flag));
 425:/home/user/Desktop/STM32-Projekte/FH-Vertibot/src/STM32F30x_StdPeriph_Driver/src/stm32f30x_syscfg.c **** 
 426:/home/user/Desktop/STM32-Projekte/FH-Vertibot/src/STM32F30x_StdPeriph_Driver/src/stm32f30x_syscfg.c ****   /* Check the status of the specified SPI flag */
 427:/home/user/Desktop/STM32-Projekte/FH-Vertibot/src/STM32F30x_StdPeriph_Driver/src/stm32f30x_syscfg.c ****   if ((SYSCFG->CFGR2 & SYSCFG_CFGR2_SRAM_PE) != (uint32_t)RESET)
 439              		.loc 1 427 0
 440 0120 024B     		ldr	r3, .L50
 441 0122 9869     		ldr	r0, [r3, #24]
 442              	.LVL34:
 428:/home/user/Desktop/STM32-Projekte/FH-Vertibot/src/STM32F30x_StdPeriph_Driver/src/stm32f30x_syscfg.c ****   {
 429:/home/user/Desktop/STM32-Projekte/FH-Vertibot/src/STM32F30x_StdPeriph_Driver/src/stm32f30x_syscfg.c ****     /* SYSCFG_Flag is set */
 430:/home/user/Desktop/STM32-Projekte/FH-Vertibot/src/STM32F30x_StdPeriph_Driver/src/stm32f30x_syscfg.c ****     bitstatus = SET;
 431:/home/user/Desktop/STM32-Projekte/FH-Vertibot/src/STM32F30x_StdPeriph_Driver/src/stm32f30x_syscfg.c ****   }
 432:/home/user/Desktop/STM32-Projekte/FH-Vertibot/src/STM32F30x_StdPeriph_Driver/src/stm32f30x_syscfg.c ****   else
 433:/home/user/Desktop/STM32-Projekte/FH-Vertibot/src/STM32F30x_StdPeriph_Driver/src/stm32f30x_syscfg.c ****   {
 434:/home/user/Desktop/STM32-Projekte/FH-Vertibot/src/STM32F30x_StdPeriph_Driver/src/stm32f30x_syscfg.c ****     /* SYSCFG_Flag is reset */
 435:/home/user/Desktop/STM32-Projekte/FH-Vertibot/src/STM32F30x_StdPeriph_Driver/src/stm32f30x_syscfg.c ****     bitstatus = RESET;
 436:/home/user/Desktop/STM32-Projekte/FH-Vertibot/src/STM32F30x_StdPeriph_Driver/src/stm32f30x_syscfg.c ****   }
 437:/home/user/Desktop/STM32-Projekte/FH-Vertibot/src/STM32F30x_StdPeriph_Driver/src/stm32f30x_syscfg.c ****   /* Return the SYSCFG_Flag status */
 438:/home/user/Desktop/STM32-Projekte/FH-Vertibot/src/STM32F30x_StdPeriph_Driver/src/stm32f30x_syscfg.c ****   return  bitstatus;
 439:/home/user/Desktop/STM32-Projekte/FH-Vertibot/src/STM32F30x_StdPeriph_Driver/src/stm32f30x_syscfg.c **** }
 443              		.loc 1 439 0
 444 0124 C0F30020 		ubfx	r0, r0, #8, #1
 445              	.LVL35:
 446 0128 7047     		bx	lr
 447              	.L51:
 448 012a 00BF     		.align	2
 449              	.L50:
 450 012c 00000140 		.word	1073807360
 451              		.cfi_endproc
 452              	.LFE123:
 454              		.align	1
 455              		.global	SYSCFG_ClearFlag
 456              		.thumb
 457              		.thumb_func
 459              	SYSCFG_ClearFlag:
 460              	.LFB124:
 440:/home/user/Desktop/STM32-Projekte/FH-Vertibot/src/STM32F30x_StdPeriph_Driver/src/stm32f30x_syscfg.c **** 
 441:/home/user/Desktop/STM32-Projekte/FH-Vertibot/src/STM32F30x_StdPeriph_Driver/src/stm32f30x_syscfg.c **** /**
 442:/home/user/Desktop/STM32-Projekte/FH-Vertibot/src/STM32F30x_StdPeriph_Driver/src/stm32f30x_syscfg.c ****   * @brief  Clears the selected SYSCFG flag.
 443:/home/user/Desktop/STM32-Projekte/FH-Vertibot/src/STM32F30x_StdPeriph_Driver/src/stm32f30x_syscfg.c ****   * @param  SYSCFG_Flag: selects the flag to be cleared.
 444:/home/user/Desktop/STM32-Projekte/FH-Vertibot/src/STM32F30x_StdPeriph_Driver/src/stm32f30x_syscfg.c ****   *   This parameter can be any combination of the following values:
 445:/home/user/Desktop/STM32-Projekte/FH-Vertibot/src/STM32F30x_StdPeriph_Driver/src/stm32f30x_syscfg.c ****   *     @arg SYSCFG_FLAG_PE: SRAM parity error flag.
 446:/home/user/Desktop/STM32-Projekte/FH-Vertibot/src/STM32F30x_StdPeriph_Driver/src/stm32f30x_syscfg.c ****   * @retval None
 447:/home/user/Desktop/STM32-Projekte/FH-Vertibot/src/STM32F30x_StdPeriph_Driver/src/stm32f30x_syscfg.c ****   */
 448:/home/user/Desktop/STM32-Projekte/FH-Vertibot/src/STM32F30x_StdPeriph_Driver/src/stm32f30x_syscfg.c **** void SYSCFG_ClearFlag(uint32_t SYSCFG_Flag)
 449:/home/user/Desktop/STM32-Projekte/FH-Vertibot/src/STM32F30x_StdPeriph_Driver/src/stm32f30x_syscfg.c **** {
 461              		.loc 1 449 0
 462              		.cfi_startproc
 463              		@ args = 0, pretend = 0, frame = 0
 464              		@ frame_needed = 0, uses_anonymous_args = 0
 465              		@ link register save eliminated.
 466              	.LVL36:
 450:/home/user/Desktop/STM32-Projekte/FH-Vertibot/src/STM32F30x_StdPeriph_Driver/src/stm32f30x_syscfg.c ****   /* Check the parameter */
 451:/home/user/Desktop/STM32-Projekte/FH-Vertibot/src/STM32F30x_StdPeriph_Driver/src/stm32f30x_syscfg.c ****   assert_param(IS_SYSCFG_FLAG(SYSCFG_Flag));
 452:/home/user/Desktop/STM32-Projekte/FH-Vertibot/src/STM32F30x_StdPeriph_Driver/src/stm32f30x_syscfg.c **** 
 453:/home/user/Desktop/STM32-Projekte/FH-Vertibot/src/STM32F30x_StdPeriph_Driver/src/stm32f30x_syscfg.c ****   SYSCFG->CFGR2 |= (uint32_t) SYSCFG_Flag;
 467              		.loc 1 453 0
 468 0130 024B     		ldr	r3, .L53
 469 0132 9A69     		ldr	r2, [r3, #24]
 470 0134 1043     		orrs	r0, r0, r2
 471              	.LVL37:
 472 0136 9861     		str	r0, [r3, #24]
 473 0138 7047     		bx	lr
 474              	.L54:
 475 013a 00BF     		.align	2
 476              	.L53:
 477 013c 00000140 		.word	1073807360
 478              		.cfi_endproc
 479              	.LFE124:
 481              	.Letext0:
 482              		.file 2 "/opt/CodeSourcery/Sourcery_CodeBench_Lite_for_ARM_EABI/bin/../lib/gcc/arm-none-eabi/4.7.2
 483              		.file 3 "/home/user/Desktop/STM32-Projekte/FH-Vertibot/src/CMSIS/Device/ST/STM32F30x/Include/stm32
 484              		.file 4 "/home/user/Desktop/STM32-Projekte/FH-Vertibot/src/CMSIS/Include/core_cm4.h"
DEFINED SYMBOLS
                            *ABS*:00000000 stm32f30x_syscfg.c
     /tmp/ccutGbNN.s:18     .text:00000000 $t
     /tmp/ccutGbNN.s:23     .text:00000000 SYSCFG_DeInit
     /tmp/ccutGbNN.s:57     .text:00000024 $d
     /tmp/ccutGbNN.s:61     .text:00000028 $t
     /tmp/ccutGbNN.s:66     .text:00000028 SYSCFG_MemoryRemapConfig
     /tmp/ccutGbNN.s:90     .text:00000038 $d
     /tmp/ccutGbNN.s:94     .text:0000003c $t
     /tmp/ccutGbNN.s:99     .text:0000003c SYSCFG_DMAChannelRemapConfig
     /tmp/ccutGbNN.s:127    .text:00000050 $d
     /tmp/ccutGbNN.s:131    .text:00000054 $t
     /tmp/ccutGbNN.s:136    .text:00000054 SYSCFG_TriggerRemapConfig
     /tmp/ccutGbNN.s:164    .text:00000068 $d
     /tmp/ccutGbNN.s:168    .text:0000006c $t
     /tmp/ccutGbNN.s:173    .text:0000006c SYSCFG_EncoderRemapConfig
     /tmp/ccutGbNN.s:195    .text:00000080 $d
     /tmp/ccutGbNN.s:199    .text:00000084 $t
     /tmp/ccutGbNN.s:204    .text:00000084 SYSCFG_USBInterruptLineRemapCmd
     /tmp/ccutGbNN.s:219    .text:0000008c $d
     /tmp/ccutGbNN.s:223    .text:00000090 $t
     /tmp/ccutGbNN.s:228    .text:00000090 SYSCFG_I2CFastModePlusConfig
     /tmp/ccutGbNN.s:256    .text:000000a4 $d
     /tmp/ccutGbNN.s:260    .text:000000a8 $t
     /tmp/ccutGbNN.s:265    .text:000000a8 SYSCFG_ITConfig
     /tmp/ccutGbNN.s:293    .text:000000bc $d
     /tmp/ccutGbNN.s:297    .text:000000c0 $t
     /tmp/ccutGbNN.s:302    .text:000000c0 SYSCFG_EXTILineConfig
     /tmp/ccutGbNN.s:344    .text:000000f0 $d
     /tmp/ccutGbNN.s:348    .text:000000f4 $t
     /tmp/ccutGbNN.s:353    .text:000000f4 SYSCFG_BreakConfig
     /tmp/ccutGbNN.s:371    .text:00000100 $d
     /tmp/ccutGbNN.s:375    .text:00000104 $t
     /tmp/ccutGbNN.s:380    .text:00000104 SYSCFG_BypassParityCheckDisable
     /tmp/ccutGbNN.s:395    .text:0000010c $d
     /tmp/ccutGbNN.s:399    .text:00000110 $t
     /tmp/ccutGbNN.s:404    .text:00000110 SYSCFG_SRAMWRPEnable
     /tmp/ccutGbNN.s:422    .text:0000011c $d
     /tmp/ccutGbNN.s:426    .text:00000120 $t
     /tmp/ccutGbNN.s:431    .text:00000120 SYSCFG_GetFlagStatus
     /tmp/ccutGbNN.s:450    .text:0000012c $d
     /tmp/ccutGbNN.s:454    .text:00000130 $t
     /tmp/ccutGbNN.s:459    .text:00000130 SYSCFG_ClearFlag
     /tmp/ccutGbNN.s:477    .text:0000013c $d
                     .debug_frame:00000010 $d
                           .group:00000000 wm4.1.4549fa27c92e72ea66ffdb0399fbe8da
                           .group:00000000 wm4.stm32f30x.h.54.c7b24f715ee55ef38656f44540ae3be6
                           .group:00000000 wm4.core_cm4.h.32.2441f2e49dd40451ba4254637c879d0c
                           .group:00000000 wm4.stdint.h.10.90b695f550ca6cc3fb08fa83baf01e05
                           .group:00000000 wm4.core_cmInstr.h.25.d8165482ef3061013a2fc83e2d85f3d9
                           .group:00000000 wm4.core_cm4_simd.h.29.013e5bcf58dba2d27c60184174208e07
                           .group:00000000 wm4.core_cm4.h.155.cf7c793e178943e1bbf613f1b21cd51a
                           .group:00000000 wm4.stm32f30x.h.292.5f9271075d54fc48f1e25ff79df85cb2
                           .group:00000000 wm4.stm32f30x_adc.h.130.cbebad91f78fb87381fe0860eea6104e
                           .group:00000000 wm4.stm32f30x_comp.h.31.9bbc5f5f1a849069ea9062fbe7b81435
                           .group:00000000 wm4.stm32f30x_dma.h.31.73d173fa6d60026d432f3cf1d2fc4407
                           .group:00000000 wm4.stm32f30x_exti.h.31.22e280aa6e095108654ac8d3c74a2409
                           .group:00000000 wm4.stm32f30x_flash.h.31.bee86dc3079b7049419bdbeec073e2cd
                           .group:00000000 wm4.stm32f30x_gpio.h.31.3745297fee3728b346ad4d2a2467e40f
                           .group:00000000 wm4.stm32f30x_i2c.h.31.52025acd7f154308042bf46a2835e9d3
                           .group:00000000 wm4.stm32f30x_pwr.h.31.cdef322c6e7f25cfc29954045d24e9b8
                           .group:00000000 wm4.stm32f30x_rcc.h.31.3b94c1144b21d1e4fe780e4d1a02d257
                           .group:00000000 wm4.stm32f30x_spi.h.31.c1ebebab897d23cecc617ec8ad9fd534
                           .group:00000000 wm4.stm32f30x_tim.h.31.336f9cd855fb4e2cd819ac260ded6518
                           .group:00000000 wm4.stm32f30x_usart.h.31.cd85313e29c0a128555b4a7b8ec0f487
                           .group:00000000 wm4.stm32f30x_misc.h.31.f08b0e9f53f0471613b5131bb95f8725
                           .group:00000000 wm4.stm32f30x.h.6173.8b641ba1d9b0040eda9120fe8a414b2d
                           .group:00000000 wm4.stm32f30x_syscfg.h.58.4cadeb4ec8e47d36b972bbb6b96b7161

NO UNDEFINED SYMBOLS
