   1              		.syntax unified
   2              		.cpu cortex-m4
   3              		.eabi_attribute 27, 3
   4              		.eabi_attribute 28, 1
   5              		.fpu fpv4-sp-d16
   6              		.eabi_attribute 20, 1
   7              		.eabi_attribute 21, 1
   8              		.eabi_attribute 23, 3
   9              		.eabi_attribute 24, 1
  10              		.eabi_attribute 25, 1
  11              		.eabi_attribute 26, 1
  12              		.eabi_attribute 30, 4
  13              		.eabi_attribute 34, 1
  14              		.eabi_attribute 18, 4
  15              		.thumb
  16              		.file	"stm32f30x_wwdg.c"
  17              		.text
  18              	.Ltext0:
  19              		.cfi_sections	.debug_frame
  20              		.align	1
  21              		.global	WWDG_DeInit
  22              		.thumb
  23              		.thumb_func
  25              	WWDG_DeInit:
  26              	.LFB111:
  27              		.file 1 "/home/user/Desktop/STM32-Projekte/FH-Vertibot/src/STM32F30x_StdPeriph_Driver/src/stm32f30
   1:/home/user/Desktop/STM32-Projekte/FH-Vertibot/src/STM32F30x_StdPeriph_Driver/src/stm32f30x_wwdg.c **** /**
   2:/home/user/Desktop/STM32-Projekte/FH-Vertibot/src/STM32F30x_StdPeriph_Driver/src/stm32f30x_wwdg.c ****   ******************************************************************************
   3:/home/user/Desktop/STM32-Projekte/FH-Vertibot/src/STM32F30x_StdPeriph_Driver/src/stm32f30x_wwdg.c ****   * @file    stm32f30x_wwdg.c
   4:/home/user/Desktop/STM32-Projekte/FH-Vertibot/src/STM32F30x_StdPeriph_Driver/src/stm32f30x_wwdg.c ****   * @author  MCD Application Team
   5:/home/user/Desktop/STM32-Projekte/FH-Vertibot/src/STM32F30x_StdPeriph_Driver/src/stm32f30x_wwdg.c ****   * @version V1.0.1
   6:/home/user/Desktop/STM32-Projekte/FH-Vertibot/src/STM32F30x_StdPeriph_Driver/src/stm32f30x_wwdg.c ****   * @date    23-October-2012
   7:/home/user/Desktop/STM32-Projekte/FH-Vertibot/src/STM32F30x_StdPeriph_Driver/src/stm32f30x_wwdg.c ****   * @brief   This file provides firmware functions to manage the following 
   8:/home/user/Desktop/STM32-Projekte/FH-Vertibot/src/STM32F30x_StdPeriph_Driver/src/stm32f30x_wwdg.c ****   *          functionalities of the Window watchdog (WWDG) peripheral:
   9:/home/user/Desktop/STM32-Projekte/FH-Vertibot/src/STM32F30x_StdPeriph_Driver/src/stm32f30x_wwdg.c ****   *           + Prescaler, Refresh window and Counter configuration
  10:/home/user/Desktop/STM32-Projekte/FH-Vertibot/src/STM32F30x_StdPeriph_Driver/src/stm32f30x_wwdg.c ****   *           + WWDG activation
  11:/home/user/Desktop/STM32-Projekte/FH-Vertibot/src/STM32F30x_StdPeriph_Driver/src/stm32f30x_wwdg.c ****   *           + Interrupts and flags management
  12:/home/user/Desktop/STM32-Projekte/FH-Vertibot/src/STM32F30x_StdPeriph_Driver/src/stm32f30x_wwdg.c ****   *             
  13:/home/user/Desktop/STM32-Projekte/FH-Vertibot/src/STM32F30x_StdPeriph_Driver/src/stm32f30x_wwdg.c ****   *  @verbatim
  14:/home/user/Desktop/STM32-Projekte/FH-Vertibot/src/STM32F30x_StdPeriph_Driver/src/stm32f30x_wwdg.c ****   *    
  15:/home/user/Desktop/STM32-Projekte/FH-Vertibot/src/STM32F30x_StdPeriph_Driver/src/stm32f30x_wwdg.c ****   ==============================================================================
  16:/home/user/Desktop/STM32-Projekte/FH-Vertibot/src/STM32F30x_StdPeriph_Driver/src/stm32f30x_wwdg.c ****                            ##### WWDG features #####
  17:/home/user/Desktop/STM32-Projekte/FH-Vertibot/src/STM32F30x_StdPeriph_Driver/src/stm32f30x_wwdg.c ****   ==============================================================================
  18:/home/user/Desktop/STM32-Projekte/FH-Vertibot/src/STM32F30x_StdPeriph_Driver/src/stm32f30x_wwdg.c ****                                         
  19:/home/user/Desktop/STM32-Projekte/FH-Vertibot/src/STM32F30x_StdPeriph_Driver/src/stm32f30x_wwdg.c ****     [..] Once enabled the WWDG generates a system reset on expiry of a programmed
  20:/home/user/Desktop/STM32-Projekte/FH-Vertibot/src/STM32F30x_StdPeriph_Driver/src/stm32f30x_wwdg.c ****         time period, unless the program refreshes the counter (downcounter) 
  21:/home/user/Desktop/STM32-Projekte/FH-Vertibot/src/STM32F30x_StdPeriph_Driver/src/stm32f30x_wwdg.c ****         before to reach 0x3F value (i.e. a reset is generated when the counter
  22:/home/user/Desktop/STM32-Projekte/FH-Vertibot/src/STM32F30x_StdPeriph_Driver/src/stm32f30x_wwdg.c ****         value rolls over from 0x40 to 0x3F). 
  23:/home/user/Desktop/STM32-Projekte/FH-Vertibot/src/STM32F30x_StdPeriph_Driver/src/stm32f30x_wwdg.c ****     [..] An MCU reset is also generated if the counter value is refreshed
  24:/home/user/Desktop/STM32-Projekte/FH-Vertibot/src/STM32F30x_StdPeriph_Driver/src/stm32f30x_wwdg.c ****         before the counter has reached the refresh window value. This 
  25:/home/user/Desktop/STM32-Projekte/FH-Vertibot/src/STM32F30x_StdPeriph_Driver/src/stm32f30x_wwdg.c ****         implies that the counter must be refreshed in a limited window.
  26:/home/user/Desktop/STM32-Projekte/FH-Vertibot/src/STM32F30x_StdPeriph_Driver/src/stm32f30x_wwdg.c ****             
  27:/home/user/Desktop/STM32-Projekte/FH-Vertibot/src/STM32F30x_StdPeriph_Driver/src/stm32f30x_wwdg.c ****     [..] Once enabled the WWDG cannot be disabled except by a system reset.
  28:/home/user/Desktop/STM32-Projekte/FH-Vertibot/src/STM32F30x_StdPeriph_Driver/src/stm32f30x_wwdg.c ****          
  29:/home/user/Desktop/STM32-Projekte/FH-Vertibot/src/STM32F30x_StdPeriph_Driver/src/stm32f30x_wwdg.c ****     [..] WWDGRST flag in RCC_CSR register can be used to inform when a WWDG
  30:/home/user/Desktop/STM32-Projekte/FH-Vertibot/src/STM32F30x_StdPeriph_Driver/src/stm32f30x_wwdg.c ****         reset occurs.
  31:/home/user/Desktop/STM32-Projekte/FH-Vertibot/src/STM32F30x_StdPeriph_Driver/src/stm32f30x_wwdg.c ****             
  32:/home/user/Desktop/STM32-Projekte/FH-Vertibot/src/STM32F30x_StdPeriph_Driver/src/stm32f30x_wwdg.c ****     [..] The WWDG counter input clock is derived from the APB clock divided 
  33:/home/user/Desktop/STM32-Projekte/FH-Vertibot/src/STM32F30x_StdPeriph_Driver/src/stm32f30x_wwdg.c ****         by a programmable prescaler.
  34:/home/user/Desktop/STM32-Projekte/FH-Vertibot/src/STM32F30x_StdPeriph_Driver/src/stm32f30x_wwdg.c ****               
  35:/home/user/Desktop/STM32-Projekte/FH-Vertibot/src/STM32F30x_StdPeriph_Driver/src/stm32f30x_wwdg.c ****     [..] WWDG counter clock = PCLK1 / Prescaler.
  36:/home/user/Desktop/STM32-Projekte/FH-Vertibot/src/STM32F30x_StdPeriph_Driver/src/stm32f30x_wwdg.c ****     [..] WWDG timeout = (WWDG counter clock) * (counter value).
  37:/home/user/Desktop/STM32-Projekte/FH-Vertibot/src/STM32F30x_StdPeriph_Driver/src/stm32f30x_wwdg.c ****                      
  38:/home/user/Desktop/STM32-Projekte/FH-Vertibot/src/STM32F30x_StdPeriph_Driver/src/stm32f30x_wwdg.c ****     [..] Min-max timeout value @36MHz (PCLK1): ~114us / ~58.3ms. 
  39:/home/user/Desktop/STM32-Projekte/FH-Vertibot/src/STM32F30x_StdPeriph_Driver/src/stm32f30x_wwdg.c **** 
  40:/home/user/Desktop/STM32-Projekte/FH-Vertibot/src/STM32F30x_StdPeriph_Driver/src/stm32f30x_wwdg.c ****                      ##### How to use this driver #####
  41:/home/user/Desktop/STM32-Projekte/FH-Vertibot/src/STM32F30x_StdPeriph_Driver/src/stm32f30x_wwdg.c ****   ============================================================================== 
  42:/home/user/Desktop/STM32-Projekte/FH-Vertibot/src/STM32F30x_StdPeriph_Driver/src/stm32f30x_wwdg.c ****     [..]         
  43:/home/user/Desktop/STM32-Projekte/FH-Vertibot/src/STM32F30x_StdPeriph_Driver/src/stm32f30x_wwdg.c ****           (#) Enable WWDG clock using RCC_APB1PeriphClockCmd(RCC_APB1Periph_WWDG, ENABLE) 
  44:/home/user/Desktop/STM32-Projekte/FH-Vertibot/src/STM32F30x_StdPeriph_Driver/src/stm32f30x_wwdg.c ****               function.
  45:/home/user/Desktop/STM32-Projekte/FH-Vertibot/src/STM32F30x_StdPeriph_Driver/src/stm32f30x_wwdg.c ****             
  46:/home/user/Desktop/STM32-Projekte/FH-Vertibot/src/STM32F30x_StdPeriph_Driver/src/stm32f30x_wwdg.c ****           (#) Configure the WWDG prescaler using WWDG_SetPrescaler() function.
  47:/home/user/Desktop/STM32-Projekte/FH-Vertibot/src/STM32F30x_StdPeriph_Driver/src/stm32f30x_wwdg.c ****                            
  48:/home/user/Desktop/STM32-Projekte/FH-Vertibot/src/STM32F30x_StdPeriph_Driver/src/stm32f30x_wwdg.c ****           (#) Configure the WWDG refresh window using WWDG_SetWindowValue() function.
  49:/home/user/Desktop/STM32-Projekte/FH-Vertibot/src/STM32F30x_StdPeriph_Driver/src/stm32f30x_wwdg.c ****             
  50:/home/user/Desktop/STM32-Projekte/FH-Vertibot/src/STM32F30x_StdPeriph_Driver/src/stm32f30x_wwdg.c ****           (#) Set the WWDG counter value and start it using WWDG_Enable() function.
  51:/home/user/Desktop/STM32-Projekte/FH-Vertibot/src/STM32F30x_StdPeriph_Driver/src/stm32f30x_wwdg.c ****              When the WWDG is enabled the counter value should be configured to 
  52:/home/user/Desktop/STM32-Projekte/FH-Vertibot/src/STM32F30x_StdPeriph_Driver/src/stm32f30x_wwdg.c ****              a value greater than 0x40 to prevent generating an immediate reset.     
  53:/home/user/Desktop/STM32-Projekte/FH-Vertibot/src/STM32F30x_StdPeriph_Driver/src/stm32f30x_wwdg.c ****             
  54:/home/user/Desktop/STM32-Projekte/FH-Vertibot/src/STM32F30x_StdPeriph_Driver/src/stm32f30x_wwdg.c ****           (#) Optionally you can enable the Early wakeup interrupt which is 
  55:/home/user/Desktop/STM32-Projekte/FH-Vertibot/src/STM32F30x_StdPeriph_Driver/src/stm32f30x_wwdg.c ****              generated when the counter reach 0x40.
  56:/home/user/Desktop/STM32-Projekte/FH-Vertibot/src/STM32F30x_StdPeriph_Driver/src/stm32f30x_wwdg.c ****              Once enabled this interrupt cannot be disabled except by a system reset.
  57:/home/user/Desktop/STM32-Projekte/FH-Vertibot/src/STM32F30x_StdPeriph_Driver/src/stm32f30x_wwdg.c ****                  
  58:/home/user/Desktop/STM32-Projekte/FH-Vertibot/src/STM32F30x_StdPeriph_Driver/src/stm32f30x_wwdg.c ****           (#) Then the application program must refresh the WWDG counter at regular
  59:/home/user/Desktop/STM32-Projekte/FH-Vertibot/src/STM32F30x_StdPeriph_Driver/src/stm32f30x_wwdg.c ****              intervals during normal operation to prevent an MCU reset, using
  60:/home/user/Desktop/STM32-Projekte/FH-Vertibot/src/STM32F30x_StdPeriph_Driver/src/stm32f30x_wwdg.c ****              WWDG_SetCounter() function. This operation must occur only when
  61:/home/user/Desktop/STM32-Projekte/FH-Vertibot/src/STM32F30x_StdPeriph_Driver/src/stm32f30x_wwdg.c ****              the counter value is lower than the refresh window value, 
  62:/home/user/Desktop/STM32-Projekte/FH-Vertibot/src/STM32F30x_StdPeriph_Driver/src/stm32f30x_wwdg.c ****              programmed using WWDG_SetWindowValue().         
  63:/home/user/Desktop/STM32-Projekte/FH-Vertibot/src/STM32F30x_StdPeriph_Driver/src/stm32f30x_wwdg.c **** 
  64:/home/user/Desktop/STM32-Projekte/FH-Vertibot/src/STM32F30x_StdPeriph_Driver/src/stm32f30x_wwdg.c ****   @endverbatim  
  65:/home/user/Desktop/STM32-Projekte/FH-Vertibot/src/STM32F30x_StdPeriph_Driver/src/stm32f30x_wwdg.c ****                              
  66:/home/user/Desktop/STM32-Projekte/FH-Vertibot/src/STM32F30x_StdPeriph_Driver/src/stm32f30x_wwdg.c ****   ******************************************************************************
  67:/home/user/Desktop/STM32-Projekte/FH-Vertibot/src/STM32F30x_StdPeriph_Driver/src/stm32f30x_wwdg.c ****   * @attention
  68:/home/user/Desktop/STM32-Projekte/FH-Vertibot/src/STM32F30x_StdPeriph_Driver/src/stm32f30x_wwdg.c ****   *
  69:/home/user/Desktop/STM32-Projekte/FH-Vertibot/src/STM32F30x_StdPeriph_Driver/src/stm32f30x_wwdg.c ****   * <h2><center>&copy; COPYRIGHT 2012 STMicroelectronics</center></h2>
  70:/home/user/Desktop/STM32-Projekte/FH-Vertibot/src/STM32F30x_StdPeriph_Driver/src/stm32f30x_wwdg.c ****   *
  71:/home/user/Desktop/STM32-Projekte/FH-Vertibot/src/STM32F30x_StdPeriph_Driver/src/stm32f30x_wwdg.c ****   * Licensed under MCD-ST Liberty SW License Agreement V2, (the "License");
  72:/home/user/Desktop/STM32-Projekte/FH-Vertibot/src/STM32F30x_StdPeriph_Driver/src/stm32f30x_wwdg.c ****   * You may not use this file except in compliance with the License.
  73:/home/user/Desktop/STM32-Projekte/FH-Vertibot/src/STM32F30x_StdPeriph_Driver/src/stm32f30x_wwdg.c ****   * You may obtain a copy of the License at:
  74:/home/user/Desktop/STM32-Projekte/FH-Vertibot/src/STM32F30x_StdPeriph_Driver/src/stm32f30x_wwdg.c ****   *
  75:/home/user/Desktop/STM32-Projekte/FH-Vertibot/src/STM32F30x_StdPeriph_Driver/src/stm32f30x_wwdg.c ****   *        http://www.st.com/software_license_agreement_liberty_v2
  76:/home/user/Desktop/STM32-Projekte/FH-Vertibot/src/STM32F30x_StdPeriph_Driver/src/stm32f30x_wwdg.c ****   *
  77:/home/user/Desktop/STM32-Projekte/FH-Vertibot/src/STM32F30x_StdPeriph_Driver/src/stm32f30x_wwdg.c ****   * Unless required by applicable law or agreed to in writing, software 
  78:/home/user/Desktop/STM32-Projekte/FH-Vertibot/src/STM32F30x_StdPeriph_Driver/src/stm32f30x_wwdg.c ****   * distributed under the License is distributed on an "AS IS" BASIS, 
  79:/home/user/Desktop/STM32-Projekte/FH-Vertibot/src/STM32F30x_StdPeriph_Driver/src/stm32f30x_wwdg.c ****   * WITHOUT WARRANTIES OR CONDITIONS OF ANY KIND, either express or implied.
  80:/home/user/Desktop/STM32-Projekte/FH-Vertibot/src/STM32F30x_StdPeriph_Driver/src/stm32f30x_wwdg.c ****   * See the License for the specific language governing permissions and
  81:/home/user/Desktop/STM32-Projekte/FH-Vertibot/src/STM32F30x_StdPeriph_Driver/src/stm32f30x_wwdg.c ****   * limitations under the License.
  82:/home/user/Desktop/STM32-Projekte/FH-Vertibot/src/STM32F30x_StdPeriph_Driver/src/stm32f30x_wwdg.c ****   *
  83:/home/user/Desktop/STM32-Projekte/FH-Vertibot/src/STM32F30x_StdPeriph_Driver/src/stm32f30x_wwdg.c ****   ******************************************************************************
  84:/home/user/Desktop/STM32-Projekte/FH-Vertibot/src/STM32F30x_StdPeriph_Driver/src/stm32f30x_wwdg.c ****   */
  85:/home/user/Desktop/STM32-Projekte/FH-Vertibot/src/STM32F30x_StdPeriph_Driver/src/stm32f30x_wwdg.c **** 
  86:/home/user/Desktop/STM32-Projekte/FH-Vertibot/src/STM32F30x_StdPeriph_Driver/src/stm32f30x_wwdg.c **** /* Includes ------------------------------------------------------------------*/
  87:/home/user/Desktop/STM32-Projekte/FH-Vertibot/src/STM32F30x_StdPeriph_Driver/src/stm32f30x_wwdg.c **** #include "stm32f30x_wwdg.h"
  88:/home/user/Desktop/STM32-Projekte/FH-Vertibot/src/STM32F30x_StdPeriph_Driver/src/stm32f30x_wwdg.c **** #include "stm32f30x_rcc.h"
  89:/home/user/Desktop/STM32-Projekte/FH-Vertibot/src/STM32F30x_StdPeriph_Driver/src/stm32f30x_wwdg.c **** 
  90:/home/user/Desktop/STM32-Projekte/FH-Vertibot/src/STM32F30x_StdPeriph_Driver/src/stm32f30x_wwdg.c **** /** @addtogroup STM32F30x_StdPeriph_Driver
  91:/home/user/Desktop/STM32-Projekte/FH-Vertibot/src/STM32F30x_StdPeriph_Driver/src/stm32f30x_wwdg.c ****   * @{
  92:/home/user/Desktop/STM32-Projekte/FH-Vertibot/src/STM32F30x_StdPeriph_Driver/src/stm32f30x_wwdg.c ****   */
  93:/home/user/Desktop/STM32-Projekte/FH-Vertibot/src/STM32F30x_StdPeriph_Driver/src/stm32f30x_wwdg.c **** 
  94:/home/user/Desktop/STM32-Projekte/FH-Vertibot/src/STM32F30x_StdPeriph_Driver/src/stm32f30x_wwdg.c **** /** @defgroup WWDG 
  95:/home/user/Desktop/STM32-Projekte/FH-Vertibot/src/STM32F30x_StdPeriph_Driver/src/stm32f30x_wwdg.c ****   * @brief WWDG driver modules
  96:/home/user/Desktop/STM32-Projekte/FH-Vertibot/src/STM32F30x_StdPeriph_Driver/src/stm32f30x_wwdg.c ****   * @{
  97:/home/user/Desktop/STM32-Projekte/FH-Vertibot/src/STM32F30x_StdPeriph_Driver/src/stm32f30x_wwdg.c ****   */
  98:/home/user/Desktop/STM32-Projekte/FH-Vertibot/src/STM32F30x_StdPeriph_Driver/src/stm32f30x_wwdg.c **** 
  99:/home/user/Desktop/STM32-Projekte/FH-Vertibot/src/STM32F30x_StdPeriph_Driver/src/stm32f30x_wwdg.c **** /* Private typedef -----------------------------------------------------------*/
 100:/home/user/Desktop/STM32-Projekte/FH-Vertibot/src/STM32F30x_StdPeriph_Driver/src/stm32f30x_wwdg.c **** /* Private define ------------------------------------------------------------*/
 101:/home/user/Desktop/STM32-Projekte/FH-Vertibot/src/STM32F30x_StdPeriph_Driver/src/stm32f30x_wwdg.c **** /* --------------------- WWDG registers bit mask ---------------------------- */
 102:/home/user/Desktop/STM32-Projekte/FH-Vertibot/src/STM32F30x_StdPeriph_Driver/src/stm32f30x_wwdg.c **** /* CFR register bit mask */
 103:/home/user/Desktop/STM32-Projekte/FH-Vertibot/src/STM32F30x_StdPeriph_Driver/src/stm32f30x_wwdg.c **** #define CFR_WDGTB_MASK    ((uint32_t)0xFFFFFE7F)
 104:/home/user/Desktop/STM32-Projekte/FH-Vertibot/src/STM32F30x_StdPeriph_Driver/src/stm32f30x_wwdg.c **** #define CFR_W_MASK        ((uint32_t)0xFFFFFF80)
 105:/home/user/Desktop/STM32-Projekte/FH-Vertibot/src/STM32F30x_StdPeriph_Driver/src/stm32f30x_wwdg.c **** #define BIT_MASK          ((uint8_t)0x7F)
 106:/home/user/Desktop/STM32-Projekte/FH-Vertibot/src/STM32F30x_StdPeriph_Driver/src/stm32f30x_wwdg.c **** 
 107:/home/user/Desktop/STM32-Projekte/FH-Vertibot/src/STM32F30x_StdPeriph_Driver/src/stm32f30x_wwdg.c **** /* Private macro -------------------------------------------------------------*/
 108:/home/user/Desktop/STM32-Projekte/FH-Vertibot/src/STM32F30x_StdPeriph_Driver/src/stm32f30x_wwdg.c **** /* Private variables ---------------------------------------------------------*/
 109:/home/user/Desktop/STM32-Projekte/FH-Vertibot/src/STM32F30x_StdPeriph_Driver/src/stm32f30x_wwdg.c **** /* Private function prototypes -----------------------------------------------*/
 110:/home/user/Desktop/STM32-Projekte/FH-Vertibot/src/STM32F30x_StdPeriph_Driver/src/stm32f30x_wwdg.c **** /* Private functions ---------------------------------------------------------*/
 111:/home/user/Desktop/STM32-Projekte/FH-Vertibot/src/STM32F30x_StdPeriph_Driver/src/stm32f30x_wwdg.c **** 
 112:/home/user/Desktop/STM32-Projekte/FH-Vertibot/src/STM32F30x_StdPeriph_Driver/src/stm32f30x_wwdg.c **** /** @defgroup WWDG_Private_Functions
 113:/home/user/Desktop/STM32-Projekte/FH-Vertibot/src/STM32F30x_StdPeriph_Driver/src/stm32f30x_wwdg.c ****   * @{
 114:/home/user/Desktop/STM32-Projekte/FH-Vertibot/src/STM32F30x_StdPeriph_Driver/src/stm32f30x_wwdg.c ****   */
 115:/home/user/Desktop/STM32-Projekte/FH-Vertibot/src/STM32F30x_StdPeriph_Driver/src/stm32f30x_wwdg.c **** 
 116:/home/user/Desktop/STM32-Projekte/FH-Vertibot/src/STM32F30x_StdPeriph_Driver/src/stm32f30x_wwdg.c **** /** @defgroup WWDG_Group1 Prescaler, Refresh window and Counter configuration functions
 117:/home/user/Desktop/STM32-Projekte/FH-Vertibot/src/STM32F30x_StdPeriph_Driver/src/stm32f30x_wwdg.c ****  *  @brief   Prescaler, Refresh window and Counter configuration functions 
 118:/home/user/Desktop/STM32-Projekte/FH-Vertibot/src/STM32F30x_StdPeriph_Driver/src/stm32f30x_wwdg.c ****  *
 119:/home/user/Desktop/STM32-Projekte/FH-Vertibot/src/STM32F30x_StdPeriph_Driver/src/stm32f30x_wwdg.c **** @verbatim   
 120:/home/user/Desktop/STM32-Projekte/FH-Vertibot/src/STM32F30x_StdPeriph_Driver/src/stm32f30x_wwdg.c ****   ==============================================================================
 121:/home/user/Desktop/STM32-Projekte/FH-Vertibot/src/STM32F30x_StdPeriph_Driver/src/stm32f30x_wwdg.c ****     ##### Prescaler, Refresh window and Counter configuration functions #####
 122:/home/user/Desktop/STM32-Projekte/FH-Vertibot/src/STM32F30x_StdPeriph_Driver/src/stm32f30x_wwdg.c ****   ==============================================================================  
 123:/home/user/Desktop/STM32-Projekte/FH-Vertibot/src/STM32F30x_StdPeriph_Driver/src/stm32f30x_wwdg.c **** 
 124:/home/user/Desktop/STM32-Projekte/FH-Vertibot/src/STM32F30x_StdPeriph_Driver/src/stm32f30x_wwdg.c **** @endverbatim
 125:/home/user/Desktop/STM32-Projekte/FH-Vertibot/src/STM32F30x_StdPeriph_Driver/src/stm32f30x_wwdg.c ****   * @{
 126:/home/user/Desktop/STM32-Projekte/FH-Vertibot/src/STM32F30x_StdPeriph_Driver/src/stm32f30x_wwdg.c ****   */
 127:/home/user/Desktop/STM32-Projekte/FH-Vertibot/src/STM32F30x_StdPeriph_Driver/src/stm32f30x_wwdg.c **** 
 128:/home/user/Desktop/STM32-Projekte/FH-Vertibot/src/STM32F30x_StdPeriph_Driver/src/stm32f30x_wwdg.c **** /**
 129:/home/user/Desktop/STM32-Projekte/FH-Vertibot/src/STM32F30x_StdPeriph_Driver/src/stm32f30x_wwdg.c ****   * @brief  Deinitializes the WWDG peripheral registers to their default reset values.
 130:/home/user/Desktop/STM32-Projekte/FH-Vertibot/src/STM32F30x_StdPeriph_Driver/src/stm32f30x_wwdg.c ****   * @param  None
 131:/home/user/Desktop/STM32-Projekte/FH-Vertibot/src/STM32F30x_StdPeriph_Driver/src/stm32f30x_wwdg.c ****   * @retval None
 132:/home/user/Desktop/STM32-Projekte/FH-Vertibot/src/STM32F30x_StdPeriph_Driver/src/stm32f30x_wwdg.c ****   */
 133:/home/user/Desktop/STM32-Projekte/FH-Vertibot/src/STM32F30x_StdPeriph_Driver/src/stm32f30x_wwdg.c **** void WWDG_DeInit(void)
 134:/home/user/Desktop/STM32-Projekte/FH-Vertibot/src/STM32F30x_StdPeriph_Driver/src/stm32f30x_wwdg.c **** {
  28              		.loc 1 134 0
  29              		.cfi_startproc
  30              		@ args = 0, pretend = 0, frame = 0
  31              		@ frame_needed = 0, uses_anonymous_args = 0
  32 0000 08B5     		push	{r3, lr}
  33              	.LCFI0:
  34              		.cfi_def_cfa_offset 8
  35              		.cfi_offset 3, -8
  36              		.cfi_offset 14, -4
 135:/home/user/Desktop/STM32-Projekte/FH-Vertibot/src/STM32F30x_StdPeriph_Driver/src/stm32f30x_wwdg.c ****   RCC_APB1PeriphResetCmd(RCC_APB1Periph_WWDG, ENABLE);
  37              		.loc 1 135 0
  38 0002 4FF40060 		mov	r0, #2048
  39 0006 0121     		movs	r1, #1
  40 0008 FFF7FEFF 		bl	RCC_APB1PeriphResetCmd
  41              	.LVL0:
 136:/home/user/Desktop/STM32-Projekte/FH-Vertibot/src/STM32F30x_StdPeriph_Driver/src/stm32f30x_wwdg.c ****   RCC_APB1PeriphResetCmd(RCC_APB1Periph_WWDG, DISABLE);
  42              		.loc 1 136 0
  43 000c 4FF40060 		mov	r0, #2048
  44 0010 0021     		movs	r1, #0
 137:/home/user/Desktop/STM32-Projekte/FH-Vertibot/src/STM32F30x_StdPeriph_Driver/src/stm32f30x_wwdg.c **** }
  45              		.loc 1 137 0
  46 0012 BDE80840 		pop	{r3, lr}
 136:/home/user/Desktop/STM32-Projekte/FH-Vertibot/src/STM32F30x_StdPeriph_Driver/src/stm32f30x_wwdg.c ****   RCC_APB1PeriphResetCmd(RCC_APB1Periph_WWDG, DISABLE);
  47              		.loc 1 136 0
  48 0016 FFF7FEBF 		b	RCC_APB1PeriphResetCmd
  49              	.LVL1:
  50              		.cfi_endproc
  51              	.LFE111:
  53              		.align	1
  54              		.global	WWDG_SetPrescaler
  55              		.thumb
  56              		.thumb_func
  58              	WWDG_SetPrescaler:
  59              	.LFB112:
 138:/home/user/Desktop/STM32-Projekte/FH-Vertibot/src/STM32F30x_StdPeriph_Driver/src/stm32f30x_wwdg.c **** 
 139:/home/user/Desktop/STM32-Projekte/FH-Vertibot/src/STM32F30x_StdPeriph_Driver/src/stm32f30x_wwdg.c **** /**
 140:/home/user/Desktop/STM32-Projekte/FH-Vertibot/src/STM32F30x_StdPeriph_Driver/src/stm32f30x_wwdg.c ****   * @brief  Sets the WWDG Prescaler.
 141:/home/user/Desktop/STM32-Projekte/FH-Vertibot/src/STM32F30x_StdPeriph_Driver/src/stm32f30x_wwdg.c ****   * @param  WWDG_Prescaler: specifies the WWDG Prescaler.
 142:/home/user/Desktop/STM32-Projekte/FH-Vertibot/src/STM32F30x_StdPeriph_Driver/src/stm32f30x_wwdg.c ****   *   This parameter can be one of the following values:
 143:/home/user/Desktop/STM32-Projekte/FH-Vertibot/src/STM32F30x_StdPeriph_Driver/src/stm32f30x_wwdg.c ****   *     @arg WWDG_Prescaler_1: WWDG counter clock = (PCLK1/4096)/1
 144:/home/user/Desktop/STM32-Projekte/FH-Vertibot/src/STM32F30x_StdPeriph_Driver/src/stm32f30x_wwdg.c ****   *     @arg WWDG_Prescaler_2: WWDG counter clock = (PCLK1/4096)/2
 145:/home/user/Desktop/STM32-Projekte/FH-Vertibot/src/STM32F30x_StdPeriph_Driver/src/stm32f30x_wwdg.c ****   *     @arg WWDG_Prescaler_4: WWDG counter clock = (PCLK1/4096)/4
 146:/home/user/Desktop/STM32-Projekte/FH-Vertibot/src/STM32F30x_StdPeriph_Driver/src/stm32f30x_wwdg.c ****   *     @arg WWDG_Prescaler_8: WWDG counter clock = (PCLK1/4096)/8
 147:/home/user/Desktop/STM32-Projekte/FH-Vertibot/src/STM32F30x_StdPeriph_Driver/src/stm32f30x_wwdg.c ****   * @retval None
 148:/home/user/Desktop/STM32-Projekte/FH-Vertibot/src/STM32F30x_StdPeriph_Driver/src/stm32f30x_wwdg.c ****   */
 149:/home/user/Desktop/STM32-Projekte/FH-Vertibot/src/STM32F30x_StdPeriph_Driver/src/stm32f30x_wwdg.c **** void WWDG_SetPrescaler(uint32_t WWDG_Prescaler)
 150:/home/user/Desktop/STM32-Projekte/FH-Vertibot/src/STM32F30x_StdPeriph_Driver/src/stm32f30x_wwdg.c **** {
  60              		.loc 1 150 0
  61              		.cfi_startproc
  62              		@ args = 0, pretend = 0, frame = 0
  63              		@ frame_needed = 0, uses_anonymous_args = 0
  64              		@ link register save eliminated.
  65              	.LVL2:
 151:/home/user/Desktop/STM32-Projekte/FH-Vertibot/src/STM32F30x_StdPeriph_Driver/src/stm32f30x_wwdg.c ****   uint32_t tmpreg = 0;
 152:/home/user/Desktop/STM32-Projekte/FH-Vertibot/src/STM32F30x_StdPeriph_Driver/src/stm32f30x_wwdg.c ****   /* Check the parameters */
 153:/home/user/Desktop/STM32-Projekte/FH-Vertibot/src/STM32F30x_StdPeriph_Driver/src/stm32f30x_wwdg.c ****   assert_param(IS_WWDG_PRESCALER(WWDG_Prescaler));
 154:/home/user/Desktop/STM32-Projekte/FH-Vertibot/src/STM32F30x_StdPeriph_Driver/src/stm32f30x_wwdg.c ****   /* Clear WDGTB[1:0] bits */
 155:/home/user/Desktop/STM32-Projekte/FH-Vertibot/src/STM32F30x_StdPeriph_Driver/src/stm32f30x_wwdg.c ****   tmpreg = WWDG->CFR & CFR_WDGTB_MASK;
  66              		.loc 1 155 0
  67 001a 034B     		ldr	r3, .L3
  68 001c 5A68     		ldr	r2, [r3, #4]
  69 001e 22F4C072 		bic	r2, r2, #384
  70              	.LVL3:
 156:/home/user/Desktop/STM32-Projekte/FH-Vertibot/src/STM32F30x_StdPeriph_Driver/src/stm32f30x_wwdg.c ****   /* Set WDGTB[1:0] bits according to WWDG_Prescaler value */
 157:/home/user/Desktop/STM32-Projekte/FH-Vertibot/src/STM32F30x_StdPeriph_Driver/src/stm32f30x_wwdg.c ****   tmpreg |= WWDG_Prescaler;
  71              		.loc 1 157 0
  72 0022 1043     		orrs	r0, r0, r2
  73              	.LVL4:
 158:/home/user/Desktop/STM32-Projekte/FH-Vertibot/src/STM32F30x_StdPeriph_Driver/src/stm32f30x_wwdg.c ****   /* Store the new value */
 159:/home/user/Desktop/STM32-Projekte/FH-Vertibot/src/STM32F30x_StdPeriph_Driver/src/stm32f30x_wwdg.c ****   WWDG->CFR = tmpreg;
  74              		.loc 1 159 0
  75 0024 5860     		str	r0, [r3, #4]
  76 0026 7047     		bx	lr
  77              	.L4:
  78              		.align	2
  79              	.L3:
  80 0028 002C0040 		.word	1073753088
  81              		.cfi_endproc
  82              	.LFE112:
  84              		.align	1
  85              		.global	WWDG_SetWindowValue
  86              		.thumb
  87              		.thumb_func
  89              	WWDG_SetWindowValue:
  90              	.LFB113:
 160:/home/user/Desktop/STM32-Projekte/FH-Vertibot/src/STM32F30x_StdPeriph_Driver/src/stm32f30x_wwdg.c **** }
 161:/home/user/Desktop/STM32-Projekte/FH-Vertibot/src/STM32F30x_StdPeriph_Driver/src/stm32f30x_wwdg.c **** 
 162:/home/user/Desktop/STM32-Projekte/FH-Vertibot/src/STM32F30x_StdPeriph_Driver/src/stm32f30x_wwdg.c **** /**
 163:/home/user/Desktop/STM32-Projekte/FH-Vertibot/src/STM32F30x_StdPeriph_Driver/src/stm32f30x_wwdg.c ****   * @brief  Sets the WWDG window value.
 164:/home/user/Desktop/STM32-Projekte/FH-Vertibot/src/STM32F30x_StdPeriph_Driver/src/stm32f30x_wwdg.c ****   * @param  WindowValue: specifies the window value to be compared to the downcounter.
 165:/home/user/Desktop/STM32-Projekte/FH-Vertibot/src/STM32F30x_StdPeriph_Driver/src/stm32f30x_wwdg.c ****   *   This parameter value must be lower than 0x80.
 166:/home/user/Desktop/STM32-Projekte/FH-Vertibot/src/STM32F30x_StdPeriph_Driver/src/stm32f30x_wwdg.c ****   * @retval None
 167:/home/user/Desktop/STM32-Projekte/FH-Vertibot/src/STM32F30x_StdPeriph_Driver/src/stm32f30x_wwdg.c ****   */
 168:/home/user/Desktop/STM32-Projekte/FH-Vertibot/src/STM32F30x_StdPeriph_Driver/src/stm32f30x_wwdg.c **** void WWDG_SetWindowValue(uint8_t WindowValue)
 169:/home/user/Desktop/STM32-Projekte/FH-Vertibot/src/STM32F30x_StdPeriph_Driver/src/stm32f30x_wwdg.c **** {
  91              		.loc 1 169 0
  92              		.cfi_startproc
  93              		@ args = 0, pretend = 0, frame = 8
  94              		@ frame_needed = 0, uses_anonymous_args = 0
  95              		@ link register save eliminated.
  96              	.LVL5:
  97 002c 82B0     		sub	sp, sp, #8
  98              	.LCFI1:
  99              		.cfi_def_cfa_offset 8
 170:/home/user/Desktop/STM32-Projekte/FH-Vertibot/src/STM32F30x_StdPeriph_Driver/src/stm32f30x_wwdg.c ****   __IO uint32_t tmpreg = 0;
 100              		.loc 1 170 0
 101 002e 0023     		movs	r3, #0
 102 0030 0193     		str	r3, [sp, #4]
 171:/home/user/Desktop/STM32-Projekte/FH-Vertibot/src/STM32F30x_StdPeriph_Driver/src/stm32f30x_wwdg.c **** 
 172:/home/user/Desktop/STM32-Projekte/FH-Vertibot/src/STM32F30x_StdPeriph_Driver/src/stm32f30x_wwdg.c ****   /* Check the parameters */
 173:/home/user/Desktop/STM32-Projekte/FH-Vertibot/src/STM32F30x_StdPeriph_Driver/src/stm32f30x_wwdg.c ****   assert_param(IS_WWDG_WINDOW_VALUE(WindowValue));
 174:/home/user/Desktop/STM32-Projekte/FH-Vertibot/src/STM32F30x_StdPeriph_Driver/src/stm32f30x_wwdg.c ****   /* Clear W[6:0] bits */
 175:/home/user/Desktop/STM32-Projekte/FH-Vertibot/src/STM32F30x_StdPeriph_Driver/src/stm32f30x_wwdg.c **** 
 176:/home/user/Desktop/STM32-Projekte/FH-Vertibot/src/STM32F30x_StdPeriph_Driver/src/stm32f30x_wwdg.c ****   tmpreg = WWDG->CFR & CFR_W_MASK;
 103              		.loc 1 176 0
 104 0032 074B     		ldr	r3, .L6
 105 0034 5A68     		ldr	r2, [r3, #4]
 106 0036 22F07F02 		bic	r2, r2, #127
 107 003a 0192     		str	r2, [sp, #4]
 177:/home/user/Desktop/STM32-Projekte/FH-Vertibot/src/STM32F30x_StdPeriph_Driver/src/stm32f30x_wwdg.c **** 
 178:/home/user/Desktop/STM32-Projekte/FH-Vertibot/src/STM32F30x_StdPeriph_Driver/src/stm32f30x_wwdg.c ****   /* Set W[6:0] bits according to WindowValue value */
 179:/home/user/Desktop/STM32-Projekte/FH-Vertibot/src/STM32F30x_StdPeriph_Driver/src/stm32f30x_wwdg.c ****   tmpreg |= WindowValue & (uint32_t) BIT_MASK;
 108              		.loc 1 179 0
 109 003c 019A     		ldr	r2, [sp, #4]
 110 003e 00F07F00 		and	r0, r0, #127
 111              	.LVL6:
 112 0042 0243     		orrs	r2, r2, r0
 113 0044 0192     		str	r2, [sp, #4]
 180:/home/user/Desktop/STM32-Projekte/FH-Vertibot/src/STM32F30x_StdPeriph_Driver/src/stm32f30x_wwdg.c **** 
 181:/home/user/Desktop/STM32-Projekte/FH-Vertibot/src/STM32F30x_StdPeriph_Driver/src/stm32f30x_wwdg.c ****   /* Store the new value */
 182:/home/user/Desktop/STM32-Projekte/FH-Vertibot/src/STM32F30x_StdPeriph_Driver/src/stm32f30x_wwdg.c ****   WWDG->CFR = tmpreg;
 114              		.loc 1 182 0
 115 0046 019A     		ldr	r2, [sp, #4]
 116 0048 5A60     		str	r2, [r3, #4]
 183:/home/user/Desktop/STM32-Projekte/FH-Vertibot/src/STM32F30x_StdPeriph_Driver/src/stm32f30x_wwdg.c **** }
 117              		.loc 1 183 0
 118 004a 02B0     		add	sp, sp, #8
 119              		@ sp needed
 120 004c 7047     		bx	lr
 121              	.L7:
 122 004e 00BF     		.align	2
 123              	.L6:
 124 0050 002C0040 		.word	1073753088
 125              		.cfi_endproc
 126              	.LFE113:
 128              		.align	1
 129              		.global	WWDG_EnableIT
 130              		.thumb
 131              		.thumb_func
 133              	WWDG_EnableIT:
 134              	.LFB114:
 184:/home/user/Desktop/STM32-Projekte/FH-Vertibot/src/STM32F30x_StdPeriph_Driver/src/stm32f30x_wwdg.c **** 
 185:/home/user/Desktop/STM32-Projekte/FH-Vertibot/src/STM32F30x_StdPeriph_Driver/src/stm32f30x_wwdg.c **** /**
 186:/home/user/Desktop/STM32-Projekte/FH-Vertibot/src/STM32F30x_StdPeriph_Driver/src/stm32f30x_wwdg.c ****   * @brief  Enables the WWDG Early Wakeup interrupt(EWI).
 187:/home/user/Desktop/STM32-Projekte/FH-Vertibot/src/STM32F30x_StdPeriph_Driver/src/stm32f30x_wwdg.c ****   * @note   Once enabled this interrupt cannot be disabled except by a system reset. 
 188:/home/user/Desktop/STM32-Projekte/FH-Vertibot/src/STM32F30x_StdPeriph_Driver/src/stm32f30x_wwdg.c ****   * @param  None
 189:/home/user/Desktop/STM32-Projekte/FH-Vertibot/src/STM32F30x_StdPeriph_Driver/src/stm32f30x_wwdg.c ****   * @retval None
 190:/home/user/Desktop/STM32-Projekte/FH-Vertibot/src/STM32F30x_StdPeriph_Driver/src/stm32f30x_wwdg.c ****   */
 191:/home/user/Desktop/STM32-Projekte/FH-Vertibot/src/STM32F30x_StdPeriph_Driver/src/stm32f30x_wwdg.c **** void WWDG_EnableIT(void)
 192:/home/user/Desktop/STM32-Projekte/FH-Vertibot/src/STM32F30x_StdPeriph_Driver/src/stm32f30x_wwdg.c **** {
 135              		.loc 1 192 0
 136              		.cfi_startproc
 137              		@ args = 0, pretend = 0, frame = 0
 138              		@ frame_needed = 0, uses_anonymous_args = 0
 139              		@ link register save eliminated.
 193:/home/user/Desktop/STM32-Projekte/FH-Vertibot/src/STM32F30x_StdPeriph_Driver/src/stm32f30x_wwdg.c ****   WWDG->CFR |= WWDG_CFR_EWI;
 140              		.loc 1 193 0
 141 0054 024B     		ldr	r3, .L9
 142 0056 5A68     		ldr	r2, [r3, #4]
 143 0058 42F40072 		orr	r2, r2, #512
 144 005c 5A60     		str	r2, [r3, #4]
 145 005e 7047     		bx	lr
 146              	.L10:
 147              		.align	2
 148              	.L9:
 149 0060 002C0040 		.word	1073753088
 150              		.cfi_endproc
 151              	.LFE114:
 153              		.align	1
 154              		.global	WWDG_SetCounter
 155              		.thumb
 156              		.thumb_func
 158              	WWDG_SetCounter:
 159              	.LFB115:
 194:/home/user/Desktop/STM32-Projekte/FH-Vertibot/src/STM32F30x_StdPeriph_Driver/src/stm32f30x_wwdg.c **** }
 195:/home/user/Desktop/STM32-Projekte/FH-Vertibot/src/STM32F30x_StdPeriph_Driver/src/stm32f30x_wwdg.c **** 
 196:/home/user/Desktop/STM32-Projekte/FH-Vertibot/src/STM32F30x_StdPeriph_Driver/src/stm32f30x_wwdg.c **** /**
 197:/home/user/Desktop/STM32-Projekte/FH-Vertibot/src/STM32F30x_StdPeriph_Driver/src/stm32f30x_wwdg.c ****   * @brief  Sets the WWDG counter value.
 198:/home/user/Desktop/STM32-Projekte/FH-Vertibot/src/STM32F30x_StdPeriph_Driver/src/stm32f30x_wwdg.c ****   * @param  Counter: specifies the watchdog counter value.
 199:/home/user/Desktop/STM32-Projekte/FH-Vertibot/src/STM32F30x_StdPeriph_Driver/src/stm32f30x_wwdg.c ****   *   This parameter must be a number between 0x40 and 0x7F (to prevent generating
 200:/home/user/Desktop/STM32-Projekte/FH-Vertibot/src/STM32F30x_StdPeriph_Driver/src/stm32f30x_wwdg.c ****   *   an immediate reset).  
 201:/home/user/Desktop/STM32-Projekte/FH-Vertibot/src/STM32F30x_StdPeriph_Driver/src/stm32f30x_wwdg.c ****   * @retval None
 202:/home/user/Desktop/STM32-Projekte/FH-Vertibot/src/STM32F30x_StdPeriph_Driver/src/stm32f30x_wwdg.c ****   */
 203:/home/user/Desktop/STM32-Projekte/FH-Vertibot/src/STM32F30x_StdPeriph_Driver/src/stm32f30x_wwdg.c **** void WWDG_SetCounter(uint8_t Counter)
 204:/home/user/Desktop/STM32-Projekte/FH-Vertibot/src/STM32F30x_StdPeriph_Driver/src/stm32f30x_wwdg.c **** {
 160              		.loc 1 204 0
 161              		.cfi_startproc
 162              		@ args = 0, pretend = 0, frame = 0
 163              		@ frame_needed = 0, uses_anonymous_args = 0
 164              		@ link register save eliminated.
 165              	.LVL7:
 205:/home/user/Desktop/STM32-Projekte/FH-Vertibot/src/STM32F30x_StdPeriph_Driver/src/stm32f30x_wwdg.c ****   /* Check the parameters */
 206:/home/user/Desktop/STM32-Projekte/FH-Vertibot/src/STM32F30x_StdPeriph_Driver/src/stm32f30x_wwdg.c ****   assert_param(IS_WWDG_COUNTER(Counter));
 207:/home/user/Desktop/STM32-Projekte/FH-Vertibot/src/STM32F30x_StdPeriph_Driver/src/stm32f30x_wwdg.c ****   /* Write to T[6:0] bits to configure the counter value, no need to do
 208:/home/user/Desktop/STM32-Projekte/FH-Vertibot/src/STM32F30x_StdPeriph_Driver/src/stm32f30x_wwdg.c ****      a read-modify-write; writing a 0 to WDGA bit does nothing */
 209:/home/user/Desktop/STM32-Projekte/FH-Vertibot/src/STM32F30x_StdPeriph_Driver/src/stm32f30x_wwdg.c ****   WWDG->CR = Counter & BIT_MASK;
 166              		.loc 1 209 0
 167 0064 024B     		ldr	r3, .L12
 168 0066 00F07F00 		and	r0, r0, #127
 169              	.LVL8:
 170 006a 1860     		str	r0, [r3]
 171 006c 7047     		bx	lr
 172              	.L13:
 173 006e 00BF     		.align	2
 174              	.L12:
 175 0070 002C0040 		.word	1073753088
 176              		.cfi_endproc
 177              	.LFE115:
 179              		.align	1
 180              		.global	WWDG_Enable
 181              		.thumb
 182              		.thumb_func
 184              	WWDG_Enable:
 185              	.LFB116:
 210:/home/user/Desktop/STM32-Projekte/FH-Vertibot/src/STM32F30x_StdPeriph_Driver/src/stm32f30x_wwdg.c **** }
 211:/home/user/Desktop/STM32-Projekte/FH-Vertibot/src/STM32F30x_StdPeriph_Driver/src/stm32f30x_wwdg.c **** 
 212:/home/user/Desktop/STM32-Projekte/FH-Vertibot/src/STM32F30x_StdPeriph_Driver/src/stm32f30x_wwdg.c **** /**
 213:/home/user/Desktop/STM32-Projekte/FH-Vertibot/src/STM32F30x_StdPeriph_Driver/src/stm32f30x_wwdg.c ****   * @}
 214:/home/user/Desktop/STM32-Projekte/FH-Vertibot/src/STM32F30x_StdPeriph_Driver/src/stm32f30x_wwdg.c ****   */
 215:/home/user/Desktop/STM32-Projekte/FH-Vertibot/src/STM32F30x_StdPeriph_Driver/src/stm32f30x_wwdg.c **** 
 216:/home/user/Desktop/STM32-Projekte/FH-Vertibot/src/STM32F30x_StdPeriph_Driver/src/stm32f30x_wwdg.c **** /** @defgroup WWDG_Group2 WWDG activation functions
 217:/home/user/Desktop/STM32-Projekte/FH-Vertibot/src/STM32F30x_StdPeriph_Driver/src/stm32f30x_wwdg.c ****  *  @brief   WWDG activation functions 
 218:/home/user/Desktop/STM32-Projekte/FH-Vertibot/src/STM32F30x_StdPeriph_Driver/src/stm32f30x_wwdg.c ****  *
 219:/home/user/Desktop/STM32-Projekte/FH-Vertibot/src/STM32F30x_StdPeriph_Driver/src/stm32f30x_wwdg.c **** @verbatim   
 220:/home/user/Desktop/STM32-Projekte/FH-Vertibot/src/STM32F30x_StdPeriph_Driver/src/stm32f30x_wwdg.c ****   ==============================================================================
 221:/home/user/Desktop/STM32-Projekte/FH-Vertibot/src/STM32F30x_StdPeriph_Driver/src/stm32f30x_wwdg.c ****                     ##### WWDG activation function #####
 222:/home/user/Desktop/STM32-Projekte/FH-Vertibot/src/STM32F30x_StdPeriph_Driver/src/stm32f30x_wwdg.c ****   ==============================================================================  
 223:/home/user/Desktop/STM32-Projekte/FH-Vertibot/src/STM32F30x_StdPeriph_Driver/src/stm32f30x_wwdg.c **** 
 224:/home/user/Desktop/STM32-Projekte/FH-Vertibot/src/STM32F30x_StdPeriph_Driver/src/stm32f30x_wwdg.c **** @endverbatim
 225:/home/user/Desktop/STM32-Projekte/FH-Vertibot/src/STM32F30x_StdPeriph_Driver/src/stm32f30x_wwdg.c ****   * @{
 226:/home/user/Desktop/STM32-Projekte/FH-Vertibot/src/STM32F30x_StdPeriph_Driver/src/stm32f30x_wwdg.c ****   */
 227:/home/user/Desktop/STM32-Projekte/FH-Vertibot/src/STM32F30x_StdPeriph_Driver/src/stm32f30x_wwdg.c **** 
 228:/home/user/Desktop/STM32-Projekte/FH-Vertibot/src/STM32F30x_StdPeriph_Driver/src/stm32f30x_wwdg.c **** /**
 229:/home/user/Desktop/STM32-Projekte/FH-Vertibot/src/STM32F30x_StdPeriph_Driver/src/stm32f30x_wwdg.c ****   * @brief  Enables WWDG and load the counter value.                  
 230:/home/user/Desktop/STM32-Projekte/FH-Vertibot/src/STM32F30x_StdPeriph_Driver/src/stm32f30x_wwdg.c ****   * @param  Counter: specifies the watchdog counter value.
 231:/home/user/Desktop/STM32-Projekte/FH-Vertibot/src/STM32F30x_StdPeriph_Driver/src/stm32f30x_wwdg.c ****   *   This parameter must be a number between 0x40 and 0x7F (to prevent generating
 232:/home/user/Desktop/STM32-Projekte/FH-Vertibot/src/STM32F30x_StdPeriph_Driver/src/stm32f30x_wwdg.c ****   *   an immediate reset).
 233:/home/user/Desktop/STM32-Projekte/FH-Vertibot/src/STM32F30x_StdPeriph_Driver/src/stm32f30x_wwdg.c ****   * @retval None
 234:/home/user/Desktop/STM32-Projekte/FH-Vertibot/src/STM32F30x_StdPeriph_Driver/src/stm32f30x_wwdg.c ****   */
 235:/home/user/Desktop/STM32-Projekte/FH-Vertibot/src/STM32F30x_StdPeriph_Driver/src/stm32f30x_wwdg.c **** void WWDG_Enable(uint8_t Counter)
 236:/home/user/Desktop/STM32-Projekte/FH-Vertibot/src/STM32F30x_StdPeriph_Driver/src/stm32f30x_wwdg.c **** {
 186              		.loc 1 236 0
 187              		.cfi_startproc
 188              		@ args = 0, pretend = 0, frame = 0
 189              		@ frame_needed = 0, uses_anonymous_args = 0
 190              		@ link register save eliminated.
 191              	.LVL9:
 237:/home/user/Desktop/STM32-Projekte/FH-Vertibot/src/STM32F30x_StdPeriph_Driver/src/stm32f30x_wwdg.c ****   /* Check the parameters */
 238:/home/user/Desktop/STM32-Projekte/FH-Vertibot/src/STM32F30x_StdPeriph_Driver/src/stm32f30x_wwdg.c ****   assert_param(IS_WWDG_COUNTER(Counter));
 239:/home/user/Desktop/STM32-Projekte/FH-Vertibot/src/STM32F30x_StdPeriph_Driver/src/stm32f30x_wwdg.c ****   WWDG->CR = WWDG_CR_WDGA | Counter;
 192              		.loc 1 239 0
 193 0074 024B     		ldr	r3, .L15
 194 0076 40F08000 		orr	r0, r0, #128
 195              	.LVL10:
 196 007a 1860     		str	r0, [r3]
 197 007c 7047     		bx	lr
 198              	.L16:
 199 007e 00BF     		.align	2
 200              	.L15:
 201 0080 002C0040 		.word	1073753088
 202              		.cfi_endproc
 203              	.LFE116:
 205              		.align	1
 206              		.global	WWDG_GetFlagStatus
 207              		.thumb
 208              		.thumb_func
 210              	WWDG_GetFlagStatus:
 211              	.LFB117:
 240:/home/user/Desktop/STM32-Projekte/FH-Vertibot/src/STM32F30x_StdPeriph_Driver/src/stm32f30x_wwdg.c **** }
 241:/home/user/Desktop/STM32-Projekte/FH-Vertibot/src/STM32F30x_StdPeriph_Driver/src/stm32f30x_wwdg.c **** 
 242:/home/user/Desktop/STM32-Projekte/FH-Vertibot/src/STM32F30x_StdPeriph_Driver/src/stm32f30x_wwdg.c **** /**
 243:/home/user/Desktop/STM32-Projekte/FH-Vertibot/src/STM32F30x_StdPeriph_Driver/src/stm32f30x_wwdg.c ****   * @}
 244:/home/user/Desktop/STM32-Projekte/FH-Vertibot/src/STM32F30x_StdPeriph_Driver/src/stm32f30x_wwdg.c ****   */
 245:/home/user/Desktop/STM32-Projekte/FH-Vertibot/src/STM32F30x_StdPeriph_Driver/src/stm32f30x_wwdg.c **** 
 246:/home/user/Desktop/STM32-Projekte/FH-Vertibot/src/STM32F30x_StdPeriph_Driver/src/stm32f30x_wwdg.c **** /** @defgroup WWDG_Group3 Interrupts and flags management functions
 247:/home/user/Desktop/STM32-Projekte/FH-Vertibot/src/STM32F30x_StdPeriph_Driver/src/stm32f30x_wwdg.c ****  *  @brief   Interrupts and flags management functions 
 248:/home/user/Desktop/STM32-Projekte/FH-Vertibot/src/STM32F30x_StdPeriph_Driver/src/stm32f30x_wwdg.c ****  *
 249:/home/user/Desktop/STM32-Projekte/FH-Vertibot/src/STM32F30x_StdPeriph_Driver/src/stm32f30x_wwdg.c **** @verbatim   
 250:/home/user/Desktop/STM32-Projekte/FH-Vertibot/src/STM32F30x_StdPeriph_Driver/src/stm32f30x_wwdg.c ****   ==============================================================================
 251:/home/user/Desktop/STM32-Projekte/FH-Vertibot/src/STM32F30x_StdPeriph_Driver/src/stm32f30x_wwdg.c ****               ##### Interrupts and flags management functions #####
 252:/home/user/Desktop/STM32-Projekte/FH-Vertibot/src/STM32F30x_StdPeriph_Driver/src/stm32f30x_wwdg.c ****   ==============================================================================  
 253:/home/user/Desktop/STM32-Projekte/FH-Vertibot/src/STM32F30x_StdPeriph_Driver/src/stm32f30x_wwdg.c **** 
 254:/home/user/Desktop/STM32-Projekte/FH-Vertibot/src/STM32F30x_StdPeriph_Driver/src/stm32f30x_wwdg.c **** @endverbatim
 255:/home/user/Desktop/STM32-Projekte/FH-Vertibot/src/STM32F30x_StdPeriph_Driver/src/stm32f30x_wwdg.c ****   * @{
 256:/home/user/Desktop/STM32-Projekte/FH-Vertibot/src/STM32F30x_StdPeriph_Driver/src/stm32f30x_wwdg.c ****   */
 257:/home/user/Desktop/STM32-Projekte/FH-Vertibot/src/STM32F30x_StdPeriph_Driver/src/stm32f30x_wwdg.c **** 
 258:/home/user/Desktop/STM32-Projekte/FH-Vertibot/src/STM32F30x_StdPeriph_Driver/src/stm32f30x_wwdg.c **** /**
 259:/home/user/Desktop/STM32-Projekte/FH-Vertibot/src/STM32F30x_StdPeriph_Driver/src/stm32f30x_wwdg.c ****   * @brief  Checks whether the Early Wakeup interrupt flag is set or not.
 260:/home/user/Desktop/STM32-Projekte/FH-Vertibot/src/STM32F30x_StdPeriph_Driver/src/stm32f30x_wwdg.c ****   * @param  None
 261:/home/user/Desktop/STM32-Projekte/FH-Vertibot/src/STM32F30x_StdPeriph_Driver/src/stm32f30x_wwdg.c ****   * @retval The new state of the Early Wakeup interrupt flag (SET or RESET).
 262:/home/user/Desktop/STM32-Projekte/FH-Vertibot/src/STM32F30x_StdPeriph_Driver/src/stm32f30x_wwdg.c ****   */
 263:/home/user/Desktop/STM32-Projekte/FH-Vertibot/src/STM32F30x_StdPeriph_Driver/src/stm32f30x_wwdg.c **** FlagStatus WWDG_GetFlagStatus(void)
 264:/home/user/Desktop/STM32-Projekte/FH-Vertibot/src/STM32F30x_StdPeriph_Driver/src/stm32f30x_wwdg.c **** {
 212              		.loc 1 264 0
 213              		.cfi_startproc
 214              		@ args = 0, pretend = 0, frame = 0
 215              		@ frame_needed = 0, uses_anonymous_args = 0
 216              		@ link register save eliminated.
 217              	.LVL11:
 265:/home/user/Desktop/STM32-Projekte/FH-Vertibot/src/STM32F30x_StdPeriph_Driver/src/stm32f30x_wwdg.c ****   FlagStatus bitstatus = RESET;
 266:/home/user/Desktop/STM32-Projekte/FH-Vertibot/src/STM32F30x_StdPeriph_Driver/src/stm32f30x_wwdg.c ****     
 267:/home/user/Desktop/STM32-Projekte/FH-Vertibot/src/STM32F30x_StdPeriph_Driver/src/stm32f30x_wwdg.c ****   if ((WWDG->SR) != (uint32_t)RESET)
 218              		.loc 1 267 0
 219 0084 024B     		ldr	r3, .L18
 220 0086 9868     		ldr	r0, [r3, #8]
 221              	.LVL12:
 268:/home/user/Desktop/STM32-Projekte/FH-Vertibot/src/STM32F30x_StdPeriph_Driver/src/stm32f30x_wwdg.c ****   {
 269:/home/user/Desktop/STM32-Projekte/FH-Vertibot/src/STM32F30x_StdPeriph_Driver/src/stm32f30x_wwdg.c ****     bitstatus = SET;
 270:/home/user/Desktop/STM32-Projekte/FH-Vertibot/src/STM32F30x_StdPeriph_Driver/src/stm32f30x_wwdg.c ****   }
 271:/home/user/Desktop/STM32-Projekte/FH-Vertibot/src/STM32F30x_StdPeriph_Driver/src/stm32f30x_wwdg.c ****   else
 272:/home/user/Desktop/STM32-Projekte/FH-Vertibot/src/STM32F30x_StdPeriph_Driver/src/stm32f30x_wwdg.c ****   {
 273:/home/user/Desktop/STM32-Projekte/FH-Vertibot/src/STM32F30x_StdPeriph_Driver/src/stm32f30x_wwdg.c ****     bitstatus = RESET;
 274:/home/user/Desktop/STM32-Projekte/FH-Vertibot/src/STM32F30x_StdPeriph_Driver/src/stm32f30x_wwdg.c ****   }
 275:/home/user/Desktop/STM32-Projekte/FH-Vertibot/src/STM32F30x_StdPeriph_Driver/src/stm32f30x_wwdg.c ****   return bitstatus;
 276:/home/user/Desktop/STM32-Projekte/FH-Vertibot/src/STM32F30x_StdPeriph_Driver/src/stm32f30x_wwdg.c **** }
 222              		.loc 1 276 0
 223 0088 0030     		adds	r0, r0, #0
 224 008a 18BF     		it	ne
 225 008c 0120     		movne	r0, #1
 226              	.LVL13:
 227 008e 7047     		bx	lr
 228              	.L19:
 229              		.align	2
 230              	.L18:
 231 0090 002C0040 		.word	1073753088
 232              		.cfi_endproc
 233              	.LFE117:
 235              		.align	1
 236              		.global	WWDG_ClearFlag
 237              		.thumb
 238              		.thumb_func
 240              	WWDG_ClearFlag:
 241              	.LFB118:
 277:/home/user/Desktop/STM32-Projekte/FH-Vertibot/src/STM32F30x_StdPeriph_Driver/src/stm32f30x_wwdg.c **** 
 278:/home/user/Desktop/STM32-Projekte/FH-Vertibot/src/STM32F30x_StdPeriph_Driver/src/stm32f30x_wwdg.c **** /**
 279:/home/user/Desktop/STM32-Projekte/FH-Vertibot/src/STM32F30x_StdPeriph_Driver/src/stm32f30x_wwdg.c ****   * @brief  Clears Early Wakeup interrupt flag.
 280:/home/user/Desktop/STM32-Projekte/FH-Vertibot/src/STM32F30x_StdPeriph_Driver/src/stm32f30x_wwdg.c ****   * @param  None
 281:/home/user/Desktop/STM32-Projekte/FH-Vertibot/src/STM32F30x_StdPeriph_Driver/src/stm32f30x_wwdg.c ****   * @retval None
 282:/home/user/Desktop/STM32-Projekte/FH-Vertibot/src/STM32F30x_StdPeriph_Driver/src/stm32f30x_wwdg.c ****   */
 283:/home/user/Desktop/STM32-Projekte/FH-Vertibot/src/STM32F30x_StdPeriph_Driver/src/stm32f30x_wwdg.c **** void WWDG_ClearFlag(void)
 284:/home/user/Desktop/STM32-Projekte/FH-Vertibot/src/STM32F30x_StdPeriph_Driver/src/stm32f30x_wwdg.c **** {
 242              		.loc 1 284 0
 243              		.cfi_startproc
 244              		@ args = 0, pretend = 0, frame = 0
 245              		@ frame_needed = 0, uses_anonymous_args = 0
 246              		@ link register save eliminated.
 285:/home/user/Desktop/STM32-Projekte/FH-Vertibot/src/STM32F30x_StdPeriph_Driver/src/stm32f30x_wwdg.c ****   WWDG->SR = (uint32_t)RESET;
 247              		.loc 1 285 0
 248 0094 014B     		ldr	r3, .L21
 249 0096 0022     		movs	r2, #0
 250 0098 9A60     		str	r2, [r3, #8]
 251 009a 7047     		bx	lr
 252              	.L22:
 253              		.align	2
 254              	.L21:
 255 009c 002C0040 		.word	1073753088
 256              		.cfi_endproc
 257              	.LFE118:
 259              	.Letext0:
 260              		.file 2 "/home/user/gcc-arm-none-eabi-4_8-2013q4/arm-none-eabi/include/stdint.h"
 261              		.file 3 "/home/user/Desktop/STM32-Projekte/FH-Vertibot/src/CMSIS/Device/ST/STM32F30x/Include/stm32
 262              		.file 4 "/home/user/Desktop/STM32-Projekte/FH-Vertibot/src/CMSIS/Include/core_cm4.h"
 263              		.file 5 "/home/user/Desktop/STM32-Projekte/FH-Vertibot/src/STM32F30x_StdPeriph_Driver/inc/stm32f30
DEFINED SYMBOLS
                            *ABS*:00000000 stm32f30x_wwdg.c
     /tmp/ccnNOzLh.s:20     .text:00000000 $t
     /tmp/ccnNOzLh.s:25     .text:00000000 WWDG_DeInit
     /tmp/ccnNOzLh.s:58     .text:0000001a WWDG_SetPrescaler
     /tmp/ccnNOzLh.s:80     .text:00000028 $d
     /tmp/ccnNOzLh.s:84     .text:0000002c $t
     /tmp/ccnNOzLh.s:89     .text:0000002c WWDG_SetWindowValue
     /tmp/ccnNOzLh.s:124    .text:00000050 $d
     /tmp/ccnNOzLh.s:128    .text:00000054 $t
     /tmp/ccnNOzLh.s:133    .text:00000054 WWDG_EnableIT
     /tmp/ccnNOzLh.s:149    .text:00000060 $d
     /tmp/ccnNOzLh.s:153    .text:00000064 $t
     /tmp/ccnNOzLh.s:158    .text:00000064 WWDG_SetCounter
     /tmp/ccnNOzLh.s:175    .text:00000070 $d
     /tmp/ccnNOzLh.s:179    .text:00000074 $t
     /tmp/ccnNOzLh.s:184    .text:00000074 WWDG_Enable
     /tmp/ccnNOzLh.s:201    .text:00000080 $d
     /tmp/ccnNOzLh.s:205    .text:00000084 $t
     /tmp/ccnNOzLh.s:210    .text:00000084 WWDG_GetFlagStatus
     /tmp/ccnNOzLh.s:231    .text:00000090 $d
     /tmp/ccnNOzLh.s:235    .text:00000094 $t
     /tmp/ccnNOzLh.s:240    .text:00000094 WWDG_ClearFlag
     /tmp/ccnNOzLh.s:255    .text:0000009c $d
                     .debug_frame:00000010 $d
                           .group:00000000 wm4.1.e41257821655b1beb88e1ee583b76eae
                           .group:00000000 wm4.stm32f30x.h.54.c7b24f715ee55ef38656f44540ae3be6
                           .group:00000000 wm4.core_cm4.h.32.1434cd257ff5806b1b03cd32ab0641e9
                           .group:00000000 wm4.newlib.h.8.384a112feabb3bef7b573ae48cde2e3b
                           .group:00000000 wm4.features.h.22.6a4ca7cd053637cc1d0db6c16f39b2d7
                           .group:00000000 wm4.config.h.212.4163ef2871a828c674038d036b081cfd
                           .group:00000000 wm4._ansi.h.23.5644b60c990a4800b02a6e654e88f93a
                           .group:00000000 wm4.stdint.h.20.54ad762faa59e3c05491630641c8d8bf
                           .group:00000000 wm4.core_cmInstr.h.25.d8165482ef3061013a2fc83e2d85f3d9
                           .group:00000000 wm4.core_cm4_simd.h.29.013e5bcf58dba2d27c60184174208e07
                           .group:00000000 wm4.core_cm4.h.155.cf7c793e178943e1bbf613f1b21cd51a
                           .group:00000000 wm4.stm32f30x.h.292.5f9271075d54fc48f1e25ff79df85cb2
                           .group:00000000 wm4.stm32f30x_adc.h.130.cbebad91f78fb87381fe0860eea6104e
                           .group:00000000 wm4.stm32f30x_comp.h.31.9bbc5f5f1a849069ea9062fbe7b81435
                           .group:00000000 wm4.stm32f30x_dma.h.31.73d173fa6d60026d432f3cf1d2fc4407
                           .group:00000000 wm4.stm32f30x_exti.h.31.22e280aa6e095108654ac8d3c74a2409
                           .group:00000000 wm4.stm32f30x_flash.h.31.bee86dc3079b7049419bdbeec073e2cd
                           .group:00000000 wm4.stm32f30x_gpio.h.31.3745297fee3728b346ad4d2a2467e40f
                           .group:00000000 wm4.stm32f30x_syscfg.h.31.96b023b7dbc3641f358604478433eb5c
                           .group:00000000 wm4.stm32f30x_i2c.h.31.52025acd7f154308042bf46a2835e9d3
                           .group:00000000 wm4.stm32f30x_pwr.h.31.cdef322c6e7f25cfc29954045d24e9b8
                           .group:00000000 wm4.stm32f30x_rcc.h.31.3b94c1144b21d1e4fe780e4d1a02d257
                           .group:00000000 wm4.stm32f30x_spi.h.31.c1ebebab897d23cecc617ec8ad9fd534
                           .group:00000000 wm4.stm32f30x_tim.h.31.336f9cd855fb4e2cd819ac260ded6518
                           .group:00000000 wm4.stm32f30x_usart.h.31.cd85313e29c0a128555b4a7b8ec0f487
                           .group:00000000 wm4.stm32f30x_misc.h.31.f08b0e9f53f0471613b5131bb95f8725
                           .group:00000000 wm4.stm32f30x.h.6173.8b641ba1d9b0040eda9120fe8a414b2d
                           .group:00000000 wm4.stm32f30x_wwdg.h.58.4688eee61a2709866472b4b4c07d9275

UNDEFINED SYMBOLS
RCC_APB1PeriphResetCmd
