   1              		.syntax unified
   2              		.cpu cortex-m3
   3              		.fpu softvfp
   4              		.eabi_attribute 20, 1
   5              		.eabi_attribute 21, 1
   6              		.eabi_attribute 23, 3
   7              		.eabi_attribute 24, 1
   8              		.eabi_attribute 25, 1
   9              		.eabi_attribute 26, 1
  10              		.eabi_attribute 30, 4
  11              		.eabi_attribute 34, 1
  12              		.eabi_attribute 18, 4
  13              		.thumb
  14              		.file	"stm32f30x_dbgmcu.c"
  15              		.text
  16              	.Ltext0:
  17              		.cfi_sections	.debug_frame
  18              		.align	1
  19              		.global	DBGMCU_GetREVID
  20              		.thumb
  21              		.thumb_func
  23              	DBGMCU_GetREVID:
  24              	.LFB111:
  25              		.file 1 "/home/user/Desktop/STM32-Projekte/FH-Vertibot/src/STM32F30x_StdPeriph_Driver/src/stm32f30
   1:/home/user/Desktop/STM32-Projekte/FH-Vertibot/src/STM32F30x_StdPeriph_Driver/src/stm32f30x_dbgmcu.c **** /**
   2:/home/user/Desktop/STM32-Projekte/FH-Vertibot/src/STM32F30x_StdPeriph_Driver/src/stm32f30x_dbgmcu.c ****   ******************************************************************************
   3:/home/user/Desktop/STM32-Projekte/FH-Vertibot/src/STM32F30x_StdPeriph_Driver/src/stm32f30x_dbgmcu.c ****   * @file    stm32f30x_dbgmcu.c
   4:/home/user/Desktop/STM32-Projekte/FH-Vertibot/src/STM32F30x_StdPeriph_Driver/src/stm32f30x_dbgmcu.c ****   * @author  MCD Application Team
   5:/home/user/Desktop/STM32-Projekte/FH-Vertibot/src/STM32F30x_StdPeriph_Driver/src/stm32f30x_dbgmcu.c ****   * @version V1.0.1
   6:/home/user/Desktop/STM32-Projekte/FH-Vertibot/src/STM32F30x_StdPeriph_Driver/src/stm32f30x_dbgmcu.c ****   * @date    23-October-2012
   7:/home/user/Desktop/STM32-Projekte/FH-Vertibot/src/STM32F30x_StdPeriph_Driver/src/stm32f30x_dbgmcu.c ****   * @brief   This file provides firmware functions to manage the following 
   8:/home/user/Desktop/STM32-Projekte/FH-Vertibot/src/STM32F30x_StdPeriph_Driver/src/stm32f30x_dbgmcu.c ****   *          functionalities of the Debug MCU (DBGMCU) peripheral:
   9:/home/user/Desktop/STM32-Projekte/FH-Vertibot/src/STM32F30x_StdPeriph_Driver/src/stm32f30x_dbgmcu.c ****   *           + Device and Revision ID management
  10:/home/user/Desktop/STM32-Projekte/FH-Vertibot/src/STM32F30x_StdPeriph_Driver/src/stm32f30x_dbgmcu.c ****   *           + Peripherals Configuration
  11:/home/user/Desktop/STM32-Projekte/FH-Vertibot/src/STM32F30x_StdPeriph_Driver/src/stm32f30x_dbgmcu.c ****   ******************************************************************************
  12:/home/user/Desktop/STM32-Projekte/FH-Vertibot/src/STM32F30x_StdPeriph_Driver/src/stm32f30x_dbgmcu.c ****   * @attention
  13:/home/user/Desktop/STM32-Projekte/FH-Vertibot/src/STM32F30x_StdPeriph_Driver/src/stm32f30x_dbgmcu.c ****   *
  14:/home/user/Desktop/STM32-Projekte/FH-Vertibot/src/STM32F30x_StdPeriph_Driver/src/stm32f30x_dbgmcu.c ****   * <h2><center>&copy; COPYRIGHT 2012 STMicroelectronics</center></h2>
  15:/home/user/Desktop/STM32-Projekte/FH-Vertibot/src/STM32F30x_StdPeriph_Driver/src/stm32f30x_dbgmcu.c ****   *
  16:/home/user/Desktop/STM32-Projekte/FH-Vertibot/src/STM32F30x_StdPeriph_Driver/src/stm32f30x_dbgmcu.c ****   * Licensed under MCD-ST Liberty SW License Agreement V2, (the "License");
  17:/home/user/Desktop/STM32-Projekte/FH-Vertibot/src/STM32F30x_StdPeriph_Driver/src/stm32f30x_dbgmcu.c ****   * You may not use this file except in compliance with the License.
  18:/home/user/Desktop/STM32-Projekte/FH-Vertibot/src/STM32F30x_StdPeriph_Driver/src/stm32f30x_dbgmcu.c ****   * You may obtain a copy of the License at:
  19:/home/user/Desktop/STM32-Projekte/FH-Vertibot/src/STM32F30x_StdPeriph_Driver/src/stm32f30x_dbgmcu.c ****   *
  20:/home/user/Desktop/STM32-Projekte/FH-Vertibot/src/STM32F30x_StdPeriph_Driver/src/stm32f30x_dbgmcu.c ****   *        http://www.st.com/software_license_agreement_liberty_v2
  21:/home/user/Desktop/STM32-Projekte/FH-Vertibot/src/STM32F30x_StdPeriph_Driver/src/stm32f30x_dbgmcu.c ****   *
  22:/home/user/Desktop/STM32-Projekte/FH-Vertibot/src/STM32F30x_StdPeriph_Driver/src/stm32f30x_dbgmcu.c ****   * Unless required by applicable law or agreed to in writing, software 
  23:/home/user/Desktop/STM32-Projekte/FH-Vertibot/src/STM32F30x_StdPeriph_Driver/src/stm32f30x_dbgmcu.c ****   * distributed under the License is distributed on an "AS IS" BASIS, 
  24:/home/user/Desktop/STM32-Projekte/FH-Vertibot/src/STM32F30x_StdPeriph_Driver/src/stm32f30x_dbgmcu.c ****   * WITHOUT WARRANTIES OR CONDITIONS OF ANY KIND, either express or implied.
  25:/home/user/Desktop/STM32-Projekte/FH-Vertibot/src/STM32F30x_StdPeriph_Driver/src/stm32f30x_dbgmcu.c ****   * See the License for the specific language governing permissions and
  26:/home/user/Desktop/STM32-Projekte/FH-Vertibot/src/STM32F30x_StdPeriph_Driver/src/stm32f30x_dbgmcu.c ****   * limitations under the License.
  27:/home/user/Desktop/STM32-Projekte/FH-Vertibot/src/STM32F30x_StdPeriph_Driver/src/stm32f30x_dbgmcu.c ****   *
  28:/home/user/Desktop/STM32-Projekte/FH-Vertibot/src/STM32F30x_StdPeriph_Driver/src/stm32f30x_dbgmcu.c ****   ******************************************************************************
  29:/home/user/Desktop/STM32-Projekte/FH-Vertibot/src/STM32F30x_StdPeriph_Driver/src/stm32f30x_dbgmcu.c ****   */
  30:/home/user/Desktop/STM32-Projekte/FH-Vertibot/src/STM32F30x_StdPeriph_Driver/src/stm32f30x_dbgmcu.c **** 
  31:/home/user/Desktop/STM32-Projekte/FH-Vertibot/src/STM32F30x_StdPeriph_Driver/src/stm32f30x_dbgmcu.c **** /* Includes ------------------------------------------------------------------*/
  32:/home/user/Desktop/STM32-Projekte/FH-Vertibot/src/STM32F30x_StdPeriph_Driver/src/stm32f30x_dbgmcu.c **** #include "stm32f30x_dbgmcu.h"
  33:/home/user/Desktop/STM32-Projekte/FH-Vertibot/src/STM32F30x_StdPeriph_Driver/src/stm32f30x_dbgmcu.c **** 
  34:/home/user/Desktop/STM32-Projekte/FH-Vertibot/src/STM32F30x_StdPeriph_Driver/src/stm32f30x_dbgmcu.c **** /** @addtogroup STM32F30x_StdPeriph_Driver
  35:/home/user/Desktop/STM32-Projekte/FH-Vertibot/src/STM32F30x_StdPeriph_Driver/src/stm32f30x_dbgmcu.c ****   * @{
  36:/home/user/Desktop/STM32-Projekte/FH-Vertibot/src/STM32F30x_StdPeriph_Driver/src/stm32f30x_dbgmcu.c ****   */
  37:/home/user/Desktop/STM32-Projekte/FH-Vertibot/src/STM32F30x_StdPeriph_Driver/src/stm32f30x_dbgmcu.c **** 
  38:/home/user/Desktop/STM32-Projekte/FH-Vertibot/src/STM32F30x_StdPeriph_Driver/src/stm32f30x_dbgmcu.c **** /** @defgroup DBGMCU 
  39:/home/user/Desktop/STM32-Projekte/FH-Vertibot/src/STM32F30x_StdPeriph_Driver/src/stm32f30x_dbgmcu.c ****   * @brief DBGMCU driver modules
  40:/home/user/Desktop/STM32-Projekte/FH-Vertibot/src/STM32F30x_StdPeriph_Driver/src/stm32f30x_dbgmcu.c ****   * @{
  41:/home/user/Desktop/STM32-Projekte/FH-Vertibot/src/STM32F30x_StdPeriph_Driver/src/stm32f30x_dbgmcu.c ****   */ 
  42:/home/user/Desktop/STM32-Projekte/FH-Vertibot/src/STM32F30x_StdPeriph_Driver/src/stm32f30x_dbgmcu.c **** 
  43:/home/user/Desktop/STM32-Projekte/FH-Vertibot/src/STM32F30x_StdPeriph_Driver/src/stm32f30x_dbgmcu.c **** /* Private typedef -----------------------------------------------------------*/
  44:/home/user/Desktop/STM32-Projekte/FH-Vertibot/src/STM32F30x_StdPeriph_Driver/src/stm32f30x_dbgmcu.c **** /* Private define ------------------------------------------------------------*/
  45:/home/user/Desktop/STM32-Projekte/FH-Vertibot/src/STM32F30x_StdPeriph_Driver/src/stm32f30x_dbgmcu.c **** #define IDCODE_DEVID_MASK    ((uint32_t)0x00000FFF)
  46:/home/user/Desktop/STM32-Projekte/FH-Vertibot/src/STM32F30x_StdPeriph_Driver/src/stm32f30x_dbgmcu.c **** 
  47:/home/user/Desktop/STM32-Projekte/FH-Vertibot/src/STM32F30x_StdPeriph_Driver/src/stm32f30x_dbgmcu.c **** /* Private macro -------------------------------------------------------------*/
  48:/home/user/Desktop/STM32-Projekte/FH-Vertibot/src/STM32F30x_StdPeriph_Driver/src/stm32f30x_dbgmcu.c **** /* Private variables ---------------------------------------------------------*/
  49:/home/user/Desktop/STM32-Projekte/FH-Vertibot/src/STM32F30x_StdPeriph_Driver/src/stm32f30x_dbgmcu.c **** /* Private function prototypes -----------------------------------------------*/
  50:/home/user/Desktop/STM32-Projekte/FH-Vertibot/src/STM32F30x_StdPeriph_Driver/src/stm32f30x_dbgmcu.c **** /* Private functions ---------------------------------------------------------*/
  51:/home/user/Desktop/STM32-Projekte/FH-Vertibot/src/STM32F30x_StdPeriph_Driver/src/stm32f30x_dbgmcu.c **** 
  52:/home/user/Desktop/STM32-Projekte/FH-Vertibot/src/STM32F30x_StdPeriph_Driver/src/stm32f30x_dbgmcu.c **** /** @defgroup DBGMCU_Private_Functions
  53:/home/user/Desktop/STM32-Projekte/FH-Vertibot/src/STM32F30x_StdPeriph_Driver/src/stm32f30x_dbgmcu.c ****   * @{
  54:/home/user/Desktop/STM32-Projekte/FH-Vertibot/src/STM32F30x_StdPeriph_Driver/src/stm32f30x_dbgmcu.c ****   */ 
  55:/home/user/Desktop/STM32-Projekte/FH-Vertibot/src/STM32F30x_StdPeriph_Driver/src/stm32f30x_dbgmcu.c **** 
  56:/home/user/Desktop/STM32-Projekte/FH-Vertibot/src/STM32F30x_StdPeriph_Driver/src/stm32f30x_dbgmcu.c **** /** @defgroup DBGMCU_Group1 Device and Revision ID management functions
  57:/home/user/Desktop/STM32-Projekte/FH-Vertibot/src/STM32F30x_StdPeriph_Driver/src/stm32f30x_dbgmcu.c ****  *  @brief   Device and Revision ID management functions
  58:/home/user/Desktop/STM32-Projekte/FH-Vertibot/src/STM32F30x_StdPeriph_Driver/src/stm32f30x_dbgmcu.c ****  *
  59:/home/user/Desktop/STM32-Projekte/FH-Vertibot/src/STM32F30x_StdPeriph_Driver/src/stm32f30x_dbgmcu.c **** @verbatim
  60:/home/user/Desktop/STM32-Projekte/FH-Vertibot/src/STM32F30x_StdPeriph_Driver/src/stm32f30x_dbgmcu.c ****   ==============================================================================
  61:/home/user/Desktop/STM32-Projekte/FH-Vertibot/src/STM32F30x_StdPeriph_Driver/src/stm32f30x_dbgmcu.c ****             ##### Device and Revision ID management functions #####
  62:/home/user/Desktop/STM32-Projekte/FH-Vertibot/src/STM32F30x_StdPeriph_Driver/src/stm32f30x_dbgmcu.c ****   ==============================================================================
  63:/home/user/Desktop/STM32-Projekte/FH-Vertibot/src/STM32F30x_StdPeriph_Driver/src/stm32f30x_dbgmcu.c **** 
  64:/home/user/Desktop/STM32-Projekte/FH-Vertibot/src/STM32F30x_StdPeriph_Driver/src/stm32f30x_dbgmcu.c **** @endverbatim
  65:/home/user/Desktop/STM32-Projekte/FH-Vertibot/src/STM32F30x_StdPeriph_Driver/src/stm32f30x_dbgmcu.c ****   * @{
  66:/home/user/Desktop/STM32-Projekte/FH-Vertibot/src/STM32F30x_StdPeriph_Driver/src/stm32f30x_dbgmcu.c ****   */
  67:/home/user/Desktop/STM32-Projekte/FH-Vertibot/src/STM32F30x_StdPeriph_Driver/src/stm32f30x_dbgmcu.c **** 
  68:/home/user/Desktop/STM32-Projekte/FH-Vertibot/src/STM32F30x_StdPeriph_Driver/src/stm32f30x_dbgmcu.c **** /**
  69:/home/user/Desktop/STM32-Projekte/FH-Vertibot/src/STM32F30x_StdPeriph_Driver/src/stm32f30x_dbgmcu.c ****   * @brief  Returns the device revision identifier.
  70:/home/user/Desktop/STM32-Projekte/FH-Vertibot/src/STM32F30x_StdPeriph_Driver/src/stm32f30x_dbgmcu.c ****   * @param  None
  71:/home/user/Desktop/STM32-Projekte/FH-Vertibot/src/STM32F30x_StdPeriph_Driver/src/stm32f30x_dbgmcu.c ****   * @retval Device revision identifier
  72:/home/user/Desktop/STM32-Projekte/FH-Vertibot/src/STM32F30x_StdPeriph_Driver/src/stm32f30x_dbgmcu.c ****   */
  73:/home/user/Desktop/STM32-Projekte/FH-Vertibot/src/STM32F30x_StdPeriph_Driver/src/stm32f30x_dbgmcu.c **** uint32_t DBGMCU_GetREVID(void)
  74:/home/user/Desktop/STM32-Projekte/FH-Vertibot/src/STM32F30x_StdPeriph_Driver/src/stm32f30x_dbgmcu.c **** {
  26              		.loc 1 74 0
  27              		.cfi_startproc
  28              		@ args = 0, pretend = 0, frame = 0
  29              		@ frame_needed = 0, uses_anonymous_args = 0
  30              		@ link register save eliminated.
  75:/home/user/Desktop/STM32-Projekte/FH-Vertibot/src/STM32F30x_StdPeriph_Driver/src/stm32f30x_dbgmcu.c ****    return(DBGMCU->IDCODE >> 16);
  31              		.loc 1 75 0
  32 0000 014B     		ldr	r3, .L2
  33 0002 1868     		ldr	r0, [r3, #0]
  76:/home/user/Desktop/STM32-Projekte/FH-Vertibot/src/STM32F30x_StdPeriph_Driver/src/stm32f30x_dbgmcu.c **** }
  34              		.loc 1 76 0
  35 0004 000C     		lsrs	r0, r0, #16
  36 0006 7047     		bx	lr
  37              	.L3:
  38              		.align	2
  39              	.L2:
  40 0008 002004E0 		.word	-536600576
  41              		.cfi_endproc
  42              	.LFE111:
  44              		.align	1
  45              		.global	DBGMCU_GetDEVID
  46              		.thumb
  47              		.thumb_func
  49              	DBGMCU_GetDEVID:
  50              	.LFB112:
  77:/home/user/Desktop/STM32-Projekte/FH-Vertibot/src/STM32F30x_StdPeriph_Driver/src/stm32f30x_dbgmcu.c **** 
  78:/home/user/Desktop/STM32-Projekte/FH-Vertibot/src/STM32F30x_StdPeriph_Driver/src/stm32f30x_dbgmcu.c **** /**
  79:/home/user/Desktop/STM32-Projekte/FH-Vertibot/src/STM32F30x_StdPeriph_Driver/src/stm32f30x_dbgmcu.c ****   * @brief   Returns the device identifier.
  80:/home/user/Desktop/STM32-Projekte/FH-Vertibot/src/STM32F30x_StdPeriph_Driver/src/stm32f30x_dbgmcu.c ****   * @param  None
  81:/home/user/Desktop/STM32-Projekte/FH-Vertibot/src/STM32F30x_StdPeriph_Driver/src/stm32f30x_dbgmcu.c ****   * @retval Device identifier
  82:/home/user/Desktop/STM32-Projekte/FH-Vertibot/src/STM32F30x_StdPeriph_Driver/src/stm32f30x_dbgmcu.c ****   */
  83:/home/user/Desktop/STM32-Projekte/FH-Vertibot/src/STM32F30x_StdPeriph_Driver/src/stm32f30x_dbgmcu.c **** uint32_t DBGMCU_GetDEVID(void)
  84:/home/user/Desktop/STM32-Projekte/FH-Vertibot/src/STM32F30x_StdPeriph_Driver/src/stm32f30x_dbgmcu.c **** {
  51              		.loc 1 84 0
  52              		.cfi_startproc
  53              		@ args = 0, pretend = 0, frame = 0
  54              		@ frame_needed = 0, uses_anonymous_args = 0
  55              		@ link register save eliminated.
  85:/home/user/Desktop/STM32-Projekte/FH-Vertibot/src/STM32F30x_StdPeriph_Driver/src/stm32f30x_dbgmcu.c ****    return(DBGMCU->IDCODE & IDCODE_DEVID_MASK);
  56              		.loc 1 85 0
  57 000c 024B     		ldr	r3, .L5
  58 000e 1868     		ldr	r0, [r3, #0]
  59 0010 0005     		lsls	r0, r0, #20
  86:/home/user/Desktop/STM32-Projekte/FH-Vertibot/src/STM32F30x_StdPeriph_Driver/src/stm32f30x_dbgmcu.c **** }
  60              		.loc 1 86 0
  61 0012 000D     		lsrs	r0, r0, #20
  62 0014 7047     		bx	lr
  63              	.L6:
  64 0016 00BF     		.align	2
  65              	.L5:
  66 0018 002004E0 		.word	-536600576
  67              		.cfi_endproc
  68              	.LFE112:
  70              		.align	1
  71              		.global	DBGMCU_Config
  72              		.thumb
  73              		.thumb_func
  75              	DBGMCU_Config:
  76              	.LFB113:
  87:/home/user/Desktop/STM32-Projekte/FH-Vertibot/src/STM32F30x_StdPeriph_Driver/src/stm32f30x_dbgmcu.c **** 
  88:/home/user/Desktop/STM32-Projekte/FH-Vertibot/src/STM32F30x_StdPeriph_Driver/src/stm32f30x_dbgmcu.c **** /**
  89:/home/user/Desktop/STM32-Projekte/FH-Vertibot/src/STM32F30x_StdPeriph_Driver/src/stm32f30x_dbgmcu.c ****   * @}
  90:/home/user/Desktop/STM32-Projekte/FH-Vertibot/src/STM32F30x_StdPeriph_Driver/src/stm32f30x_dbgmcu.c ****   */
  91:/home/user/Desktop/STM32-Projekte/FH-Vertibot/src/STM32F30x_StdPeriph_Driver/src/stm32f30x_dbgmcu.c ****   
  92:/home/user/Desktop/STM32-Projekte/FH-Vertibot/src/STM32F30x_StdPeriph_Driver/src/stm32f30x_dbgmcu.c **** /** @defgroup DBGMCU_Group2 Peripherals Configuration functions
  93:/home/user/Desktop/STM32-Projekte/FH-Vertibot/src/STM32F30x_StdPeriph_Driver/src/stm32f30x_dbgmcu.c ****  *  @brief   Peripherals Configuration
  94:/home/user/Desktop/STM32-Projekte/FH-Vertibot/src/STM32F30x_StdPeriph_Driver/src/stm32f30x_dbgmcu.c ****  *
  95:/home/user/Desktop/STM32-Projekte/FH-Vertibot/src/STM32F30x_StdPeriph_Driver/src/stm32f30x_dbgmcu.c **** @verbatim
  96:/home/user/Desktop/STM32-Projekte/FH-Vertibot/src/STM32F30x_StdPeriph_Driver/src/stm32f30x_dbgmcu.c ****   ==============================================================================
  97:/home/user/Desktop/STM32-Projekte/FH-Vertibot/src/STM32F30x_StdPeriph_Driver/src/stm32f30x_dbgmcu.c ****                ##### Peripherals Configuration functions #####
  98:/home/user/Desktop/STM32-Projekte/FH-Vertibot/src/STM32F30x_StdPeriph_Driver/src/stm32f30x_dbgmcu.c ****   ==============================================================================
  99:/home/user/Desktop/STM32-Projekte/FH-Vertibot/src/STM32F30x_StdPeriph_Driver/src/stm32f30x_dbgmcu.c **** 
 100:/home/user/Desktop/STM32-Projekte/FH-Vertibot/src/STM32F30x_StdPeriph_Driver/src/stm32f30x_dbgmcu.c **** @endverbatim
 101:/home/user/Desktop/STM32-Projekte/FH-Vertibot/src/STM32F30x_StdPeriph_Driver/src/stm32f30x_dbgmcu.c ****   * @{
 102:/home/user/Desktop/STM32-Projekte/FH-Vertibot/src/STM32F30x_StdPeriph_Driver/src/stm32f30x_dbgmcu.c ****   */
 103:/home/user/Desktop/STM32-Projekte/FH-Vertibot/src/STM32F30x_StdPeriph_Driver/src/stm32f30x_dbgmcu.c **** 
 104:/home/user/Desktop/STM32-Projekte/FH-Vertibot/src/STM32F30x_StdPeriph_Driver/src/stm32f30x_dbgmcu.c **** /**
 105:/home/user/Desktop/STM32-Projekte/FH-Vertibot/src/STM32F30x_StdPeriph_Driver/src/stm32f30x_dbgmcu.c ****   * @brief  Configures low power mode behavior when the MCU is in Debug mode.
 106:/home/user/Desktop/STM32-Projekte/FH-Vertibot/src/STM32F30x_StdPeriph_Driver/src/stm32f30x_dbgmcu.c ****   * @param  DBGMCU_Periph: specifies the low power mode.
 107:/home/user/Desktop/STM32-Projekte/FH-Vertibot/src/STM32F30x_StdPeriph_Driver/src/stm32f30x_dbgmcu.c ****   *   This parameter can be any combination of the following values:
 108:/home/user/Desktop/STM32-Projekte/FH-Vertibot/src/STM32F30x_StdPeriph_Driver/src/stm32f30x_dbgmcu.c ****   *     @arg DBGMCU_SLEEP: Keep debugger connection during SLEEP mode.              
 109:/home/user/Desktop/STM32-Projekte/FH-Vertibot/src/STM32F30x_StdPeriph_Driver/src/stm32f30x_dbgmcu.c ****   *     @arg DBGMCU_STOP: Keep debugger connection during STOP mode.               
 110:/home/user/Desktop/STM32-Projekte/FH-Vertibot/src/STM32F30x_StdPeriph_Driver/src/stm32f30x_dbgmcu.c ****   *     @arg DBGMCU_STANDBY: Keep debugger connection during STANDBY mode.        
 111:/home/user/Desktop/STM32-Projekte/FH-Vertibot/src/STM32F30x_StdPeriph_Driver/src/stm32f30x_dbgmcu.c ****   * @param  NewState: new state of the specified low power mode in Debug mode.
 112:/home/user/Desktop/STM32-Projekte/FH-Vertibot/src/STM32F30x_StdPeriph_Driver/src/stm32f30x_dbgmcu.c ****   *   This parameter can be: ENABLE or DISABLE.
 113:/home/user/Desktop/STM32-Projekte/FH-Vertibot/src/STM32F30x_StdPeriph_Driver/src/stm32f30x_dbgmcu.c ****   * @retval None
 114:/home/user/Desktop/STM32-Projekte/FH-Vertibot/src/STM32F30x_StdPeriph_Driver/src/stm32f30x_dbgmcu.c ****   */
 115:/home/user/Desktop/STM32-Projekte/FH-Vertibot/src/STM32F30x_StdPeriph_Driver/src/stm32f30x_dbgmcu.c **** void DBGMCU_Config(uint32_t DBGMCU_Periph, FunctionalState NewState)
 116:/home/user/Desktop/STM32-Projekte/FH-Vertibot/src/STM32F30x_StdPeriph_Driver/src/stm32f30x_dbgmcu.c **** {
  77              		.loc 1 116 0
  78              		.cfi_startproc
  79              		@ args = 0, pretend = 0, frame = 0
  80              		@ frame_needed = 0, uses_anonymous_args = 0
  81              		@ link register save eliminated.
  82              	.LVL0:
  83 001c 044B     		ldr	r3, .L11
 117:/home/user/Desktop/STM32-Projekte/FH-Vertibot/src/STM32F30x_StdPeriph_Driver/src/stm32f30x_dbgmcu.c ****   /* Check the parameters */
 118:/home/user/Desktop/STM32-Projekte/FH-Vertibot/src/STM32F30x_StdPeriph_Driver/src/stm32f30x_dbgmcu.c ****   assert_param(IS_DBGMCU_PERIPH(DBGMCU_Periph));
 119:/home/user/Desktop/STM32-Projekte/FH-Vertibot/src/STM32F30x_StdPeriph_Driver/src/stm32f30x_dbgmcu.c ****   assert_param(IS_FUNCTIONAL_STATE(NewState));
 120:/home/user/Desktop/STM32-Projekte/FH-Vertibot/src/STM32F30x_StdPeriph_Driver/src/stm32f30x_dbgmcu.c ****   if (NewState != DISABLE)
 121:/home/user/Desktop/STM32-Projekte/FH-Vertibot/src/STM32F30x_StdPeriph_Driver/src/stm32f30x_dbgmcu.c ****   {
 122:/home/user/Desktop/STM32-Projekte/FH-Vertibot/src/STM32F30x_StdPeriph_Driver/src/stm32f30x_dbgmcu.c ****     DBGMCU->CR |= DBGMCU_Periph;
  84              		.loc 1 122 0
  85 001e 5A68     		ldr	r2, [r3, #4]
 120:/home/user/Desktop/STM32-Projekte/FH-Vertibot/src/STM32F30x_StdPeriph_Driver/src/stm32f30x_dbgmcu.c ****   if (NewState != DISABLE)
  86              		.loc 1 120 0
  87 0020 09B1     		cbz	r1, .L8
  88              		.loc 1 122 0
  89 0022 1043     		orrs	r0, r0, r2
  90              	.LVL1:
  91 0024 01E0     		b	.L10
  92              	.LVL2:
  93              	.L8:
 123:/home/user/Desktop/STM32-Projekte/FH-Vertibot/src/STM32F30x_StdPeriph_Driver/src/stm32f30x_dbgmcu.c ****   }
 124:/home/user/Desktop/STM32-Projekte/FH-Vertibot/src/STM32F30x_StdPeriph_Driver/src/stm32f30x_dbgmcu.c ****   else
 125:/home/user/Desktop/STM32-Projekte/FH-Vertibot/src/STM32F30x_StdPeriph_Driver/src/stm32f30x_dbgmcu.c ****   {
 126:/home/user/Desktop/STM32-Projekte/FH-Vertibot/src/STM32F30x_StdPeriph_Driver/src/stm32f30x_dbgmcu.c ****     DBGMCU->CR &= ~DBGMCU_Periph;
  94              		.loc 1 126 0
  95 0026 22EA0000 		bic	r0, r2, r0
  96              	.LVL3:
  97              	.L10:
  98 002a 5860     		str	r0, [r3, #4]
  99 002c 7047     		bx	lr
 100              	.L12:
 101 002e 00BF     		.align	2
 102              	.L11:
 103 0030 002004E0 		.word	-536600576
 104              		.cfi_endproc
 105              	.LFE113:
 107              		.align	1
 108              		.global	DBGMCU_APB1PeriphConfig
 109              		.thumb
 110              		.thumb_func
 112              	DBGMCU_APB1PeriphConfig:
 113              	.LFB114:
 127:/home/user/Desktop/STM32-Projekte/FH-Vertibot/src/STM32F30x_StdPeriph_Driver/src/stm32f30x_dbgmcu.c ****   }
 128:/home/user/Desktop/STM32-Projekte/FH-Vertibot/src/STM32F30x_StdPeriph_Driver/src/stm32f30x_dbgmcu.c **** }
 129:/home/user/Desktop/STM32-Projekte/FH-Vertibot/src/STM32F30x_StdPeriph_Driver/src/stm32f30x_dbgmcu.c **** 
 130:/home/user/Desktop/STM32-Projekte/FH-Vertibot/src/STM32F30x_StdPeriph_Driver/src/stm32f30x_dbgmcu.c **** /**
 131:/home/user/Desktop/STM32-Projekte/FH-Vertibot/src/STM32F30x_StdPeriph_Driver/src/stm32f30x_dbgmcu.c ****   * @brief  Configures APB1 peripheral behavior when the MCU is in Debug mode.
 132:/home/user/Desktop/STM32-Projekte/FH-Vertibot/src/STM32F30x_StdPeriph_Driver/src/stm32f30x_dbgmcu.c ****   * @param  DBGMCU_Periph: specifies the APB1 peripheral.
 133:/home/user/Desktop/STM32-Projekte/FH-Vertibot/src/STM32F30x_StdPeriph_Driver/src/stm32f30x_dbgmcu.c ****   *   This parameter can be any combination of the following values:        
 134:/home/user/Desktop/STM32-Projekte/FH-Vertibot/src/STM32F30x_StdPeriph_Driver/src/stm32f30x_dbgmcu.c ****   *     @arg DBGMCU_TIM2_STOP: TIM2 counter stopped when Core is halted.          
 135:/home/user/Desktop/STM32-Projekte/FH-Vertibot/src/STM32F30x_StdPeriph_Driver/src/stm32f30x_dbgmcu.c ****   *     @arg DBGMCU_TIM3_STOP: TIM3 counter stopped when Core is halted.          
 136:/home/user/Desktop/STM32-Projekte/FH-Vertibot/src/STM32F30x_StdPeriph_Driver/src/stm32f30x_dbgmcu.c ****   *     @arg DBGMCU_TIM4_STOP: TIM4 counter stopped when Core is halted.
 137:/home/user/Desktop/STM32-Projekte/FH-Vertibot/src/STM32F30x_StdPeriph_Driver/src/stm32f30x_dbgmcu.c ****   *     @arg DBGMCU_TIM6_STOP: TIM6 counter stopped when Core is halted.          
 138:/home/user/Desktop/STM32-Projekte/FH-Vertibot/src/STM32F30x_StdPeriph_Driver/src/stm32f30x_dbgmcu.c ****   *     @arg DBGMCU_TIM7_STOP: TIM7 counter stopped when Core is halted.
 139:/home/user/Desktop/STM32-Projekte/FH-Vertibot/src/STM32F30x_StdPeriph_Driver/src/stm32f30x_dbgmcu.c ****   *     @arg DBGMCU_RTC_STOP: RTC Calendar and Wakeup counter are stopped when 
 140:/home/user/Desktop/STM32-Projekte/FH-Vertibot/src/STM32F30x_StdPeriph_Driver/src/stm32f30x_dbgmcu.c ****   *          Core is halted. 
 141:/home/user/Desktop/STM32-Projekte/FH-Vertibot/src/STM32F30x_StdPeriph_Driver/src/stm32f30x_dbgmcu.c ****   *     @arg DBGMCU_WWDG_STOP: Debug WWDG stopped when Core is halted.
 142:/home/user/Desktop/STM32-Projekte/FH-Vertibot/src/STM32F30x_StdPeriph_Driver/src/stm32f30x_dbgmcu.c ****   *     @arg DBGMCU_IWDG_STOP: Debug IWDG stopped when Core is halted.        
 143:/home/user/Desktop/STM32-Projekte/FH-Vertibot/src/STM32F30x_StdPeriph_Driver/src/stm32f30x_dbgmcu.c ****   *     @arg DBGMCU_I2C1_SMBUS_TIMEOUT: I2C1 SMBUS timeout mode stopped when 
 144:/home/user/Desktop/STM32-Projekte/FH-Vertibot/src/STM32F30x_StdPeriph_Driver/src/stm32f30x_dbgmcu.c ****   *          Core is halted.
 145:/home/user/Desktop/STM32-Projekte/FH-Vertibot/src/STM32F30x_StdPeriph_Driver/src/stm32f30x_dbgmcu.c ****   *     @arg DBGMCU_I2C2_SMBUS_TIMEOUT: I2C2 SMBUS timeout mode stopped when 
 146:/home/user/Desktop/STM32-Projekte/FH-Vertibot/src/STM32F30x_StdPeriph_Driver/src/stm32f30x_dbgmcu.c ****   *          Core is halted.
 147:/home/user/Desktop/STM32-Projekte/FH-Vertibot/src/STM32F30x_StdPeriph_Driver/src/stm32f30x_dbgmcu.c ****   *     @arg DBGMCU_CAN1_STOP: Debug CAN2 stopped when Core is halted.        
 148:/home/user/Desktop/STM32-Projekte/FH-Vertibot/src/STM32F30x_StdPeriph_Driver/src/stm32f30x_dbgmcu.c ****   * @param  NewState: new state of the specified APB1 peripheral in Debug mode.
 149:/home/user/Desktop/STM32-Projekte/FH-Vertibot/src/STM32F30x_StdPeriph_Driver/src/stm32f30x_dbgmcu.c ****   *         This parameter can be: ENABLE or DISABLE.
 150:/home/user/Desktop/STM32-Projekte/FH-Vertibot/src/STM32F30x_StdPeriph_Driver/src/stm32f30x_dbgmcu.c ****   * @retval None
 151:/home/user/Desktop/STM32-Projekte/FH-Vertibot/src/STM32F30x_StdPeriph_Driver/src/stm32f30x_dbgmcu.c ****   */
 152:/home/user/Desktop/STM32-Projekte/FH-Vertibot/src/STM32F30x_StdPeriph_Driver/src/stm32f30x_dbgmcu.c **** void DBGMCU_APB1PeriphConfig(uint32_t DBGMCU_Periph, FunctionalState NewState)
 153:/home/user/Desktop/STM32-Projekte/FH-Vertibot/src/STM32F30x_StdPeriph_Driver/src/stm32f30x_dbgmcu.c **** {
 114              		.loc 1 153 0
 115              		.cfi_startproc
 116              		@ args = 0, pretend = 0, frame = 0
 117              		@ frame_needed = 0, uses_anonymous_args = 0
 118              		@ link register save eliminated.
 119              	.LVL4:
 120 0034 044B     		ldr	r3, .L17
 154:/home/user/Desktop/STM32-Projekte/FH-Vertibot/src/STM32F30x_StdPeriph_Driver/src/stm32f30x_dbgmcu.c ****   /* Check the parameters */
 155:/home/user/Desktop/STM32-Projekte/FH-Vertibot/src/STM32F30x_StdPeriph_Driver/src/stm32f30x_dbgmcu.c ****   assert_param(IS_DBGMCU_APB1PERIPH(DBGMCU_Periph));
 156:/home/user/Desktop/STM32-Projekte/FH-Vertibot/src/STM32F30x_StdPeriph_Driver/src/stm32f30x_dbgmcu.c ****   assert_param(IS_FUNCTIONAL_STATE(NewState));
 157:/home/user/Desktop/STM32-Projekte/FH-Vertibot/src/STM32F30x_StdPeriph_Driver/src/stm32f30x_dbgmcu.c **** 
 158:/home/user/Desktop/STM32-Projekte/FH-Vertibot/src/STM32F30x_StdPeriph_Driver/src/stm32f30x_dbgmcu.c ****   if (NewState != DISABLE)
 159:/home/user/Desktop/STM32-Projekte/FH-Vertibot/src/STM32F30x_StdPeriph_Driver/src/stm32f30x_dbgmcu.c ****   {
 160:/home/user/Desktop/STM32-Projekte/FH-Vertibot/src/STM32F30x_StdPeriph_Driver/src/stm32f30x_dbgmcu.c ****     DBGMCU->APB1FZ |= DBGMCU_Periph;
 121              		.loc 1 160 0
 122 0036 9A68     		ldr	r2, [r3, #8]
 158:/home/user/Desktop/STM32-Projekte/FH-Vertibot/src/STM32F30x_StdPeriph_Driver/src/stm32f30x_dbgmcu.c ****   if (NewState != DISABLE)
 123              		.loc 1 158 0
 124 0038 09B1     		cbz	r1, .L14
 125              		.loc 1 160 0
 126 003a 1043     		orrs	r0, r0, r2
 127              	.LVL5:
 128 003c 01E0     		b	.L16
 129              	.LVL6:
 130              	.L14:
 161:/home/user/Desktop/STM32-Projekte/FH-Vertibot/src/STM32F30x_StdPeriph_Driver/src/stm32f30x_dbgmcu.c ****   }
 162:/home/user/Desktop/STM32-Projekte/FH-Vertibot/src/STM32F30x_StdPeriph_Driver/src/stm32f30x_dbgmcu.c ****   else
 163:/home/user/Desktop/STM32-Projekte/FH-Vertibot/src/STM32F30x_StdPeriph_Driver/src/stm32f30x_dbgmcu.c ****   {
 164:/home/user/Desktop/STM32-Projekte/FH-Vertibot/src/STM32F30x_StdPeriph_Driver/src/stm32f30x_dbgmcu.c ****     DBGMCU->APB1FZ &= ~DBGMCU_Periph;
 131              		.loc 1 164 0
 132 003e 22EA0000 		bic	r0, r2, r0
 133              	.LVL7:
 134              	.L16:
 135 0042 9860     		str	r0, [r3, #8]
 136 0044 7047     		bx	lr
 137              	.L18:
 138 0046 00BF     		.align	2
 139              	.L17:
 140 0048 002004E0 		.word	-536600576
 141              		.cfi_endproc
 142              	.LFE114:
 144              		.align	1
 145              		.global	DBGMCU_APB2PeriphConfig
 146              		.thumb
 147              		.thumb_func
 149              	DBGMCU_APB2PeriphConfig:
 150              	.LFB115:
 165:/home/user/Desktop/STM32-Projekte/FH-Vertibot/src/STM32F30x_StdPeriph_Driver/src/stm32f30x_dbgmcu.c ****   }
 166:/home/user/Desktop/STM32-Projekte/FH-Vertibot/src/STM32F30x_StdPeriph_Driver/src/stm32f30x_dbgmcu.c **** }
 167:/home/user/Desktop/STM32-Projekte/FH-Vertibot/src/STM32F30x_StdPeriph_Driver/src/stm32f30x_dbgmcu.c **** 
 168:/home/user/Desktop/STM32-Projekte/FH-Vertibot/src/STM32F30x_StdPeriph_Driver/src/stm32f30x_dbgmcu.c **** /**
 169:/home/user/Desktop/STM32-Projekte/FH-Vertibot/src/STM32F30x_StdPeriph_Driver/src/stm32f30x_dbgmcu.c ****   * @brief  Configures APB2 peripheral behavior when the MCU is in Debug mode.
 170:/home/user/Desktop/STM32-Projekte/FH-Vertibot/src/STM32F30x_StdPeriph_Driver/src/stm32f30x_dbgmcu.c ****   * @param  DBGMCU_Periph: specifies the APB2 peripheral.
 171:/home/user/Desktop/STM32-Projekte/FH-Vertibot/src/STM32F30x_StdPeriph_Driver/src/stm32f30x_dbgmcu.c ****   *   This parameter can be any combination of the following values:       
 172:/home/user/Desktop/STM32-Projekte/FH-Vertibot/src/STM32F30x_StdPeriph_Driver/src/stm32f30x_dbgmcu.c ****   *     @arg DBGMCU_TIM1_STOP: TIM1 counter stopped when Core is halted.   
 173:/home/user/Desktop/STM32-Projekte/FH-Vertibot/src/STM32F30x_StdPeriph_Driver/src/stm32f30x_dbgmcu.c ****   *     @arg DBGMCU_TIM8_STOP: TIM8 counter stopped when Core is halted. 
 174:/home/user/Desktop/STM32-Projekte/FH-Vertibot/src/STM32F30x_StdPeriph_Driver/src/stm32f30x_dbgmcu.c ****   *     @arg DBGMCU_TIM15_STOP: TIM15 counter stopped when Core is halted.                
 175:/home/user/Desktop/STM32-Projekte/FH-Vertibot/src/STM32F30x_StdPeriph_Driver/src/stm32f30x_dbgmcu.c ****   *     @arg DBGMCU_TIM16_STOP: TIM16 counter stopped when Core is halted.
 176:/home/user/Desktop/STM32-Projekte/FH-Vertibot/src/STM32F30x_StdPeriph_Driver/src/stm32f30x_dbgmcu.c ****   *     @arg DBGMCU_TIM17_STOP: TIM17 counter stopped when Core is halted.   
 177:/home/user/Desktop/STM32-Projekte/FH-Vertibot/src/STM32F30x_StdPeriph_Driver/src/stm32f30x_dbgmcu.c ****   * @param  NewState: new state of the specified APB2 peripheral in Debug mode.
 178:/home/user/Desktop/STM32-Projekte/FH-Vertibot/src/STM32F30x_StdPeriph_Driver/src/stm32f30x_dbgmcu.c ****   *         This parameter can be: ENABLE or DISABLE.
 179:/home/user/Desktop/STM32-Projekte/FH-Vertibot/src/STM32F30x_StdPeriph_Driver/src/stm32f30x_dbgmcu.c ****   * @retval None
 180:/home/user/Desktop/STM32-Projekte/FH-Vertibot/src/STM32F30x_StdPeriph_Driver/src/stm32f30x_dbgmcu.c ****   */
 181:/home/user/Desktop/STM32-Projekte/FH-Vertibot/src/STM32F30x_StdPeriph_Driver/src/stm32f30x_dbgmcu.c **** void DBGMCU_APB2PeriphConfig(uint32_t DBGMCU_Periph, FunctionalState NewState)
 182:/home/user/Desktop/STM32-Projekte/FH-Vertibot/src/STM32F30x_StdPeriph_Driver/src/stm32f30x_dbgmcu.c **** {
 151              		.loc 1 182 0
 152              		.cfi_startproc
 153              		@ args = 0, pretend = 0, frame = 0
 154              		@ frame_needed = 0, uses_anonymous_args = 0
 155              		@ link register save eliminated.
 156              	.LVL8:
 157 004c 044B     		ldr	r3, .L23
 183:/home/user/Desktop/STM32-Projekte/FH-Vertibot/src/STM32F30x_StdPeriph_Driver/src/stm32f30x_dbgmcu.c ****   /* Check the parameters */
 184:/home/user/Desktop/STM32-Projekte/FH-Vertibot/src/STM32F30x_StdPeriph_Driver/src/stm32f30x_dbgmcu.c ****   assert_param(IS_DBGMCU_APB2PERIPH(DBGMCU_Periph));
 185:/home/user/Desktop/STM32-Projekte/FH-Vertibot/src/STM32F30x_StdPeriph_Driver/src/stm32f30x_dbgmcu.c ****   assert_param(IS_FUNCTIONAL_STATE(NewState));
 186:/home/user/Desktop/STM32-Projekte/FH-Vertibot/src/STM32F30x_StdPeriph_Driver/src/stm32f30x_dbgmcu.c **** 
 187:/home/user/Desktop/STM32-Projekte/FH-Vertibot/src/STM32F30x_StdPeriph_Driver/src/stm32f30x_dbgmcu.c ****   if (NewState != DISABLE)
 188:/home/user/Desktop/STM32-Projekte/FH-Vertibot/src/STM32F30x_StdPeriph_Driver/src/stm32f30x_dbgmcu.c ****   {
 189:/home/user/Desktop/STM32-Projekte/FH-Vertibot/src/STM32F30x_StdPeriph_Driver/src/stm32f30x_dbgmcu.c ****     DBGMCU->APB2FZ |= DBGMCU_Periph;
 158              		.loc 1 189 0
 159 004e DA68     		ldr	r2, [r3, #12]
 187:/home/user/Desktop/STM32-Projekte/FH-Vertibot/src/STM32F30x_StdPeriph_Driver/src/stm32f30x_dbgmcu.c ****   if (NewState != DISABLE)
 160              		.loc 1 187 0
 161 0050 09B1     		cbz	r1, .L20
 162              		.loc 1 189 0
 163 0052 1043     		orrs	r0, r0, r2
 164              	.LVL9:
 165 0054 01E0     		b	.L22
 166              	.LVL10:
 167              	.L20:
 190:/home/user/Desktop/STM32-Projekte/FH-Vertibot/src/STM32F30x_StdPeriph_Driver/src/stm32f30x_dbgmcu.c ****   }
 191:/home/user/Desktop/STM32-Projekte/FH-Vertibot/src/STM32F30x_StdPeriph_Driver/src/stm32f30x_dbgmcu.c ****   else
 192:/home/user/Desktop/STM32-Projekte/FH-Vertibot/src/STM32F30x_StdPeriph_Driver/src/stm32f30x_dbgmcu.c ****   {
 193:/home/user/Desktop/STM32-Projekte/FH-Vertibot/src/STM32F30x_StdPeriph_Driver/src/stm32f30x_dbgmcu.c ****     DBGMCU->APB2FZ &= ~DBGMCU_Periph;
 168              		.loc 1 193 0
 169 0056 22EA0000 		bic	r0, r2, r0
 170              	.LVL11:
 171              	.L22:
 172 005a D860     		str	r0, [r3, #12]
 173 005c 7047     		bx	lr
 174              	.L24:
 175 005e 00BF     		.align	2
 176              	.L23:
 177 0060 002004E0 		.word	-536600576
 178              		.cfi_endproc
 179              	.LFE115:
 181              	.Letext0:
 182              		.file 2 "/opt/CodeSourcery/Sourcery_CodeBench_Lite_for_ARM_EABI/bin/../lib/gcc/arm-none-eabi/4.7.2
 183              		.file 3 "/home/user/Desktop/STM32-Projekte/FH-Vertibot/src/CMSIS/Device/ST/STM32F30x/Include/stm32
 184              		.file 4 "/home/user/Desktop/STM32-Projekte/FH-Vertibot/src/CMSIS/Include/core_cm4.h"
DEFINED SYMBOLS
                            *ABS*:00000000 stm32f30x_dbgmcu.c
     /tmp/ccTgkMo5.s:18     .text:00000000 $t
     /tmp/ccTgkMo5.s:23     .text:00000000 DBGMCU_GetREVID
     /tmp/ccTgkMo5.s:40     .text:00000008 $d
     /tmp/ccTgkMo5.s:44     .text:0000000c $t
     /tmp/ccTgkMo5.s:49     .text:0000000c DBGMCU_GetDEVID
     /tmp/ccTgkMo5.s:66     .text:00000018 $d
     /tmp/ccTgkMo5.s:70     .text:0000001c $t
     /tmp/ccTgkMo5.s:75     .text:0000001c DBGMCU_Config
     /tmp/ccTgkMo5.s:103    .text:00000030 $d
     /tmp/ccTgkMo5.s:107    .text:00000034 $t
     /tmp/ccTgkMo5.s:112    .text:00000034 DBGMCU_APB1PeriphConfig
     /tmp/ccTgkMo5.s:140    .text:00000048 $d
     /tmp/ccTgkMo5.s:144    .text:0000004c $t
     /tmp/ccTgkMo5.s:149    .text:0000004c DBGMCU_APB2PeriphConfig
     /tmp/ccTgkMo5.s:177    .text:00000060 $d
                     .debug_frame:00000010 $d
                           .group:00000000 wm4.1.4549fa27c92e72ea66ffdb0399fbe8da
                           .group:00000000 wm4.stm32f30x.h.54.c7b24f715ee55ef38656f44540ae3be6
                           .group:00000000 wm4.core_cm4.h.32.2441f2e49dd40451ba4254637c879d0c
                           .group:00000000 wm4.stdint.h.10.90b695f550ca6cc3fb08fa83baf01e05
                           .group:00000000 wm4.core_cmInstr.h.25.d8165482ef3061013a2fc83e2d85f3d9
                           .group:00000000 wm4.core_cm4_simd.h.29.013e5bcf58dba2d27c60184174208e07
                           .group:00000000 wm4.core_cm4.h.155.cf7c793e178943e1bbf613f1b21cd51a
                           .group:00000000 wm4.stm32f30x.h.292.5f9271075d54fc48f1e25ff79df85cb2
                           .group:00000000 wm4.stm32f30x_adc.h.130.cbebad91f78fb87381fe0860eea6104e
                           .group:00000000 wm4.stm32f30x_comp.h.31.9bbc5f5f1a849069ea9062fbe7b81435
                           .group:00000000 wm4.stm32f30x_dma.h.31.73d173fa6d60026d432f3cf1d2fc4407
                           .group:00000000 wm4.stm32f30x_exti.h.31.22e280aa6e095108654ac8d3c74a2409
                           .group:00000000 wm4.stm32f30x_flash.h.31.bee86dc3079b7049419bdbeec073e2cd
                           .group:00000000 wm4.stm32f30x_gpio.h.31.3745297fee3728b346ad4d2a2467e40f
                           .group:00000000 wm4.stm32f30x_syscfg.h.31.96b023b7dbc3641f358604478433eb5c
                           .group:00000000 wm4.stm32f30x_i2c.h.31.52025acd7f154308042bf46a2835e9d3
                           .group:00000000 wm4.stm32f30x_pwr.h.31.cdef322c6e7f25cfc29954045d24e9b8
                           .group:00000000 wm4.stm32f30x_rcc.h.31.3b94c1144b21d1e4fe780e4d1a02d257
                           .group:00000000 wm4.stm32f30x_spi.h.31.c1ebebab897d23cecc617ec8ad9fd534
                           .group:00000000 wm4.stm32f30x_tim.h.31.336f9cd855fb4e2cd819ac260ded6518
                           .group:00000000 wm4.stm32f30x_usart.h.31.cd85313e29c0a128555b4a7b8ec0f487
                           .group:00000000 wm4.stm32f30x_misc.h.31.f08b0e9f53f0471613b5131bb95f8725
                           .group:00000000 wm4.stm32f30x.h.6173.8b641ba1d9b0040eda9120fe8a414b2d
                           .group:00000000 wm4.stm32f30x_dbgmcu.h.53.b238a263ce6a2cc83f610cc35302a38b

NO UNDEFINED SYMBOLS
