   1              		.syntax unified
   2              		.cpu cortex-m4
   3              		.eabi_attribute 27, 3
   4              		.eabi_attribute 28, 1
   5              		.fpu fpv4-sp-d16
   6              		.eabi_attribute 20, 1
   7              		.eabi_attribute 21, 1
   8              		.eabi_attribute 23, 3
   9              		.eabi_attribute 24, 1
  10              		.eabi_attribute 25, 1
  11              		.eabi_attribute 26, 1
  12              		.eabi_attribute 30, 4
  13              		.eabi_attribute 34, 1
  14              		.eabi_attribute 18, 4
  15              		.thumb
  16              		.file	"list.c"
  17              		.text
  18              	.Ltext0:
  19              		.cfi_sections	.debug_frame
  20              		.align	1
  21              		.global	vListInitialise
  22              		.thumb
  23              		.thumb_func
  25              	vListInitialise:
  26              	.LFB0:
  27              		.file 1 "/home/user/Desktop/STM32-Projekte/FH-Vertibot/src/FreeRTOS/Source/list.c"
   1:/home/user/Desktop/STM32-Projekte/FH-Vertibot/src/FreeRTOS/Source/list.c **** /*
   2:/home/user/Desktop/STM32-Projekte/FH-Vertibot/src/FreeRTOS/Source/list.c ****     FreeRTOS V7.4.0 - Copyright (C) 2013 Real Time Engineers Ltd.
   3:/home/user/Desktop/STM32-Projekte/FH-Vertibot/src/FreeRTOS/Source/list.c **** 
   4:/home/user/Desktop/STM32-Projekte/FH-Vertibot/src/FreeRTOS/Source/list.c ****     FEATURES AND PORTS ARE ADDED TO FREERTOS ALL THE TIME.  PLEASE VISIT
   5:/home/user/Desktop/STM32-Projekte/FH-Vertibot/src/FreeRTOS/Source/list.c ****     http://www.FreeRTOS.org TO ENSURE YOU ARE USING THE LATEST VERSION.
   6:/home/user/Desktop/STM32-Projekte/FH-Vertibot/src/FreeRTOS/Source/list.c **** 
   7:/home/user/Desktop/STM32-Projekte/FH-Vertibot/src/FreeRTOS/Source/list.c ****     ***************************************************************************
   8:/home/user/Desktop/STM32-Projekte/FH-Vertibot/src/FreeRTOS/Source/list.c ****      *                                                                       *
   9:/home/user/Desktop/STM32-Projekte/FH-Vertibot/src/FreeRTOS/Source/list.c ****      *    FreeRTOS tutorial books are available in pdf and paperback.        *
  10:/home/user/Desktop/STM32-Projekte/FH-Vertibot/src/FreeRTOS/Source/list.c ****      *    Complete, revised, and edited pdf reference manuals are also       *
  11:/home/user/Desktop/STM32-Projekte/FH-Vertibot/src/FreeRTOS/Source/list.c ****      *    available.                                                         *
  12:/home/user/Desktop/STM32-Projekte/FH-Vertibot/src/FreeRTOS/Source/list.c ****      *                                                                       *
  13:/home/user/Desktop/STM32-Projekte/FH-Vertibot/src/FreeRTOS/Source/list.c ****      *    Purchasing FreeRTOS documentation will not only help you, by       *
  14:/home/user/Desktop/STM32-Projekte/FH-Vertibot/src/FreeRTOS/Source/list.c ****      *    ensuring you get running as quickly as possible and with an        *
  15:/home/user/Desktop/STM32-Projekte/FH-Vertibot/src/FreeRTOS/Source/list.c ****      *    in-depth knowledge of how to use FreeRTOS, it will also help       *
  16:/home/user/Desktop/STM32-Projekte/FH-Vertibot/src/FreeRTOS/Source/list.c ****      *    the FreeRTOS project to continue with its mission of providing     *
  17:/home/user/Desktop/STM32-Projekte/FH-Vertibot/src/FreeRTOS/Source/list.c ****      *    professional grade, cross platform, de facto standard solutions    *
  18:/home/user/Desktop/STM32-Projekte/FH-Vertibot/src/FreeRTOS/Source/list.c ****      *    for microcontrollers - completely free of charge!                  *
  19:/home/user/Desktop/STM32-Projekte/FH-Vertibot/src/FreeRTOS/Source/list.c ****      *                                                                       *
  20:/home/user/Desktop/STM32-Projekte/FH-Vertibot/src/FreeRTOS/Source/list.c ****      *    >>> See http://www.FreeRTOS.org/Documentation for details. <<<     *
  21:/home/user/Desktop/STM32-Projekte/FH-Vertibot/src/FreeRTOS/Source/list.c ****      *                                                                       *
  22:/home/user/Desktop/STM32-Projekte/FH-Vertibot/src/FreeRTOS/Source/list.c ****      *    Thank you for using FreeRTOS, and thank you for your support!      *
  23:/home/user/Desktop/STM32-Projekte/FH-Vertibot/src/FreeRTOS/Source/list.c ****      *                                                                       *
  24:/home/user/Desktop/STM32-Projekte/FH-Vertibot/src/FreeRTOS/Source/list.c ****     ***************************************************************************
  25:/home/user/Desktop/STM32-Projekte/FH-Vertibot/src/FreeRTOS/Source/list.c **** 
  26:/home/user/Desktop/STM32-Projekte/FH-Vertibot/src/FreeRTOS/Source/list.c **** 
  27:/home/user/Desktop/STM32-Projekte/FH-Vertibot/src/FreeRTOS/Source/list.c ****     This file is part of the FreeRTOS distribution.
  28:/home/user/Desktop/STM32-Projekte/FH-Vertibot/src/FreeRTOS/Source/list.c **** 
  29:/home/user/Desktop/STM32-Projekte/FH-Vertibot/src/FreeRTOS/Source/list.c ****     FreeRTOS is free software; you can redistribute it and/or modify it under
  30:/home/user/Desktop/STM32-Projekte/FH-Vertibot/src/FreeRTOS/Source/list.c ****     the terms of the GNU General Public License (version 2) as published by the
  31:/home/user/Desktop/STM32-Projekte/FH-Vertibot/src/FreeRTOS/Source/list.c ****     Free Software Foundation AND MODIFIED BY the FreeRTOS exception.
  32:/home/user/Desktop/STM32-Projekte/FH-Vertibot/src/FreeRTOS/Source/list.c **** 
  33:/home/user/Desktop/STM32-Projekte/FH-Vertibot/src/FreeRTOS/Source/list.c ****     >>>>>>NOTE<<<<<< The modification to the GPL is included to allow you to
  34:/home/user/Desktop/STM32-Projekte/FH-Vertibot/src/FreeRTOS/Source/list.c ****     distribute a combined work that includes FreeRTOS without being obliged to
  35:/home/user/Desktop/STM32-Projekte/FH-Vertibot/src/FreeRTOS/Source/list.c ****     provide the source code for proprietary components outside of the FreeRTOS
  36:/home/user/Desktop/STM32-Projekte/FH-Vertibot/src/FreeRTOS/Source/list.c ****     kernel.
  37:/home/user/Desktop/STM32-Projekte/FH-Vertibot/src/FreeRTOS/Source/list.c **** 
  38:/home/user/Desktop/STM32-Projekte/FH-Vertibot/src/FreeRTOS/Source/list.c ****     FreeRTOS is distributed in the hope that it will be useful, but WITHOUT ANY
  39:/home/user/Desktop/STM32-Projekte/FH-Vertibot/src/FreeRTOS/Source/list.c ****     WARRANTY; without even the implied warranty of MERCHANTABILITY or FITNESS
  40:/home/user/Desktop/STM32-Projekte/FH-Vertibot/src/FreeRTOS/Source/list.c ****     FOR A PARTICULAR PURPOSE.  See the GNU General Public License for more
  41:/home/user/Desktop/STM32-Projekte/FH-Vertibot/src/FreeRTOS/Source/list.c ****     details. You should have received a copy of the GNU General Public License
  42:/home/user/Desktop/STM32-Projekte/FH-Vertibot/src/FreeRTOS/Source/list.c ****     and the FreeRTOS license exception along with FreeRTOS; if not itcan be
  43:/home/user/Desktop/STM32-Projekte/FH-Vertibot/src/FreeRTOS/Source/list.c ****     viewed here: http://www.freertos.org/a00114.html and also obtained by
  44:/home/user/Desktop/STM32-Projekte/FH-Vertibot/src/FreeRTOS/Source/list.c ****     writing to Real Time Engineers Ltd., contact details for whom are available
  45:/home/user/Desktop/STM32-Projekte/FH-Vertibot/src/FreeRTOS/Source/list.c ****     on the FreeRTOS WEB site.
  46:/home/user/Desktop/STM32-Projekte/FH-Vertibot/src/FreeRTOS/Source/list.c **** 
  47:/home/user/Desktop/STM32-Projekte/FH-Vertibot/src/FreeRTOS/Source/list.c ****     1 tab == 4 spaces!
  48:/home/user/Desktop/STM32-Projekte/FH-Vertibot/src/FreeRTOS/Source/list.c **** 
  49:/home/user/Desktop/STM32-Projekte/FH-Vertibot/src/FreeRTOS/Source/list.c ****     ***************************************************************************
  50:/home/user/Desktop/STM32-Projekte/FH-Vertibot/src/FreeRTOS/Source/list.c ****      *                                                                       *
  51:/home/user/Desktop/STM32-Projekte/FH-Vertibot/src/FreeRTOS/Source/list.c ****      *    Having a problem?  Start by reading the FAQ "My application does   *
  52:/home/user/Desktop/STM32-Projekte/FH-Vertibot/src/FreeRTOS/Source/list.c ****      *    not run, what could be wrong?"                                     *
  53:/home/user/Desktop/STM32-Projekte/FH-Vertibot/src/FreeRTOS/Source/list.c ****      *                                                                       *
  54:/home/user/Desktop/STM32-Projekte/FH-Vertibot/src/FreeRTOS/Source/list.c ****      *    http://www.FreeRTOS.org/FAQHelp.html                               *
  55:/home/user/Desktop/STM32-Projekte/FH-Vertibot/src/FreeRTOS/Source/list.c ****      *                                                                       *
  56:/home/user/Desktop/STM32-Projekte/FH-Vertibot/src/FreeRTOS/Source/list.c ****     ***************************************************************************
  57:/home/user/Desktop/STM32-Projekte/FH-Vertibot/src/FreeRTOS/Source/list.c **** 
  58:/home/user/Desktop/STM32-Projekte/FH-Vertibot/src/FreeRTOS/Source/list.c **** 
  59:/home/user/Desktop/STM32-Projekte/FH-Vertibot/src/FreeRTOS/Source/list.c ****     http://www.FreeRTOS.org - Documentation, books, training, latest versions, 
  60:/home/user/Desktop/STM32-Projekte/FH-Vertibot/src/FreeRTOS/Source/list.c ****     license and Real Time Engineers Ltd. contact details.
  61:/home/user/Desktop/STM32-Projekte/FH-Vertibot/src/FreeRTOS/Source/list.c **** 
  62:/home/user/Desktop/STM32-Projekte/FH-Vertibot/src/FreeRTOS/Source/list.c ****     http://www.FreeRTOS.org/plus - A selection of FreeRTOS ecosystem products,
  63:/home/user/Desktop/STM32-Projekte/FH-Vertibot/src/FreeRTOS/Source/list.c ****     including FreeRTOS+Trace - an indispensable productivity tool, and our new
  64:/home/user/Desktop/STM32-Projekte/FH-Vertibot/src/FreeRTOS/Source/list.c ****     fully thread aware and reentrant UDP/IP stack.
  65:/home/user/Desktop/STM32-Projekte/FH-Vertibot/src/FreeRTOS/Source/list.c **** 
  66:/home/user/Desktop/STM32-Projekte/FH-Vertibot/src/FreeRTOS/Source/list.c ****     http://www.OpenRTOS.com - Real Time Engineers ltd license FreeRTOS to High 
  67:/home/user/Desktop/STM32-Projekte/FH-Vertibot/src/FreeRTOS/Source/list.c ****     Integrity Systems, who sell the code with commercial support, 
  68:/home/user/Desktop/STM32-Projekte/FH-Vertibot/src/FreeRTOS/Source/list.c ****     indemnification and middleware, under the OpenRTOS brand.
  69:/home/user/Desktop/STM32-Projekte/FH-Vertibot/src/FreeRTOS/Source/list.c ****     
  70:/home/user/Desktop/STM32-Projekte/FH-Vertibot/src/FreeRTOS/Source/list.c ****     http://www.SafeRTOS.com - High Integrity Systems also provide a safety 
  71:/home/user/Desktop/STM32-Projekte/FH-Vertibot/src/FreeRTOS/Source/list.c ****     engineered and independently SIL3 certified version for use in safety and 
  72:/home/user/Desktop/STM32-Projekte/FH-Vertibot/src/FreeRTOS/Source/list.c ****     mission critical applications that require provable dependability.
  73:/home/user/Desktop/STM32-Projekte/FH-Vertibot/src/FreeRTOS/Source/list.c **** */
  74:/home/user/Desktop/STM32-Projekte/FH-Vertibot/src/FreeRTOS/Source/list.c **** 
  75:/home/user/Desktop/STM32-Projekte/FH-Vertibot/src/FreeRTOS/Source/list.c **** 
  76:/home/user/Desktop/STM32-Projekte/FH-Vertibot/src/FreeRTOS/Source/list.c **** #include <stdlib.h>
  77:/home/user/Desktop/STM32-Projekte/FH-Vertibot/src/FreeRTOS/Source/list.c **** #include "FreeRTOS.h"
  78:/home/user/Desktop/STM32-Projekte/FH-Vertibot/src/FreeRTOS/Source/list.c **** #include "list.h"
  79:/home/user/Desktop/STM32-Projekte/FH-Vertibot/src/FreeRTOS/Source/list.c **** 
  80:/home/user/Desktop/STM32-Projekte/FH-Vertibot/src/FreeRTOS/Source/list.c **** /*-----------------------------------------------------------
  81:/home/user/Desktop/STM32-Projekte/FH-Vertibot/src/FreeRTOS/Source/list.c ****  * PUBLIC LIST API documented in list.h
  82:/home/user/Desktop/STM32-Projekte/FH-Vertibot/src/FreeRTOS/Source/list.c ****  *----------------------------------------------------------*/
  83:/home/user/Desktop/STM32-Projekte/FH-Vertibot/src/FreeRTOS/Source/list.c **** 
  84:/home/user/Desktop/STM32-Projekte/FH-Vertibot/src/FreeRTOS/Source/list.c **** void vListInitialise( xList *pxList )
  85:/home/user/Desktop/STM32-Projekte/FH-Vertibot/src/FreeRTOS/Source/list.c **** {
  28              		.loc 1 85 0
  29              		.cfi_startproc
  30              		@ args = 0, pretend = 0, frame = 0
  31              		@ frame_needed = 0, uses_anonymous_args = 0
  32              		@ link register save eliminated.
  33              	.LVL0:
  86:/home/user/Desktop/STM32-Projekte/FH-Vertibot/src/FreeRTOS/Source/list.c **** 	/* The list structure contains a list item which is used to mark the
  87:/home/user/Desktop/STM32-Projekte/FH-Vertibot/src/FreeRTOS/Source/list.c **** 	end of the list.  To initialise the list the list end is inserted
  88:/home/user/Desktop/STM32-Projekte/FH-Vertibot/src/FreeRTOS/Source/list.c **** 	as the only list entry. */
  89:/home/user/Desktop/STM32-Projekte/FH-Vertibot/src/FreeRTOS/Source/list.c **** 	pxList->pxIndex = ( xListItem * ) &( pxList->xListEnd );
  34              		.loc 1 89 0
  35 0000 00F10803 		add	r3, r0, #8
  90:/home/user/Desktop/STM32-Projekte/FH-Vertibot/src/FreeRTOS/Source/list.c **** 
  91:/home/user/Desktop/STM32-Projekte/FH-Vertibot/src/FreeRTOS/Source/list.c **** 	/* The list end value is the highest possible value in the list to
  92:/home/user/Desktop/STM32-Projekte/FH-Vertibot/src/FreeRTOS/Source/list.c **** 	ensure it remains at the end of the list. */
  93:/home/user/Desktop/STM32-Projekte/FH-Vertibot/src/FreeRTOS/Source/list.c **** 	pxList->xListEnd.xItemValue = portMAX_DELAY;
  36              		.loc 1 93 0
  37 0004 4FF0FF32 		mov	r2, #-1
  38 0008 8260     		str	r2, [r0, #8]
  89:/home/user/Desktop/STM32-Projekte/FH-Vertibot/src/FreeRTOS/Source/list.c **** 	pxList->pxIndex = ( xListItem * ) &( pxList->xListEnd );
  39              		.loc 1 89 0
  40 000a 4360     		str	r3, [r0, #4]
  94:/home/user/Desktop/STM32-Projekte/FH-Vertibot/src/FreeRTOS/Source/list.c **** 
  95:/home/user/Desktop/STM32-Projekte/FH-Vertibot/src/FreeRTOS/Source/list.c **** 	/* The list end next and previous pointers point to itself so we know
  96:/home/user/Desktop/STM32-Projekte/FH-Vertibot/src/FreeRTOS/Source/list.c **** 	when the list is empty. */
  97:/home/user/Desktop/STM32-Projekte/FH-Vertibot/src/FreeRTOS/Source/list.c **** 	pxList->xListEnd.pxNext = ( xListItem * ) &( pxList->xListEnd );
  41              		.loc 1 97 0
  42 000c C360     		str	r3, [r0, #12]
  98:/home/user/Desktop/STM32-Projekte/FH-Vertibot/src/FreeRTOS/Source/list.c **** 	pxList->xListEnd.pxPrevious = ( xListItem * ) &( pxList->xListEnd );
  43              		.loc 1 98 0
  44 000e 0361     		str	r3, [r0, #16]
  99:/home/user/Desktop/STM32-Projekte/FH-Vertibot/src/FreeRTOS/Source/list.c **** 
 100:/home/user/Desktop/STM32-Projekte/FH-Vertibot/src/FreeRTOS/Source/list.c **** 	pxList->uxNumberOfItems = ( unsigned portBASE_TYPE ) 0U;
  45              		.loc 1 100 0
  46 0010 0023     		movs	r3, #0
  47 0012 0360     		str	r3, [r0, #0]
  48 0014 7047     		bx	lr
  49              		.cfi_endproc
  50              	.LFE0:
  52              		.align	1
  53              		.global	vListInitialiseItem
  54              		.thumb
  55              		.thumb_func
  57              	vListInitialiseItem:
  58              	.LFB1:
 101:/home/user/Desktop/STM32-Projekte/FH-Vertibot/src/FreeRTOS/Source/list.c **** }
 102:/home/user/Desktop/STM32-Projekte/FH-Vertibot/src/FreeRTOS/Source/list.c **** /*-----------------------------------------------------------*/
 103:/home/user/Desktop/STM32-Projekte/FH-Vertibot/src/FreeRTOS/Source/list.c **** 
 104:/home/user/Desktop/STM32-Projekte/FH-Vertibot/src/FreeRTOS/Source/list.c **** void vListInitialiseItem( xListItem *pxItem )
 105:/home/user/Desktop/STM32-Projekte/FH-Vertibot/src/FreeRTOS/Source/list.c **** {
  59              		.loc 1 105 0
  60              		.cfi_startproc
  61              		@ args = 0, pretend = 0, frame = 0
  62              		@ frame_needed = 0, uses_anonymous_args = 0
  63              		@ link register save eliminated.
  64              	.LVL1:
 106:/home/user/Desktop/STM32-Projekte/FH-Vertibot/src/FreeRTOS/Source/list.c **** 	/* Make sure the list item is not recorded as being on a list. */
 107:/home/user/Desktop/STM32-Projekte/FH-Vertibot/src/FreeRTOS/Source/list.c **** 	pxItem->pvContainer = NULL;
  65              		.loc 1 107 0
  66 0016 0023     		movs	r3, #0
  67 0018 0361     		str	r3, [r0, #16]
  68 001a 7047     		bx	lr
  69              		.cfi_endproc
  70              	.LFE1:
  72              		.align	1
  73              		.global	vListInsertEnd
  74              		.thumb
  75              		.thumb_func
  77              	vListInsertEnd:
  78              	.LFB2:
 108:/home/user/Desktop/STM32-Projekte/FH-Vertibot/src/FreeRTOS/Source/list.c **** }
 109:/home/user/Desktop/STM32-Projekte/FH-Vertibot/src/FreeRTOS/Source/list.c **** /*-----------------------------------------------------------*/
 110:/home/user/Desktop/STM32-Projekte/FH-Vertibot/src/FreeRTOS/Source/list.c **** 
 111:/home/user/Desktop/STM32-Projekte/FH-Vertibot/src/FreeRTOS/Source/list.c **** void vListInsertEnd( xList *pxList, xListItem *pxNewListItem )
 112:/home/user/Desktop/STM32-Projekte/FH-Vertibot/src/FreeRTOS/Source/list.c **** {
  79              		.loc 1 112 0
  80              		.cfi_startproc
  81              		@ args = 0, pretend = 0, frame = 0
  82              		@ frame_needed = 0, uses_anonymous_args = 0
  83              		@ link register save eliminated.
  84              	.LVL2:
 113:/home/user/Desktop/STM32-Projekte/FH-Vertibot/src/FreeRTOS/Source/list.c **** volatile xListItem * pxIndex;
 114:/home/user/Desktop/STM32-Projekte/FH-Vertibot/src/FreeRTOS/Source/list.c **** 
 115:/home/user/Desktop/STM32-Projekte/FH-Vertibot/src/FreeRTOS/Source/list.c **** 	/* Insert a new list item into pxList, but rather than sort the list,
 116:/home/user/Desktop/STM32-Projekte/FH-Vertibot/src/FreeRTOS/Source/list.c **** 	makes the new list item the last item to be removed by a call to
 117:/home/user/Desktop/STM32-Projekte/FH-Vertibot/src/FreeRTOS/Source/list.c **** 	pvListGetOwnerOfNextEntry.  This means it has to be the item pointed to by
 118:/home/user/Desktop/STM32-Projekte/FH-Vertibot/src/FreeRTOS/Source/list.c **** 	the pxIndex member. */
 119:/home/user/Desktop/STM32-Projekte/FH-Vertibot/src/FreeRTOS/Source/list.c **** 	pxIndex = pxList->pxIndex;
  85              		.loc 1 119 0
  86 001c 4368     		ldr	r3, [r0, #4]
  87              	.LVL3:
 120:/home/user/Desktop/STM32-Projekte/FH-Vertibot/src/FreeRTOS/Source/list.c **** 
 121:/home/user/Desktop/STM32-Projekte/FH-Vertibot/src/FreeRTOS/Source/list.c **** 	pxNewListItem->pxNext = pxIndex->pxNext;
  88              		.loc 1 121 0
  89 001e 5A68     		ldr	r2, [r3, #4]
 122:/home/user/Desktop/STM32-Projekte/FH-Vertibot/src/FreeRTOS/Source/list.c **** 	pxNewListItem->pxPrevious = pxList->pxIndex;
  90              		.loc 1 122 0
  91 0020 8B60     		str	r3, [r1, #8]
 121:/home/user/Desktop/STM32-Projekte/FH-Vertibot/src/FreeRTOS/Source/list.c **** 	pxNewListItem->pxNext = pxIndex->pxNext;
  92              		.loc 1 121 0
  93 0022 4A60     		str	r2, [r1, #4]
 123:/home/user/Desktop/STM32-Projekte/FH-Vertibot/src/FreeRTOS/Source/list.c **** 	pxIndex->pxNext->pxPrevious = ( volatile xListItem * ) pxNewListItem;
  94              		.loc 1 123 0
  95 0024 5A68     		ldr	r2, [r3, #4]
  96 0026 9160     		str	r1, [r2, #8]
 124:/home/user/Desktop/STM32-Projekte/FH-Vertibot/src/FreeRTOS/Source/list.c **** 	pxIndex->pxNext = ( volatile xListItem * ) pxNewListItem;
  97              		.loc 1 124 0
  98 0028 5960     		str	r1, [r3, #4]
 125:/home/user/Desktop/STM32-Projekte/FH-Vertibot/src/FreeRTOS/Source/list.c **** 	pxList->pxIndex = ( volatile xListItem * ) pxNewListItem;
 126:/home/user/Desktop/STM32-Projekte/FH-Vertibot/src/FreeRTOS/Source/list.c **** 
 127:/home/user/Desktop/STM32-Projekte/FH-Vertibot/src/FreeRTOS/Source/list.c **** 	/* Remember which list the item is in. */
 128:/home/user/Desktop/STM32-Projekte/FH-Vertibot/src/FreeRTOS/Source/list.c **** 	pxNewListItem->pvContainer = ( void * ) pxList;
 129:/home/user/Desktop/STM32-Projekte/FH-Vertibot/src/FreeRTOS/Source/list.c **** 
 130:/home/user/Desktop/STM32-Projekte/FH-Vertibot/src/FreeRTOS/Source/list.c **** 	( pxList->uxNumberOfItems )++;
  99              		.loc 1 130 0
 100 002a 0368     		ldr	r3, [r0, #0]
 101              	.LVL4:
 125:/home/user/Desktop/STM32-Projekte/FH-Vertibot/src/FreeRTOS/Source/list.c **** 	pxList->pxIndex = ( volatile xListItem * ) pxNewListItem;
 102              		.loc 1 125 0
 103 002c 4160     		str	r1, [r0, #4]
 104              		.loc 1 130 0
 105 002e 0133     		adds	r3, r3, #1
 128:/home/user/Desktop/STM32-Projekte/FH-Vertibot/src/FreeRTOS/Source/list.c **** 	pxNewListItem->pvContainer = ( void * ) pxList;
 106              		.loc 1 128 0
 107 0030 0861     		str	r0, [r1, #16]
 108              		.loc 1 130 0
 109 0032 0360     		str	r3, [r0, #0]
 110 0034 7047     		bx	lr
 111              		.cfi_endproc
 112              	.LFE2:
 114              		.align	1
 115              		.global	vListInsert
 116              		.thumb
 117              		.thumb_func
 119              	vListInsert:
 120              	.LFB3:
 131:/home/user/Desktop/STM32-Projekte/FH-Vertibot/src/FreeRTOS/Source/list.c **** }
 132:/home/user/Desktop/STM32-Projekte/FH-Vertibot/src/FreeRTOS/Source/list.c **** /*-----------------------------------------------------------*/
 133:/home/user/Desktop/STM32-Projekte/FH-Vertibot/src/FreeRTOS/Source/list.c **** 
 134:/home/user/Desktop/STM32-Projekte/FH-Vertibot/src/FreeRTOS/Source/list.c **** void vListInsert( xList *pxList, xListItem *pxNewListItem )
 135:/home/user/Desktop/STM32-Projekte/FH-Vertibot/src/FreeRTOS/Source/list.c **** {
 121              		.loc 1 135 0
 122              		.cfi_startproc
 123              		@ args = 0, pretend = 0, frame = 0
 124              		@ frame_needed = 0, uses_anonymous_args = 0
 125              	.LVL5:
 136:/home/user/Desktop/STM32-Projekte/FH-Vertibot/src/FreeRTOS/Source/list.c **** volatile xListItem *pxIterator;
 137:/home/user/Desktop/STM32-Projekte/FH-Vertibot/src/FreeRTOS/Source/list.c **** portTickType xValueOfInsertion;
 138:/home/user/Desktop/STM32-Projekte/FH-Vertibot/src/FreeRTOS/Source/list.c **** 
 139:/home/user/Desktop/STM32-Projekte/FH-Vertibot/src/FreeRTOS/Source/list.c **** 	/* Insert the new list item into the list, sorted in ulListItem order. */
 140:/home/user/Desktop/STM32-Projekte/FH-Vertibot/src/FreeRTOS/Source/list.c **** 	xValueOfInsertion = pxNewListItem->xItemValue;
 126              		.loc 1 140 0
 127 0036 0A68     		ldr	r2, [r1, #0]
 128              	.LVL6:
 141:/home/user/Desktop/STM32-Projekte/FH-Vertibot/src/FreeRTOS/Source/list.c **** 
 142:/home/user/Desktop/STM32-Projekte/FH-Vertibot/src/FreeRTOS/Source/list.c **** 	/* If the list already contains a list item with the same item value then
 143:/home/user/Desktop/STM32-Projekte/FH-Vertibot/src/FreeRTOS/Source/list.c **** 	the new list item should be placed after it.  This ensures that TCB's which
 144:/home/user/Desktop/STM32-Projekte/FH-Vertibot/src/FreeRTOS/Source/list.c **** 	are stored in ready lists (all of which have the same ulListItem value)
 145:/home/user/Desktop/STM32-Projekte/FH-Vertibot/src/FreeRTOS/Source/list.c **** 	get an equal share of the CPU.  However, if the xItemValue is the same as
 146:/home/user/Desktop/STM32-Projekte/FH-Vertibot/src/FreeRTOS/Source/list.c **** 	the back marker the iteration loop below will not end.  This means we need
 147:/home/user/Desktop/STM32-Projekte/FH-Vertibot/src/FreeRTOS/Source/list.c **** 	to guard against this by checking the value first and modifying the
 148:/home/user/Desktop/STM32-Projekte/FH-Vertibot/src/FreeRTOS/Source/list.c **** 	algorithm slightly if necessary. */
 149:/home/user/Desktop/STM32-Projekte/FH-Vertibot/src/FreeRTOS/Source/list.c **** 	if( xValueOfInsertion == portMAX_DELAY )
 129              		.loc 1 149 0
 130 0038 531C     		adds	r3, r2, #1
 135:/home/user/Desktop/STM32-Projekte/FH-Vertibot/src/FreeRTOS/Source/list.c **** {
 131              		.loc 1 135 0
 132 003a 10B5     		push	{r4, lr}
 133              	.LCFI0:
 134              		.cfi_def_cfa_offset 8
 135              		.cfi_offset 4, -8
 136              		.cfi_offset 14, -4
 137              		.loc 1 149 0
 138 003c 01D1     		bne	.L5
 150:/home/user/Desktop/STM32-Projekte/FH-Vertibot/src/FreeRTOS/Source/list.c **** 	{
 151:/home/user/Desktop/STM32-Projekte/FH-Vertibot/src/FreeRTOS/Source/list.c **** 		pxIterator = pxList->xListEnd.pxPrevious;
 139              		.loc 1 151 0
 140 003e 0369     		ldr	r3, [r0, #16]
 141              	.LVL7:
 142 0040 07E0     		b	.L6
 143              	.LVL8:
 144              	.L5:
 152:/home/user/Desktop/STM32-Projekte/FH-Vertibot/src/FreeRTOS/Source/list.c **** 	}
 153:/home/user/Desktop/STM32-Projekte/FH-Vertibot/src/FreeRTOS/Source/list.c **** 	else
 154:/home/user/Desktop/STM32-Projekte/FH-Vertibot/src/FreeRTOS/Source/list.c **** 	{
 155:/home/user/Desktop/STM32-Projekte/FH-Vertibot/src/FreeRTOS/Source/list.c **** 		/* *** NOTE ***********************************************************
 156:/home/user/Desktop/STM32-Projekte/FH-Vertibot/src/FreeRTOS/Source/list.c **** 		If you find your application is crashing here then likely causes are:
 157:/home/user/Desktop/STM32-Projekte/FH-Vertibot/src/FreeRTOS/Source/list.c **** 			1) Stack overflow -
 158:/home/user/Desktop/STM32-Projekte/FH-Vertibot/src/FreeRTOS/Source/list.c **** 			   see http://www.freertos.org/Stacks-and-stack-overflow-checking.html
 159:/home/user/Desktop/STM32-Projekte/FH-Vertibot/src/FreeRTOS/Source/list.c **** 			2) Incorrect interrupt priority assignment, especially on Cortex-M3
 160:/home/user/Desktop/STM32-Projekte/FH-Vertibot/src/FreeRTOS/Source/list.c **** 			   parts where numerically high priority values denote low actual
 161:/home/user/Desktop/STM32-Projekte/FH-Vertibot/src/FreeRTOS/Source/list.c **** 			   interrupt priories, which can seem counter intuitive.  See
 162:/home/user/Desktop/STM32-Projekte/FH-Vertibot/src/FreeRTOS/Source/list.c **** 			   configMAX_SYSCALL_INTERRUPT_PRIORITY on http://www.freertos.org/a00110.html
 163:/home/user/Desktop/STM32-Projekte/FH-Vertibot/src/FreeRTOS/Source/list.c **** 			3) Calling an API function from within a critical section or when
 164:/home/user/Desktop/STM32-Projekte/FH-Vertibot/src/FreeRTOS/Source/list.c **** 			   the scheduler is suspended.
 165:/home/user/Desktop/STM32-Projekte/FH-Vertibot/src/FreeRTOS/Source/list.c **** 			4) Using a queue or semaphore before it has been initialised or
 166:/home/user/Desktop/STM32-Projekte/FH-Vertibot/src/FreeRTOS/Source/list.c **** 			   before the scheduler has been started (are interrupts firing
 167:/home/user/Desktop/STM32-Projekte/FH-Vertibot/src/FreeRTOS/Source/list.c **** 			   before vTaskStartScheduler() has been called?).
 168:/home/user/Desktop/STM32-Projekte/FH-Vertibot/src/FreeRTOS/Source/list.c **** 		See http://www.freertos.org/FAQHelp.html for more tips.
 169:/home/user/Desktop/STM32-Projekte/FH-Vertibot/src/FreeRTOS/Source/list.c **** 		**********************************************************************/
 170:/home/user/Desktop/STM32-Projekte/FH-Vertibot/src/FreeRTOS/Source/list.c **** 
 171:/home/user/Desktop/STM32-Projekte/FH-Vertibot/src/FreeRTOS/Source/list.c **** 		for( pxIterator = ( xListItem * ) &( pxList->xListEnd ); pxIterator->pxNext->xItemValue <= xValue
 145              		.loc 1 171 0
 146 0042 00F10803 		add	r3, r0, #8
 147              	.LVL9:
 148 0046 00E0     		b	.L7
 149              	.L8:
 150              		.loc 1 171 0 is_stmt 0 discriminator 2
 151 0048 5B68     		ldr	r3, [r3, #4]
 152              	.LVL10:
 153              	.L7:
 154              		.loc 1 171 0 discriminator 1
 155 004a 5C68     		ldr	r4, [r3, #4]
 156 004c 2468     		ldr	r4, [r4, #0]
 157 004e 9442     		cmp	r4, r2
 158 0050 FAD9     		bls	.L8
 159              	.L6:
 172:/home/user/Desktop/STM32-Projekte/FH-Vertibot/src/FreeRTOS/Source/list.c **** 		{
 173:/home/user/Desktop/STM32-Projekte/FH-Vertibot/src/FreeRTOS/Source/list.c **** 			/* There is nothing to do here, we are just iterating to the
 174:/home/user/Desktop/STM32-Projekte/FH-Vertibot/src/FreeRTOS/Source/list.c **** 			wanted insertion position. */
 175:/home/user/Desktop/STM32-Projekte/FH-Vertibot/src/FreeRTOS/Source/list.c **** 		}
 176:/home/user/Desktop/STM32-Projekte/FH-Vertibot/src/FreeRTOS/Source/list.c **** 	}
 177:/home/user/Desktop/STM32-Projekte/FH-Vertibot/src/FreeRTOS/Source/list.c **** 
 178:/home/user/Desktop/STM32-Projekte/FH-Vertibot/src/FreeRTOS/Source/list.c **** 	pxNewListItem->pxNext = pxIterator->pxNext;
 160              		.loc 1 178 0 is_stmt 1
 161 0052 5A68     		ldr	r2, [r3, #4]
 162              	.LVL11:
 179:/home/user/Desktop/STM32-Projekte/FH-Vertibot/src/FreeRTOS/Source/list.c **** 	pxNewListItem->pxNext->pxPrevious = ( volatile xListItem * ) pxNewListItem;
 180:/home/user/Desktop/STM32-Projekte/FH-Vertibot/src/FreeRTOS/Source/list.c **** 	pxNewListItem->pxPrevious = pxIterator;
 181:/home/user/Desktop/STM32-Projekte/FH-Vertibot/src/FreeRTOS/Source/list.c **** 	pxIterator->pxNext = ( volatile xListItem * ) pxNewListItem;
 182:/home/user/Desktop/STM32-Projekte/FH-Vertibot/src/FreeRTOS/Source/list.c **** 
 183:/home/user/Desktop/STM32-Projekte/FH-Vertibot/src/FreeRTOS/Source/list.c **** 	/* Remember which list the item is in.  This allows fast removal of the
 184:/home/user/Desktop/STM32-Projekte/FH-Vertibot/src/FreeRTOS/Source/list.c **** 	item later. */
 185:/home/user/Desktop/STM32-Projekte/FH-Vertibot/src/FreeRTOS/Source/list.c **** 	pxNewListItem->pvContainer = ( void * ) pxList;
 163              		.loc 1 185 0
 164 0054 0861     		str	r0, [r1, #16]
 179:/home/user/Desktop/STM32-Projekte/FH-Vertibot/src/FreeRTOS/Source/list.c **** 	pxNewListItem->pxNext->pxPrevious = ( volatile xListItem * ) pxNewListItem;
 165              		.loc 1 179 0
 166 0056 9160     		str	r1, [r2, #8]
 178:/home/user/Desktop/STM32-Projekte/FH-Vertibot/src/FreeRTOS/Source/list.c **** 	pxNewListItem->pxNext = pxIterator->pxNext;
 167              		.loc 1 178 0
 168 0058 4A60     		str	r2, [r1, #4]
 181:/home/user/Desktop/STM32-Projekte/FH-Vertibot/src/FreeRTOS/Source/list.c **** 	pxIterator->pxNext = ( volatile xListItem * ) pxNewListItem;
 169              		.loc 1 181 0
 170 005a 5960     		str	r1, [r3, #4]
 180:/home/user/Desktop/STM32-Projekte/FH-Vertibot/src/FreeRTOS/Source/list.c **** 	pxNewListItem->pxPrevious = pxIterator;
 171              		.loc 1 180 0
 172 005c 8B60     		str	r3, [r1, #8]
 186:/home/user/Desktop/STM32-Projekte/FH-Vertibot/src/FreeRTOS/Source/list.c **** 
 187:/home/user/Desktop/STM32-Projekte/FH-Vertibot/src/FreeRTOS/Source/list.c **** 	( pxList->uxNumberOfItems )++;
 173              		.loc 1 187 0
 174 005e 0368     		ldr	r3, [r0, #0]
 175              	.LVL12:
 176 0060 0133     		adds	r3, r3, #1
 177 0062 0360     		str	r3, [r0, #0]
 178 0064 10BD     		pop	{r4, pc}
 179              		.cfi_endproc
 180              	.LFE3:
 182              		.align	1
 183              		.global	uxListRemove
 184              		.thumb
 185              		.thumb_func
 187              	uxListRemove:
 188              	.LFB4:
 188:/home/user/Desktop/STM32-Projekte/FH-Vertibot/src/FreeRTOS/Source/list.c **** }
 189:/home/user/Desktop/STM32-Projekte/FH-Vertibot/src/FreeRTOS/Source/list.c **** /*-----------------------------------------------------------*/
 190:/home/user/Desktop/STM32-Projekte/FH-Vertibot/src/FreeRTOS/Source/list.c **** 
 191:/home/user/Desktop/STM32-Projekte/FH-Vertibot/src/FreeRTOS/Source/list.c **** unsigned portBASE_TYPE uxListRemove( xListItem *pxItemToRemove )
 192:/home/user/Desktop/STM32-Projekte/FH-Vertibot/src/FreeRTOS/Source/list.c **** {
 189              		.loc 1 192 0
 190              		.cfi_startproc
 191              		@ args = 0, pretend = 0, frame = 0
 192              		@ frame_needed = 0, uses_anonymous_args = 0
 193              		@ link register save eliminated.
 194              	.LVL13:
 193:/home/user/Desktop/STM32-Projekte/FH-Vertibot/src/FreeRTOS/Source/list.c **** xList * pxList;
 194:/home/user/Desktop/STM32-Projekte/FH-Vertibot/src/FreeRTOS/Source/list.c **** 
 195:/home/user/Desktop/STM32-Projekte/FH-Vertibot/src/FreeRTOS/Source/list.c **** 	pxItemToRemove->pxNext->pxPrevious = pxItemToRemove->pxPrevious;
 195              		.loc 1 195 0
 196 0066 4368     		ldr	r3, [r0, #4]
 197 0068 8268     		ldr	r2, [r0, #8]
 198 006a 9A60     		str	r2, [r3, #8]
 196:/home/user/Desktop/STM32-Projekte/FH-Vertibot/src/FreeRTOS/Source/list.c **** 	pxItemToRemove->pxPrevious->pxNext = pxItemToRemove->pxNext;
 199              		.loc 1 196 0
 200 006c 8268     		ldr	r2, [r0, #8]
 201 006e 5360     		str	r3, [r2, #4]
 197:/home/user/Desktop/STM32-Projekte/FH-Vertibot/src/FreeRTOS/Source/list.c **** 
 198:/home/user/Desktop/STM32-Projekte/FH-Vertibot/src/FreeRTOS/Source/list.c **** 	/* The list item knows which list it is in.  Obtain the list from the list
 199:/home/user/Desktop/STM32-Projekte/FH-Vertibot/src/FreeRTOS/Source/list.c **** 	item. */
 200:/home/user/Desktop/STM32-Projekte/FH-Vertibot/src/FreeRTOS/Source/list.c **** 	pxList = ( xList * ) pxItemToRemove->pvContainer;
 202              		.loc 1 200 0
 203 0070 0369     		ldr	r3, [r0, #16]
 204              	.LVL14:
 201:/home/user/Desktop/STM32-Projekte/FH-Vertibot/src/FreeRTOS/Source/list.c **** 
 202:/home/user/Desktop/STM32-Projekte/FH-Vertibot/src/FreeRTOS/Source/list.c **** 	/* Make sure the index is left pointing to a valid item. */
 203:/home/user/Desktop/STM32-Projekte/FH-Vertibot/src/FreeRTOS/Source/list.c **** 	if( pxList->pxIndex == pxItemToRemove )
 205              		.loc 1 203 0
 206 0072 5968     		ldr	r1, [r3, #4]
 207 0074 8142     		cmp	r1, r0
 204:/home/user/Desktop/STM32-Projekte/FH-Vertibot/src/FreeRTOS/Source/list.c **** 	{
 205:/home/user/Desktop/STM32-Projekte/FH-Vertibot/src/FreeRTOS/Source/list.c **** 		pxList->pxIndex = pxItemToRemove->pxPrevious;
 208              		.loc 1 205 0
 209 0076 08BF     		it	eq
 210 0078 5A60     		streq	r2, [r3, #4]
 206:/home/user/Desktop/STM32-Projekte/FH-Vertibot/src/FreeRTOS/Source/list.c **** 	}
 207:/home/user/Desktop/STM32-Projekte/FH-Vertibot/src/FreeRTOS/Source/list.c **** 
 208:/home/user/Desktop/STM32-Projekte/FH-Vertibot/src/FreeRTOS/Source/list.c **** 	pxItemToRemove->pvContainer = NULL;
 211              		.loc 1 208 0
 212 007a 0022     		movs	r2, #0
 213 007c 0261     		str	r2, [r0, #16]
 209:/home/user/Desktop/STM32-Projekte/FH-Vertibot/src/FreeRTOS/Source/list.c **** 	( pxList->uxNumberOfItems )--;
 214              		.loc 1 209 0
 215 007e 1A68     		ldr	r2, [r3, #0]
 216 0080 013A     		subs	r2, r2, #1
 217 0082 1A60     		str	r2, [r3, #0]
 210:/home/user/Desktop/STM32-Projekte/FH-Vertibot/src/FreeRTOS/Source/list.c **** 
 211:/home/user/Desktop/STM32-Projekte/FH-Vertibot/src/FreeRTOS/Source/list.c **** 	return pxList->uxNumberOfItems;
 218              		.loc 1 211 0
 219 0084 1868     		ldr	r0, [r3, #0]
 220              	.LVL15:
 212:/home/user/Desktop/STM32-Projekte/FH-Vertibot/src/FreeRTOS/Source/list.c **** }
 221              		.loc 1 212 0
 222 0086 7047     		bx	lr
 223              		.cfi_endproc
 224              	.LFE4:
 226              	.Letext0:
 227              		.file 2 "/home/user/Desktop/STM32-Projekte/FH-Vertibot/src/FreeRTOS/Source/include/list.h"
 228              		.file 3 "/home/user/Desktop/STM32-Projekte/FH-Vertibot/src/FreeRTOS/Source/portable/GCC/ARM_CM4F/p
DEFINED SYMBOLS
                            *ABS*:00000000 list.c
     /tmp/ccWr0PFQ.s:20     .text:00000000 $t
     /tmp/ccWr0PFQ.s:25     .text:00000000 vListInitialise
     /tmp/ccWr0PFQ.s:57     .text:00000016 vListInitialiseItem
     /tmp/ccWr0PFQ.s:77     .text:0000001c vListInsertEnd
     /tmp/ccWr0PFQ.s:119    .text:00000036 vListInsert
     /tmp/ccWr0PFQ.s:187    .text:00000066 uxListRemove
                     .debug_frame:00000010 $d
                           .group:00000000 wm4.1.d481a9f4eba3ec0ceb0050fd0b2feec2
                           .group:00000000 wm4.newlib.h.8.e1d498e57c12962fc6d7be5061a6981a
                           .group:00000000 wm4.config.h.148.52fe83653334d06815a0c57b59a3e584
                           .group:00000000 wm4._ansi.h.23.95dee4059009fe3ab635a191bb73dc66
                           .group:00000000 wm4.stdlib.h.18.6f6153fd5cb89acd58c0f0ab1f77e147
                           .group:00000000 wm4.stddef.h.187.40b3a084f9bc2c020a9e00b9eabe9c14
                           .group:00000000 wm4._default_types.h.6.1dbd2e581fd590860c7c17f21d147e91
                           .group:00000000 wm4.lock.h.2.9bc98482741e5e2a9450b12934a684ea
                           .group:00000000 wm4.stddef.h.349.31f4c5baff3fa2689010b32028da9c47
                           .group:00000000 wm4.reent.h.16.58b23a9f0faf0e7f2dfe7e2d33154afd
                           .group:00000000 wm4.alloca.h.8.dfc0c703c47ec3e69746825b17d9e66d
                           .group:00000000 wm4.stdlib.h.55.22eafe60f8565d898cbb44515781114b
                           .group:00000000 wm4.stddef.h.40.b60a1c1ee3f272eef5327a730cbabca6
                           .group:00000000 wm4.projdefs.h.76.214f319a5937dae232f0ee2912b07e1d
                           .group:00000000 wm4.FreeRTOSConfig.h.79.5ce50f1f04ae36d94916fa991aa4b8d7
                           .group:00000000 wm4.portmacro.h.77.0810e0eb8c6edf5adf0d27242484a945
                           .group:00000000 wm4.portable.h.332.e25bf3f97ebf50a0f90736144cb8c3f8
                           .group:00000000 wm4.mpu_wrappers.h.76.3abcfc7ebb6d78909ee0b4ad2f20f282
                           .group:00000000 wm4.FreeRTOS.h.159.741cbf33489b2c951994722716e9692e
                           .group:00000000 wm4.list.h.105.6a6307ce3396638a078c02ff83387dc6

NO UNDEFINED SYMBOLS
