   1              		.syntax unified
   2              		.cpu cortex-m4
   3              		.eabi_attribute 27, 3
   4              		.eabi_attribute 28, 1
   5              		.fpu fpv4-sp-d16
   6              		.eabi_attribute 20, 1
   7              		.eabi_attribute 21, 1
   8              		.eabi_attribute 23, 3
   9              		.eabi_attribute 24, 1
  10              		.eabi_attribute 25, 1
  11              		.eabi_attribute 26, 1
  12              		.eabi_attribute 30, 4
  13              		.eabi_attribute 34, 1
  14              		.eabi_attribute 18, 4
  15              		.thumb
  16              		.file	"croutine.c"
  17              		.text
  18              	.Ltext0:
  19              		.cfi_sections	.debug_frame
  20              		.align	1
  21              		.global	xCoRoutineCreate
  22              		.thumb
  23              		.thumb_func
  25              	xCoRoutineCreate:
  26              	.LFB0:
  27              		.file 1 "/home/franz/Desktop/STM32F3_Multicopter/STM32F3_Multicopter_devel/src/FreeRTOS/source/cro
   1:/home/franz/Desktop/STM32F3_Multicopter/STM32F3_Multicopter_devel/src/FreeRTOS/source/croutine.c **** /*
   2:/home/franz/Desktop/STM32F3_Multicopter/STM32F3_Multicopter_devel/src/FreeRTOS/source/croutine.c ****     FreeRTOS V7.3.0 - Copyright (C) 2012 Real Time Engineers Ltd.
   3:/home/franz/Desktop/STM32F3_Multicopter/STM32F3_Multicopter_devel/src/FreeRTOS/source/croutine.c **** 
   4:/home/franz/Desktop/STM32F3_Multicopter/STM32F3_Multicopter_devel/src/FreeRTOS/source/croutine.c ****     FEATURES AND PORTS ARE ADDED TO FREERTOS ALL THE TIME.  PLEASE VISIT 
   5:/home/franz/Desktop/STM32F3_Multicopter/STM32F3_Multicopter_devel/src/FreeRTOS/source/croutine.c ****     http://www.FreeRTOS.org TO ENSURE YOU ARE USING THE LATEST VERSION.
   6:/home/franz/Desktop/STM32F3_Multicopter/STM32F3_Multicopter_devel/src/FreeRTOS/source/croutine.c **** 
   7:/home/franz/Desktop/STM32F3_Multicopter/STM32F3_Multicopter_devel/src/FreeRTOS/source/croutine.c ****     ***************************************************************************
   8:/home/franz/Desktop/STM32F3_Multicopter/STM32F3_Multicopter_devel/src/FreeRTOS/source/croutine.c ****      *                                                                       *
   9:/home/franz/Desktop/STM32F3_Multicopter/STM32F3_Multicopter_devel/src/FreeRTOS/source/croutine.c ****      *    FreeRTOS tutorial books are available in pdf and paperback.        *
  10:/home/franz/Desktop/STM32F3_Multicopter/STM32F3_Multicopter_devel/src/FreeRTOS/source/croutine.c ****      *    Complete, revised, and edited pdf reference manuals are also       *
  11:/home/franz/Desktop/STM32F3_Multicopter/STM32F3_Multicopter_devel/src/FreeRTOS/source/croutine.c ****      *    available.                                                         *
  12:/home/franz/Desktop/STM32F3_Multicopter/STM32F3_Multicopter_devel/src/FreeRTOS/source/croutine.c ****      *                                                                       *
  13:/home/franz/Desktop/STM32F3_Multicopter/STM32F3_Multicopter_devel/src/FreeRTOS/source/croutine.c ****      *    Purchasing FreeRTOS documentation will not only help you, by       *
  14:/home/franz/Desktop/STM32F3_Multicopter/STM32F3_Multicopter_devel/src/FreeRTOS/source/croutine.c ****      *    ensuring you get running as quickly as possible and with an        *
  15:/home/franz/Desktop/STM32F3_Multicopter/STM32F3_Multicopter_devel/src/FreeRTOS/source/croutine.c ****      *    in-depth knowledge of how to use FreeRTOS, it will also help       *
  16:/home/franz/Desktop/STM32F3_Multicopter/STM32F3_Multicopter_devel/src/FreeRTOS/source/croutine.c ****      *    the FreeRTOS project to continue with its mission of providing     *
  17:/home/franz/Desktop/STM32F3_Multicopter/STM32F3_Multicopter_devel/src/FreeRTOS/source/croutine.c ****      *    professional grade, cross platform, de facto standard solutions    *
  18:/home/franz/Desktop/STM32F3_Multicopter/STM32F3_Multicopter_devel/src/FreeRTOS/source/croutine.c ****      *    for microcontrollers - completely free of charge!                  *
  19:/home/franz/Desktop/STM32F3_Multicopter/STM32F3_Multicopter_devel/src/FreeRTOS/source/croutine.c ****      *                                                                       *
  20:/home/franz/Desktop/STM32F3_Multicopter/STM32F3_Multicopter_devel/src/FreeRTOS/source/croutine.c ****      *    >>> See http://www.FreeRTOS.org/Documentation for details. <<<     *
  21:/home/franz/Desktop/STM32F3_Multicopter/STM32F3_Multicopter_devel/src/FreeRTOS/source/croutine.c ****      *                                                                       *
  22:/home/franz/Desktop/STM32F3_Multicopter/STM32F3_Multicopter_devel/src/FreeRTOS/source/croutine.c ****      *    Thank you for using FreeRTOS, and thank you for your support!      *
  23:/home/franz/Desktop/STM32F3_Multicopter/STM32F3_Multicopter_devel/src/FreeRTOS/source/croutine.c ****      *                                                                       *
  24:/home/franz/Desktop/STM32F3_Multicopter/STM32F3_Multicopter_devel/src/FreeRTOS/source/croutine.c ****     ***************************************************************************
  25:/home/franz/Desktop/STM32F3_Multicopter/STM32F3_Multicopter_devel/src/FreeRTOS/source/croutine.c **** 
  26:/home/franz/Desktop/STM32F3_Multicopter/STM32F3_Multicopter_devel/src/FreeRTOS/source/croutine.c **** 
  27:/home/franz/Desktop/STM32F3_Multicopter/STM32F3_Multicopter_devel/src/FreeRTOS/source/croutine.c ****     This file is part of the FreeRTOS distribution.
  28:/home/franz/Desktop/STM32F3_Multicopter/STM32F3_Multicopter_devel/src/FreeRTOS/source/croutine.c **** 
  29:/home/franz/Desktop/STM32F3_Multicopter/STM32F3_Multicopter_devel/src/FreeRTOS/source/croutine.c ****     FreeRTOS is free software; you can redistribute it and/or modify it under
  30:/home/franz/Desktop/STM32F3_Multicopter/STM32F3_Multicopter_devel/src/FreeRTOS/source/croutine.c ****     the terms of the GNU General Public License (version 2) as published by the
  31:/home/franz/Desktop/STM32F3_Multicopter/STM32F3_Multicopter_devel/src/FreeRTOS/source/croutine.c ****     Free Software Foundation AND MODIFIED BY the FreeRTOS exception.
  32:/home/franz/Desktop/STM32F3_Multicopter/STM32F3_Multicopter_devel/src/FreeRTOS/source/croutine.c ****     >>>NOTE<<< The modification to the GPL is included to allow you to
  33:/home/franz/Desktop/STM32F3_Multicopter/STM32F3_Multicopter_devel/src/FreeRTOS/source/croutine.c ****     distribute a combined work that includes FreeRTOS without being obliged to
  34:/home/franz/Desktop/STM32F3_Multicopter/STM32F3_Multicopter_devel/src/FreeRTOS/source/croutine.c ****     provide the source code for proprietary components outside of the FreeRTOS
  35:/home/franz/Desktop/STM32F3_Multicopter/STM32F3_Multicopter_devel/src/FreeRTOS/source/croutine.c ****     kernel.  FreeRTOS is distributed in the hope that it will be useful, but
  36:/home/franz/Desktop/STM32F3_Multicopter/STM32F3_Multicopter_devel/src/FreeRTOS/source/croutine.c ****     WITHOUT ANY WARRANTY; without even the implied warranty of MERCHANTABILITY
  37:/home/franz/Desktop/STM32F3_Multicopter/STM32F3_Multicopter_devel/src/FreeRTOS/source/croutine.c ****     or FITNESS FOR A PARTICULAR PURPOSE.  See the GNU General Public License for
  38:/home/franz/Desktop/STM32F3_Multicopter/STM32F3_Multicopter_devel/src/FreeRTOS/source/croutine.c ****     more details. You should have received a copy of the GNU General Public
  39:/home/franz/Desktop/STM32F3_Multicopter/STM32F3_Multicopter_devel/src/FreeRTOS/source/croutine.c ****     License and the FreeRTOS license exception along with FreeRTOS; if not it
  40:/home/franz/Desktop/STM32F3_Multicopter/STM32F3_Multicopter_devel/src/FreeRTOS/source/croutine.c ****     can be viewed here: http://www.freertos.org/a00114.html and also obtained
  41:/home/franz/Desktop/STM32F3_Multicopter/STM32F3_Multicopter_devel/src/FreeRTOS/source/croutine.c ****     by writing to Richard Barry, contact details for whom are available on the
  42:/home/franz/Desktop/STM32F3_Multicopter/STM32F3_Multicopter_devel/src/FreeRTOS/source/croutine.c ****     FreeRTOS WEB site.
  43:/home/franz/Desktop/STM32F3_Multicopter/STM32F3_Multicopter_devel/src/FreeRTOS/source/croutine.c **** 
  44:/home/franz/Desktop/STM32F3_Multicopter/STM32F3_Multicopter_devel/src/FreeRTOS/source/croutine.c ****     1 tab == 4 spaces!
  45:/home/franz/Desktop/STM32F3_Multicopter/STM32F3_Multicopter_devel/src/FreeRTOS/source/croutine.c ****     
  46:/home/franz/Desktop/STM32F3_Multicopter/STM32F3_Multicopter_devel/src/FreeRTOS/source/croutine.c ****     ***************************************************************************
  47:/home/franz/Desktop/STM32F3_Multicopter/STM32F3_Multicopter_devel/src/FreeRTOS/source/croutine.c ****      *                                                                       *
  48:/home/franz/Desktop/STM32F3_Multicopter/STM32F3_Multicopter_devel/src/FreeRTOS/source/croutine.c ****      *    Having a problem?  Start by reading the FAQ "My application does   *
  49:/home/franz/Desktop/STM32F3_Multicopter/STM32F3_Multicopter_devel/src/FreeRTOS/source/croutine.c ****      *    not run, what could be wrong?"                                     *
  50:/home/franz/Desktop/STM32F3_Multicopter/STM32F3_Multicopter_devel/src/FreeRTOS/source/croutine.c ****      *                                                                       *
  51:/home/franz/Desktop/STM32F3_Multicopter/STM32F3_Multicopter_devel/src/FreeRTOS/source/croutine.c ****      *    http://www.FreeRTOS.org/FAQHelp.html                               *
  52:/home/franz/Desktop/STM32F3_Multicopter/STM32F3_Multicopter_devel/src/FreeRTOS/source/croutine.c ****      *                                                                       *
  53:/home/franz/Desktop/STM32F3_Multicopter/STM32F3_Multicopter_devel/src/FreeRTOS/source/croutine.c ****     ***************************************************************************
  54:/home/franz/Desktop/STM32F3_Multicopter/STM32F3_Multicopter_devel/src/FreeRTOS/source/croutine.c **** 
  55:/home/franz/Desktop/STM32F3_Multicopter/STM32F3_Multicopter_devel/src/FreeRTOS/source/croutine.c ****     
  56:/home/franz/Desktop/STM32F3_Multicopter/STM32F3_Multicopter_devel/src/FreeRTOS/source/croutine.c ****     http://www.FreeRTOS.org - Documentation, training, latest versions, license 
  57:/home/franz/Desktop/STM32F3_Multicopter/STM32F3_Multicopter_devel/src/FreeRTOS/source/croutine.c ****     and contact details.  
  58:/home/franz/Desktop/STM32F3_Multicopter/STM32F3_Multicopter_devel/src/FreeRTOS/source/croutine.c ****     
  59:/home/franz/Desktop/STM32F3_Multicopter/STM32F3_Multicopter_devel/src/FreeRTOS/source/croutine.c ****     http://www.FreeRTOS.org/plus - A selection of FreeRTOS ecosystem products,
  60:/home/franz/Desktop/STM32F3_Multicopter/STM32F3_Multicopter_devel/src/FreeRTOS/source/croutine.c ****     including FreeRTOS+Trace - an indispensable productivity tool.
  61:/home/franz/Desktop/STM32F3_Multicopter/STM32F3_Multicopter_devel/src/FreeRTOS/source/croutine.c **** 
  62:/home/franz/Desktop/STM32F3_Multicopter/STM32F3_Multicopter_devel/src/FreeRTOS/source/croutine.c ****     Real Time Engineers ltd license FreeRTOS to High Integrity Systems, who sell 
  63:/home/franz/Desktop/STM32F3_Multicopter/STM32F3_Multicopter_devel/src/FreeRTOS/source/croutine.c ****     the code with commercial support, indemnification, and middleware, under 
  64:/home/franz/Desktop/STM32F3_Multicopter/STM32F3_Multicopter_devel/src/FreeRTOS/source/croutine.c ****     the OpenRTOS brand: http://www.OpenRTOS.com.  High Integrity Systems also
  65:/home/franz/Desktop/STM32F3_Multicopter/STM32F3_Multicopter_devel/src/FreeRTOS/source/croutine.c ****     provide a safety engineered and independently SIL3 certified version under 
  66:/home/franz/Desktop/STM32F3_Multicopter/STM32F3_Multicopter_devel/src/FreeRTOS/source/croutine.c ****     the SafeRTOS brand: http://www.SafeRTOS.com.
  67:/home/franz/Desktop/STM32F3_Multicopter/STM32F3_Multicopter_devel/src/FreeRTOS/source/croutine.c **** */
  68:/home/franz/Desktop/STM32F3_Multicopter/STM32F3_Multicopter_devel/src/FreeRTOS/source/croutine.c **** 
  69:/home/franz/Desktop/STM32F3_Multicopter/STM32F3_Multicopter_devel/src/FreeRTOS/source/croutine.c **** #include "FreeRTOS.h"
  70:/home/franz/Desktop/STM32F3_Multicopter/STM32F3_Multicopter_devel/src/FreeRTOS/source/croutine.c **** #include "task.h"
  71:/home/franz/Desktop/STM32F3_Multicopter/STM32F3_Multicopter_devel/src/FreeRTOS/source/croutine.c **** #include "croutine.h"
  72:/home/franz/Desktop/STM32F3_Multicopter/STM32F3_Multicopter_devel/src/FreeRTOS/source/croutine.c **** 
  73:/home/franz/Desktop/STM32F3_Multicopter/STM32F3_Multicopter_devel/src/FreeRTOS/source/croutine.c **** /*
  74:/home/franz/Desktop/STM32F3_Multicopter/STM32F3_Multicopter_devel/src/FreeRTOS/source/croutine.c ****  * Some kernel aware debuggers require data to be viewed to be global, rather
  75:/home/franz/Desktop/STM32F3_Multicopter/STM32F3_Multicopter_devel/src/FreeRTOS/source/croutine.c ****  * than file scope.
  76:/home/franz/Desktop/STM32F3_Multicopter/STM32F3_Multicopter_devel/src/FreeRTOS/source/croutine.c ****  */
  77:/home/franz/Desktop/STM32F3_Multicopter/STM32F3_Multicopter_devel/src/FreeRTOS/source/croutine.c **** #ifdef portREMOVE_STATIC_QUALIFIER
  78:/home/franz/Desktop/STM32F3_Multicopter/STM32F3_Multicopter_devel/src/FreeRTOS/source/croutine.c **** 	#define static
  79:/home/franz/Desktop/STM32F3_Multicopter/STM32F3_Multicopter_devel/src/FreeRTOS/source/croutine.c **** #endif
  80:/home/franz/Desktop/STM32F3_Multicopter/STM32F3_Multicopter_devel/src/FreeRTOS/source/croutine.c **** 
  81:/home/franz/Desktop/STM32F3_Multicopter/STM32F3_Multicopter_devel/src/FreeRTOS/source/croutine.c **** 
  82:/home/franz/Desktop/STM32F3_Multicopter/STM32F3_Multicopter_devel/src/FreeRTOS/source/croutine.c **** /* Lists for ready and blocked co-routines. --------------------*/
  83:/home/franz/Desktop/STM32F3_Multicopter/STM32F3_Multicopter_devel/src/FreeRTOS/source/croutine.c **** static xList pxReadyCoRoutineLists[ configMAX_CO_ROUTINE_PRIORITIES ];	/*< Prioritised ready co-rou
  84:/home/franz/Desktop/STM32F3_Multicopter/STM32F3_Multicopter_devel/src/FreeRTOS/source/croutine.c **** static xList xDelayedCoRoutineList1;									/*< Delayed co-routines. */
  85:/home/franz/Desktop/STM32F3_Multicopter/STM32F3_Multicopter_devel/src/FreeRTOS/source/croutine.c **** static xList xDelayedCoRoutineList2;									/*< Delayed co-routines (two lists are used - one for 
  86:/home/franz/Desktop/STM32F3_Multicopter/STM32F3_Multicopter_devel/src/FreeRTOS/source/croutine.c **** static xList * pxDelayedCoRoutineList;									/*< Points to the delayed co-routine list currently 
  87:/home/franz/Desktop/STM32F3_Multicopter/STM32F3_Multicopter_devel/src/FreeRTOS/source/croutine.c **** static xList * pxOverflowDelayedCoRoutineList;							/*< Points to the delayed co-routine list curr
  88:/home/franz/Desktop/STM32F3_Multicopter/STM32F3_Multicopter_devel/src/FreeRTOS/source/croutine.c **** static xList xPendingReadyCoRoutineList;											/*< Holds co-routines that have been readied by 
  89:/home/franz/Desktop/STM32F3_Multicopter/STM32F3_Multicopter_devel/src/FreeRTOS/source/croutine.c **** 
  90:/home/franz/Desktop/STM32F3_Multicopter/STM32F3_Multicopter_devel/src/FreeRTOS/source/croutine.c **** /* Other file private variables. --------------------------------*/
  91:/home/franz/Desktop/STM32F3_Multicopter/STM32F3_Multicopter_devel/src/FreeRTOS/source/croutine.c **** corCRCB * pxCurrentCoRoutine = NULL;
  92:/home/franz/Desktop/STM32F3_Multicopter/STM32F3_Multicopter_devel/src/FreeRTOS/source/croutine.c **** static unsigned portBASE_TYPE uxTopCoRoutineReadyPriority = 0;
  93:/home/franz/Desktop/STM32F3_Multicopter/STM32F3_Multicopter_devel/src/FreeRTOS/source/croutine.c **** static portTickType xCoRoutineTickCount = 0, xLastTickCount = 0, xPassedTicks = 0;
  94:/home/franz/Desktop/STM32F3_Multicopter/STM32F3_Multicopter_devel/src/FreeRTOS/source/croutine.c **** 
  95:/home/franz/Desktop/STM32F3_Multicopter/STM32F3_Multicopter_devel/src/FreeRTOS/source/croutine.c **** /* The initial state of the co-routine when it is created. */
  96:/home/franz/Desktop/STM32F3_Multicopter/STM32F3_Multicopter_devel/src/FreeRTOS/source/croutine.c **** #define corINITIAL_STATE	( 0 )
  97:/home/franz/Desktop/STM32F3_Multicopter/STM32F3_Multicopter_devel/src/FreeRTOS/source/croutine.c **** 
  98:/home/franz/Desktop/STM32F3_Multicopter/STM32F3_Multicopter_devel/src/FreeRTOS/source/croutine.c **** /*
  99:/home/franz/Desktop/STM32F3_Multicopter/STM32F3_Multicopter_devel/src/FreeRTOS/source/croutine.c ****  * Place the co-routine represented by pxCRCB into the appropriate ready queue
 100:/home/franz/Desktop/STM32F3_Multicopter/STM32F3_Multicopter_devel/src/FreeRTOS/source/croutine.c ****  * for the priority.  It is inserted at the end of the list.
 101:/home/franz/Desktop/STM32F3_Multicopter/STM32F3_Multicopter_devel/src/FreeRTOS/source/croutine.c ****  *
 102:/home/franz/Desktop/STM32F3_Multicopter/STM32F3_Multicopter_devel/src/FreeRTOS/source/croutine.c ****  * This macro accesses the co-routine ready lists and therefore must not be
 103:/home/franz/Desktop/STM32F3_Multicopter/STM32F3_Multicopter_devel/src/FreeRTOS/source/croutine.c ****  * used from within an ISR.
 104:/home/franz/Desktop/STM32F3_Multicopter/STM32F3_Multicopter_devel/src/FreeRTOS/source/croutine.c ****  */
 105:/home/franz/Desktop/STM32F3_Multicopter/STM32F3_Multicopter_devel/src/FreeRTOS/source/croutine.c **** #define prvAddCoRoutineToReadyQueue( pxCRCB )																		\
 106:/home/franz/Desktop/STM32F3_Multicopter/STM32F3_Multicopter_devel/src/FreeRTOS/source/croutine.c **** {																													\
 107:/home/franz/Desktop/STM32F3_Multicopter/STM32F3_Multicopter_devel/src/FreeRTOS/source/croutine.c **** 	if( pxCRCB->uxPriority > uxTopCoRoutineReadyPriority )															\
 108:/home/franz/Desktop/STM32F3_Multicopter/STM32F3_Multicopter_devel/src/FreeRTOS/source/croutine.c **** 	{																												\
 109:/home/franz/Desktop/STM32F3_Multicopter/STM32F3_Multicopter_devel/src/FreeRTOS/source/croutine.c **** 		uxTopCoRoutineReadyPriority = pxCRCB->uxPriority;															\
 110:/home/franz/Desktop/STM32F3_Multicopter/STM32F3_Multicopter_devel/src/FreeRTOS/source/croutine.c **** 	}																												\
 111:/home/franz/Desktop/STM32F3_Multicopter/STM32F3_Multicopter_devel/src/FreeRTOS/source/croutine.c **** 	vListInsertEnd( ( xList * ) &( pxReadyCoRoutineLists[ pxCRCB->uxPriority ] ), &( pxCRCB->xGenericL
 112:/home/franz/Desktop/STM32F3_Multicopter/STM32F3_Multicopter_devel/src/FreeRTOS/source/croutine.c **** }	
 113:/home/franz/Desktop/STM32F3_Multicopter/STM32F3_Multicopter_devel/src/FreeRTOS/source/croutine.c **** 
 114:/home/franz/Desktop/STM32F3_Multicopter/STM32F3_Multicopter_devel/src/FreeRTOS/source/croutine.c **** /*
 115:/home/franz/Desktop/STM32F3_Multicopter/STM32F3_Multicopter_devel/src/FreeRTOS/source/croutine.c ****  * Utility to ready all the lists used by the scheduler.  This is called
 116:/home/franz/Desktop/STM32F3_Multicopter/STM32F3_Multicopter_devel/src/FreeRTOS/source/croutine.c ****  * automatically upon the creation of the first co-routine.
 117:/home/franz/Desktop/STM32F3_Multicopter/STM32F3_Multicopter_devel/src/FreeRTOS/source/croutine.c ****  */
 118:/home/franz/Desktop/STM32F3_Multicopter/STM32F3_Multicopter_devel/src/FreeRTOS/source/croutine.c **** static void prvInitialiseCoRoutineLists( void );
 119:/home/franz/Desktop/STM32F3_Multicopter/STM32F3_Multicopter_devel/src/FreeRTOS/source/croutine.c **** 
 120:/home/franz/Desktop/STM32F3_Multicopter/STM32F3_Multicopter_devel/src/FreeRTOS/source/croutine.c **** /*
 121:/home/franz/Desktop/STM32F3_Multicopter/STM32F3_Multicopter_devel/src/FreeRTOS/source/croutine.c ****  * Co-routines that are readied by an interrupt cannot be placed directly into
 122:/home/franz/Desktop/STM32F3_Multicopter/STM32F3_Multicopter_devel/src/FreeRTOS/source/croutine.c ****  * the ready lists (there is no mutual exclusion).  Instead they are placed in
 123:/home/franz/Desktop/STM32F3_Multicopter/STM32F3_Multicopter_devel/src/FreeRTOS/source/croutine.c ****  * in the pending ready list in order that they can later be moved to the ready
 124:/home/franz/Desktop/STM32F3_Multicopter/STM32F3_Multicopter_devel/src/FreeRTOS/source/croutine.c ****  * list by the co-routine scheduler.
 125:/home/franz/Desktop/STM32F3_Multicopter/STM32F3_Multicopter_devel/src/FreeRTOS/source/croutine.c ****  */
 126:/home/franz/Desktop/STM32F3_Multicopter/STM32F3_Multicopter_devel/src/FreeRTOS/source/croutine.c **** static void prvCheckPendingReadyList( void );
 127:/home/franz/Desktop/STM32F3_Multicopter/STM32F3_Multicopter_devel/src/FreeRTOS/source/croutine.c **** 
 128:/home/franz/Desktop/STM32F3_Multicopter/STM32F3_Multicopter_devel/src/FreeRTOS/source/croutine.c **** /*
 129:/home/franz/Desktop/STM32F3_Multicopter/STM32F3_Multicopter_devel/src/FreeRTOS/source/croutine.c ****  * Macro that looks at the list of co-routines that are currently delayed to
 130:/home/franz/Desktop/STM32F3_Multicopter/STM32F3_Multicopter_devel/src/FreeRTOS/source/croutine.c ****  * see if any require waking.
 131:/home/franz/Desktop/STM32F3_Multicopter/STM32F3_Multicopter_devel/src/FreeRTOS/source/croutine.c ****  *
 132:/home/franz/Desktop/STM32F3_Multicopter/STM32F3_Multicopter_devel/src/FreeRTOS/source/croutine.c ****  * Co-routines are stored in the queue in the order of their wake time -
 133:/home/franz/Desktop/STM32F3_Multicopter/STM32F3_Multicopter_devel/src/FreeRTOS/source/croutine.c ****  * meaning once one co-routine has been found whose timer has not expired
 134:/home/franz/Desktop/STM32F3_Multicopter/STM32F3_Multicopter_devel/src/FreeRTOS/source/croutine.c ****  * we need not look any further down the list.
 135:/home/franz/Desktop/STM32F3_Multicopter/STM32F3_Multicopter_devel/src/FreeRTOS/source/croutine.c ****  */
 136:/home/franz/Desktop/STM32F3_Multicopter/STM32F3_Multicopter_devel/src/FreeRTOS/source/croutine.c **** static void prvCheckDelayedList( void );
 137:/home/franz/Desktop/STM32F3_Multicopter/STM32F3_Multicopter_devel/src/FreeRTOS/source/croutine.c **** 
 138:/home/franz/Desktop/STM32F3_Multicopter/STM32F3_Multicopter_devel/src/FreeRTOS/source/croutine.c **** /*-----------------------------------------------------------*/
 139:/home/franz/Desktop/STM32F3_Multicopter/STM32F3_Multicopter_devel/src/FreeRTOS/source/croutine.c **** 
 140:/home/franz/Desktop/STM32F3_Multicopter/STM32F3_Multicopter_devel/src/FreeRTOS/source/croutine.c **** signed portBASE_TYPE xCoRoutineCreate( crCOROUTINE_CODE pxCoRoutineCode, unsigned portBASE_TYPE uxP
 141:/home/franz/Desktop/STM32F3_Multicopter/STM32F3_Multicopter_devel/src/FreeRTOS/source/croutine.c **** {
  28              		.loc 1 141 0
  29              		.cfi_startproc
  30              		@ args = 0, pretend = 0, frame = 0
  31              		@ frame_needed = 0, uses_anonymous_args = 0
  32              	.LVL0:
  33 0000 2DE9F047 		push	{r4, r5, r6, r7, r8, r9, sl, lr}
  34              	.LCFI0:
  35              		.cfi_def_cfa_offset 32
  36              		.cfi_offset 4, -32
  37              		.cfi_offset 5, -28
  38              		.cfi_offset 6, -24
  39              		.cfi_offset 7, -20
  40              		.cfi_offset 8, -16
  41              		.cfi_offset 9, -12
  42              		.cfi_offset 10, -8
  43              		.cfi_offset 14, -4
  44              		.loc 1 141 0
  45 0004 8046     		mov	r8, r0
 142:/home/franz/Desktop/STM32F3_Multicopter/STM32F3_Multicopter_devel/src/FreeRTOS/source/croutine.c **** signed portBASE_TYPE xReturn;
 143:/home/franz/Desktop/STM32F3_Multicopter/STM32F3_Multicopter_devel/src/FreeRTOS/source/croutine.c **** corCRCB *pxCoRoutine;
 144:/home/franz/Desktop/STM32F3_Multicopter/STM32F3_Multicopter_devel/src/FreeRTOS/source/croutine.c **** 
 145:/home/franz/Desktop/STM32F3_Multicopter/STM32F3_Multicopter_devel/src/FreeRTOS/source/croutine.c **** 	/* Allocate the memory that will store the co-routine control block. */
 146:/home/franz/Desktop/STM32F3_Multicopter/STM32F3_Multicopter_devel/src/FreeRTOS/source/croutine.c **** 	pxCoRoutine = ( corCRCB * ) pvPortMalloc( sizeof( corCRCB ) );
  46              		.loc 1 146 0
  47 0006 3820     		movs	r0, #56
  48              	.LVL1:
 141:/home/franz/Desktop/STM32F3_Multicopter/STM32F3_Multicopter_devel/src/FreeRTOS/source/croutine.c **** {
  49              		.loc 1 141 0
  50 0008 8A46     		mov	sl, r1
  51 000a 9146     		mov	r9, r2
  52              		.loc 1 146 0
  53 000c FFF7FEFF 		bl	pvPortMalloc
  54              	.LVL2:
 147:/home/franz/Desktop/STM32F3_Multicopter/STM32F3_Multicopter_devel/src/FreeRTOS/source/croutine.c **** 	if( pxCoRoutine )
  55              		.loc 1 147 0
  56 0010 0446     		mov	r4, r0
  57 0012 0028     		cmp	r0, #0
  58 0014 44D0     		beq	.L5
 148:/home/franz/Desktop/STM32F3_Multicopter/STM32F3_Multicopter_devel/src/FreeRTOS/source/croutine.c **** 	{
 149:/home/franz/Desktop/STM32F3_Multicopter/STM32F3_Multicopter_devel/src/FreeRTOS/source/croutine.c **** 		/* If pxCurrentCoRoutine is NULL then this is the first co-routine to
 150:/home/franz/Desktop/STM32F3_Multicopter/STM32F3_Multicopter_devel/src/FreeRTOS/source/croutine.c **** 		be created and the co-routine data structures need initialising. */
 151:/home/franz/Desktop/STM32F3_Multicopter/STM32F3_Multicopter_devel/src/FreeRTOS/source/croutine.c **** 		if( pxCurrentCoRoutine == NULL )
  59              		.loc 1 151 0
  60 0016 244D     		ldr	r5, .L6
  61 0018 2B68     		ldr	r3, [r5, #0]
  62 001a C3B9     		cbnz	r3, .L3
 152:/home/franz/Desktop/STM32F3_Multicopter/STM32F3_Multicopter_devel/src/FreeRTOS/source/croutine.c **** 		{
 153:/home/franz/Desktop/STM32F3_Multicopter/STM32F3_Multicopter_devel/src/FreeRTOS/source/croutine.c **** 			pxCurrentCoRoutine = pxCoRoutine;
  63              		.loc 1 153 0
  64 001c 2846     		mov	r0, r5
  65              	.LVL3:
  66              	.LBB4:
  67              	.LBB5:
 154:/home/franz/Desktop/STM32F3_Multicopter/STM32F3_Multicopter_devel/src/FreeRTOS/source/croutine.c **** 			prvInitialiseCoRoutineLists();
 155:/home/franz/Desktop/STM32F3_Multicopter/STM32F3_Multicopter_devel/src/FreeRTOS/source/croutine.c **** 		}
 156:/home/franz/Desktop/STM32F3_Multicopter/STM32F3_Multicopter_devel/src/FreeRTOS/source/croutine.c **** 
 157:/home/franz/Desktop/STM32F3_Multicopter/STM32F3_Multicopter_devel/src/FreeRTOS/source/croutine.c **** 		/* Check the priority is within limits. */
 158:/home/franz/Desktop/STM32F3_Multicopter/STM32F3_Multicopter_devel/src/FreeRTOS/source/croutine.c **** 		if( uxPriority >= configMAX_CO_ROUTINE_PRIORITIES )
 159:/home/franz/Desktop/STM32F3_Multicopter/STM32F3_Multicopter_devel/src/FreeRTOS/source/croutine.c **** 		{
 160:/home/franz/Desktop/STM32F3_Multicopter/STM32F3_Multicopter_devel/src/FreeRTOS/source/croutine.c **** 			uxPriority = configMAX_CO_ROUTINE_PRIORITIES - 1;
 161:/home/franz/Desktop/STM32F3_Multicopter/STM32F3_Multicopter_devel/src/FreeRTOS/source/croutine.c **** 		}
 162:/home/franz/Desktop/STM32F3_Multicopter/STM32F3_Multicopter_devel/src/FreeRTOS/source/croutine.c **** 
 163:/home/franz/Desktop/STM32F3_Multicopter/STM32F3_Multicopter_devel/src/FreeRTOS/source/croutine.c **** 		/* Fill out the co-routine control block from the function parameters. */
 164:/home/franz/Desktop/STM32F3_Multicopter/STM32F3_Multicopter_devel/src/FreeRTOS/source/croutine.c **** 		pxCoRoutine->uxState = corINITIAL_STATE;
 165:/home/franz/Desktop/STM32F3_Multicopter/STM32F3_Multicopter_devel/src/FreeRTOS/source/croutine.c **** 		pxCoRoutine->uxPriority = uxPriority;
 166:/home/franz/Desktop/STM32F3_Multicopter/STM32F3_Multicopter_devel/src/FreeRTOS/source/croutine.c **** 		pxCoRoutine->uxIndex = uxIndex;
 167:/home/franz/Desktop/STM32F3_Multicopter/STM32F3_Multicopter_devel/src/FreeRTOS/source/croutine.c **** 		pxCoRoutine->pxCoRoutineFunction = pxCoRoutineCode;
 168:/home/franz/Desktop/STM32F3_Multicopter/STM32F3_Multicopter_devel/src/FreeRTOS/source/croutine.c **** 
 169:/home/franz/Desktop/STM32F3_Multicopter/STM32F3_Multicopter_devel/src/FreeRTOS/source/croutine.c **** 		/* Initialise all the other co-routine control block parameters. */
 170:/home/franz/Desktop/STM32F3_Multicopter/STM32F3_Multicopter_devel/src/FreeRTOS/source/croutine.c **** 		vListInitialiseItem( &( pxCoRoutine->xGenericListItem ) );
 171:/home/franz/Desktop/STM32F3_Multicopter/STM32F3_Multicopter_devel/src/FreeRTOS/source/croutine.c **** 		vListInitialiseItem( &( pxCoRoutine->xEventListItem ) );
 172:/home/franz/Desktop/STM32F3_Multicopter/STM32F3_Multicopter_devel/src/FreeRTOS/source/croutine.c **** 
 173:/home/franz/Desktop/STM32F3_Multicopter/STM32F3_Multicopter_devel/src/FreeRTOS/source/croutine.c **** 		/* Set the co-routine control block as a link back from the xListItem.
 174:/home/franz/Desktop/STM32F3_Multicopter/STM32F3_Multicopter_devel/src/FreeRTOS/source/croutine.c **** 		This is so we can get back to the containing CRCB from a generic item
 175:/home/franz/Desktop/STM32F3_Multicopter/STM32F3_Multicopter_devel/src/FreeRTOS/source/croutine.c **** 		in a list. */
 176:/home/franz/Desktop/STM32F3_Multicopter/STM32F3_Multicopter_devel/src/FreeRTOS/source/croutine.c **** 		listSET_LIST_ITEM_OWNER( &( pxCoRoutine->xGenericListItem ), pxCoRoutine );
 177:/home/franz/Desktop/STM32F3_Multicopter/STM32F3_Multicopter_devel/src/FreeRTOS/source/croutine.c **** 		listSET_LIST_ITEM_OWNER( &( pxCoRoutine->xEventListItem ), pxCoRoutine );
 178:/home/franz/Desktop/STM32F3_Multicopter/STM32F3_Multicopter_devel/src/FreeRTOS/source/croutine.c **** 	
 179:/home/franz/Desktop/STM32F3_Multicopter/STM32F3_Multicopter_devel/src/FreeRTOS/source/croutine.c **** 		/* Event lists are always in priority order. */
 180:/home/franz/Desktop/STM32F3_Multicopter/STM32F3_Multicopter_devel/src/FreeRTOS/source/croutine.c **** 		listSET_LIST_ITEM_VALUE( &( pxCoRoutine->xEventListItem ), configMAX_PRIORITIES - ( portTickType 
 181:/home/franz/Desktop/STM32F3_Multicopter/STM32F3_Multicopter_devel/src/FreeRTOS/source/croutine.c **** 		
 182:/home/franz/Desktop/STM32F3_Multicopter/STM32F3_Multicopter_devel/src/FreeRTOS/source/croutine.c **** 		/* Now the co-routine has been initialised it can be added to the ready
 183:/home/franz/Desktop/STM32F3_Multicopter/STM32F3_Multicopter_devel/src/FreeRTOS/source/croutine.c **** 		list at the correct priority. */
 184:/home/franz/Desktop/STM32F3_Multicopter/STM32F3_Multicopter_devel/src/FreeRTOS/source/croutine.c **** 		prvAddCoRoutineToReadyQueue( pxCoRoutine );
 185:/home/franz/Desktop/STM32F3_Multicopter/STM32F3_Multicopter_devel/src/FreeRTOS/source/croutine.c **** 
 186:/home/franz/Desktop/STM32F3_Multicopter/STM32F3_Multicopter_devel/src/FreeRTOS/source/croutine.c **** 		xReturn = pdPASS;
 187:/home/franz/Desktop/STM32F3_Multicopter/STM32F3_Multicopter_devel/src/FreeRTOS/source/croutine.c **** 	}
 188:/home/franz/Desktop/STM32F3_Multicopter/STM32F3_Multicopter_devel/src/FreeRTOS/source/croutine.c **** 	else
 189:/home/franz/Desktop/STM32F3_Multicopter/STM32F3_Multicopter_devel/src/FreeRTOS/source/croutine.c **** 	{		
 190:/home/franz/Desktop/STM32F3_Multicopter/STM32F3_Multicopter_devel/src/FreeRTOS/source/croutine.c **** 		xReturn = errCOULD_NOT_ALLOCATE_REQUIRED_MEMORY;
 191:/home/franz/Desktop/STM32F3_Multicopter/STM32F3_Multicopter_devel/src/FreeRTOS/source/croutine.c **** 	}
 192:/home/franz/Desktop/STM32F3_Multicopter/STM32F3_Multicopter_devel/src/FreeRTOS/source/croutine.c **** 	
 193:/home/franz/Desktop/STM32F3_Multicopter/STM32F3_Multicopter_devel/src/FreeRTOS/source/croutine.c **** 	return xReturn;	
 194:/home/franz/Desktop/STM32F3_Multicopter/STM32F3_Multicopter_devel/src/FreeRTOS/source/croutine.c **** }
 195:/home/franz/Desktop/STM32F3_Multicopter/STM32F3_Multicopter_devel/src/FreeRTOS/source/croutine.c **** /*-----------------------------------------------------------*/
 196:/home/franz/Desktop/STM32F3_Multicopter/STM32F3_Multicopter_devel/src/FreeRTOS/source/croutine.c **** 
 197:/home/franz/Desktop/STM32F3_Multicopter/STM32F3_Multicopter_devel/src/FreeRTOS/source/croutine.c **** void vCoRoutineAddToDelayedList( portTickType xTicksToDelay, xList *pxEventList )
 198:/home/franz/Desktop/STM32F3_Multicopter/STM32F3_Multicopter_devel/src/FreeRTOS/source/croutine.c **** {
 199:/home/franz/Desktop/STM32F3_Multicopter/STM32F3_Multicopter_devel/src/FreeRTOS/source/croutine.c **** portTickType xTimeToWake;
 200:/home/franz/Desktop/STM32F3_Multicopter/STM32F3_Multicopter_devel/src/FreeRTOS/source/croutine.c **** 
 201:/home/franz/Desktop/STM32F3_Multicopter/STM32F3_Multicopter_devel/src/FreeRTOS/source/croutine.c **** 	/* Calculate the time to wake - this may overflow but this is
 202:/home/franz/Desktop/STM32F3_Multicopter/STM32F3_Multicopter_devel/src/FreeRTOS/source/croutine.c **** 	not a problem. */
 203:/home/franz/Desktop/STM32F3_Multicopter/STM32F3_Multicopter_devel/src/FreeRTOS/source/croutine.c **** 	xTimeToWake = xCoRoutineTickCount + xTicksToDelay;
 204:/home/franz/Desktop/STM32F3_Multicopter/STM32F3_Multicopter_devel/src/FreeRTOS/source/croutine.c **** 
 205:/home/franz/Desktop/STM32F3_Multicopter/STM32F3_Multicopter_devel/src/FreeRTOS/source/croutine.c **** 	/* We must remove ourselves from the ready list before adding
 206:/home/franz/Desktop/STM32F3_Multicopter/STM32F3_Multicopter_devel/src/FreeRTOS/source/croutine.c **** 	ourselves to the blocked list as the same list item is used for
 207:/home/franz/Desktop/STM32F3_Multicopter/STM32F3_Multicopter_devel/src/FreeRTOS/source/croutine.c **** 	both lists. */
 208:/home/franz/Desktop/STM32F3_Multicopter/STM32F3_Multicopter_devel/src/FreeRTOS/source/croutine.c **** 	uxListRemove( ( xListItem * ) &( pxCurrentCoRoutine->xGenericListItem ) );
 209:/home/franz/Desktop/STM32F3_Multicopter/STM32F3_Multicopter_devel/src/FreeRTOS/source/croutine.c **** 
 210:/home/franz/Desktop/STM32F3_Multicopter/STM32F3_Multicopter_devel/src/FreeRTOS/source/croutine.c **** 	/* The list item will be inserted in wake time order. */
 211:/home/franz/Desktop/STM32F3_Multicopter/STM32F3_Multicopter_devel/src/FreeRTOS/source/croutine.c **** 	listSET_LIST_ITEM_VALUE( &( pxCurrentCoRoutine->xGenericListItem ), xTimeToWake );
 212:/home/franz/Desktop/STM32F3_Multicopter/STM32F3_Multicopter_devel/src/FreeRTOS/source/croutine.c **** 
 213:/home/franz/Desktop/STM32F3_Multicopter/STM32F3_Multicopter_devel/src/FreeRTOS/source/croutine.c **** 	if( xTimeToWake < xCoRoutineTickCount )
 214:/home/franz/Desktop/STM32F3_Multicopter/STM32F3_Multicopter_devel/src/FreeRTOS/source/croutine.c **** 	{
 215:/home/franz/Desktop/STM32F3_Multicopter/STM32F3_Multicopter_devel/src/FreeRTOS/source/croutine.c **** 		/* Wake time has overflowed.  Place this item in the
 216:/home/franz/Desktop/STM32F3_Multicopter/STM32F3_Multicopter_devel/src/FreeRTOS/source/croutine.c **** 		overflow list. */
 217:/home/franz/Desktop/STM32F3_Multicopter/STM32F3_Multicopter_devel/src/FreeRTOS/source/croutine.c **** 		vListInsert( ( xList * ) pxOverflowDelayedCoRoutineList, ( xListItem * ) &( pxCurrentCoRoutine->x
 218:/home/franz/Desktop/STM32F3_Multicopter/STM32F3_Multicopter_devel/src/FreeRTOS/source/croutine.c **** 	}
 219:/home/franz/Desktop/STM32F3_Multicopter/STM32F3_Multicopter_devel/src/FreeRTOS/source/croutine.c **** 	else
 220:/home/franz/Desktop/STM32F3_Multicopter/STM32F3_Multicopter_devel/src/FreeRTOS/source/croutine.c **** 	{
 221:/home/franz/Desktop/STM32F3_Multicopter/STM32F3_Multicopter_devel/src/FreeRTOS/source/croutine.c **** 		/* The wake time has not overflowed, so we can use the
 222:/home/franz/Desktop/STM32F3_Multicopter/STM32F3_Multicopter_devel/src/FreeRTOS/source/croutine.c **** 		current block list. */
 223:/home/franz/Desktop/STM32F3_Multicopter/STM32F3_Multicopter_devel/src/FreeRTOS/source/croutine.c **** 		vListInsert( ( xList * ) pxDelayedCoRoutineList, ( xListItem * ) &( pxCurrentCoRoutine->xGenericL
 224:/home/franz/Desktop/STM32F3_Multicopter/STM32F3_Multicopter_devel/src/FreeRTOS/source/croutine.c **** 	}
 225:/home/franz/Desktop/STM32F3_Multicopter/STM32F3_Multicopter_devel/src/FreeRTOS/source/croutine.c **** 
 226:/home/franz/Desktop/STM32F3_Multicopter/STM32F3_Multicopter_devel/src/FreeRTOS/source/croutine.c **** 	if( pxEventList )
 227:/home/franz/Desktop/STM32F3_Multicopter/STM32F3_Multicopter_devel/src/FreeRTOS/source/croutine.c **** 	{
 228:/home/franz/Desktop/STM32F3_Multicopter/STM32F3_Multicopter_devel/src/FreeRTOS/source/croutine.c **** 		/* Also add the co-routine to an event list.  If this is done then the
 229:/home/franz/Desktop/STM32F3_Multicopter/STM32F3_Multicopter_devel/src/FreeRTOS/source/croutine.c **** 		function must be called with interrupts disabled. */
 230:/home/franz/Desktop/STM32F3_Multicopter/STM32F3_Multicopter_devel/src/FreeRTOS/source/croutine.c **** 		vListInsert( pxEventList, &( pxCurrentCoRoutine->xEventListItem ) );
 231:/home/franz/Desktop/STM32F3_Multicopter/STM32F3_Multicopter_devel/src/FreeRTOS/source/croutine.c **** 	}
 232:/home/franz/Desktop/STM32F3_Multicopter/STM32F3_Multicopter_devel/src/FreeRTOS/source/croutine.c **** }
 233:/home/franz/Desktop/STM32F3_Multicopter/STM32F3_Multicopter_devel/src/FreeRTOS/source/croutine.c **** /*-----------------------------------------------------------*/
 234:/home/franz/Desktop/STM32F3_Multicopter/STM32F3_Multicopter_devel/src/FreeRTOS/source/croutine.c **** 
 235:/home/franz/Desktop/STM32F3_Multicopter/STM32F3_Multicopter_devel/src/FreeRTOS/source/croutine.c **** static void prvCheckPendingReadyList( void )
 236:/home/franz/Desktop/STM32F3_Multicopter/STM32F3_Multicopter_devel/src/FreeRTOS/source/croutine.c **** {
 237:/home/franz/Desktop/STM32F3_Multicopter/STM32F3_Multicopter_devel/src/FreeRTOS/source/croutine.c **** 	/* Are there any co-routines waiting to get moved to the ready list?  These
 238:/home/franz/Desktop/STM32F3_Multicopter/STM32F3_Multicopter_devel/src/FreeRTOS/source/croutine.c **** 	are co-routines that have been readied by an ISR.  The ISR cannot access
 239:/home/franz/Desktop/STM32F3_Multicopter/STM32F3_Multicopter_devel/src/FreeRTOS/source/croutine.c **** 	the	ready lists itself. */
 240:/home/franz/Desktop/STM32F3_Multicopter/STM32F3_Multicopter_devel/src/FreeRTOS/source/croutine.c **** 	while( listLIST_IS_EMPTY( &xPendingReadyCoRoutineList ) == pdFALSE )
 241:/home/franz/Desktop/STM32F3_Multicopter/STM32F3_Multicopter_devel/src/FreeRTOS/source/croutine.c **** 	{
 242:/home/franz/Desktop/STM32F3_Multicopter/STM32F3_Multicopter_devel/src/FreeRTOS/source/croutine.c **** 		corCRCB *pxUnblockedCRCB;
 243:/home/franz/Desktop/STM32F3_Multicopter/STM32F3_Multicopter_devel/src/FreeRTOS/source/croutine.c **** 
 244:/home/franz/Desktop/STM32F3_Multicopter/STM32F3_Multicopter_devel/src/FreeRTOS/source/croutine.c **** 		/* The pending ready list can be accessed by an ISR. */
 245:/home/franz/Desktop/STM32F3_Multicopter/STM32F3_Multicopter_devel/src/FreeRTOS/source/croutine.c **** 		portDISABLE_INTERRUPTS();
 246:/home/franz/Desktop/STM32F3_Multicopter/STM32F3_Multicopter_devel/src/FreeRTOS/source/croutine.c **** 		{	
 247:/home/franz/Desktop/STM32F3_Multicopter/STM32F3_Multicopter_devel/src/FreeRTOS/source/croutine.c **** 			pxUnblockedCRCB = ( corCRCB * ) listGET_OWNER_OF_HEAD_ENTRY( (&xPendingReadyCoRoutineList) );			
 248:/home/franz/Desktop/STM32F3_Multicopter/STM32F3_Multicopter_devel/src/FreeRTOS/source/croutine.c **** 			uxListRemove( &( pxUnblockedCRCB->xEventListItem ) );
 249:/home/franz/Desktop/STM32F3_Multicopter/STM32F3_Multicopter_devel/src/FreeRTOS/source/croutine.c **** 		}
 250:/home/franz/Desktop/STM32F3_Multicopter/STM32F3_Multicopter_devel/src/FreeRTOS/source/croutine.c **** 		portENABLE_INTERRUPTS();
 251:/home/franz/Desktop/STM32F3_Multicopter/STM32F3_Multicopter_devel/src/FreeRTOS/source/croutine.c **** 
 252:/home/franz/Desktop/STM32F3_Multicopter/STM32F3_Multicopter_devel/src/FreeRTOS/source/croutine.c **** 		uxListRemove( &( pxUnblockedCRCB->xGenericListItem ) );
 253:/home/franz/Desktop/STM32F3_Multicopter/STM32F3_Multicopter_devel/src/FreeRTOS/source/croutine.c **** 		prvAddCoRoutineToReadyQueue( pxUnblockedCRCB );	
 254:/home/franz/Desktop/STM32F3_Multicopter/STM32F3_Multicopter_devel/src/FreeRTOS/source/croutine.c **** 	}
 255:/home/franz/Desktop/STM32F3_Multicopter/STM32F3_Multicopter_devel/src/FreeRTOS/source/croutine.c **** }
 256:/home/franz/Desktop/STM32F3_Multicopter/STM32F3_Multicopter_devel/src/FreeRTOS/source/croutine.c **** /*-----------------------------------------------------------*/
 257:/home/franz/Desktop/STM32F3_Multicopter/STM32F3_Multicopter_devel/src/FreeRTOS/source/croutine.c **** 
 258:/home/franz/Desktop/STM32F3_Multicopter/STM32F3_Multicopter_devel/src/FreeRTOS/source/croutine.c **** static void prvCheckDelayedList( void )
 259:/home/franz/Desktop/STM32F3_Multicopter/STM32F3_Multicopter_devel/src/FreeRTOS/source/croutine.c **** {
 260:/home/franz/Desktop/STM32F3_Multicopter/STM32F3_Multicopter_devel/src/FreeRTOS/source/croutine.c **** corCRCB *pxCRCB;
 261:/home/franz/Desktop/STM32F3_Multicopter/STM32F3_Multicopter_devel/src/FreeRTOS/source/croutine.c **** 
 262:/home/franz/Desktop/STM32F3_Multicopter/STM32F3_Multicopter_devel/src/FreeRTOS/source/croutine.c **** 	xPassedTicks = xTaskGetTickCount() - xLastTickCount;
 263:/home/franz/Desktop/STM32F3_Multicopter/STM32F3_Multicopter_devel/src/FreeRTOS/source/croutine.c **** 	while( xPassedTicks )
 264:/home/franz/Desktop/STM32F3_Multicopter/STM32F3_Multicopter_devel/src/FreeRTOS/source/croutine.c **** 	{
 265:/home/franz/Desktop/STM32F3_Multicopter/STM32F3_Multicopter_devel/src/FreeRTOS/source/croutine.c **** 		xCoRoutineTickCount++;
 266:/home/franz/Desktop/STM32F3_Multicopter/STM32F3_Multicopter_devel/src/FreeRTOS/source/croutine.c **** 		xPassedTicks--;
 267:/home/franz/Desktop/STM32F3_Multicopter/STM32F3_Multicopter_devel/src/FreeRTOS/source/croutine.c **** 
 268:/home/franz/Desktop/STM32F3_Multicopter/STM32F3_Multicopter_devel/src/FreeRTOS/source/croutine.c **** 		/* If the tick count has overflowed we need to swap the ready lists. */
 269:/home/franz/Desktop/STM32F3_Multicopter/STM32F3_Multicopter_devel/src/FreeRTOS/source/croutine.c **** 		if( xCoRoutineTickCount == 0 )
 270:/home/franz/Desktop/STM32F3_Multicopter/STM32F3_Multicopter_devel/src/FreeRTOS/source/croutine.c **** 		{
 271:/home/franz/Desktop/STM32F3_Multicopter/STM32F3_Multicopter_devel/src/FreeRTOS/source/croutine.c **** 			xList * pxTemp;
 272:/home/franz/Desktop/STM32F3_Multicopter/STM32F3_Multicopter_devel/src/FreeRTOS/source/croutine.c **** 
 273:/home/franz/Desktop/STM32F3_Multicopter/STM32F3_Multicopter_devel/src/FreeRTOS/source/croutine.c **** 			/* Tick count has overflowed so we need to swap the delay lists.  If there are
 274:/home/franz/Desktop/STM32F3_Multicopter/STM32F3_Multicopter_devel/src/FreeRTOS/source/croutine.c **** 			any items in pxDelayedCoRoutineList here then there is an error! */
 275:/home/franz/Desktop/STM32F3_Multicopter/STM32F3_Multicopter_devel/src/FreeRTOS/source/croutine.c **** 			pxTemp = pxDelayedCoRoutineList;
 276:/home/franz/Desktop/STM32F3_Multicopter/STM32F3_Multicopter_devel/src/FreeRTOS/source/croutine.c **** 			pxDelayedCoRoutineList = pxOverflowDelayedCoRoutineList;
 277:/home/franz/Desktop/STM32F3_Multicopter/STM32F3_Multicopter_devel/src/FreeRTOS/source/croutine.c **** 			pxOverflowDelayedCoRoutineList = pxTemp;
 278:/home/franz/Desktop/STM32F3_Multicopter/STM32F3_Multicopter_devel/src/FreeRTOS/source/croutine.c **** 		}
 279:/home/franz/Desktop/STM32F3_Multicopter/STM32F3_Multicopter_devel/src/FreeRTOS/source/croutine.c **** 
 280:/home/franz/Desktop/STM32F3_Multicopter/STM32F3_Multicopter_devel/src/FreeRTOS/source/croutine.c **** 		/* See if this tick has made a timeout expire. */
 281:/home/franz/Desktop/STM32F3_Multicopter/STM32F3_Multicopter_devel/src/FreeRTOS/source/croutine.c **** 		while( listLIST_IS_EMPTY( pxDelayedCoRoutineList ) == pdFALSE )
 282:/home/franz/Desktop/STM32F3_Multicopter/STM32F3_Multicopter_devel/src/FreeRTOS/source/croutine.c **** 		{
 283:/home/franz/Desktop/STM32F3_Multicopter/STM32F3_Multicopter_devel/src/FreeRTOS/source/croutine.c **** 			pxCRCB = ( corCRCB * ) listGET_OWNER_OF_HEAD_ENTRY( pxDelayedCoRoutineList );
 284:/home/franz/Desktop/STM32F3_Multicopter/STM32F3_Multicopter_devel/src/FreeRTOS/source/croutine.c **** 
 285:/home/franz/Desktop/STM32F3_Multicopter/STM32F3_Multicopter_devel/src/FreeRTOS/source/croutine.c **** 			if( xCoRoutineTickCount < listGET_LIST_ITEM_VALUE( &( pxCRCB->xGenericListItem ) ) )				
 286:/home/franz/Desktop/STM32F3_Multicopter/STM32F3_Multicopter_devel/src/FreeRTOS/source/croutine.c **** 			{			
 287:/home/franz/Desktop/STM32F3_Multicopter/STM32F3_Multicopter_devel/src/FreeRTOS/source/croutine.c **** 				/* Timeout not yet expired. */																			
 288:/home/franz/Desktop/STM32F3_Multicopter/STM32F3_Multicopter_devel/src/FreeRTOS/source/croutine.c **** 				break;																				
 289:/home/franz/Desktop/STM32F3_Multicopter/STM32F3_Multicopter_devel/src/FreeRTOS/source/croutine.c **** 			}																						
 290:/home/franz/Desktop/STM32F3_Multicopter/STM32F3_Multicopter_devel/src/FreeRTOS/source/croutine.c **** 
 291:/home/franz/Desktop/STM32F3_Multicopter/STM32F3_Multicopter_devel/src/FreeRTOS/source/croutine.c **** 			portDISABLE_INTERRUPTS();
 292:/home/franz/Desktop/STM32F3_Multicopter/STM32F3_Multicopter_devel/src/FreeRTOS/source/croutine.c **** 			{
 293:/home/franz/Desktop/STM32F3_Multicopter/STM32F3_Multicopter_devel/src/FreeRTOS/source/croutine.c **** 				/* The event could have occurred just before this critical
 294:/home/franz/Desktop/STM32F3_Multicopter/STM32F3_Multicopter_devel/src/FreeRTOS/source/croutine.c **** 				section.  If this is the case then the generic list item will
 295:/home/franz/Desktop/STM32F3_Multicopter/STM32F3_Multicopter_devel/src/FreeRTOS/source/croutine.c **** 				have been moved to the pending ready list and the following
 296:/home/franz/Desktop/STM32F3_Multicopter/STM32F3_Multicopter_devel/src/FreeRTOS/source/croutine.c **** 				line is still valid.  Also the pvContainer parameter will have
 297:/home/franz/Desktop/STM32F3_Multicopter/STM32F3_Multicopter_devel/src/FreeRTOS/source/croutine.c **** 				been set to NULL so the following lines are also valid. */
 298:/home/franz/Desktop/STM32F3_Multicopter/STM32F3_Multicopter_devel/src/FreeRTOS/source/croutine.c **** 				uxListRemove( &( pxCRCB->xGenericListItem ) );											
 299:/home/franz/Desktop/STM32F3_Multicopter/STM32F3_Multicopter_devel/src/FreeRTOS/source/croutine.c **** 
 300:/home/franz/Desktop/STM32F3_Multicopter/STM32F3_Multicopter_devel/src/FreeRTOS/source/croutine.c **** 				/* Is the co-routine waiting on an event also? */												
 301:/home/franz/Desktop/STM32F3_Multicopter/STM32F3_Multicopter_devel/src/FreeRTOS/source/croutine.c **** 				if( pxCRCB->xEventListItem.pvContainer )													
 302:/home/franz/Desktop/STM32F3_Multicopter/STM32F3_Multicopter_devel/src/FreeRTOS/source/croutine.c **** 				{															
 303:/home/franz/Desktop/STM32F3_Multicopter/STM32F3_Multicopter_devel/src/FreeRTOS/source/croutine.c **** 					uxListRemove( &( pxCRCB->xEventListItem ) );											
 304:/home/franz/Desktop/STM32F3_Multicopter/STM32F3_Multicopter_devel/src/FreeRTOS/source/croutine.c **** 				}
 305:/home/franz/Desktop/STM32F3_Multicopter/STM32F3_Multicopter_devel/src/FreeRTOS/source/croutine.c **** 			}
 306:/home/franz/Desktop/STM32F3_Multicopter/STM32F3_Multicopter_devel/src/FreeRTOS/source/croutine.c **** 			portENABLE_INTERRUPTS();
 307:/home/franz/Desktop/STM32F3_Multicopter/STM32F3_Multicopter_devel/src/FreeRTOS/source/croutine.c **** 
 308:/home/franz/Desktop/STM32F3_Multicopter/STM32F3_Multicopter_devel/src/FreeRTOS/source/croutine.c **** 			prvAddCoRoutineToReadyQueue( pxCRCB );													
 309:/home/franz/Desktop/STM32F3_Multicopter/STM32F3_Multicopter_devel/src/FreeRTOS/source/croutine.c **** 		}																									
 310:/home/franz/Desktop/STM32F3_Multicopter/STM32F3_Multicopter_devel/src/FreeRTOS/source/croutine.c **** 	}
 311:/home/franz/Desktop/STM32F3_Multicopter/STM32F3_Multicopter_devel/src/FreeRTOS/source/croutine.c **** 
 312:/home/franz/Desktop/STM32F3_Multicopter/STM32F3_Multicopter_devel/src/FreeRTOS/source/croutine.c **** 	xLastTickCount = xCoRoutineTickCount;
 313:/home/franz/Desktop/STM32F3_Multicopter/STM32F3_Multicopter_devel/src/FreeRTOS/source/croutine.c **** }
 314:/home/franz/Desktop/STM32F3_Multicopter/STM32F3_Multicopter_devel/src/FreeRTOS/source/croutine.c **** /*-----------------------------------------------------------*/
 315:/home/franz/Desktop/STM32F3_Multicopter/STM32F3_Multicopter_devel/src/FreeRTOS/source/croutine.c **** 
 316:/home/franz/Desktop/STM32F3_Multicopter/STM32F3_Multicopter_devel/src/FreeRTOS/source/croutine.c **** void vCoRoutineSchedule( void )
 317:/home/franz/Desktop/STM32F3_Multicopter/STM32F3_Multicopter_devel/src/FreeRTOS/source/croutine.c **** {
 318:/home/franz/Desktop/STM32F3_Multicopter/STM32F3_Multicopter_devel/src/FreeRTOS/source/croutine.c **** 	/* See if any co-routines readied by events need moving to the ready lists. */
 319:/home/franz/Desktop/STM32F3_Multicopter/STM32F3_Multicopter_devel/src/FreeRTOS/source/croutine.c **** 	prvCheckPendingReadyList();
 320:/home/franz/Desktop/STM32F3_Multicopter/STM32F3_Multicopter_devel/src/FreeRTOS/source/croutine.c **** 
 321:/home/franz/Desktop/STM32F3_Multicopter/STM32F3_Multicopter_devel/src/FreeRTOS/source/croutine.c **** 	/* See if any delayed co-routines have timed out. */
 322:/home/franz/Desktop/STM32F3_Multicopter/STM32F3_Multicopter_devel/src/FreeRTOS/source/croutine.c **** 	prvCheckDelayedList();
 323:/home/franz/Desktop/STM32F3_Multicopter/STM32F3_Multicopter_devel/src/FreeRTOS/source/croutine.c **** 
 324:/home/franz/Desktop/STM32F3_Multicopter/STM32F3_Multicopter_devel/src/FreeRTOS/source/croutine.c **** 	/* Find the highest priority queue that contains ready co-routines. */
 325:/home/franz/Desktop/STM32F3_Multicopter/STM32F3_Multicopter_devel/src/FreeRTOS/source/croutine.c **** 	while( listLIST_IS_EMPTY( &( pxReadyCoRoutineLists[ uxTopCoRoutineReadyPriority ] ) ) )
 326:/home/franz/Desktop/STM32F3_Multicopter/STM32F3_Multicopter_devel/src/FreeRTOS/source/croutine.c **** 	{
 327:/home/franz/Desktop/STM32F3_Multicopter/STM32F3_Multicopter_devel/src/FreeRTOS/source/croutine.c **** 		if( uxTopCoRoutineReadyPriority == 0 )
 328:/home/franz/Desktop/STM32F3_Multicopter/STM32F3_Multicopter_devel/src/FreeRTOS/source/croutine.c **** 		{
 329:/home/franz/Desktop/STM32F3_Multicopter/STM32F3_Multicopter_devel/src/FreeRTOS/source/croutine.c **** 			/* No more co-routines to check. */
 330:/home/franz/Desktop/STM32F3_Multicopter/STM32F3_Multicopter_devel/src/FreeRTOS/source/croutine.c **** 			return;
 331:/home/franz/Desktop/STM32F3_Multicopter/STM32F3_Multicopter_devel/src/FreeRTOS/source/croutine.c **** 		}
 332:/home/franz/Desktop/STM32F3_Multicopter/STM32F3_Multicopter_devel/src/FreeRTOS/source/croutine.c **** 		--uxTopCoRoutineReadyPriority;
 333:/home/franz/Desktop/STM32F3_Multicopter/STM32F3_Multicopter_devel/src/FreeRTOS/source/croutine.c **** 	}
 334:/home/franz/Desktop/STM32F3_Multicopter/STM32F3_Multicopter_devel/src/FreeRTOS/source/croutine.c **** 
 335:/home/franz/Desktop/STM32F3_Multicopter/STM32F3_Multicopter_devel/src/FreeRTOS/source/croutine.c **** 	/* listGET_OWNER_OF_NEXT_ENTRY walks through the list, so the co-routines
 336:/home/franz/Desktop/STM32F3_Multicopter/STM32F3_Multicopter_devel/src/FreeRTOS/source/croutine.c **** 	 of the	same priority get an equal share of the processor time. */
 337:/home/franz/Desktop/STM32F3_Multicopter/STM32F3_Multicopter_devel/src/FreeRTOS/source/croutine.c **** 	listGET_OWNER_OF_NEXT_ENTRY( pxCurrentCoRoutine, &( pxReadyCoRoutineLists[ uxTopCoRoutineReadyPrio
 338:/home/franz/Desktop/STM32F3_Multicopter/STM32F3_Multicopter_devel/src/FreeRTOS/source/croutine.c **** 
 339:/home/franz/Desktop/STM32F3_Multicopter/STM32F3_Multicopter_devel/src/FreeRTOS/source/croutine.c **** 	/* Call the co-routine. */
 340:/home/franz/Desktop/STM32F3_Multicopter/STM32F3_Multicopter_devel/src/FreeRTOS/source/croutine.c **** 	( pxCurrentCoRoutine->pxCoRoutineFunction )( pxCurrentCoRoutine, pxCurrentCoRoutine->uxIndex );
 341:/home/franz/Desktop/STM32F3_Multicopter/STM32F3_Multicopter_devel/src/FreeRTOS/source/croutine.c **** 
 342:/home/franz/Desktop/STM32F3_Multicopter/STM32F3_Multicopter_devel/src/FreeRTOS/source/croutine.c **** 	return;
 343:/home/franz/Desktop/STM32F3_Multicopter/STM32F3_Multicopter_devel/src/FreeRTOS/source/croutine.c **** }
 344:/home/franz/Desktop/STM32F3_Multicopter/STM32F3_Multicopter_devel/src/FreeRTOS/source/croutine.c **** /*-----------------------------------------------------------*/
 345:/home/franz/Desktop/STM32F3_Multicopter/STM32F3_Multicopter_devel/src/FreeRTOS/source/croutine.c **** 
 346:/home/franz/Desktop/STM32F3_Multicopter/STM32F3_Multicopter_devel/src/FreeRTOS/source/croutine.c **** static void prvInitialiseCoRoutineLists( void )
 347:/home/franz/Desktop/STM32F3_Multicopter/STM32F3_Multicopter_devel/src/FreeRTOS/source/croutine.c **** {
 348:/home/franz/Desktop/STM32F3_Multicopter/STM32F3_Multicopter_devel/src/FreeRTOS/source/croutine.c **** unsigned portBASE_TYPE uxPriority;
 349:/home/franz/Desktop/STM32F3_Multicopter/STM32F3_Multicopter_devel/src/FreeRTOS/source/croutine.c **** 
 350:/home/franz/Desktop/STM32F3_Multicopter/STM32F3_Multicopter_devel/src/FreeRTOS/source/croutine.c **** 	for( uxPriority = 0; uxPriority < configMAX_CO_ROUTINE_PRIORITIES; uxPriority++ )
 351:/home/franz/Desktop/STM32F3_Multicopter/STM32F3_Multicopter_devel/src/FreeRTOS/source/croutine.c **** 	{
 352:/home/franz/Desktop/STM32F3_Multicopter/STM32F3_Multicopter_devel/src/FreeRTOS/source/croutine.c **** 		vListInitialise( ( xList * ) &( pxReadyCoRoutineLists[ uxPriority ] ) );
 353:/home/franz/Desktop/STM32F3_Multicopter/STM32F3_Multicopter_devel/src/FreeRTOS/source/croutine.c **** 	}
 354:/home/franz/Desktop/STM32F3_Multicopter/STM32F3_Multicopter_devel/src/FreeRTOS/source/croutine.c **** 
 355:/home/franz/Desktop/STM32F3_Multicopter/STM32F3_Multicopter_devel/src/FreeRTOS/source/croutine.c **** 	vListInitialise( ( xList * ) &xDelayedCoRoutineList1 );
  68              		.loc 1 355 0
  69 001e 05F12C06 		add	r6, r5, #44
  70              	.LBE5:
  71              	.LBE4:
 153:/home/franz/Desktop/STM32F3_Multicopter/STM32F3_Multicopter_devel/src/FreeRTOS/source/croutine.c **** 			pxCurrentCoRoutine = pxCoRoutine;
  72              		.loc 1 153 0
  73 0022 40F8044B 		str	r4, [r0], #4
  74              	.LVL4:
  75              	.LBB7:
  76              	.LBB6:
 352:/home/franz/Desktop/STM32F3_Multicopter/STM32F3_Multicopter_devel/src/FreeRTOS/source/croutine.c **** 		vListInitialise( ( xList * ) &( pxReadyCoRoutineLists[ uxPriority ] ) );
  77              		.loc 1 352 0
  78 0026 FFF7FEFF 		bl	vListInitialise
  79              	.LVL5:
  80 002a 05F11800 		add	r0, r5, #24
  81 002e FFF7FEFF 		bl	vListInitialise
  82              	.LVL6:
 356:/home/franz/Desktop/STM32F3_Multicopter/STM32F3_Multicopter_devel/src/FreeRTOS/source/croutine.c **** 	vListInitialise( ( xList * ) &xDelayedCoRoutineList2 );
  83              		.loc 1 356 0
  84 0032 05F14007 		add	r7, r5, #64
 355:/home/franz/Desktop/STM32F3_Multicopter/STM32F3_Multicopter_devel/src/FreeRTOS/source/croutine.c **** 	vListInitialise( ( xList * ) &xDelayedCoRoutineList1 );
  85              		.loc 1 355 0
  86 0036 3046     		mov	r0, r6
  87 0038 FFF7FEFF 		bl	vListInitialise
  88              	.LVL7:
  89              		.loc 1 356 0
  90 003c 3846     		mov	r0, r7
  91 003e FFF7FEFF 		bl	vListInitialise
  92              	.LVL8:
 357:/home/franz/Desktop/STM32F3_Multicopter/STM32F3_Multicopter_devel/src/FreeRTOS/source/croutine.c **** 	vListInitialise( ( xList * ) &xPendingReadyCoRoutineList );
  93              		.loc 1 357 0
  94 0042 05F15400 		add	r0, r5, #84
  95 0046 FFF7FEFF 		bl	vListInitialise
  96              	.LVL9:
 358:/home/franz/Desktop/STM32F3_Multicopter/STM32F3_Multicopter_devel/src/FreeRTOS/source/croutine.c **** 
 359:/home/franz/Desktop/STM32F3_Multicopter/STM32F3_Multicopter_devel/src/FreeRTOS/source/croutine.c **** 	/* Start with pxDelayedCoRoutineList using list1 and the
 360:/home/franz/Desktop/STM32F3_Multicopter/STM32F3_Multicopter_devel/src/FreeRTOS/source/croutine.c **** 	pxOverflowDelayedCoRoutineList using list2. */
 361:/home/franz/Desktop/STM32F3_Multicopter/STM32F3_Multicopter_devel/src/FreeRTOS/source/croutine.c **** 	pxDelayedCoRoutineList = &xDelayedCoRoutineList1;
  97              		.loc 1 361 0
  98 004a AE66     		str	r6, [r5, #104]
 362:/home/franz/Desktop/STM32F3_Multicopter/STM32F3_Multicopter_devel/src/FreeRTOS/source/croutine.c **** 	pxOverflowDelayedCoRoutineList = &xDelayedCoRoutineList2;
  99              		.loc 1 362 0
 100 004c EF66     		str	r7, [r5, #108]
 101              	.LVL10:
 102              	.L3:
 103              	.LBE6:
 104              	.LBE7:
 167:/home/franz/Desktop/STM32F3_Multicopter/STM32F3_Multicopter_devel/src/FreeRTOS/source/croutine.c **** 		pxCoRoutine->pxCoRoutineFunction = pxCoRoutineCode;
 105              		.loc 1 167 0
 106 004e 2546     		mov	r5, r4
 164:/home/franz/Desktop/STM32F3_Multicopter/STM32F3_Multicopter_devel/src/FreeRTOS/source/croutine.c **** 		pxCoRoutine->uxState = corINITIAL_STATE;
 107              		.loc 1 164 0
 108 0050 0023     		movs	r3, #0
 167:/home/franz/Desktop/STM32F3_Multicopter/STM32F3_Multicopter_devel/src/FreeRTOS/source/croutine.c **** 		pxCoRoutine->pxCoRoutineFunction = pxCoRoutineCode;
 109              		.loc 1 167 0
 110 0052 45F8048B 		str	r8, [r5], #4
 111 0056 BAF1010F 		cmp	sl, #1
 112 005a 34BF     		ite	cc
 113 005c 5646     		movcc	r6, sl
 114 005e 0126     		movcs	r6, #1
 115              	.LVL11:
 164:/home/franz/Desktop/STM32F3_Multicopter/STM32F3_Multicopter_devel/src/FreeRTOS/source/croutine.c **** 		pxCoRoutine->uxState = corINITIAL_STATE;
 116              		.loc 1 164 0
 117 0060 A386     		strh	r3, [r4, #52]	@ movhi
 165:/home/franz/Desktop/STM32F3_Multicopter/STM32F3_Multicopter_devel/src/FreeRTOS/source/croutine.c **** 		pxCoRoutine->uxPriority = uxPriority;
 118              		.loc 1 165 0
 119 0062 E662     		str	r6, [r4, #44]
 170:/home/franz/Desktop/STM32F3_Multicopter/STM32F3_Multicopter_devel/src/FreeRTOS/source/croutine.c **** 		vListInitialiseItem( &( pxCoRoutine->xGenericListItem ) );
 120              		.loc 1 170 0
 121 0064 2846     		mov	r0, r5
 166:/home/franz/Desktop/STM32F3_Multicopter/STM32F3_Multicopter_devel/src/FreeRTOS/source/croutine.c **** 		pxCoRoutine->uxIndex = uxIndex;
 122              		.loc 1 166 0
 123 0066 C4F83090 		str	r9, [r4, #48]
 170:/home/franz/Desktop/STM32F3_Multicopter/STM32F3_Multicopter_devel/src/FreeRTOS/source/croutine.c **** 		vListInitialiseItem( &( pxCoRoutine->xGenericListItem ) );
 124              		.loc 1 170 0
 125 006a FFF7FEFF 		bl	vListInitialiseItem
 126              	.LVL12:
 171:/home/franz/Desktop/STM32F3_Multicopter/STM32F3_Multicopter_devel/src/FreeRTOS/source/croutine.c **** 		vListInitialiseItem( &( pxCoRoutine->xEventListItem ) );
 127              		.loc 1 171 0
 128 006e 04F11800 		add	r0, r4, #24
 129 0072 FFF7FEFF 		bl	vListInitialiseItem
 130              	.LVL13:
 184:/home/franz/Desktop/STM32F3_Multicopter/STM32F3_Multicopter_devel/src/FreeRTOS/source/croutine.c **** 		prvAddCoRoutineToReadyQueue( pxCoRoutine );
 131              		.loc 1 184 0
 132 0076 0C4A     		ldr	r2, .L6
 133 0078 E36A     		ldr	r3, [r4, #44]
 134 007a 116F     		ldr	r1, [r2, #112]
 176:/home/franz/Desktop/STM32F3_Multicopter/STM32F3_Multicopter_devel/src/FreeRTOS/source/croutine.c **** 		listSET_LIST_ITEM_OWNER( &( pxCoRoutine->xGenericListItem ), pxCoRoutine );
 135              		.loc 1 176 0
 136 007c 2461     		str	r4, [r4, #16]
 184:/home/franz/Desktop/STM32F3_Multicopter/STM32F3_Multicopter_devel/src/FreeRTOS/source/croutine.c **** 		prvAddCoRoutineToReadyQueue( pxCoRoutine );
 137              		.loc 1 184 0
 138 007e 8B42     		cmp	r3, r1
 139 0080 88BF     		it	hi
 140 0082 1367     		strhi	r3, [r2, #112]
 141 0084 094A     		ldr	r2, .L6+4
 177:/home/franz/Desktop/STM32F3_Multicopter/STM32F3_Multicopter_devel/src/FreeRTOS/source/croutine.c **** 		listSET_LIST_ITEM_OWNER( &( pxCoRoutine->xEventListItem ), pxCoRoutine );
 142              		.loc 1 177 0
 143 0086 6462     		str	r4, [r4, #36]
 180:/home/franz/Desktop/STM32F3_Multicopter/STM32F3_Multicopter_devel/src/FreeRTOS/source/croutine.c **** 		listSET_LIST_ITEM_VALUE( &( pxCoRoutine->xEventListItem ), configMAX_PRIORITIES - ( portTickType 
 144              		.loc 1 180 0
 145 0088 C6F10506 		rsb	r6, r6, #5
 146              	.LVL14:
 184:/home/franz/Desktop/STM32F3_Multicopter/STM32F3_Multicopter_devel/src/FreeRTOS/source/croutine.c **** 		prvAddCoRoutineToReadyQueue( pxCoRoutine );
 147              		.loc 1 184 0
 148 008c 1420     		movs	r0, #20
 149 008e 00FB0320 		mla	r0, r0, r3, r2
 180:/home/franz/Desktop/STM32F3_Multicopter/STM32F3_Multicopter_devel/src/FreeRTOS/source/croutine.c **** 		listSET_LIST_ITEM_VALUE( &( pxCoRoutine->xEventListItem ), configMAX_PRIORITIES - ( portTickType 
 150              		.loc 1 180 0
 151 0092 A661     		str	r6, [r4, #24]
 184:/home/franz/Desktop/STM32F3_Multicopter/STM32F3_Multicopter_devel/src/FreeRTOS/source/croutine.c **** 		prvAddCoRoutineToReadyQueue( pxCoRoutine );
 152              		.loc 1 184 0
 153 0094 2946     		mov	r1, r5
 154 0096 FFF7FEFF 		bl	vListInsertEnd
 155              	.LVL15:
 186:/home/franz/Desktop/STM32F3_Multicopter/STM32F3_Multicopter_devel/src/FreeRTOS/source/croutine.c **** 		xReturn = pdPASS;
 156              		.loc 1 186 0
 157 009a 0120     		movs	r0, #1
 158 009c BDE8F087 		pop	{r4, r5, r6, r7, r8, r9, sl, pc}
 159              	.LVL16:
 160              	.L5:
 190:/home/franz/Desktop/STM32F3_Multicopter/STM32F3_Multicopter_devel/src/FreeRTOS/source/croutine.c **** 		xReturn = errCOULD_NOT_ALLOCATE_REQUIRED_MEMORY;
 161              		.loc 1 190 0
 162 00a0 4FF0FF30 		mov	r0, #-1
 163              	.LVL17:
 194:/home/franz/Desktop/STM32F3_Multicopter/STM32F3_Multicopter_devel/src/FreeRTOS/source/croutine.c **** }
 164              		.loc 1 194 0
 165 00a4 BDE8F087 		pop	{r4, r5, r6, r7, r8, r9, sl, pc}
 166              	.L7:
 167              		.align	2
 168              	.L6:
 169 00a8 00000000 		.word	.LANCHOR0
 170 00ac 04000000 		.word	.LANCHOR0+4
 171              		.cfi_endproc
 172              	.LFE0:
 174              		.align	1
 175              		.global	vCoRoutineAddToDelayedList
 176              		.thumb
 177              		.thumb_func
 179              	vCoRoutineAddToDelayedList:
 180              	.LFB1:
 198:/home/franz/Desktop/STM32F3_Multicopter/STM32F3_Multicopter_devel/src/FreeRTOS/source/croutine.c **** {
 181              		.loc 1 198 0
 182              		.cfi_startproc
 183              		@ args = 0, pretend = 0, frame = 0
 184              		@ frame_needed = 0, uses_anonymous_args = 0
 185              	.LVL18:
 186 00b0 70B5     		push	{r4, r5, r6, lr}
 187              	.LCFI1:
 188              		.cfi_def_cfa_offset 16
 189              		.cfi_offset 4, -16
 190              		.cfi_offset 5, -12
 191              		.cfi_offset 6, -8
 192              		.cfi_offset 14, -4
 203:/home/franz/Desktop/STM32F3_Multicopter/STM32F3_Multicopter_devel/src/FreeRTOS/source/croutine.c **** 	xTimeToWake = xCoRoutineTickCount + xTicksToDelay;
 193              		.loc 1 203 0
 194 00b2 0D4C     		ldr	r4, .L13
 195 00b4 666F     		ldr	r6, [r4, #116]
 196 00b6 8619     		adds	r6, r0, r6
 197              	.LVL19:
 208:/home/franz/Desktop/STM32F3_Multicopter/STM32F3_Multicopter_devel/src/FreeRTOS/source/croutine.c **** 	uxListRemove( ( xListItem * ) &( pxCurrentCoRoutine->xGenericListItem ) );
 198              		.loc 1 208 0
 199 00b8 2068     		ldr	r0, [r4, #0]
 200              	.LVL20:
 201 00ba 0430     		adds	r0, r0, #4
 198:/home/franz/Desktop/STM32F3_Multicopter/STM32F3_Multicopter_devel/src/FreeRTOS/source/croutine.c **** {
 202              		.loc 1 198 0
 203 00bc 0D46     		mov	r5, r1
 208:/home/franz/Desktop/STM32F3_Multicopter/STM32F3_Multicopter_devel/src/FreeRTOS/source/croutine.c **** 	uxListRemove( ( xListItem * ) &( pxCurrentCoRoutine->xGenericListItem ) );
 204              		.loc 1 208 0
 205 00be FFF7FEFF 		bl	uxListRemove
 206              	.LVL21:
 213:/home/franz/Desktop/STM32F3_Multicopter/STM32F3_Multicopter_devel/src/FreeRTOS/source/croutine.c **** 	if( xTimeToWake < xCoRoutineTickCount )
 207              		.loc 1 213 0
 208 00c2 636F     		ldr	r3, [r4, #116]
 211:/home/franz/Desktop/STM32F3_Multicopter/STM32F3_Multicopter_devel/src/FreeRTOS/source/croutine.c **** 	listSET_LIST_ITEM_VALUE( &( pxCurrentCoRoutine->xGenericListItem ), xTimeToWake );
 209              		.loc 1 211 0
 210 00c4 2168     		ldr	r1, [r4, #0]
 213:/home/franz/Desktop/STM32F3_Multicopter/STM32F3_Multicopter_devel/src/FreeRTOS/source/croutine.c **** 	if( xTimeToWake < xCoRoutineTickCount )
 211              		.loc 1 213 0
 212 00c6 9E42     		cmp	r6, r3
 217:/home/franz/Desktop/STM32F3_Multicopter/STM32F3_Multicopter_devel/src/FreeRTOS/source/croutine.c **** 		vListInsert( ( xList * ) pxOverflowDelayedCoRoutineList, ( xListItem * ) &( pxCurrentCoRoutine->x
 213              		.loc 1 217 0
 214 00c8 34BF     		ite	cc
 215 00ca E06E     		ldrcc	r0, [r4, #108]
 223:/home/franz/Desktop/STM32F3_Multicopter/STM32F3_Multicopter_devel/src/FreeRTOS/source/croutine.c **** 		vListInsert( ( xList * ) pxDelayedCoRoutineList, ( xListItem * ) &( pxCurrentCoRoutine->xGenericL
 216              		.loc 1 223 0
 217 00cc A06E     		ldrcs	r0, [r4, #104]
 211:/home/franz/Desktop/STM32F3_Multicopter/STM32F3_Multicopter_devel/src/FreeRTOS/source/croutine.c **** 	listSET_LIST_ITEM_VALUE( &( pxCurrentCoRoutine->xGenericListItem ), xTimeToWake );
 218              		.loc 1 211 0
 219 00ce 41F8046F 		str	r6, [r1, #4]!
 223:/home/franz/Desktop/STM32F3_Multicopter/STM32F3_Multicopter_devel/src/FreeRTOS/source/croutine.c **** 		vListInsert( ( xList * ) pxDelayedCoRoutineList, ( xListItem * ) &( pxCurrentCoRoutine->xGenericL
 220              		.loc 1 223 0
 221 00d2 FFF7FEFF 		bl	vListInsert
 222              	.LVL22:
 226:/home/franz/Desktop/STM32F3_Multicopter/STM32F3_Multicopter_devel/src/FreeRTOS/source/croutine.c **** 	if( pxEventList )
 223              		.loc 1 226 0
 224 00d6 35B1     		cbz	r5, .L8
 230:/home/franz/Desktop/STM32F3_Multicopter/STM32F3_Multicopter_devel/src/FreeRTOS/source/croutine.c **** 		vListInsert( pxEventList, &( pxCurrentCoRoutine->xEventListItem ) );
 225              		.loc 1 230 0
 226 00d8 2168     		ldr	r1, [r4, #0]
 227 00da 2846     		mov	r0, r5
 228 00dc 1831     		adds	r1, r1, #24
 232:/home/franz/Desktop/STM32F3_Multicopter/STM32F3_Multicopter_devel/src/FreeRTOS/source/croutine.c **** }
 229              		.loc 1 232 0
 230 00de BDE87040 		pop	{r4, r5, r6, lr}
 230:/home/franz/Desktop/STM32F3_Multicopter/STM32F3_Multicopter_devel/src/FreeRTOS/source/croutine.c **** 		vListInsert( pxEventList, &( pxCurrentCoRoutine->xEventListItem ) );
 231              		.loc 1 230 0
 232 00e2 FFF7FEBF 		b	vListInsert
 233              	.LVL23:
 234              	.L8:
 235 00e6 70BD     		pop	{r4, r5, r6, pc}
 236              	.L14:
 237              		.align	2
 238              	.L13:
 239 00e8 00000000 		.word	.LANCHOR0
 240              		.cfi_endproc
 241              	.LFE1:
 243              		.align	1
 244              		.global	vCoRoutineSchedule
 245              		.thumb
 246              		.thumb_func
 248              	vCoRoutineSchedule:
 249              	.LFB4:
 317:/home/franz/Desktop/STM32F3_Multicopter/STM32F3_Multicopter_devel/src/FreeRTOS/source/croutine.c **** {
 250              		.loc 1 317 0
 251              		.cfi_startproc
 252              		@ args = 0, pretend = 0, frame = 0
 253              		@ frame_needed = 0, uses_anonymous_args = 0
 254 00ec 2DE9F041 		push	{r4, r5, r6, r7, r8, lr}
 255              	.LCFI2:
 256              		.cfi_def_cfa_offset 24
 257              		.cfi_offset 4, -24
 258              		.cfi_offset 5, -20
 259              		.cfi_offset 6, -16
 260              		.cfi_offset 7, -12
 261              		.cfi_offset 8, -8
 262              		.cfi_offset 14, -4
 263              	.LBB15:
 264              	.LBB16:
 240:/home/franz/Desktop/STM32F3_Multicopter/STM32F3_Multicopter_devel/src/FreeRTOS/source/croutine.c **** 	while( listLIST_IS_EMPTY( &xPendingReadyCoRoutineList ) == pdFALSE )
 265              		.loc 1 240 0
 266 00f0 414D     		ldr	r5, .L38
 267              	.LBB17:
 253:/home/franz/Desktop/STM32F3_Multicopter/STM32F3_Multicopter_devel/src/FreeRTOS/source/croutine.c **** 		prvAddCoRoutineToReadyQueue( pxUnblockedCRCB );	
 268              		.loc 1 253 0
 269 00f2 4FF01408 		mov	r8, #20
 270 00f6 2F1D     		adds	r7, r5, #4
 271 00f8 18E0     		b	.L16
 272              	.L18:
 245:/home/franz/Desktop/STM32F3_Multicopter/STM32F3_Multicopter_devel/src/FreeRTOS/source/croutine.c **** 		portDISABLE_INTERRUPTS();
 273              		.loc 1 245 0
 274 00fa FFF7FEFF 		bl	ulPortSetInterruptMask
 275              	.LVL24:
 247:/home/franz/Desktop/STM32F3_Multicopter/STM32F3_Multicopter_devel/src/FreeRTOS/source/croutine.c **** 			pxUnblockedCRCB = ( corCRCB * ) listGET_OWNER_OF_HEAD_ENTRY( (&xPendingReadyCoRoutineList) );			
 276              		.loc 1 247 0
 277 00fe 2B6E     		ldr	r3, [r5, #96]
 278 0100 DC68     		ldr	r4, [r3, #12]
 279              	.LVL25:
 248:/home/franz/Desktop/STM32F3_Multicopter/STM32F3_Multicopter_devel/src/FreeRTOS/source/croutine.c **** 			uxListRemove( &( pxUnblockedCRCB->xEventListItem ) );
 280              		.loc 1 248 0
 281 0102 04F11800 		add	r0, r4, #24
 282 0106 FFF7FEFF 		bl	uxListRemove
 283              	.LVL26:
 252:/home/franz/Desktop/STM32F3_Multicopter/STM32F3_Multicopter_devel/src/FreeRTOS/source/croutine.c **** 		uxListRemove( &( pxUnblockedCRCB->xGenericListItem ) );
 284              		.loc 1 252 0
 285 010a 261D     		adds	r6, r4, #4
 250:/home/franz/Desktop/STM32F3_Multicopter/STM32F3_Multicopter_devel/src/FreeRTOS/source/croutine.c **** 		portENABLE_INTERRUPTS();
 286              		.loc 1 250 0
 287 010c 0020     		movs	r0, #0
 288 010e FFF7FEFF 		bl	vPortClearInterruptMask
 289              	.LVL27:
 252:/home/franz/Desktop/STM32F3_Multicopter/STM32F3_Multicopter_devel/src/FreeRTOS/source/croutine.c **** 		uxListRemove( &( pxUnblockedCRCB->xGenericListItem ) );
 290              		.loc 1 252 0
 291 0112 3046     		mov	r0, r6
 292 0114 FFF7FEFF 		bl	uxListRemove
 293              	.LVL28:
 253:/home/franz/Desktop/STM32F3_Multicopter/STM32F3_Multicopter_devel/src/FreeRTOS/source/croutine.c **** 		prvAddCoRoutineToReadyQueue( pxUnblockedCRCB );	
 294              		.loc 1 253 0
 295 0118 E06A     		ldr	r0, [r4, #44]
 296 011a 2A6F     		ldr	r2, [r5, #112]
 297 011c 9042     		cmp	r0, r2
 298 011e 88BF     		it	hi
 299 0120 2867     		strhi	r0, [r5, #112]
 300 0122 3146     		mov	r1, r6
 301 0124 08FB0070 		mla	r0, r8, r0, r7
 302 0128 FFF7FEFF 		bl	vListInsertEnd
 303              	.LVL29:
 304              	.L16:
 305              	.LBE17:
 240:/home/franz/Desktop/STM32F3_Multicopter/STM32F3_Multicopter_devel/src/FreeRTOS/source/croutine.c **** 	while( listLIST_IS_EMPTY( &xPendingReadyCoRoutineList ) == pdFALSE )
 306              		.loc 1 240 0
 307 012c 6B6D     		ldr	r3, [r5, #84]
 308 012e 324C     		ldr	r4, .L38
 309 0130 002B     		cmp	r3, #0
 310 0132 E2D1     		bne	.L18
 311              	.LBE16:
 312              	.LBE15:
 313              	.LBB18:
 314              	.LBB19:
 262:/home/franz/Desktop/STM32F3_Multicopter/STM32F3_Multicopter_devel/src/FreeRTOS/source/croutine.c **** 	xPassedTicks = xTaskGetTickCount() - xLastTickCount;
 315              		.loc 1 262 0
 316 0134 FFF7FEFF 		bl	xTaskGetTickCount
 317              	.LVL30:
 318 0138 E36F     		ldr	r3, [r4, #124]
 319 013a C01A     		subs	r0, r0, r3
 320 013c A067     		str	r0, [r4, #120]
 308:/home/franz/Desktop/STM32F3_Multicopter/STM32F3_Multicopter_devel/src/FreeRTOS/source/croutine.c **** 			prvAddCoRoutineToReadyQueue( pxCRCB );													
 321              		.loc 1 308 0
 322 013e 271D     		adds	r7, r4, #4
 323 0140 30E0     		b	.L36
 324              	.L25:
 265:/home/franz/Desktop/STM32F3_Multicopter/STM32F3_Multicopter_devel/src/FreeRTOS/source/croutine.c **** 		xCoRoutineTickCount++;
 325              		.loc 1 265 0
 326 0142 626F     		ldr	r2, [r4, #116]
 266:/home/franz/Desktop/STM32F3_Multicopter/STM32F3_Multicopter_devel/src/FreeRTOS/source/croutine.c **** 		xPassedTicks--;
 327              		.loc 1 266 0
 328 0144 013B     		subs	r3, r3, #1
 265:/home/franz/Desktop/STM32F3_Multicopter/STM32F3_Multicopter_devel/src/FreeRTOS/source/croutine.c **** 		xCoRoutineTickCount++;
 329              		.loc 1 265 0
 330 0146 0132     		adds	r2, r2, #1
 331 0148 6267     		str	r2, [r4, #116]
 266:/home/franz/Desktop/STM32F3_Multicopter/STM32F3_Multicopter_devel/src/FreeRTOS/source/croutine.c **** 		xPassedTicks--;
 332              		.loc 1 266 0
 333 014a A367     		str	r3, [r4, #120]
 269:/home/franz/Desktop/STM32F3_Multicopter/STM32F3_Multicopter_devel/src/FreeRTOS/source/croutine.c **** 		if( xCoRoutineTickCount == 0 )
 334              		.loc 1 269 0
 335 014c 22BB     		cbnz	r2, .L21
 336              	.LBB20:
 275:/home/franz/Desktop/STM32F3_Multicopter/STM32F3_Multicopter_devel/src/FreeRTOS/source/croutine.c **** 			pxTemp = pxDelayedCoRoutineList;
 337              		.loc 1 275 0
 338 014e A26E     		ldr	r2, [r4, #104]
 339              	.LVL31:
 276:/home/franz/Desktop/STM32F3_Multicopter/STM32F3_Multicopter_devel/src/FreeRTOS/source/croutine.c **** 			pxDelayedCoRoutineList = pxOverflowDelayedCoRoutineList;
 340              		.loc 1 276 0
 341 0150 E36E     		ldr	r3, [r4, #108]
 277:/home/franz/Desktop/STM32F3_Multicopter/STM32F3_Multicopter_devel/src/FreeRTOS/source/croutine.c **** 			pxOverflowDelayedCoRoutineList = pxTemp;
 342              		.loc 1 277 0
 343 0152 E266     		str	r2, [r4, #108]
 276:/home/franz/Desktop/STM32F3_Multicopter/STM32F3_Multicopter_devel/src/FreeRTOS/source/croutine.c **** 			pxDelayedCoRoutineList = pxOverflowDelayedCoRoutineList;
 344              		.loc 1 276 0
 345 0154 A366     		str	r3, [r4, #104]
 346 0156 1FE0     		b	.L21
 347              	.LVL32:
 348              	.L24:
 349              	.LBE20:
 283:/home/franz/Desktop/STM32F3_Multicopter/STM32F3_Multicopter_devel/src/FreeRTOS/source/croutine.c **** 			pxCRCB = ( corCRCB * ) listGET_OWNER_OF_HEAD_ENTRY( pxDelayedCoRoutineList );
 350              		.loc 1 283 0
 351 0158 DB68     		ldr	r3, [r3, #12]
 285:/home/franz/Desktop/STM32F3_Multicopter/STM32F3_Multicopter_devel/src/FreeRTOS/source/croutine.c **** 			if( xCoRoutineTickCount < listGET_LIST_ITEM_VALUE( &( pxCRCB->xGenericListItem ) ) )				
 352              		.loc 1 285 0
 353 015a 626F     		ldr	r2, [r4, #116]
 283:/home/franz/Desktop/STM32F3_Multicopter/STM32F3_Multicopter_devel/src/FreeRTOS/source/croutine.c **** 			pxCRCB = ( corCRCB * ) listGET_OWNER_OF_HEAD_ENTRY( pxDelayedCoRoutineList );
 354              		.loc 1 283 0
 355 015c DD68     		ldr	r5, [r3, #12]
 356              	.LVL33:
 285:/home/franz/Desktop/STM32F3_Multicopter/STM32F3_Multicopter_devel/src/FreeRTOS/source/croutine.c **** 			if( xCoRoutineTickCount < listGET_LIST_ITEM_VALUE( &( pxCRCB->xGenericListItem ) ) )				
 357              		.loc 1 285 0
 358 015e 6B68     		ldr	r3, [r5, #4]
 359 0160 9A42     		cmp	r2, r3
 360 0162 1FD3     		bcc	.L36
 298:/home/franz/Desktop/STM32F3_Multicopter/STM32F3_Multicopter_devel/src/FreeRTOS/source/croutine.c **** 				uxListRemove( &( pxCRCB->xGenericListItem ) );											
 361              		.loc 1 298 0
 362 0164 2E1D     		adds	r6, r5, #4
 291:/home/franz/Desktop/STM32F3_Multicopter/STM32F3_Multicopter_devel/src/FreeRTOS/source/croutine.c **** 			portDISABLE_INTERRUPTS();
 363              		.loc 1 291 0
 364 0166 FFF7FEFF 		bl	ulPortSetInterruptMask
 365              	.LVL34:
 298:/home/franz/Desktop/STM32F3_Multicopter/STM32F3_Multicopter_devel/src/FreeRTOS/source/croutine.c **** 				uxListRemove( &( pxCRCB->xGenericListItem ) );											
 366              		.loc 1 298 0
 367 016a 3046     		mov	r0, r6
 368 016c FFF7FEFF 		bl	uxListRemove
 369              	.LVL35:
 301:/home/franz/Desktop/STM32F3_Multicopter/STM32F3_Multicopter_devel/src/FreeRTOS/source/croutine.c **** 				if( pxCRCB->xEventListItem.pvContainer )													
 370              		.loc 1 301 0
 371 0170 AB6A     		ldr	r3, [r5, #40]
 372 0172 1BB1     		cbz	r3, .L22
 303:/home/franz/Desktop/STM32F3_Multicopter/STM32F3_Multicopter_devel/src/FreeRTOS/source/croutine.c **** 					uxListRemove( &( pxCRCB->xEventListItem ) );											
 373              		.loc 1 303 0
 374 0174 05F11800 		add	r0, r5, #24
 375 0178 FFF7FEFF 		bl	uxListRemove
 376              	.LVL36:
 377              	.L22:
 306:/home/franz/Desktop/STM32F3_Multicopter/STM32F3_Multicopter_devel/src/FreeRTOS/source/croutine.c **** 			portENABLE_INTERRUPTS();
 378              		.loc 1 306 0
 379 017c 0020     		movs	r0, #0
 380 017e FFF7FEFF 		bl	vPortClearInterruptMask
 381              	.LVL37:
 308:/home/franz/Desktop/STM32F3_Multicopter/STM32F3_Multicopter_devel/src/FreeRTOS/source/croutine.c **** 			prvAddCoRoutineToReadyQueue( pxCRCB );													
 382              		.loc 1 308 0
 383 0182 E86A     		ldr	r0, [r5, #44]
 384 0184 226F     		ldr	r2, [r4, #112]
 385 0186 9042     		cmp	r0, r2
 386 0188 88BF     		it	hi
 387 018a 2067     		strhi	r0, [r4, #112]
 388 018c 3146     		mov	r1, r6
 389 018e 08FB0070 		mla	r0, r8, r0, r7
 390 0192 FFF7FEFF 		bl	vListInsertEnd
 391              	.LVL38:
 392 0196 01E0     		b	.L37
 393              	.LVL39:
 394              	.L21:
 395 0198 4FF01408 		mov	r8, #20
 396              	.L37:
 281:/home/franz/Desktop/STM32F3_Multicopter/STM32F3_Multicopter_devel/src/FreeRTOS/source/croutine.c **** 		while( listLIST_IS_EMPTY( pxDelayedCoRoutineList ) == pdFALSE )
 397              		.loc 1 281 0
 398 019c A36E     		ldr	r3, [r4, #104]
 399 019e 1A68     		ldr	r2, [r3, #0]
 400 01a0 002A     		cmp	r2, #0
 401 01a2 D9D1     		bne	.L24
 402              	.L36:
 263:/home/franz/Desktop/STM32F3_Multicopter/STM32F3_Multicopter_devel/src/FreeRTOS/source/croutine.c **** 	while( xPassedTicks )
 403              		.loc 1 263 0
 404 01a4 A36F     		ldr	r3, [r4, #120]
 405 01a6 144A     		ldr	r2, .L38
 406 01a8 002B     		cmp	r3, #0
 407 01aa CAD1     		bne	.L25
 312:/home/franz/Desktop/STM32F3_Multicopter/STM32F3_Multicopter_devel/src/FreeRTOS/source/croutine.c **** 	xLastTickCount = xCoRoutineTickCount;
 408              		.loc 1 312 0
 409 01ac 536F     		ldr	r3, [r2, #116]
 410              	.LBE19:
 411              	.LBE18:
 325:/home/franz/Desktop/STM32F3_Multicopter/STM32F3_Multicopter_devel/src/FreeRTOS/source/croutine.c **** 	while( listLIST_IS_EMPTY( &( pxReadyCoRoutineLists[ uxTopCoRoutineReadyPriority ] ) ) )
 412              		.loc 1 325 0
 413 01ae 1425     		movs	r5, #20
 414              	.LBB22:
 415              	.LBB21:
 312:/home/franz/Desktop/STM32F3_Multicopter/STM32F3_Multicopter_devel/src/FreeRTOS/source/croutine.c **** 	xLastTickCount = xCoRoutineTickCount;
 416              		.loc 1 312 0
 417 01b0 D367     		str	r3, [r2, #124]
 418 01b2 136F     		ldr	r3, [r2, #112]
 419 01b4 04E0     		b	.L26
 420              	.L29:
 421              	.LBE21:
 422              	.LBE22:
 327:/home/franz/Desktop/STM32F3_Multicopter/STM32F3_Multicopter_devel/src/FreeRTOS/source/croutine.c **** 		if( uxTopCoRoutineReadyPriority == 0 )
 423              		.loc 1 327 0
 424 01b6 13B9     		cbnz	r3, .L27
 425 01b8 0B67     		str	r3, [r1, #112]
 426 01ba BDE8F081 		pop	{r4, r5, r6, r7, r8, pc}
 427              	.L27:
 332:/home/franz/Desktop/STM32F3_Multicopter/STM32F3_Multicopter_devel/src/FreeRTOS/source/croutine.c **** 		--uxTopCoRoutineReadyPriority;
 428              		.loc 1 332 0
 429 01be 013B     		subs	r3, r3, #1
 430              	.L26:
 325:/home/franz/Desktop/STM32F3_Multicopter/STM32F3_Multicopter_devel/src/FreeRTOS/source/croutine.c **** 	while( listLIST_IS_EMPTY( &( pxReadyCoRoutineLists[ uxTopCoRoutineReadyPriority ] ) ) )
 431              		.loc 1 325 0 discriminator 1
 432 01c0 05FB03F0 		mul	r0, r5, r3
 433 01c4 1418     		adds	r4, r2, r0
 434 01c6 0C49     		ldr	r1, .L38
 435 01c8 6468     		ldr	r4, [r4, #4]
 436 01ca 002C     		cmp	r4, #0
 437 01cc F3D0     		beq	.L29
 438 01ce 0B67     		str	r3, [r1, #112]
 439              	.LBB23:
 337:/home/franz/Desktop/STM32F3_Multicopter/STM32F3_Multicopter_devel/src/FreeRTOS/source/croutine.c **** 	listGET_OWNER_OF_NEXT_ENTRY( pxCurrentCoRoutine, &( pxReadyCoRoutineLists[ uxTopCoRoutineReadyPrio
 440              		.loc 1 337 0
 441 01d0 0B1D     		adds	r3, r1, #4
 442 01d2 1B18     		adds	r3, r3, r0
 443              	.LVL40:
 444 01d4 03F10801 		add	r1, r3, #8
 445 01d8 5A68     		ldr	r2, [r3, #4]
 446 01da 5268     		ldr	r2, [r2, #4]
 447 01dc 8A42     		cmp	r2, r1
 448 01de 5A60     		str	r2, [r3, #4]
 449 01e0 04BF     		itt	eq
 450 01e2 5268     		ldreq	r2, [r2, #4]
 451 01e4 5A60     		streq	r2, [r3, #4]
 452 01e6 5B68     		ldr	r3, [r3, #4]
 453              	.LVL41:
 454 01e8 D868     		ldr	r0, [r3, #12]
 455 01ea 034B     		ldr	r3, .L38
 456              	.LBE23:
 340:/home/franz/Desktop/STM32F3_Multicopter/STM32F3_Multicopter_devel/src/FreeRTOS/source/croutine.c **** 	( pxCurrentCoRoutine->pxCoRoutineFunction )( pxCurrentCoRoutine, pxCurrentCoRoutine->uxIndex );
 457              		.loc 1 340 0
 458 01ec 016B     		ldr	r1, [r0, #48]
 459              	.LVL42:
 460              	.LBB24:
 337:/home/franz/Desktop/STM32F3_Multicopter/STM32F3_Multicopter_devel/src/FreeRTOS/source/croutine.c **** 	listGET_OWNER_OF_NEXT_ENTRY( pxCurrentCoRoutine, &( pxReadyCoRoutineLists[ uxTopCoRoutineReadyPrio
 461              		.loc 1 337 0
 462 01ee 1860     		str	r0, [r3, #0]
 463              	.LBE24:
 340:/home/franz/Desktop/STM32F3_Multicopter/STM32F3_Multicopter_devel/src/FreeRTOS/source/croutine.c **** 	( pxCurrentCoRoutine->pxCoRoutineFunction )( pxCurrentCoRoutine, pxCurrentCoRoutine->uxIndex );
 464              		.loc 1 340 0
 465 01f0 0368     		ldr	r3, [r0, #0]
 466              	.LVL43:
 467 01f2 9847     		blx	r3
 468              	.LVL44:
 469 01f4 BDE8F081 		pop	{r4, r5, r6, r7, r8, pc}
 470              	.L39:
 471              		.align	2
 472              	.L38:
 473 01f8 00000000 		.word	.LANCHOR0
 474              		.cfi_endproc
 475              	.LFE4:
 477              		.align	1
 478              		.global	xCoRoutineRemoveFromEventList
 479              		.thumb
 480              		.thumb_func
 482              	xCoRoutineRemoveFromEventList:
 483              	.LFB6:
 363:/home/franz/Desktop/STM32F3_Multicopter/STM32F3_Multicopter_devel/src/FreeRTOS/source/croutine.c **** }
 364:/home/franz/Desktop/STM32F3_Multicopter/STM32F3_Multicopter_devel/src/FreeRTOS/source/croutine.c **** /*-----------------------------------------------------------*/
 365:/home/franz/Desktop/STM32F3_Multicopter/STM32F3_Multicopter_devel/src/FreeRTOS/source/croutine.c **** 
 366:/home/franz/Desktop/STM32F3_Multicopter/STM32F3_Multicopter_devel/src/FreeRTOS/source/croutine.c **** signed portBASE_TYPE xCoRoutineRemoveFromEventList( const xList *pxEventList )
 367:/home/franz/Desktop/STM32F3_Multicopter/STM32F3_Multicopter_devel/src/FreeRTOS/source/croutine.c **** {
 484              		.loc 1 367 0
 485              		.cfi_startproc
 486              		@ args = 0, pretend = 0, frame = 0
 487              		@ frame_needed = 0, uses_anonymous_args = 0
 488              	.LVL45:
 368:/home/franz/Desktop/STM32F3_Multicopter/STM32F3_Multicopter_devel/src/FreeRTOS/source/croutine.c **** corCRCB *pxUnblockedCRCB;
 369:/home/franz/Desktop/STM32F3_Multicopter/STM32F3_Multicopter_devel/src/FreeRTOS/source/croutine.c **** signed portBASE_TYPE xReturn;
 370:/home/franz/Desktop/STM32F3_Multicopter/STM32F3_Multicopter_devel/src/FreeRTOS/source/croutine.c **** 
 371:/home/franz/Desktop/STM32F3_Multicopter/STM32F3_Multicopter_devel/src/FreeRTOS/source/croutine.c **** 	/* This function is called from within an interrupt.  It can only access
 372:/home/franz/Desktop/STM32F3_Multicopter/STM32F3_Multicopter_devel/src/FreeRTOS/source/croutine.c **** 	event lists and the pending ready list.  This function assumes that a
 373:/home/franz/Desktop/STM32F3_Multicopter/STM32F3_Multicopter_devel/src/FreeRTOS/source/croutine.c **** 	check has already been made to ensure pxEventList is not empty. */
 374:/home/franz/Desktop/STM32F3_Multicopter/STM32F3_Multicopter_devel/src/FreeRTOS/source/croutine.c **** 	pxUnblockedCRCB = ( corCRCB * ) listGET_OWNER_OF_HEAD_ENTRY( pxEventList );
 489              		.loc 1 374 0
 490 01fc C368     		ldr	r3, [r0, #12]
 367:/home/franz/Desktop/STM32F3_Multicopter/STM32F3_Multicopter_devel/src/FreeRTOS/source/croutine.c **** {
 491              		.loc 1 367 0
 492 01fe 70B5     		push	{r4, r5, r6, lr}
 493              	.LCFI3:
 494              		.cfi_def_cfa_offset 16
 495              		.cfi_offset 4, -16
 496              		.cfi_offset 5, -12
 497              		.cfi_offset 6, -8
 498              		.cfi_offset 14, -4
 499              		.loc 1 374 0
 500 0200 DC68     		ldr	r4, [r3, #12]
 501              	.LVL46:
 375:/home/franz/Desktop/STM32F3_Multicopter/STM32F3_Multicopter_devel/src/FreeRTOS/source/croutine.c **** 	uxListRemove( &( pxUnblockedCRCB->xEventListItem ) );
 376:/home/franz/Desktop/STM32F3_Multicopter/STM32F3_Multicopter_devel/src/FreeRTOS/source/croutine.c **** 	vListInsertEnd( ( xList * ) &( xPendingReadyCoRoutineList ), &( pxUnblockedCRCB->xEventListItem ) 
 502              		.loc 1 376 0
 503 0202 094D     		ldr	r5, .L41
 375:/home/franz/Desktop/STM32F3_Multicopter/STM32F3_Multicopter_devel/src/FreeRTOS/source/croutine.c **** 	uxListRemove( &( pxUnblockedCRCB->xEventListItem ) );
 504              		.loc 1 375 0
 505 0204 04F11806 		add	r6, r4, #24
 506 0208 3046     		mov	r0, r6
 507              	.LVL47:
 508 020a FFF7FEFF 		bl	uxListRemove
 509              	.LVL48:
 510              		.loc 1 376 0
 511 020e 05F15400 		add	r0, r5, #84
 512 0212 3146     		mov	r1, r6
 513 0214 FFF7FEFF 		bl	vListInsertEnd
 514              	.LVL49:
 377:/home/franz/Desktop/STM32F3_Multicopter/STM32F3_Multicopter_devel/src/FreeRTOS/source/croutine.c **** 
 378:/home/franz/Desktop/STM32F3_Multicopter/STM32F3_Multicopter_devel/src/FreeRTOS/source/croutine.c **** 	if( pxUnblockedCRCB->uxPriority >= pxCurrentCoRoutine->uxPriority )
 515              		.loc 1 378 0
 516 0218 2B68     		ldr	r3, [r5, #0]
 517 021a E06A     		ldr	r0, [r4, #44]
 518 021c DB6A     		ldr	r3, [r3, #44]
 379:/home/franz/Desktop/STM32F3_Multicopter/STM32F3_Multicopter_devel/src/FreeRTOS/source/croutine.c **** 	{
 380:/home/franz/Desktop/STM32F3_Multicopter/STM32F3_Multicopter_devel/src/FreeRTOS/source/croutine.c **** 		xReturn = pdTRUE;
 381:/home/franz/Desktop/STM32F3_Multicopter/STM32F3_Multicopter_devel/src/FreeRTOS/source/croutine.c **** 	}
 382:/home/franz/Desktop/STM32F3_Multicopter/STM32F3_Multicopter_devel/src/FreeRTOS/source/croutine.c **** 	else
 383:/home/franz/Desktop/STM32F3_Multicopter/STM32F3_Multicopter_devel/src/FreeRTOS/source/croutine.c **** 	{
 384:/home/franz/Desktop/STM32F3_Multicopter/STM32F3_Multicopter_devel/src/FreeRTOS/source/croutine.c **** 		xReturn = pdFALSE;
 385:/home/franz/Desktop/STM32F3_Multicopter/STM32F3_Multicopter_devel/src/FreeRTOS/source/croutine.c **** 	}
 386:/home/franz/Desktop/STM32F3_Multicopter/STM32F3_Multicopter_devel/src/FreeRTOS/source/croutine.c **** 
 387:/home/franz/Desktop/STM32F3_Multicopter/STM32F3_Multicopter_devel/src/FreeRTOS/source/croutine.c **** 	return xReturn;
 388:/home/franz/Desktop/STM32F3_Multicopter/STM32F3_Multicopter_devel/src/FreeRTOS/source/croutine.c **** }
 519              		.loc 1 388 0
 520 021e 9842     		cmp	r0, r3
 521 0220 34BF     		ite	cc
 522 0222 0020     		movcc	r0, #0
 523 0224 0120     		movcs	r0, #1
 524 0226 70BD     		pop	{r4, r5, r6, pc}
 525              	.L42:
 526              		.align	2
 527              	.L41:
 528 0228 00000000 		.word	.LANCHOR0
 529              		.cfi_endproc
 530              	.LFE6:
 532              		.global	pxCurrentCoRoutine
 533              		.bss
 534              		.align	2
 535              		.set	.LANCHOR0,. + 0
 538              	pxCurrentCoRoutine:
 539 0000 00000000 		.space	4
 542              	pxReadyCoRoutineLists:
 543 0004 00000000 		.space	40
 543      00000000 
 543      00000000 
 543      00000000 
 543      00000000 
 546              	xDelayedCoRoutineList1:
 547 002c 00000000 		.space	20
 547      00000000 
 547      00000000 
 547      00000000 
 547      00000000 
 550              	xDelayedCoRoutineList2:
 551 0040 00000000 		.space	20
 551      00000000 
 551      00000000 
 551      00000000 
 551      00000000 
 554              	xPendingReadyCoRoutineList:
 555 0054 00000000 		.space	20
 555      00000000 
 555      00000000 
 555      00000000 
 555      00000000 
 558              	pxDelayedCoRoutineList:
 559 0068 00000000 		.space	4
 562              	pxOverflowDelayedCoRoutineList:
 563 006c 00000000 		.space	4
 566              	uxTopCoRoutineReadyPriority:
 567 0070 00000000 		.space	4
 570              	xCoRoutineTickCount:
 571 0074 00000000 		.space	4
 574              	xPassedTicks:
 575 0078 00000000 		.space	4
 578              	xLastTickCount:
 579 007c 00000000 		.space	4
 580              		.text
 581              	.Letext0:
 582              		.file 2 "/home/franz/sat/bin/../lib/gcc/arm-none-eabi/4.7.2/include/stddef.h"
 583              		.file 3 "/home/franz/Desktop/STM32F3_Multicopter/STM32F3_Multicopter_devel/src/FreeRTOS/portable/p
 584              		.file 4 "/home/franz/Desktop/STM32F3_Multicopter/STM32F3_Multicopter_devel/src/FreeRTOS/include/li
 585              		.file 5 "/home/franz/Desktop/STM32F3_Multicopter/STM32F3_Multicopter_devel/src/FreeRTOS/include/cr
 586              		.file 6 "/home/franz/Desktop/STM32F3_Multicopter/STM32F3_Multicopter_devel/src/FreeRTOS/include/po
 587              		.file 7 "/home/franz/Desktop/STM32F3_Multicopter/STM32F3_Multicopter_devel/src/FreeRTOS/include/ta
DEFINED SYMBOLS
                            *ABS*:00000000 croutine.c
     /tmp/ccLJiU2f.s:20     .text:00000000 $t
     /tmp/ccLJiU2f.s:25     .text:00000000 xCoRoutineCreate
     /tmp/ccLJiU2f.s:169    .text:000000a8 $d
     /tmp/ccLJiU2f.s:174    .text:000000b0 $t
     /tmp/ccLJiU2f.s:179    .text:000000b0 vCoRoutineAddToDelayedList
     /tmp/ccLJiU2f.s:239    .text:000000e8 $d
     /tmp/ccLJiU2f.s:243    .text:000000ec $t
     /tmp/ccLJiU2f.s:248    .text:000000ec vCoRoutineSchedule
     /tmp/ccLJiU2f.s:473    .text:000001f8 $d
     /tmp/ccLJiU2f.s:477    .text:000001fc $t
     /tmp/ccLJiU2f.s:482    .text:000001fc xCoRoutineRemoveFromEventList
     /tmp/ccLJiU2f.s:528    .text:00000228 $d
     /tmp/ccLJiU2f.s:538    .bss:00000000 pxCurrentCoRoutine
     /tmp/ccLJiU2f.s:534    .bss:00000000 $d
     /tmp/ccLJiU2f.s:542    .bss:00000004 pxReadyCoRoutineLists
     /tmp/ccLJiU2f.s:546    .bss:0000002c xDelayedCoRoutineList1
     /tmp/ccLJiU2f.s:550    .bss:00000040 xDelayedCoRoutineList2
     /tmp/ccLJiU2f.s:554    .bss:00000054 xPendingReadyCoRoutineList
     /tmp/ccLJiU2f.s:558    .bss:00000068 pxDelayedCoRoutineList
     /tmp/ccLJiU2f.s:562    .bss:0000006c pxOverflowDelayedCoRoutineList
     /tmp/ccLJiU2f.s:566    .bss:00000070 uxTopCoRoutineReadyPriority
     /tmp/ccLJiU2f.s:570    .bss:00000074 xCoRoutineTickCount
     /tmp/ccLJiU2f.s:574    .bss:00000078 xPassedTicks
     /tmp/ccLJiU2f.s:578    .bss:0000007c xLastTickCount
                     .debug_frame:00000010 $d
                           .group:00000000 wm4.1.4eaffbadb3a087d856021b8a18f9e221
                           .group:00000000 wm4.stddef.h.40.50cf36416e06376af8a9dca28536f2e4
                           .group:00000000 wm4.projdefs.h.70.dbccf9a6ca737be695addf5321434443
                           .group:00000000 wm4.FreeRTOSConfig.h.79.bfdec03d0f0e76f8a4cb6847c22dabd7
                           .group:00000000 wm4.portmacro.h.71.4b486245a22132630e6590c20a5362d9
                           .group:00000000 wm4.portable.h.326.d973d87d91a2870806201c5c4493d578
                           .group:00000000 wm4.mpu_wrappers.h.70.805d5308b530bfb35337fa0cda53b379
                           .group:00000000 wm4.FreeRTOS.h.153.2856cce34c845bc23d0e3eff29cca38b
                           .group:00000000 wm4.list.h.99.4794e53f44ef377a7e8b918fd5c142a2
                           .group:00000000 wm4.task.h.87.ccd4c448460750abd1f398251d355800
                           .group:00000000 wm4.croutine.h.70.c183f621dbbcaa3d946979b728585766

UNDEFINED SYMBOLS
pvPortMalloc
vListInitialise
vListInitialiseItem
vListInsertEnd
uxListRemove
vListInsert
ulPortSetInterruptMask
vPortClearInterruptMask
xTaskGetTickCount
